[2024-08-28 03:52:16] local.ERROR: Method Illuminate\Auth\RequestGuard::attempt does not exist. {"exception":"[object] (BadMethodCallException(code: 0): Method Illuminate\\Auth\\RequestGuard::attempt does not exist. at /var/www/html/OTHERS/laundry_api/vendor/illuminate/macroable/Traits/Macroable.php:112)
[stacktrace]
#0 /var/www/html/OTHERS/laundry_api/vendor/illuminate/auth/AuthManager.php(340): Illuminate\\Auth\\RequestGuard->__call()
#1 /var/www/html/OTHERS/laundry_api/app/Http/Controllers/AuthController.php(22): Illuminate\\Auth\\AuthManager->__call()
#2 /var/www/html/OTHERS/laundry_api/vendor/illuminate/container/BoundMethod.php(36): App\\Http\\Controllers\\AuthController->login()
#3 /var/www/html/OTHERS/laundry_api/vendor/illuminate/container/Util.php(41): Illuminate\\Container\\BoundMethod::Illuminate\\Container\\{closure}()
#4 /var/www/html/OTHERS/laundry_api/vendor/illuminate/container/BoundMethod.php(93): Illuminate\\Container\\Util::unwrapIfClosure()
#5 /var/www/html/OTHERS/laundry_api/vendor/illuminate/container/BoundMethod.php(35): Illuminate\\Container\\BoundMethod::callBoundMethod()
#6 /var/www/html/OTHERS/laundry_api/vendor/illuminate/container/Container.php(662): Illuminate\\Container\\BoundMethod::call()
#7 /var/www/html/OTHERS/laundry_api/vendor/laravel/lumen-framework/src/Concerns/RoutesRequests.php(391): Illuminate\\Container\\Container->call()
#8 /var/www/html/OTHERS/laundry_api/vendor/laravel/lumen-framework/src/Concerns/RoutesRequests.php(356): Laravel\\Lumen\\Application->callControllerCallable()
#9 /var/www/html/OTHERS/laundry_api/vendor/laravel/lumen-framework/src/Concerns/RoutesRequests.php(331): Laravel\\Lumen\\Application->callLumenController()
#10 /var/www/html/OTHERS/laundry_api/vendor/laravel/lumen-framework/src/Concerns/RoutesRequests.php(284): Laravel\\Lumen\\Application->callControllerAction()
#11 /var/www/html/OTHERS/laundry_api/vendor/laravel/lumen-framework/src/Concerns/RoutesRequests.php(269): Laravel\\Lumen\\Application->callActionOnArrayBasedRoute()
#12 /var/www/html/OTHERS/laundry_api/vendor/laravel/lumen-framework/src/Concerns/RoutesRequests.php(171): Laravel\\Lumen\\Application->handleFoundRoute()
#13 /var/www/html/OTHERS/laundry_api/vendor/laravel/lumen-framework/src/Concerns/RoutesRequests.php(431): Laravel\\Lumen\\Application->Laravel\\Lumen\\Concerns\\{closure}()
#14 /var/www/html/OTHERS/laundry_api/vendor/laravel/lumen-framework/src/Concerns/RoutesRequests.php(167): Laravel\\Lumen\\Application->sendThroughPipeline()
#15 /var/www/html/OTHERS/laundry_api/vendor/laravel/lumen-framework/src/Concerns/RoutesRequests.php(112): Laravel\\Lumen\\Application->dispatch()
#16 /var/www/html/OTHERS/laundry_api/public/index.php(28): Laravel\\Lumen\\Application->run()
#17 {main}
"} 
[2024-08-28 03:52:20] local.ERROR: Method Illuminate\Auth\RequestGuard::attempt does not exist. {"exception":"[object] (BadMethodCallException(code: 0): Method Illuminate\\Auth\\RequestGuard::attempt does not exist. at /var/www/html/OTHERS/laundry_api/vendor/illuminate/macroable/Traits/Macroable.php:112)
[stacktrace]
#0 /var/www/html/OTHERS/laundry_api/vendor/illuminate/auth/AuthManager.php(340): Illuminate\\Auth\\RequestGuard->__call()
#1 /var/www/html/OTHERS/laundry_api/app/Http/Controllers/AuthController.php(22): Illuminate\\Auth\\AuthManager->__call()
#2 /var/www/html/OTHERS/laundry_api/vendor/illuminate/container/BoundMethod.php(36): App\\Http\\Controllers\\AuthController->login()
#3 /var/www/html/OTHERS/laundry_api/vendor/illuminate/container/Util.php(41): Illuminate\\Container\\BoundMethod::Illuminate\\Container\\{closure}()
#4 /var/www/html/OTHERS/laundry_api/vendor/illuminate/container/BoundMethod.php(93): Illuminate\\Container\\Util::unwrapIfClosure()
#5 /var/www/html/OTHERS/laundry_api/vendor/illuminate/container/BoundMethod.php(35): Illuminate\\Container\\BoundMethod::callBoundMethod()
#6 /var/www/html/OTHERS/laundry_api/vendor/illuminate/container/Container.php(662): Illuminate\\Container\\BoundMethod::call()
#7 /var/www/html/OTHERS/laundry_api/vendor/laravel/lumen-framework/src/Concerns/RoutesRequests.php(391): Illuminate\\Container\\Container->call()
#8 /var/www/html/OTHERS/laundry_api/vendor/laravel/lumen-framework/src/Concerns/RoutesRequests.php(356): Laravel\\Lumen\\Application->callControllerCallable()
#9 /var/www/html/OTHERS/laundry_api/vendor/laravel/lumen-framework/src/Concerns/RoutesRequests.php(331): Laravel\\Lumen\\Application->callLumenController()
#10 /var/www/html/OTHERS/laundry_api/vendor/laravel/lumen-framework/src/Concerns/RoutesRequests.php(284): Laravel\\Lumen\\Application->callControllerAction()
#11 /var/www/html/OTHERS/laundry_api/vendor/laravel/lumen-framework/src/Concerns/RoutesRequests.php(269): Laravel\\Lumen\\Application->callActionOnArrayBasedRoute()
#12 /var/www/html/OTHERS/laundry_api/vendor/laravel/lumen-framework/src/Concerns/RoutesRequests.php(171): Laravel\\Lumen\\Application->handleFoundRoute()
#13 /var/www/html/OTHERS/laundry_api/vendor/laravel/lumen-framework/src/Concerns/RoutesRequests.php(431): Laravel\\Lumen\\Application->Laravel\\Lumen\\Concerns\\{closure}()
#14 /var/www/html/OTHERS/laundry_api/vendor/laravel/lumen-framework/src/Concerns/RoutesRequests.php(167): Laravel\\Lumen\\Application->sendThroughPipeline()
#15 /var/www/html/OTHERS/laundry_api/vendor/laravel/lumen-framework/src/Concerns/RoutesRequests.php(112): Laravel\\Lumen\\Application->dispatch()
#16 /var/www/html/OTHERS/laundry_api/public/index.php(28): Laravel\\Lumen\\Application->run()
#17 {main}
"} 
[2024-08-28 03:53:58] local.ERROR: Method Illuminate\Auth\RequestGuard::attempt does not exist. {"exception":"[object] (BadMethodCallException(code: 0): Method Illuminate\\Auth\\RequestGuard::attempt does not exist. at /var/www/html/OTHERS/laundry_api/vendor/illuminate/macroable/Traits/Macroable.php:112)
[stacktrace]
#0 /var/www/html/OTHERS/laundry_api/app/Http/Controllers/AuthController.php(22): Illuminate\\Auth\\RequestGuard->__call()
#1 /var/www/html/OTHERS/laundry_api/vendor/illuminate/container/BoundMethod.php(36): App\\Http\\Controllers\\AuthController->login()
#2 /var/www/html/OTHERS/laundry_api/vendor/illuminate/container/Util.php(41): Illuminate\\Container\\BoundMethod::Illuminate\\Container\\{closure}()
#3 /var/www/html/OTHERS/laundry_api/vendor/illuminate/container/BoundMethod.php(93): Illuminate\\Container\\Util::unwrapIfClosure()
#4 /var/www/html/OTHERS/laundry_api/vendor/illuminate/container/BoundMethod.php(35): Illuminate\\Container\\BoundMethod::callBoundMethod()
#5 /var/www/html/OTHERS/laundry_api/vendor/illuminate/container/Container.php(662): Illuminate\\Container\\BoundMethod::call()
#6 /var/www/html/OTHERS/laundry_api/vendor/laravel/lumen-framework/src/Concerns/RoutesRequests.php(391): Illuminate\\Container\\Container->call()
#7 /var/www/html/OTHERS/laundry_api/vendor/laravel/lumen-framework/src/Concerns/RoutesRequests.php(356): Laravel\\Lumen\\Application->callControllerCallable()
#8 /var/www/html/OTHERS/laundry_api/vendor/laravel/lumen-framework/src/Concerns/RoutesRequests.php(331): Laravel\\Lumen\\Application->callLumenController()
#9 /var/www/html/OTHERS/laundry_api/vendor/laravel/lumen-framework/src/Concerns/RoutesRequests.php(284): Laravel\\Lumen\\Application->callControllerAction()
#10 /var/www/html/OTHERS/laundry_api/vendor/laravel/lumen-framework/src/Concerns/RoutesRequests.php(269): Laravel\\Lumen\\Application->callActionOnArrayBasedRoute()
#11 /var/www/html/OTHERS/laundry_api/vendor/laravel/lumen-framework/src/Concerns/RoutesRequests.php(171): Laravel\\Lumen\\Application->handleFoundRoute()
#12 /var/www/html/OTHERS/laundry_api/vendor/laravel/lumen-framework/src/Concerns/RoutesRequests.php(431): Laravel\\Lumen\\Application->Laravel\\Lumen\\Concerns\\{closure}()
#13 /var/www/html/OTHERS/laundry_api/vendor/laravel/lumen-framework/src/Concerns/RoutesRequests.php(167): Laravel\\Lumen\\Application->sendThroughPipeline()
#14 /var/www/html/OTHERS/laundry_api/vendor/laravel/lumen-framework/src/Concerns/RoutesRequests.php(112): Laravel\\Lumen\\Application->dispatch()
#15 /var/www/html/OTHERS/laundry_api/public/index.php(28): Laravel\\Lumen\\Application->run()
#16 {main}
"} 
[2024-08-28 03:54:00] local.ERROR: Method Illuminate\Auth\RequestGuard::attempt does not exist. {"exception":"[object] (BadMethodCallException(code: 0): Method Illuminate\\Auth\\RequestGuard::attempt does not exist. at /var/www/html/OTHERS/laundry_api/vendor/illuminate/macroable/Traits/Macroable.php:112)
[stacktrace]
#0 /var/www/html/OTHERS/laundry_api/app/Http/Controllers/AuthController.php(22): Illuminate\\Auth\\RequestGuard->__call()
#1 /var/www/html/OTHERS/laundry_api/vendor/illuminate/container/BoundMethod.php(36): App\\Http\\Controllers\\AuthController->login()
#2 /var/www/html/OTHERS/laundry_api/vendor/illuminate/container/Util.php(41): Illuminate\\Container\\BoundMethod::Illuminate\\Container\\{closure}()
#3 /var/www/html/OTHERS/laundry_api/vendor/illuminate/container/BoundMethod.php(93): Illuminate\\Container\\Util::unwrapIfClosure()
#4 /var/www/html/OTHERS/laundry_api/vendor/illuminate/container/BoundMethod.php(35): Illuminate\\Container\\BoundMethod::callBoundMethod()
#5 /var/www/html/OTHERS/laundry_api/vendor/illuminate/container/Container.php(662): Illuminate\\Container\\BoundMethod::call()
#6 /var/www/html/OTHERS/laundry_api/vendor/laravel/lumen-framework/src/Concerns/RoutesRequests.php(391): Illuminate\\Container\\Container->call()
#7 /var/www/html/OTHERS/laundry_api/vendor/laravel/lumen-framework/src/Concerns/RoutesRequests.php(356): Laravel\\Lumen\\Application->callControllerCallable()
#8 /var/www/html/OTHERS/laundry_api/vendor/laravel/lumen-framework/src/Concerns/RoutesRequests.php(331): Laravel\\Lumen\\Application->callLumenController()
#9 /var/www/html/OTHERS/laundry_api/vendor/laravel/lumen-framework/src/Concerns/RoutesRequests.php(284): Laravel\\Lumen\\Application->callControllerAction()
#10 /var/www/html/OTHERS/laundry_api/vendor/laravel/lumen-framework/src/Concerns/RoutesRequests.php(269): Laravel\\Lumen\\Application->callActionOnArrayBasedRoute()
#11 /var/www/html/OTHERS/laundry_api/vendor/laravel/lumen-framework/src/Concerns/RoutesRequests.php(171): Laravel\\Lumen\\Application->handleFoundRoute()
#12 /var/www/html/OTHERS/laundry_api/vendor/laravel/lumen-framework/src/Concerns/RoutesRequests.php(431): Laravel\\Lumen\\Application->Laravel\\Lumen\\Concerns\\{closure}()
#13 /var/www/html/OTHERS/laundry_api/vendor/laravel/lumen-framework/src/Concerns/RoutesRequests.php(167): Laravel\\Lumen\\Application->sendThroughPipeline()
#14 /var/www/html/OTHERS/laundry_api/vendor/laravel/lumen-framework/src/Concerns/RoutesRequests.php(112): Laravel\\Lumen\\Application->dispatch()
#15 /var/www/html/OTHERS/laundry_api/public/index.php(28): Laravel\\Lumen\\Application->run()
#16 {main}
"} 
[2024-08-28 03:54:05] local.ERROR: Auth guard [web] is not defined. {"exception":"[object] (InvalidArgumentException(code: 0): Auth guard [web] is not defined. at /var/www/html/OTHERS/laundry_api/vendor/illuminate/auth/AuthManager.php:86)
[stacktrace]
#0 /var/www/html/OTHERS/laundry_api/vendor/illuminate/auth/AuthManager.php(70): Illuminate\\Auth\\AuthManager->resolve()
#1 /var/www/html/OTHERS/laundry_api/vendor/laravel/lumen-framework/src/helpers.php(59): Illuminate\\Auth\\AuthManager->guard()
#2 /var/www/html/OTHERS/laundry_api/app/Http/Controllers/AuthController.php(22): auth()
#3 /var/www/html/OTHERS/laundry_api/vendor/illuminate/container/BoundMethod.php(36): App\\Http\\Controllers\\AuthController->login()
#4 /var/www/html/OTHERS/laundry_api/vendor/illuminate/container/Util.php(41): Illuminate\\Container\\BoundMethod::Illuminate\\Container\\{closure}()
#5 /var/www/html/OTHERS/laundry_api/vendor/illuminate/container/BoundMethod.php(93): Illuminate\\Container\\Util::unwrapIfClosure()
#6 /var/www/html/OTHERS/laundry_api/vendor/illuminate/container/BoundMethod.php(35): Illuminate\\Container\\BoundMethod::callBoundMethod()
#7 /var/www/html/OTHERS/laundry_api/vendor/illuminate/container/Container.php(662): Illuminate\\Container\\BoundMethod::call()
#8 /var/www/html/OTHERS/laundry_api/vendor/laravel/lumen-framework/src/Concerns/RoutesRequests.php(391): Illuminate\\Container\\Container->call()
#9 /var/www/html/OTHERS/laundry_api/vendor/laravel/lumen-framework/src/Concerns/RoutesRequests.php(356): Laravel\\Lumen\\Application->callControllerCallable()
#10 /var/www/html/OTHERS/laundry_api/vendor/laravel/lumen-framework/src/Concerns/RoutesRequests.php(331): Laravel\\Lumen\\Application->callLumenController()
#11 /var/www/html/OTHERS/laundry_api/vendor/laravel/lumen-framework/src/Concerns/RoutesRequests.php(284): Laravel\\Lumen\\Application->callControllerAction()
#12 /var/www/html/OTHERS/laundry_api/vendor/laravel/lumen-framework/src/Concerns/RoutesRequests.php(269): Laravel\\Lumen\\Application->callActionOnArrayBasedRoute()
#13 /var/www/html/OTHERS/laundry_api/vendor/laravel/lumen-framework/src/Concerns/RoutesRequests.php(171): Laravel\\Lumen\\Application->handleFoundRoute()
#14 /var/www/html/OTHERS/laundry_api/vendor/laravel/lumen-framework/src/Concerns/RoutesRequests.php(431): Laravel\\Lumen\\Application->Laravel\\Lumen\\Concerns\\{closure}()
#15 /var/www/html/OTHERS/laundry_api/vendor/laravel/lumen-framework/src/Concerns/RoutesRequests.php(167): Laravel\\Lumen\\Application->sendThroughPipeline()
#16 /var/www/html/OTHERS/laundry_api/vendor/laravel/lumen-framework/src/Concerns/RoutesRequests.php(112): Laravel\\Lumen\\Application->dispatch()
#17 /var/www/html/OTHERS/laundry_api/public/index.php(28): Laravel\\Lumen\\Application->run()
#18 {main}
"} 
[2024-08-28 03:55:14] local.ERROR: Auth guard [web] is not defined. {"exception":"[object] (InvalidArgumentException(code: 0): Auth guard [web] is not defined. at /var/www/html/OTHERS/laundry_api/vendor/illuminate/auth/AuthManager.php:86)
[stacktrace]
#0 /var/www/html/OTHERS/laundry_api/vendor/illuminate/auth/AuthManager.php(70): Illuminate\\Auth\\AuthManager->resolve()
#1 /var/www/html/OTHERS/laundry_api/vendor/laravel/lumen-framework/src/helpers.php(59): Illuminate\\Auth\\AuthManager->guard()
#2 /var/www/html/OTHERS/laundry_api/app/Http/Controllers/AuthController.php(22): auth()
#3 /var/www/html/OTHERS/laundry_api/vendor/illuminate/container/BoundMethod.php(36): App\\Http\\Controllers\\AuthController->login()
#4 /var/www/html/OTHERS/laundry_api/vendor/illuminate/container/Util.php(41): Illuminate\\Container\\BoundMethod::Illuminate\\Container\\{closure}()
#5 /var/www/html/OTHERS/laundry_api/vendor/illuminate/container/BoundMethod.php(93): Illuminate\\Container\\Util::unwrapIfClosure()
#6 /var/www/html/OTHERS/laundry_api/vendor/illuminate/container/BoundMethod.php(35): Illuminate\\Container\\BoundMethod::callBoundMethod()
#7 /var/www/html/OTHERS/laundry_api/vendor/illuminate/container/Container.php(662): Illuminate\\Container\\BoundMethod::call()
#8 /var/www/html/OTHERS/laundry_api/vendor/laravel/lumen-framework/src/Concerns/RoutesRequests.php(391): Illuminate\\Container\\Container->call()
#9 /var/www/html/OTHERS/laundry_api/vendor/laravel/lumen-framework/src/Concerns/RoutesRequests.php(356): Laravel\\Lumen\\Application->callControllerCallable()
#10 /var/www/html/OTHERS/laundry_api/vendor/laravel/lumen-framework/src/Concerns/RoutesRequests.php(331): Laravel\\Lumen\\Application->callLumenController()
#11 /var/www/html/OTHERS/laundry_api/vendor/laravel/lumen-framework/src/Concerns/RoutesRequests.php(284): Laravel\\Lumen\\Application->callControllerAction()
#12 /var/www/html/OTHERS/laundry_api/vendor/laravel/lumen-framework/src/Concerns/RoutesRequests.php(269): Laravel\\Lumen\\Application->callActionOnArrayBasedRoute()
#13 /var/www/html/OTHERS/laundry_api/vendor/laravel/lumen-framework/src/Concerns/RoutesRequests.php(171): Laravel\\Lumen\\Application->handleFoundRoute()
#14 /var/www/html/OTHERS/laundry_api/vendor/laravel/lumen-framework/src/Concerns/RoutesRequests.php(431): Laravel\\Lumen\\Application->Laravel\\Lumen\\Concerns\\{closure}()
#15 /var/www/html/OTHERS/laundry_api/vendor/laravel/lumen-framework/src/Concerns/RoutesRequests.php(167): Laravel\\Lumen\\Application->sendThroughPipeline()
#16 /var/www/html/OTHERS/laundry_api/vendor/laravel/lumen-framework/src/Concerns/RoutesRequests.php(112): Laravel\\Lumen\\Application->dispatch()
#17 /var/www/html/OTHERS/laundry_api/public/index.php(28): Laravel\\Lumen\\Application->run()
#18 {main}
"} 
[2024-08-28 03:55:36] local.ERROR: Method Illuminate\Auth\RequestGuard::attempt does not exist. {"exception":"[object] (BadMethodCallException(code: 0): Method Illuminate\\Auth\\RequestGuard::attempt does not exist. at /var/www/html/OTHERS/laundry_api/vendor/illuminate/macroable/Traits/Macroable.php:112)
[stacktrace]
#0 /var/www/html/OTHERS/laundry_api/app/Http/Controllers/AuthController.php(22): Illuminate\\Auth\\RequestGuard->__call()
#1 /var/www/html/OTHERS/laundry_api/vendor/illuminate/container/BoundMethod.php(36): App\\Http\\Controllers\\AuthController->login()
#2 /var/www/html/OTHERS/laundry_api/vendor/illuminate/container/Util.php(41): Illuminate\\Container\\BoundMethod::Illuminate\\Container\\{closure}()
#3 /var/www/html/OTHERS/laundry_api/vendor/illuminate/container/BoundMethod.php(93): Illuminate\\Container\\Util::unwrapIfClosure()
#4 /var/www/html/OTHERS/laundry_api/vendor/illuminate/container/BoundMethod.php(35): Illuminate\\Container\\BoundMethod::callBoundMethod()
#5 /var/www/html/OTHERS/laundry_api/vendor/illuminate/container/Container.php(662): Illuminate\\Container\\BoundMethod::call()
#6 /var/www/html/OTHERS/laundry_api/vendor/laravel/lumen-framework/src/Concerns/RoutesRequests.php(391): Illuminate\\Container\\Container->call()
#7 /var/www/html/OTHERS/laundry_api/vendor/laravel/lumen-framework/src/Concerns/RoutesRequests.php(356): Laravel\\Lumen\\Application->callControllerCallable()
#8 /var/www/html/OTHERS/laundry_api/vendor/laravel/lumen-framework/src/Concerns/RoutesRequests.php(331): Laravel\\Lumen\\Application->callLumenController()
#9 /var/www/html/OTHERS/laundry_api/vendor/laravel/lumen-framework/src/Concerns/RoutesRequests.php(284): Laravel\\Lumen\\Application->callControllerAction()
#10 /var/www/html/OTHERS/laundry_api/vendor/laravel/lumen-framework/src/Concerns/RoutesRequests.php(269): Laravel\\Lumen\\Application->callActionOnArrayBasedRoute()
#11 /var/www/html/OTHERS/laundry_api/vendor/laravel/lumen-framework/src/Concerns/RoutesRequests.php(171): Laravel\\Lumen\\Application->handleFoundRoute()
#12 /var/www/html/OTHERS/laundry_api/vendor/laravel/lumen-framework/src/Concerns/RoutesRequests.php(431): Laravel\\Lumen\\Application->Laravel\\Lumen\\Concerns\\{closure}()
#13 /var/www/html/OTHERS/laundry_api/vendor/laravel/lumen-framework/src/Concerns/RoutesRequests.php(167): Laravel\\Lumen\\Application->sendThroughPipeline()
#14 /var/www/html/OTHERS/laundry_api/vendor/laravel/lumen-framework/src/Concerns/RoutesRequests.php(112): Laravel\\Lumen\\Application->dispatch()
#15 /var/www/html/OTHERS/laundry_api/public/index.php(28): Laravel\\Lumen\\Application->run()
#16 {main}
"} 
[2024-08-28 04:23:53] local.ERROR: Class "Database\Seeders\Hash" not found {"exception":"[object] (Error(code: 0): Class \"Database\\Seeders\\Hash\" not found at /var/www/html/OTHERS/laundry_api/database/seeders/UserSeeder.php:20)
[stacktrace]
#0 /var/www/html/OTHERS/laundry_api/vendor/illuminate/container/BoundMethod.php(36): Database\\Seeders\\UserSeeder->run()
#1 /var/www/html/OTHERS/laundry_api/vendor/illuminate/container/Util.php(41): Illuminate\\Container\\BoundMethod::Illuminate\\Container\\{closure}()
#2 /var/www/html/OTHERS/laundry_api/vendor/illuminate/container/BoundMethod.php(93): Illuminate\\Container\\Util::unwrapIfClosure()
#3 /var/www/html/OTHERS/laundry_api/vendor/illuminate/container/BoundMethod.php(35): Illuminate\\Container\\BoundMethod::callBoundMethod()
#4 /var/www/html/OTHERS/laundry_api/vendor/illuminate/container/Container.php(662): Illuminate\\Container\\BoundMethod::call()
#5 /var/www/html/OTHERS/laundry_api/vendor/illuminate/database/Seeder.php(184): Illuminate\\Container\\Container->call()
#6 /var/www/html/OTHERS/laundry_api/vendor/illuminate/database/Seeder.php(193): Illuminate\\Database\\Seeder->Illuminate\\Database\\{closure}()
#7 /var/www/html/OTHERS/laundry_api/vendor/illuminate/database/Console/Seeds/SeedCommand.php(70): Illuminate\\Database\\Seeder->__invoke()
#8 /var/www/html/OTHERS/laundry_api/vendor/illuminate/database/Eloquent/Concerns/GuardsAttributes.php(155): Illuminate\\Database\\Console\\Seeds\\SeedCommand->Illuminate\\Database\\Console\\Seeds\\{closure}()
#9 /var/www/html/OTHERS/laundry_api/vendor/illuminate/database/Console/Seeds/SeedCommand.php(69): Illuminate\\Database\\Eloquent\\Model::unguarded()
#10 /var/www/html/OTHERS/laundry_api/vendor/illuminate/container/BoundMethod.php(36): Illuminate\\Database\\Console\\Seeds\\SeedCommand->handle()
#11 /var/www/html/OTHERS/laundry_api/vendor/illuminate/container/Util.php(41): Illuminate\\Container\\BoundMethod::Illuminate\\Container\\{closure}()
#12 /var/www/html/OTHERS/laundry_api/vendor/illuminate/container/BoundMethod.php(93): Illuminate\\Container\\Util::unwrapIfClosure()
#13 /var/www/html/OTHERS/laundry_api/vendor/illuminate/container/BoundMethod.php(35): Illuminate\\Container\\BoundMethod::callBoundMethod()
#14 /var/www/html/OTHERS/laundry_api/vendor/illuminate/container/Container.php(662): Illuminate\\Container\\BoundMethod::call()
#15 /var/www/html/OTHERS/laundry_api/vendor/illuminate/console/Command.php(211): Illuminate\\Container\\Container->call()
#16 /var/www/html/OTHERS/laundry_api/vendor/symfony/console/Command/Command.php(326): Illuminate\\Console\\Command->execute()
#17 /var/www/html/OTHERS/laundry_api/vendor/illuminate/console/Command.php(180): Symfony\\Component\\Console\\Command\\Command->run()
#18 /var/www/html/OTHERS/laundry_api/vendor/symfony/console/Application.php(1078): Illuminate\\Console\\Command->run()
#19 /var/www/html/OTHERS/laundry_api/vendor/symfony/console/Application.php(324): Symfony\\Component\\Console\\Application->doRunCommand()
#20 /var/www/html/OTHERS/laundry_api/vendor/symfony/console/Application.php(175): Symfony\\Component\\Console\\Application->doRun()
#21 /var/www/html/OTHERS/laundry_api/vendor/laravel/lumen-framework/src/Console/Kernel.php(160): Symfony\\Component\\Console\\Application->run()
#22 /var/www/html/OTHERS/laundry_api/artisan(35): Laravel\\Lumen\\Console\\Kernel->handle()
#23 {main}
"} 
[2024-08-28 06:59:58] local.ERROR: Token has expired {"exception":"[object] (Tymon\\JWTAuth\\Exceptions\\TokenExpiredException(code: 0): Token has expired at /var/www/html/OTHERS/laundry_api/vendor/tymon/jwt-auth/src/Claims/Expiration.php:31)
[stacktrace]
#0 [internal function]: Tymon\\JWTAuth\\Claims\\Expiration->validatePayload()
#1 /var/www/html/OTHERS/laundry_api/vendor/tymon/jwt-auth/src/Claims/Collection.php(57): call_user_func_array()
#2 /var/www/html/OTHERS/laundry_api/vendor/illuminate/collections/Traits/EnumeratesValues.php(240): Tymon\\JWTAuth\\Claims\\Collection->Tymon\\JWTAuth\\Claims\\{closure}()
#3 /var/www/html/OTHERS/laundry_api/vendor/tymon/jwt-auth/src/Claims/Collection.php(56): Illuminate\\Support\\Collection->each()
#4 /var/www/html/OTHERS/laundry_api/vendor/tymon/jwt-auth/src/Validators/PayloadValidator.php(80): Tymon\\JWTAuth\\Claims\\Collection->validate()
#5 /var/www/html/OTHERS/laundry_api/vendor/tymon/jwt-auth/src/Validators/PayloadValidator.php(50): Tymon\\JWTAuth\\Validators\\PayloadValidator->validatePayload()
#6 /var/www/html/OTHERS/laundry_api/vendor/tymon/jwt-auth/src/Payload.php(46): Tymon\\JWTAuth\\Validators\\PayloadValidator->check()
#7 /var/www/html/OTHERS/laundry_api/vendor/tymon/jwt-auth/src/Factory.php(180): Tymon\\JWTAuth\\Payload->__construct()
#8 /var/www/html/OTHERS/laundry_api/vendor/tymon/jwt-auth/src/Factory.php(85): Tymon\\JWTAuth\\Factory->withClaims()
#9 /var/www/html/OTHERS/laundry_api/vendor/tymon/jwt-auth/src/JWT.php(226): Tymon\\JWTAuth\\Factory->make()
#10 /var/www/html/OTHERS/laundry_api/vendor/tymon/jwt-auth/src/JWT.php(74): Tymon\\JWTAuth\\JWT->makePayload()
#11 /var/www/html/OTHERS/laundry_api/vendor/tymon/jwt-auth/src/JWT.php(87): Tymon\\JWTAuth\\JWT->fromSubject()
#12 /var/www/html/OTHERS/laundry_api/vendor/tymon/jwt-auth/src/JWTGuard.php(138): Tymon\\JWTAuth\\JWT->fromUser()
#13 /var/www/html/OTHERS/laundry_api/vendor/tymon/jwt-auth/src/JWTGuard.php(124): Tymon\\JWTAuth\\JWTGuard->login()
#14 /var/www/html/OTHERS/laundry_api/app/Http/Controllers/AuthController.php(26): Tymon\\JWTAuth\\JWTGuard->attempt()
#15 /var/www/html/OTHERS/laundry_api/vendor/illuminate/container/BoundMethod.php(36): App\\Http\\Controllers\\AuthController->login()
#16 /var/www/html/OTHERS/laundry_api/vendor/illuminate/container/Util.php(41): Illuminate\\Container\\BoundMethod::Illuminate\\Container\\{closure}()
#17 /var/www/html/OTHERS/laundry_api/vendor/illuminate/container/BoundMethod.php(93): Illuminate\\Container\\Util::unwrapIfClosure()
#18 /var/www/html/OTHERS/laundry_api/vendor/illuminate/container/BoundMethod.php(35): Illuminate\\Container\\BoundMethod::callBoundMethod()
#19 /var/www/html/OTHERS/laundry_api/vendor/illuminate/container/Container.php(662): Illuminate\\Container\\BoundMethod::call()
#20 /var/www/html/OTHERS/laundry_api/vendor/laravel/lumen-framework/src/Concerns/RoutesRequests.php(391): Illuminate\\Container\\Container->call()
#21 /var/www/html/OTHERS/laundry_api/vendor/laravel/lumen-framework/src/Concerns/RoutesRequests.php(356): Laravel\\Lumen\\Application->callControllerCallable()
#22 /var/www/html/OTHERS/laundry_api/vendor/laravel/lumen-framework/src/Concerns/RoutesRequests.php(331): Laravel\\Lumen\\Application->callLumenController()
#23 /var/www/html/OTHERS/laundry_api/vendor/laravel/lumen-framework/src/Concerns/RoutesRequests.php(284): Laravel\\Lumen\\Application->callControllerAction()
#24 /var/www/html/OTHERS/laundry_api/vendor/laravel/lumen-framework/src/Concerns/RoutesRequests.php(269): Laravel\\Lumen\\Application->callActionOnArrayBasedRoute()
#25 /var/www/html/OTHERS/laundry_api/vendor/laravel/lumen-framework/src/Concerns/RoutesRequests.php(171): Laravel\\Lumen\\Application->handleFoundRoute()
#26 /var/www/html/OTHERS/laundry_api/vendor/laravel/lumen-framework/src/Concerns/RoutesRequests.php(431): Laravel\\Lumen\\Application->Laravel\\Lumen\\Concerns\\{closure}()
#27 /var/www/html/OTHERS/laundry_api/vendor/laravel/lumen-framework/src/Concerns/RoutesRequests.php(167): Laravel\\Lumen\\Application->sendThroughPipeline()
#28 /var/www/html/OTHERS/laundry_api/vendor/laravel/lumen-framework/src/Concerns/RoutesRequests.php(112): Laravel\\Lumen\\Application->dispatch()
#29 /var/www/html/OTHERS/laundry_api/public/index.php(28): Laravel\\Lumen\\Application->run()
#30 {main}
"} 
[2024-08-28 07:00:03] local.ERROR: Token has expired {"exception":"[object] (Tymon\\JWTAuth\\Exceptions\\TokenExpiredException(code: 0): Token has expired at /var/www/html/OTHERS/laundry_api/vendor/tymon/jwt-auth/src/Claims/Expiration.php:31)
[stacktrace]
#0 [internal function]: Tymon\\JWTAuth\\Claims\\Expiration->validatePayload()
#1 /var/www/html/OTHERS/laundry_api/vendor/tymon/jwt-auth/src/Claims/Collection.php(57): call_user_func_array()
#2 /var/www/html/OTHERS/laundry_api/vendor/illuminate/collections/Traits/EnumeratesValues.php(240): Tymon\\JWTAuth\\Claims\\Collection->Tymon\\JWTAuth\\Claims\\{closure}()
#3 /var/www/html/OTHERS/laundry_api/vendor/tymon/jwt-auth/src/Claims/Collection.php(56): Illuminate\\Support\\Collection->each()
#4 /var/www/html/OTHERS/laundry_api/vendor/tymon/jwt-auth/src/Validators/PayloadValidator.php(80): Tymon\\JWTAuth\\Claims\\Collection->validate()
#5 /var/www/html/OTHERS/laundry_api/vendor/tymon/jwt-auth/src/Validators/PayloadValidator.php(50): Tymon\\JWTAuth\\Validators\\PayloadValidator->validatePayload()
#6 /var/www/html/OTHERS/laundry_api/vendor/tymon/jwt-auth/src/Payload.php(46): Tymon\\JWTAuth\\Validators\\PayloadValidator->check()
#7 /var/www/html/OTHERS/laundry_api/vendor/tymon/jwt-auth/src/Factory.php(180): Tymon\\JWTAuth\\Payload->__construct()
#8 /var/www/html/OTHERS/laundry_api/vendor/tymon/jwt-auth/src/Factory.php(85): Tymon\\JWTAuth\\Factory->withClaims()
#9 /var/www/html/OTHERS/laundry_api/vendor/tymon/jwt-auth/src/JWT.php(226): Tymon\\JWTAuth\\Factory->make()
#10 /var/www/html/OTHERS/laundry_api/vendor/tymon/jwt-auth/src/JWT.php(74): Tymon\\JWTAuth\\JWT->makePayload()
#11 /var/www/html/OTHERS/laundry_api/vendor/tymon/jwt-auth/src/JWT.php(87): Tymon\\JWTAuth\\JWT->fromSubject()
#12 /var/www/html/OTHERS/laundry_api/vendor/tymon/jwt-auth/src/JWTGuard.php(138): Tymon\\JWTAuth\\JWT->fromUser()
#13 /var/www/html/OTHERS/laundry_api/vendor/tymon/jwt-auth/src/JWTGuard.php(124): Tymon\\JWTAuth\\JWTGuard->login()
#14 /var/www/html/OTHERS/laundry_api/app/Http/Controllers/AuthController.php(26): Tymon\\JWTAuth\\JWTGuard->attempt()
#15 /var/www/html/OTHERS/laundry_api/vendor/illuminate/container/BoundMethod.php(36): App\\Http\\Controllers\\AuthController->login()
#16 /var/www/html/OTHERS/laundry_api/vendor/illuminate/container/Util.php(41): Illuminate\\Container\\BoundMethod::Illuminate\\Container\\{closure}()
#17 /var/www/html/OTHERS/laundry_api/vendor/illuminate/container/BoundMethod.php(93): Illuminate\\Container\\Util::unwrapIfClosure()
#18 /var/www/html/OTHERS/laundry_api/vendor/illuminate/container/BoundMethod.php(35): Illuminate\\Container\\BoundMethod::callBoundMethod()
#19 /var/www/html/OTHERS/laundry_api/vendor/illuminate/container/Container.php(662): Illuminate\\Container\\BoundMethod::call()
#20 /var/www/html/OTHERS/laundry_api/vendor/laravel/lumen-framework/src/Concerns/RoutesRequests.php(391): Illuminate\\Container\\Container->call()
#21 /var/www/html/OTHERS/laundry_api/vendor/laravel/lumen-framework/src/Concerns/RoutesRequests.php(356): Laravel\\Lumen\\Application->callControllerCallable()
#22 /var/www/html/OTHERS/laundry_api/vendor/laravel/lumen-framework/src/Concerns/RoutesRequests.php(331): Laravel\\Lumen\\Application->callLumenController()
#23 /var/www/html/OTHERS/laundry_api/vendor/laravel/lumen-framework/src/Concerns/RoutesRequests.php(284): Laravel\\Lumen\\Application->callControllerAction()
#24 /var/www/html/OTHERS/laundry_api/vendor/laravel/lumen-framework/src/Concerns/RoutesRequests.php(269): Laravel\\Lumen\\Application->callActionOnArrayBasedRoute()
#25 /var/www/html/OTHERS/laundry_api/vendor/laravel/lumen-framework/src/Concerns/RoutesRequests.php(171): Laravel\\Lumen\\Application->handleFoundRoute()
#26 /var/www/html/OTHERS/laundry_api/vendor/laravel/lumen-framework/src/Concerns/RoutesRequests.php(431): Laravel\\Lumen\\Application->Laravel\\Lumen\\Concerns\\{closure}()
#27 /var/www/html/OTHERS/laundry_api/vendor/laravel/lumen-framework/src/Concerns/RoutesRequests.php(167): Laravel\\Lumen\\Application->sendThroughPipeline()
#28 /var/www/html/OTHERS/laundry_api/vendor/laravel/lumen-framework/src/Concerns/RoutesRequests.php(112): Laravel\\Lumen\\Application->dispatch()
#29 /var/www/html/OTHERS/laundry_api/public/index.php(28): Laravel\\Lumen\\Application->run()
#30 {main}
"} 
[2024-08-28 07:00:13] local.ERROR: Method [get] does not exist. {"exception":"[object] (BadMethodCallException(code: 0): Method [get] does not exist. at /var/www/html/OTHERS/laundry_api/vendor/tymon/jwt-auth/src/JWTGuard.php:437)
[stacktrace]
#0 /var/www/html/OTHERS/laundry_api/app/Http/Controllers/AuthController.php(31): Tymon\\JWTAuth\\JWTGuard->__call()
#1 /var/www/html/OTHERS/laundry_api/vendor/illuminate/container/BoundMethod.php(36): App\\Http\\Controllers\\AuthController->login()
#2 /var/www/html/OTHERS/laundry_api/vendor/illuminate/container/Util.php(41): Illuminate\\Container\\BoundMethod::Illuminate\\Container\\{closure}()
#3 /var/www/html/OTHERS/laundry_api/vendor/illuminate/container/BoundMethod.php(93): Illuminate\\Container\\Util::unwrapIfClosure()
#4 /var/www/html/OTHERS/laundry_api/vendor/illuminate/container/BoundMethod.php(35): Illuminate\\Container\\BoundMethod::callBoundMethod()
#5 /var/www/html/OTHERS/laundry_api/vendor/illuminate/container/Container.php(662): Illuminate\\Container\\BoundMethod::call()
#6 /var/www/html/OTHERS/laundry_api/vendor/laravel/lumen-framework/src/Concerns/RoutesRequests.php(391): Illuminate\\Container\\Container->call()
#7 /var/www/html/OTHERS/laundry_api/vendor/laravel/lumen-framework/src/Concerns/RoutesRequests.php(356): Laravel\\Lumen\\Application->callControllerCallable()
#8 /var/www/html/OTHERS/laundry_api/vendor/laravel/lumen-framework/src/Concerns/RoutesRequests.php(331): Laravel\\Lumen\\Application->callLumenController()
#9 /var/www/html/OTHERS/laundry_api/vendor/laravel/lumen-framework/src/Concerns/RoutesRequests.php(284): Laravel\\Lumen\\Application->callControllerAction()
#10 /var/www/html/OTHERS/laundry_api/vendor/laravel/lumen-framework/src/Concerns/RoutesRequests.php(269): Laravel\\Lumen\\Application->callActionOnArrayBasedRoute()
#11 /var/www/html/OTHERS/laundry_api/vendor/laravel/lumen-framework/src/Concerns/RoutesRequests.php(171): Laravel\\Lumen\\Application->handleFoundRoute()
#12 /var/www/html/OTHERS/laundry_api/vendor/laravel/lumen-framework/src/Concerns/RoutesRequests.php(431): Laravel\\Lumen\\Application->Laravel\\Lumen\\Concerns\\{closure}()
#13 /var/www/html/OTHERS/laundry_api/vendor/laravel/lumen-framework/src/Concerns/RoutesRequests.php(167): Laravel\\Lumen\\Application->sendThroughPipeline()
#14 /var/www/html/OTHERS/laundry_api/vendor/laravel/lumen-framework/src/Concerns/RoutesRequests.php(112): Laravel\\Lumen\\Application->dispatch()
#15 /var/www/html/OTHERS/laundry_api/public/index.php(28): Laravel\\Lumen\\Application->run()
#16 {main}
"} 
[2024-08-28 07:01:13] local.ERROR: Method [claim] does not exist. {"exception":"[object] (BadMethodCallException(code: 0): Method [claim] does not exist. at /var/www/html/OTHERS/laundry_api/vendor/tymon/jwt-auth/src/JWTGuard.php:437)
[stacktrace]
#0 /var/www/html/OTHERS/laundry_api/app/Http/Controllers/AuthController.php(26): Tymon\\JWTAuth\\JWTGuard->__call()
#1 /var/www/html/OTHERS/laundry_api/vendor/illuminate/container/BoundMethod.php(36): App\\Http\\Controllers\\AuthController->login()
#2 /var/www/html/OTHERS/laundry_api/vendor/illuminate/container/Util.php(41): Illuminate\\Container\\BoundMethod::Illuminate\\Container\\{closure}()
#3 /var/www/html/OTHERS/laundry_api/vendor/illuminate/container/BoundMethod.php(93): Illuminate\\Container\\Util::unwrapIfClosure()
#4 /var/www/html/OTHERS/laundry_api/vendor/illuminate/container/BoundMethod.php(35): Illuminate\\Container\\BoundMethod::callBoundMethod()
#5 /var/www/html/OTHERS/laundry_api/vendor/illuminate/container/Container.php(662): Illuminate\\Container\\BoundMethod::call()
#6 /var/www/html/OTHERS/laundry_api/vendor/laravel/lumen-framework/src/Concerns/RoutesRequests.php(391): Illuminate\\Container\\Container->call()
#7 /var/www/html/OTHERS/laundry_api/vendor/laravel/lumen-framework/src/Concerns/RoutesRequests.php(356): Laravel\\Lumen\\Application->callControllerCallable()
#8 /var/www/html/OTHERS/laundry_api/vendor/laravel/lumen-framework/src/Concerns/RoutesRequests.php(331): Laravel\\Lumen\\Application->callLumenController()
#9 /var/www/html/OTHERS/laundry_api/vendor/laravel/lumen-framework/src/Concerns/RoutesRequests.php(284): Laravel\\Lumen\\Application->callControllerAction()
#10 /var/www/html/OTHERS/laundry_api/vendor/laravel/lumen-framework/src/Concerns/RoutesRequests.php(269): Laravel\\Lumen\\Application->callActionOnArrayBasedRoute()
#11 /var/www/html/OTHERS/laundry_api/vendor/laravel/lumen-framework/src/Concerns/RoutesRequests.php(171): Laravel\\Lumen\\Application->handleFoundRoute()
#12 /var/www/html/OTHERS/laundry_api/vendor/laravel/lumen-framework/src/Concerns/RoutesRequests.php(431): Laravel\\Lumen\\Application->Laravel\\Lumen\\Concerns\\{closure}()
#13 /var/www/html/OTHERS/laundry_api/vendor/laravel/lumen-framework/src/Concerns/RoutesRequests.php(167): Laravel\\Lumen\\Application->sendThroughPipeline()
#14 /var/www/html/OTHERS/laundry_api/vendor/laravel/lumen-framework/src/Concerns/RoutesRequests.php(112): Laravel\\Lumen\\Application->dispatch()
#15 /var/www/html/OTHERS/laundry_api/public/index.php(28): Laravel\\Lumen\\Application->run()
#16 {main}
"} 
[2024-08-28 07:29:49] local.ERROR: Command "make:model" is not defined.

Did you mean one of these?
    make:migration
    make:seeder {"exception":"[object] (Symfony\\Component\\Console\\Exception\\CommandNotFoundException(code: 0): Command \"make:model\" is not defined.

Did you mean one of these?
    make:migration
    make:seeder at /var/www/html/OTHERS/laundry_api/vendor/symfony/console/Application.php:737)
[stacktrace]
#0 /var/www/html/OTHERS/laundry_api/vendor/symfony/console/Application.php(266): Symfony\\Component\\Console\\Application->find()
#1 /var/www/html/OTHERS/laundry_api/vendor/symfony/console/Application.php(175): Symfony\\Component\\Console\\Application->doRun()
#2 /var/www/html/OTHERS/laundry_api/vendor/laravel/lumen-framework/src/Console/Kernel.php(160): Symfony\\Component\\Console\\Application->run()
#3 /var/www/html/OTHERS/laundry_api/artisan(35): Laravel\\Lumen\\Console\\Kernel->handle()
#4 {main}
"} 
[2024-08-28 07:30:14] local.ERROR: Class "Illuminate\Database\ConsoleServiceProvider" not found {"exception":"[object] (Error(code: 0): Class \"Illuminate\\Database\\ConsoleServiceProvider\" not found at /var/www/html/OTHERS/laundry_api/vendor/laravel/lumen-framework/src/Application.php:250)
[stacktrace]
#0 /var/www/html/OTHERS/laundry_api/bootstrap/app.php(100): Laravel\\Lumen\\Application->register()
#1 /var/www/html/OTHERS/laundry_api/artisan(18): require('...')
#2 {main}
"} 
[2024-08-28 07:43:10] local.ERROR: Undefined property: Illuminate\Auth\AuthManager::$id {"exception":"[object] (ErrorException(code: 0): Undefined property: Illuminate\\Auth\\AuthManager::$id at /var/www/html/OTHERS/laundry_api/app/Http/Controllers/RequestListController.php:32)
[stacktrace]
#0 /var/www/html/OTHERS/laundry_api/vendor/laravel/lumen-framework/src/Concerns/RegistersExceptionHandlers.php(47): Laravel\\Lumen\\Application->handleError()
#1 /var/www/html/OTHERS/laundry_api/app/Http/Controllers/RequestListController.php(32): Laravel\\Lumen\\Application->Laravel\\Lumen\\Concerns\\{closure}()
#2 /var/www/html/OTHERS/laundry_api/vendor/illuminate/container/BoundMethod.php(36): App\\Http\\Controllers\\RequestListController->store()
#3 /var/www/html/OTHERS/laundry_api/vendor/illuminate/container/Util.php(41): Illuminate\\Container\\BoundMethod::Illuminate\\Container\\{closure}()
#4 /var/www/html/OTHERS/laundry_api/vendor/illuminate/container/BoundMethod.php(93): Illuminate\\Container\\Util::unwrapIfClosure()
#5 /var/www/html/OTHERS/laundry_api/vendor/illuminate/container/BoundMethod.php(35): Illuminate\\Container\\BoundMethod::callBoundMethod()
#6 /var/www/html/OTHERS/laundry_api/vendor/illuminate/container/Container.php(662): Illuminate\\Container\\BoundMethod::call()
#7 /var/www/html/OTHERS/laundry_api/vendor/laravel/lumen-framework/src/Concerns/RoutesRequests.php(391): Illuminate\\Container\\Container->call()
#8 /var/www/html/OTHERS/laundry_api/vendor/laravel/lumen-framework/src/Concerns/RoutesRequests.php(356): Laravel\\Lumen\\Application->callControllerCallable()
#9 /var/www/html/OTHERS/laundry_api/vendor/laravel/lumen-framework/src/Concerns/RoutesRequests.php(331): Laravel\\Lumen\\Application->callLumenController()
#10 /var/www/html/OTHERS/laundry_api/vendor/laravel/lumen-framework/src/Concerns/RoutesRequests.php(284): Laravel\\Lumen\\Application->callControllerAction()
#11 /var/www/html/OTHERS/laundry_api/vendor/laravel/lumen-framework/src/Concerns/RoutesRequests.php(264): Laravel\\Lumen\\Application->callActionOnArrayBasedRoute()
#12 /var/www/html/OTHERS/laundry_api/vendor/laravel/lumen-framework/src/Routing/Pipeline.php(48): Laravel\\Lumen\\Application->Laravel\\Lumen\\Concerns\\{closure}()
#13 /var/www/html/OTHERS/laundry_api/app/Http/Middleware/Authenticate.php(42): Laravel\\Lumen\\Routing\\Pipeline->Laravel\\Lumen\\Routing\\{closure}()
#14 /var/www/html/OTHERS/laundry_api/vendor/illuminate/pipeline/Pipeline.php(183): App\\Http\\Middleware\\Authenticate->handle()
#15 /var/www/html/OTHERS/laundry_api/vendor/laravel/lumen-framework/src/Routing/Pipeline.php(30): Illuminate\\Pipeline\\Pipeline->Illuminate\\Pipeline\\{closure}()
#16 /var/www/html/OTHERS/laundry_api/vendor/illuminate/pipeline/Pipeline.php(119): Laravel\\Lumen\\Routing\\Pipeline->Laravel\\Lumen\\Routing\\{closure}()
#17 /var/www/html/OTHERS/laundry_api/vendor/laravel/lumen-framework/src/Concerns/RoutesRequests.php(428): Illuminate\\Pipeline\\Pipeline->then()
#18 /var/www/html/OTHERS/laundry_api/vendor/laravel/lumen-framework/src/Concerns/RoutesRequests.php(263): Laravel\\Lumen\\Application->sendThroughPipeline()
#19 /var/www/html/OTHERS/laundry_api/vendor/laravel/lumen-framework/src/Concerns/RoutesRequests.php(171): Laravel\\Lumen\\Application->handleFoundRoute()
#20 /var/www/html/OTHERS/laundry_api/vendor/laravel/lumen-framework/src/Concerns/RoutesRequests.php(431): Laravel\\Lumen\\Application->Laravel\\Lumen\\Concerns\\{closure}()
#21 /var/www/html/OTHERS/laundry_api/vendor/laravel/lumen-framework/src/Concerns/RoutesRequests.php(167): Laravel\\Lumen\\Application->sendThroughPipeline()
#22 /var/www/html/OTHERS/laundry_api/vendor/laravel/lumen-framework/src/Concerns/RoutesRequests.php(112): Laravel\\Lumen\\Application->dispatch()
#23 /var/www/html/OTHERS/laundry_api/public/index.php(28): Laravel\\Lumen\\Application->run()
#24 {main}
"} 
[2024-08-28 07:56:33] local.ERROR: Only variables should be passed by reference {"exception":"[object] (ErrorException(code: 0): Only variables should be passed by reference at /var/www/html/OTHERS/laundry_api/app/Http/Controllers/RequestListController.php:42)
[stacktrace]
#0 /var/www/html/OTHERS/laundry_api/vendor/laravel/lumen-framework/src/Concerns/RegistersExceptionHandlers.php(47): Laravel\\Lumen\\Application->handleError()
#1 /var/www/html/OTHERS/laundry_api/app/Http/Controllers/RequestListController.php(42): Laravel\\Lumen\\Application->Laravel\\Lumen\\Concerns\\{closure}()
#2 /var/www/html/OTHERS/laundry_api/vendor/illuminate/container/BoundMethod.php(36): App\\Http\\Controllers\\RequestListController->store()
#3 /var/www/html/OTHERS/laundry_api/vendor/illuminate/container/Util.php(41): Illuminate\\Container\\BoundMethod::Illuminate\\Container\\{closure}()
#4 /var/www/html/OTHERS/laundry_api/vendor/illuminate/container/BoundMethod.php(93): Illuminate\\Container\\Util::unwrapIfClosure()
#5 /var/www/html/OTHERS/laundry_api/vendor/illuminate/container/BoundMethod.php(35): Illuminate\\Container\\BoundMethod::callBoundMethod()
#6 /var/www/html/OTHERS/laundry_api/vendor/illuminate/container/Container.php(662): Illuminate\\Container\\BoundMethod::call()
#7 /var/www/html/OTHERS/laundry_api/vendor/laravel/lumen-framework/src/Concerns/RoutesRequests.php(391): Illuminate\\Container\\Container->call()
#8 /var/www/html/OTHERS/laundry_api/vendor/laravel/lumen-framework/src/Concerns/RoutesRequests.php(356): Laravel\\Lumen\\Application->callControllerCallable()
#9 /var/www/html/OTHERS/laundry_api/vendor/laravel/lumen-framework/src/Concerns/RoutesRequests.php(331): Laravel\\Lumen\\Application->callLumenController()
#10 /var/www/html/OTHERS/laundry_api/vendor/laravel/lumen-framework/src/Concerns/RoutesRequests.php(284): Laravel\\Lumen\\Application->callControllerAction()
#11 /var/www/html/OTHERS/laundry_api/vendor/laravel/lumen-framework/src/Concerns/RoutesRequests.php(264): Laravel\\Lumen\\Application->callActionOnArrayBasedRoute()
#12 /var/www/html/OTHERS/laundry_api/vendor/laravel/lumen-framework/src/Routing/Pipeline.php(48): Laravel\\Lumen\\Application->Laravel\\Lumen\\Concerns\\{closure}()
#13 /var/www/html/OTHERS/laundry_api/app/Http/Middleware/Authenticate.php(70): Laravel\\Lumen\\Routing\\Pipeline->Laravel\\Lumen\\Routing\\{closure}()
#14 /var/www/html/OTHERS/laundry_api/vendor/illuminate/pipeline/Pipeline.php(183): App\\Http\\Middleware\\Authenticate->handle()
#15 /var/www/html/OTHERS/laundry_api/vendor/laravel/lumen-framework/src/Routing/Pipeline.php(30): Illuminate\\Pipeline\\Pipeline->Illuminate\\Pipeline\\{closure}()
#16 /var/www/html/OTHERS/laundry_api/vendor/illuminate/pipeline/Pipeline.php(119): Laravel\\Lumen\\Routing\\Pipeline->Laravel\\Lumen\\Routing\\{closure}()
#17 /var/www/html/OTHERS/laundry_api/vendor/laravel/lumen-framework/src/Concerns/RoutesRequests.php(428): Illuminate\\Pipeline\\Pipeline->then()
#18 /var/www/html/OTHERS/laundry_api/vendor/laravel/lumen-framework/src/Concerns/RoutesRequests.php(263): Laravel\\Lumen\\Application->sendThroughPipeline()
#19 /var/www/html/OTHERS/laundry_api/vendor/laravel/lumen-framework/src/Concerns/RoutesRequests.php(171): Laravel\\Lumen\\Application->handleFoundRoute()
#20 /var/www/html/OTHERS/laundry_api/vendor/laravel/lumen-framework/src/Concerns/RoutesRequests.php(431): Laravel\\Lumen\\Application->Laravel\\Lumen\\Concerns\\{closure}()
#21 /var/www/html/OTHERS/laundry_api/vendor/laravel/lumen-framework/src/Concerns/RoutesRequests.php(167): Laravel\\Lumen\\Application->sendThroughPipeline()
#22 /var/www/html/OTHERS/laundry_api/vendor/laravel/lumen-framework/src/Concerns/RoutesRequests.php(112): Laravel\\Lumen\\Application->dispatch()
#23 /var/www/html/OTHERS/laundry_api/public/index.php(28): Laravel\\Lumen\\Application->run()
#24 {main}
"} 
[2024-08-28 07:56:45] local.ERROR: Method Laravel\Lumen\Http\Request::array does not exist. {"exception":"[object] (BadMethodCallException(code: 0): Method Laravel\\Lumen\\Http\\Request::array does not exist. at /var/www/html/OTHERS/laundry_api/vendor/illuminate/macroable/Traits/Macroable.php:112)
[stacktrace]
#0 /var/www/html/OTHERS/laundry_api/app/Http/Controllers/RequestListController.php(42): Illuminate\\Http\\Request->__call()
#1 /var/www/html/OTHERS/laundry_api/vendor/illuminate/container/BoundMethod.php(36): App\\Http\\Controllers\\RequestListController->store()
#2 /var/www/html/OTHERS/laundry_api/vendor/illuminate/container/Util.php(41): Illuminate\\Container\\BoundMethod::Illuminate\\Container\\{closure}()
#3 /var/www/html/OTHERS/laundry_api/vendor/illuminate/container/BoundMethod.php(93): Illuminate\\Container\\Util::unwrapIfClosure()
#4 /var/www/html/OTHERS/laundry_api/vendor/illuminate/container/BoundMethod.php(35): Illuminate\\Container\\BoundMethod::callBoundMethod()
#5 /var/www/html/OTHERS/laundry_api/vendor/illuminate/container/Container.php(662): Illuminate\\Container\\BoundMethod::call()
#6 /var/www/html/OTHERS/laundry_api/vendor/laravel/lumen-framework/src/Concerns/RoutesRequests.php(391): Illuminate\\Container\\Container->call()
#7 /var/www/html/OTHERS/laundry_api/vendor/laravel/lumen-framework/src/Concerns/RoutesRequests.php(356): Laravel\\Lumen\\Application->callControllerCallable()
#8 /var/www/html/OTHERS/laundry_api/vendor/laravel/lumen-framework/src/Concerns/RoutesRequests.php(331): Laravel\\Lumen\\Application->callLumenController()
#9 /var/www/html/OTHERS/laundry_api/vendor/laravel/lumen-framework/src/Concerns/RoutesRequests.php(284): Laravel\\Lumen\\Application->callControllerAction()
#10 /var/www/html/OTHERS/laundry_api/vendor/laravel/lumen-framework/src/Concerns/RoutesRequests.php(264): Laravel\\Lumen\\Application->callActionOnArrayBasedRoute()
#11 /var/www/html/OTHERS/laundry_api/vendor/laravel/lumen-framework/src/Routing/Pipeline.php(48): Laravel\\Lumen\\Application->Laravel\\Lumen\\Concerns\\{closure}()
#12 /var/www/html/OTHERS/laundry_api/app/Http/Middleware/Authenticate.php(70): Laravel\\Lumen\\Routing\\Pipeline->Laravel\\Lumen\\Routing\\{closure}()
#13 /var/www/html/OTHERS/laundry_api/vendor/illuminate/pipeline/Pipeline.php(183): App\\Http\\Middleware\\Authenticate->handle()
#14 /var/www/html/OTHERS/laundry_api/vendor/laravel/lumen-framework/src/Routing/Pipeline.php(30): Illuminate\\Pipeline\\Pipeline->Illuminate\\Pipeline\\{closure}()
#15 /var/www/html/OTHERS/laundry_api/vendor/illuminate/pipeline/Pipeline.php(119): Laravel\\Lumen\\Routing\\Pipeline->Laravel\\Lumen\\Routing\\{closure}()
#16 /var/www/html/OTHERS/laundry_api/vendor/laravel/lumen-framework/src/Concerns/RoutesRequests.php(428): Illuminate\\Pipeline\\Pipeline->then()
#17 /var/www/html/OTHERS/laundry_api/vendor/laravel/lumen-framework/src/Concerns/RoutesRequests.php(263): Laravel\\Lumen\\Application->sendThroughPipeline()
#18 /var/www/html/OTHERS/laundry_api/vendor/laravel/lumen-framework/src/Concerns/RoutesRequests.php(171): Laravel\\Lumen\\Application->handleFoundRoute()
#19 /var/www/html/OTHERS/laundry_api/vendor/laravel/lumen-framework/src/Concerns/RoutesRequests.php(431): Laravel\\Lumen\\Application->Laravel\\Lumen\\Concerns\\{closure}()
#20 /var/www/html/OTHERS/laundry_api/vendor/laravel/lumen-framework/src/Concerns/RoutesRequests.php(167): Laravel\\Lumen\\Application->sendThroughPipeline()
#21 /var/www/html/OTHERS/laundry_api/vendor/laravel/lumen-framework/src/Concerns/RoutesRequests.php(112): Laravel\\Lumen\\Application->dispatch()
#22 /var/www/html/OTHERS/laundry_api/public/index.php(28): Laravel\\Lumen\\Application->run()
#23 {main}
"} 
[2024-08-28 07:58:47] local.ERROR: Only variables should be passed by reference {"exception":"[object] (ErrorException(code: 0): Only variables should be passed by reference at /var/www/html/OTHERS/laundry_api/app/Http/Controllers/RequestListController.php:42)
[stacktrace]
#0 /var/www/html/OTHERS/laundry_api/vendor/laravel/lumen-framework/src/Concerns/RegistersExceptionHandlers.php(47): Laravel\\Lumen\\Application->handleError()
#1 /var/www/html/OTHERS/laundry_api/app/Http/Controllers/RequestListController.php(42): Laravel\\Lumen\\Application->Laravel\\Lumen\\Concerns\\{closure}()
#2 /var/www/html/OTHERS/laundry_api/vendor/illuminate/container/BoundMethod.php(36): App\\Http\\Controllers\\RequestListController->store()
#3 /var/www/html/OTHERS/laundry_api/vendor/illuminate/container/Util.php(41): Illuminate\\Container\\BoundMethod::Illuminate\\Container\\{closure}()
#4 /var/www/html/OTHERS/laundry_api/vendor/illuminate/container/BoundMethod.php(93): Illuminate\\Container\\Util::unwrapIfClosure()
#5 /var/www/html/OTHERS/laundry_api/vendor/illuminate/container/BoundMethod.php(35): Illuminate\\Container\\BoundMethod::callBoundMethod()
#6 /var/www/html/OTHERS/laundry_api/vendor/illuminate/container/Container.php(662): Illuminate\\Container\\BoundMethod::call()
#7 /var/www/html/OTHERS/laundry_api/vendor/laravel/lumen-framework/src/Concerns/RoutesRequests.php(391): Illuminate\\Container\\Container->call()
#8 /var/www/html/OTHERS/laundry_api/vendor/laravel/lumen-framework/src/Concerns/RoutesRequests.php(356): Laravel\\Lumen\\Application->callControllerCallable()
#9 /var/www/html/OTHERS/laundry_api/vendor/laravel/lumen-framework/src/Concerns/RoutesRequests.php(331): Laravel\\Lumen\\Application->callLumenController()
#10 /var/www/html/OTHERS/laundry_api/vendor/laravel/lumen-framework/src/Concerns/RoutesRequests.php(284): Laravel\\Lumen\\Application->callControllerAction()
#11 /var/www/html/OTHERS/laundry_api/vendor/laravel/lumen-framework/src/Concerns/RoutesRequests.php(264): Laravel\\Lumen\\Application->callActionOnArrayBasedRoute()
#12 /var/www/html/OTHERS/laundry_api/vendor/laravel/lumen-framework/src/Routing/Pipeline.php(48): Laravel\\Lumen\\Application->Laravel\\Lumen\\Concerns\\{closure}()
#13 /var/www/html/OTHERS/laundry_api/app/Http/Middleware/Authenticate.php(70): Laravel\\Lumen\\Routing\\Pipeline->Laravel\\Lumen\\Routing\\{closure}()
#14 /var/www/html/OTHERS/laundry_api/vendor/illuminate/pipeline/Pipeline.php(183): App\\Http\\Middleware\\Authenticate->handle()
#15 /var/www/html/OTHERS/laundry_api/vendor/laravel/lumen-framework/src/Routing/Pipeline.php(30): Illuminate\\Pipeline\\Pipeline->Illuminate\\Pipeline\\{closure}()
#16 /var/www/html/OTHERS/laundry_api/vendor/illuminate/pipeline/Pipeline.php(119): Laravel\\Lumen\\Routing\\Pipeline->Laravel\\Lumen\\Routing\\{closure}()
#17 /var/www/html/OTHERS/laundry_api/vendor/laravel/lumen-framework/src/Concerns/RoutesRequests.php(428): Illuminate\\Pipeline\\Pipeline->then()
#18 /var/www/html/OTHERS/laundry_api/vendor/laravel/lumen-framework/src/Concerns/RoutesRequests.php(263): Laravel\\Lumen\\Application->sendThroughPipeline()
#19 /var/www/html/OTHERS/laundry_api/vendor/laravel/lumen-framework/src/Concerns/RoutesRequests.php(171): Laravel\\Lumen\\Application->handleFoundRoute()
#20 /var/www/html/OTHERS/laundry_api/vendor/laravel/lumen-framework/src/Concerns/RoutesRequests.php(431): Laravel\\Lumen\\Application->Laravel\\Lumen\\Concerns\\{closure}()
#21 /var/www/html/OTHERS/laundry_api/vendor/laravel/lumen-framework/src/Concerns/RoutesRequests.php(167): Laravel\\Lumen\\Application->sendThroughPipeline()
#22 /var/www/html/OTHERS/laundry_api/vendor/laravel/lumen-framework/src/Concerns/RoutesRequests.php(112): Laravel\\Lumen\\Application->dispatch()
#23 /var/www/html/OTHERS/laundry_api/public/index.php(28): Laravel\\Lumen\\Application->run()
#24 {main}
"} 
[2024-08-28 08:08:04] local.ERROR: strtotime() expects at least 1 argument, 0 given {"exception":"[object] (ArgumentCountError(code: 0): strtotime() expects at least 1 argument, 0 given at /var/www/html/OTHERS/laundry_api/app/Http/Controllers/RequestListController.php:40)
[stacktrace]
#0 /var/www/html/OTHERS/laundry_api/app/Http/Controllers/RequestListController.php(40): strtotime()
#1 /var/www/html/OTHERS/laundry_api/vendor/illuminate/container/BoundMethod.php(36): App\\Http\\Controllers\\RequestListController->store()
#2 /var/www/html/OTHERS/laundry_api/vendor/illuminate/container/Util.php(41): Illuminate\\Container\\BoundMethod::Illuminate\\Container\\{closure}()
#3 /var/www/html/OTHERS/laundry_api/vendor/illuminate/container/BoundMethod.php(93): Illuminate\\Container\\Util::unwrapIfClosure()
#4 /var/www/html/OTHERS/laundry_api/vendor/illuminate/container/BoundMethod.php(35): Illuminate\\Container\\BoundMethod::callBoundMethod()
#5 /var/www/html/OTHERS/laundry_api/vendor/illuminate/container/Container.php(662): Illuminate\\Container\\BoundMethod::call()
#6 /var/www/html/OTHERS/laundry_api/vendor/laravel/lumen-framework/src/Concerns/RoutesRequests.php(391): Illuminate\\Container\\Container->call()
#7 /var/www/html/OTHERS/laundry_api/vendor/laravel/lumen-framework/src/Concerns/RoutesRequests.php(356): Laravel\\Lumen\\Application->callControllerCallable()
#8 /var/www/html/OTHERS/laundry_api/vendor/laravel/lumen-framework/src/Concerns/RoutesRequests.php(331): Laravel\\Lumen\\Application->callLumenController()
#9 /var/www/html/OTHERS/laundry_api/vendor/laravel/lumen-framework/src/Concerns/RoutesRequests.php(284): Laravel\\Lumen\\Application->callControllerAction()
#10 /var/www/html/OTHERS/laundry_api/vendor/laravel/lumen-framework/src/Concerns/RoutesRequests.php(264): Laravel\\Lumen\\Application->callActionOnArrayBasedRoute()
#11 /var/www/html/OTHERS/laundry_api/vendor/laravel/lumen-framework/src/Routing/Pipeline.php(48): Laravel\\Lumen\\Application->Laravel\\Lumen\\Concerns\\{closure}()
#12 /var/www/html/OTHERS/laundry_api/app/Http/Middleware/Authenticate.php(70): Laravel\\Lumen\\Routing\\Pipeline->Laravel\\Lumen\\Routing\\{closure}()
#13 /var/www/html/OTHERS/laundry_api/vendor/illuminate/pipeline/Pipeline.php(183): App\\Http\\Middleware\\Authenticate->handle()
#14 /var/www/html/OTHERS/laundry_api/vendor/laravel/lumen-framework/src/Routing/Pipeline.php(30): Illuminate\\Pipeline\\Pipeline->Illuminate\\Pipeline\\{closure}()
#15 /var/www/html/OTHERS/laundry_api/vendor/illuminate/pipeline/Pipeline.php(119): Laravel\\Lumen\\Routing\\Pipeline->Laravel\\Lumen\\Routing\\{closure}()
#16 /var/www/html/OTHERS/laundry_api/vendor/laravel/lumen-framework/src/Concerns/RoutesRequests.php(428): Illuminate\\Pipeline\\Pipeline->then()
#17 /var/www/html/OTHERS/laundry_api/vendor/laravel/lumen-framework/src/Concerns/RoutesRequests.php(263): Laravel\\Lumen\\Application->sendThroughPipeline()
#18 /var/www/html/OTHERS/laundry_api/vendor/laravel/lumen-framework/src/Concerns/RoutesRequests.php(171): Laravel\\Lumen\\Application->handleFoundRoute()
#19 /var/www/html/OTHERS/laundry_api/vendor/laravel/lumen-framework/src/Concerns/RoutesRequests.php(431): Laravel\\Lumen\\Application->Laravel\\Lumen\\Concerns\\{closure}()
#20 /var/www/html/OTHERS/laundry_api/vendor/laravel/lumen-framework/src/Concerns/RoutesRequests.php(167): Laravel\\Lumen\\Application->sendThroughPipeline()
#21 /var/www/html/OTHERS/laundry_api/vendor/laravel/lumen-framework/src/Concerns/RoutesRequests.php(112): Laravel\\Lumen\\Application->dispatch()
#22 /var/www/html/OTHERS/laundry_api/public/index.php(28): Laravel\\Lumen\\Application->run()
#23 {main}
"} 
[2024-08-28 08:13:33] local.ERROR: Call to undefined method App\Http\Controllers\RequestListController::error() {"exception":"[object] (Error(code: 0): Call to undefined method App\\Http\\Controllers\\RequestListController::error() at /var/www/html/OTHERS/laundry_api/app/Http/Controllers/RequestListController.php:47)
[stacktrace]
#0 /var/www/html/OTHERS/laundry_api/vendor/illuminate/container/BoundMethod.php(36): App\\Http\\Controllers\\RequestListController->store()
#1 /var/www/html/OTHERS/laundry_api/vendor/illuminate/container/Util.php(41): Illuminate\\Container\\BoundMethod::Illuminate\\Container\\{closure}()
#2 /var/www/html/OTHERS/laundry_api/vendor/illuminate/container/BoundMethod.php(93): Illuminate\\Container\\Util::unwrapIfClosure()
#3 /var/www/html/OTHERS/laundry_api/vendor/illuminate/container/BoundMethod.php(35): Illuminate\\Container\\BoundMethod::callBoundMethod()
#4 /var/www/html/OTHERS/laundry_api/vendor/illuminate/container/Container.php(662): Illuminate\\Container\\BoundMethod::call()
#5 /var/www/html/OTHERS/laundry_api/vendor/laravel/lumen-framework/src/Concerns/RoutesRequests.php(391): Illuminate\\Container\\Container->call()
#6 /var/www/html/OTHERS/laundry_api/vendor/laravel/lumen-framework/src/Concerns/RoutesRequests.php(356): Laravel\\Lumen\\Application->callControllerCallable()
#7 /var/www/html/OTHERS/laundry_api/vendor/laravel/lumen-framework/src/Concerns/RoutesRequests.php(331): Laravel\\Lumen\\Application->callLumenController()
#8 /var/www/html/OTHERS/laundry_api/vendor/laravel/lumen-framework/src/Concerns/RoutesRequests.php(284): Laravel\\Lumen\\Application->callControllerAction()
#9 /var/www/html/OTHERS/laundry_api/vendor/laravel/lumen-framework/src/Concerns/RoutesRequests.php(264): Laravel\\Lumen\\Application->callActionOnArrayBasedRoute()
#10 /var/www/html/OTHERS/laundry_api/vendor/laravel/lumen-framework/src/Routing/Pipeline.php(48): Laravel\\Lumen\\Application->Laravel\\Lumen\\Concerns\\{closure}()
#11 /var/www/html/OTHERS/laundry_api/app/Http/Middleware/Authenticate.php(70): Laravel\\Lumen\\Routing\\Pipeline->Laravel\\Lumen\\Routing\\{closure}()
#12 /var/www/html/OTHERS/laundry_api/vendor/illuminate/pipeline/Pipeline.php(183): App\\Http\\Middleware\\Authenticate->handle()
#13 /var/www/html/OTHERS/laundry_api/vendor/laravel/lumen-framework/src/Routing/Pipeline.php(30): Illuminate\\Pipeline\\Pipeline->Illuminate\\Pipeline\\{closure}()
#14 /var/www/html/OTHERS/laundry_api/vendor/illuminate/pipeline/Pipeline.php(119): Laravel\\Lumen\\Routing\\Pipeline->Laravel\\Lumen\\Routing\\{closure}()
#15 /var/www/html/OTHERS/laundry_api/vendor/laravel/lumen-framework/src/Concerns/RoutesRequests.php(428): Illuminate\\Pipeline\\Pipeline->then()
#16 /var/www/html/OTHERS/laundry_api/vendor/laravel/lumen-framework/src/Concerns/RoutesRequests.php(263): Laravel\\Lumen\\Application->sendThroughPipeline()
#17 /var/www/html/OTHERS/laundry_api/vendor/laravel/lumen-framework/src/Concerns/RoutesRequests.php(171): Laravel\\Lumen\\Application->handleFoundRoute()
#18 /var/www/html/OTHERS/laundry_api/vendor/laravel/lumen-framework/src/Concerns/RoutesRequests.php(431): Laravel\\Lumen\\Application->Laravel\\Lumen\\Concerns\\{closure}()
#19 /var/www/html/OTHERS/laundry_api/vendor/laravel/lumen-framework/src/Concerns/RoutesRequests.php(167): Laravel\\Lumen\\Application->sendThroughPipeline()
#20 /var/www/html/OTHERS/laundry_api/vendor/laravel/lumen-framework/src/Concerns/RoutesRequests.php(112): Laravel\\Lumen\\Application->dispatch()
#21 /var/www/html/OTHERS/laundry_api/public/index.php(28): Laravel\\Lumen\\Application->run()
#22 {main}
"} 
[2024-08-28 08:31:54] local.ERROR: Undefined array key "tgl_permintaan" {"exception":"[object] (ErrorException(code: 0): Undefined array key \"tgl_permintaan\" at /var/www/html/OTHERS/laundry_api/app/Http/Controllers/RequestListController.php:75)
[stacktrace]
#0 /var/www/html/OTHERS/laundry_api/vendor/laravel/lumen-framework/src/Concerns/RegistersExceptionHandlers.php(47): Laravel\\Lumen\\Application->handleError()
#1 /var/www/html/OTHERS/laundry_api/app/Http/Controllers/RequestListController.php(75): Laravel\\Lumen\\Application->Laravel\\Lumen\\Concerns\\{closure}()
#2 /var/www/html/OTHERS/laundry_api/vendor/illuminate/container/BoundMethod.php(36): App\\Http\\Controllers\\RequestListController->update()
#3 /var/www/html/OTHERS/laundry_api/vendor/illuminate/container/Util.php(41): Illuminate\\Container\\BoundMethod::Illuminate\\Container\\{closure}()
#4 /var/www/html/OTHERS/laundry_api/vendor/illuminate/container/BoundMethod.php(93): Illuminate\\Container\\Util::unwrapIfClosure()
#5 /var/www/html/OTHERS/laundry_api/vendor/illuminate/container/BoundMethod.php(35): Illuminate\\Container\\BoundMethod::callBoundMethod()
#6 /var/www/html/OTHERS/laundry_api/vendor/illuminate/container/Container.php(662): Illuminate\\Container\\BoundMethod::call()
#7 /var/www/html/OTHERS/laundry_api/vendor/laravel/lumen-framework/src/Concerns/RoutesRequests.php(391): Illuminate\\Container\\Container->call()
#8 /var/www/html/OTHERS/laundry_api/vendor/laravel/lumen-framework/src/Concerns/RoutesRequests.php(356): Laravel\\Lumen\\Application->callControllerCallable()
#9 /var/www/html/OTHERS/laundry_api/vendor/laravel/lumen-framework/src/Concerns/RoutesRequests.php(331): Laravel\\Lumen\\Application->callLumenController()
#10 /var/www/html/OTHERS/laundry_api/vendor/laravel/lumen-framework/src/Concerns/RoutesRequests.php(284): Laravel\\Lumen\\Application->callControllerAction()
#11 /var/www/html/OTHERS/laundry_api/vendor/laravel/lumen-framework/src/Concerns/RoutesRequests.php(264): Laravel\\Lumen\\Application->callActionOnArrayBasedRoute()
#12 /var/www/html/OTHERS/laundry_api/vendor/laravel/lumen-framework/src/Routing/Pipeline.php(48): Laravel\\Lumen\\Application->Laravel\\Lumen\\Concerns\\{closure}()
#13 /var/www/html/OTHERS/laundry_api/app/Http/Middleware/Authenticate.php(70): Laravel\\Lumen\\Routing\\Pipeline->Laravel\\Lumen\\Routing\\{closure}()
#14 /var/www/html/OTHERS/laundry_api/vendor/illuminate/pipeline/Pipeline.php(183): App\\Http\\Middleware\\Authenticate->handle()
#15 /var/www/html/OTHERS/laundry_api/vendor/laravel/lumen-framework/src/Routing/Pipeline.php(30): Illuminate\\Pipeline\\Pipeline->Illuminate\\Pipeline\\{closure}()
#16 /var/www/html/OTHERS/laundry_api/vendor/illuminate/pipeline/Pipeline.php(119): Laravel\\Lumen\\Routing\\Pipeline->Laravel\\Lumen\\Routing\\{closure}()
#17 /var/www/html/OTHERS/laundry_api/vendor/laravel/lumen-framework/src/Concerns/RoutesRequests.php(428): Illuminate\\Pipeline\\Pipeline->then()
#18 /var/www/html/OTHERS/laundry_api/vendor/laravel/lumen-framework/src/Concerns/RoutesRequests.php(263): Laravel\\Lumen\\Application->sendThroughPipeline()
#19 /var/www/html/OTHERS/laundry_api/vendor/laravel/lumen-framework/src/Concerns/RoutesRequests.php(239): Laravel\\Lumen\\Application->handleFoundRoute()
#20 /var/www/html/OTHERS/laundry_api/vendor/laravel/lumen-framework/src/Concerns/RoutesRequests.php(174): Laravel\\Lumen\\Application->handleDispatcherResponse()
#21 /var/www/html/OTHERS/laundry_api/vendor/laravel/lumen-framework/src/Concerns/RoutesRequests.php(431): Laravel\\Lumen\\Application->Laravel\\Lumen\\Concerns\\{closure}()
#22 /var/www/html/OTHERS/laundry_api/vendor/laravel/lumen-framework/src/Concerns/RoutesRequests.php(167): Laravel\\Lumen\\Application->sendThroughPipeline()
#23 /var/www/html/OTHERS/laundry_api/vendor/laravel/lumen-framework/src/Concerns/RoutesRequests.php(112): Laravel\\Lumen\\Application->dispatch()
#24 /var/www/html/OTHERS/laundry_api/public/index.php(28): Laravel\\Lumen\\Application->run()
#25 {main}
"} 
