[2024-09-17 02:59:09] local.ERROR: Method Illuminate\Database\Schema\MySqlBuilder::update does not exist. {"exception":"[object] (BadMethodCallException(code: 0): Method Illuminate\\Database\\Schema\\MySqlBuilder::update does not exist. at /var/www/html/OTHERS/side/laundry/BE/vendor/illuminate/macroable/Traits/Macroable.php:112)
[stacktrace]
#0 /var/www/html/OTHERS/side/laundry/BE/vendor/illuminate/support/Facades/Facade.php(355): Illuminate\\Database\\Schema\\Builder->__call()
#1 /var/www/html/OTHERS/side/laundry/BE/database/migrations/2024_09_17_025816_alter_user_crew.php(14): Illuminate\\Support\\Facades\\Facade::__callStatic()
#2 /var/www/html/OTHERS/side/laundry/BE/vendor/illuminate/database/Migrations/Migrator.php(493): Illuminate\\Database\\Migrations\\Migration@anonymous->up()
#3 /var/www/html/OTHERS/side/laundry/BE/vendor/illuminate/database/Migrations/Migrator.php(410): Illuminate\\Database\\Migrations\\Migrator->runMethod()
#4 /var/www/html/OTHERS/side/laundry/BE/vendor/illuminate/database/Migrations/Migrator.php(419): Illuminate\\Database\\Migrations\\Migrator->Illuminate\\Database\\Migrations\\{closure}()
#5 /var/www/html/OTHERS/side/laundry/BE/vendor/illuminate/database/Migrations/Migrator.php(216): Illuminate\\Database\\Migrations\\Migrator->runMigration()
#6 /var/www/html/OTHERS/side/laundry/BE/vendor/illuminate/console/View/Components/Task.php(37): Illuminate\\Database\\Migrations\\Migrator->Illuminate\\Database\\Migrations\\{closure}()
#7 /var/www/html/OTHERS/side/laundry/BE/vendor/illuminate/database/Migrations/Migrator.php(756): Illuminate\\Console\\View\\Components\\Task->render()
#8 /var/www/html/OTHERS/side/laundry/BE/vendor/illuminate/database/Migrations/Migrator.php(216): Illuminate\\Database\\Migrations\\Migrator->write()
#9 /var/www/html/OTHERS/side/laundry/BE/vendor/illuminate/database/Migrations/Migrator.php(181): Illuminate\\Database\\Migrations\\Migrator->runUp()
#10 /var/www/html/OTHERS/side/laundry/BE/vendor/illuminate/database/Migrations/Migrator.php(124): Illuminate\\Database\\Migrations\\Migrator->runPending()
#11 /var/www/html/OTHERS/side/laundry/BE/vendor/illuminate/database/Console/Migrations/MigrateCommand.php(90): Illuminate\\Database\\Migrations\\Migrator->run()
#12 /var/www/html/OTHERS/side/laundry/BE/vendor/illuminate/database/Migrations/Migrator.php(633): Illuminate\\Database\\Console\\Migrations\\MigrateCommand->Illuminate\\Database\\Console\\Migrations\\{closure}()
#13 /var/www/html/OTHERS/side/laundry/BE/vendor/illuminate/database/Console/Migrations/MigrateCommand.php(83): Illuminate\\Database\\Migrations\\Migrator->usingConnection()
#14 /var/www/html/OTHERS/side/laundry/BE/vendor/illuminate/container/BoundMethod.php(36): Illuminate\\Database\\Console\\Migrations\\MigrateCommand->handle()
#15 /var/www/html/OTHERS/side/laundry/BE/vendor/illuminate/container/Util.php(41): Illuminate\\Container\\BoundMethod::Illuminate\\Container\\{closure}()
#16 /var/www/html/OTHERS/side/laundry/BE/vendor/illuminate/container/BoundMethod.php(93): Illuminate\\Container\\Util::unwrapIfClosure()
#17 /var/www/html/OTHERS/side/laundry/BE/vendor/illuminate/container/BoundMethod.php(35): Illuminate\\Container\\BoundMethod::callBoundMethod()
#18 /var/www/html/OTHERS/side/laundry/BE/vendor/illuminate/container/Container.php(662): Illuminate\\Container\\BoundMethod::call()
#19 /var/www/html/OTHERS/side/laundry/BE/vendor/illuminate/console/Command.php(211): Illuminate\\Container\\Container->call()
#20 /var/www/html/OTHERS/side/laundry/BE/vendor/symfony/console/Command/Command.php(326): Illuminate\\Console\\Command->execute()
#21 /var/www/html/OTHERS/side/laundry/BE/vendor/illuminate/console/Command.php(180): Symfony\\Component\\Console\\Command\\Command->run()
#22 /var/www/html/OTHERS/side/laundry/BE/vendor/symfony/console/Application.php(1078): Illuminate\\Console\\Command->run()
#23 /var/www/html/OTHERS/side/laundry/BE/vendor/symfony/console/Application.php(324): Symfony\\Component\\Console\\Application->doRunCommand()
#24 /var/www/html/OTHERS/side/laundry/BE/vendor/symfony/console/Application.php(175): Symfony\\Component\\Console\\Application->doRun()
#25 /var/www/html/OTHERS/side/laundry/BE/vendor/laravel/lumen-framework/src/Console/Kernel.php(160): Symfony\\Component\\Console\\Application->run()
#26 /var/www/html/OTHERS/side/laundry/BE/artisan(35): Laravel\\Lumen\\Console\\Kernel->handle()
#27 {main}
"} 
[2024-09-17 03:51:31] local.ERROR: SplFileInfo::getSize(): stat failed for /var/www/html/OTHERS/side/laundry/BE/storage/framework/cache/laravel-excel/laravel-excel-STCugVtTCtMMB964AwusFxBntTgyDFYX.xlsx {"exception":"[object] (RuntimeException(code: 0): SplFileInfo::getSize(): stat failed for /var/www/html/OTHERS/side/laundry/BE/storage/framework/cache/laravel-excel/laravel-excel-STCugVtTCtMMB964AwusFxBntTgyDFYX.xlsx at /var/www/html/OTHERS/side/laundry/BE/vendor/symfony/http-foundation/BinaryFileResponse.php:199)
[stacktrace]
#0 /var/www/html/OTHERS/side/laundry/BE/vendor/symfony/http-foundation/BinaryFileResponse.php(199): SplFileInfo->getSize()
#1 /var/www/html/OTHERS/side/laundry/BE/vendor/laravel/lumen-framework/src/Concerns/RoutesRequests.php(453): Symfony\\Component\\HttpFoundation\\BinaryFileResponse->prepare()
#2 /var/www/html/OTHERS/side/laundry/BE/vendor/laravel/lumen-framework/src/Concerns/RoutesRequests.php(139): Laravel\\Lumen\\Application->prepareResponse()
#3 /var/www/html/OTHERS/side/laundry/BE/vendor/laravel/lumen-framework/src/Concerns/RoutesRequests.php(121): Laravel\\Lumen\\Application->callTerminableMiddleware()
#4 /var/www/html/OTHERS/side/laundry/BE/public/index.php(28): Laravel\\Lumen\\Application->run()
#5 {main}
"} 
[2024-09-17 04:12:41] local.ERROR: SplFileInfo::getSize(): stat failed for /var/www/html/OTHERS/side/laundry/BE/storage/framework/cache/laravel-excel/laravel-excel-6qy35SDLurZCbextgYyQnbKAig7CDPYf.xlsx {"exception":"[object] (RuntimeException(code: 0): SplFileInfo::getSize(): stat failed for /var/www/html/OTHERS/side/laundry/BE/storage/framework/cache/laravel-excel/laravel-excel-6qy35SDLurZCbextgYyQnbKAig7CDPYf.xlsx at /var/www/html/OTHERS/side/laundry/BE/vendor/symfony/http-foundation/BinaryFileResponse.php:199)
[stacktrace]
#0 /var/www/html/OTHERS/side/laundry/BE/vendor/symfony/http-foundation/BinaryFileResponse.php(199): SplFileInfo->getSize()
#1 /var/www/html/OTHERS/side/laundry/BE/vendor/laravel/lumen-framework/src/Concerns/RoutesRequests.php(453): Symfony\\Component\\HttpFoundation\\BinaryFileResponse->prepare()
#2 /var/www/html/OTHERS/side/laundry/BE/vendor/laravel/lumen-framework/src/Concerns/RoutesRequests.php(139): Laravel\\Lumen\\Application->prepareResponse()
#3 /var/www/html/OTHERS/side/laundry/BE/vendor/laravel/lumen-framework/src/Concerns/RoutesRequests.php(121): Laravel\\Lumen\\Application->callTerminableMiddleware()
#4 /var/www/html/OTHERS/side/laundry/BE/public/index.php(28): Laravel\\Lumen\\Application->run()
#5 {main}
"} 
