[2024-09-18 07:15:31] local.ERROR: SQLSTATE[42S22]: Column not found: 1054 Unknown column 'request_detail.jam_selesai' in 'field list' (Connection: mysql, SQL: select `request_detail`.`id`, `request_detail`.`request_list_id`, `request_detail`.`id_item`, `request_detail`.`jml_item`, `request_detail`.`description`, `request_detail`.`jam_selesai`, `request_detail`.`jam_pickup`, `laundry_item`.`id_item` as `item_code`, `laundry_item`.`nama` from `request_detail` inner join `laundry_item` on `request_detail`.`id_item` = `laundry_item`.`id` where `request_list_id` = 5) {"exception":"[object] (Illuminate\\Database\\QueryException(code: 42S22): SQLSTATE[42S22]: Column not found: 1054 Unknown column 'request_detail.jam_selesai' in 'field list' (Connection: mysql, SQL: select `request_detail`.`id`, `request_detail`.`request_list_id`, `request_detail`.`id_item`, `request_detail`.`jml_item`, `request_detail`.`description`, `request_detail`.`jam_selesai`, `request_detail`.`jam_pickup`, `laundry_item`.`id_item` as `item_code`, `laundry_item`.`nama` from `request_detail` inner join `laundry_item` on `request_detail`.`id_item` = `laundry_item`.`id` where `request_list_id` = 5) at /var/www/html/OTHERS/side/laundry/BE/vendor/illuminate/database/Connection.php:829)
[stacktrace]
#0 /var/www/html/OTHERS/side/laundry/BE/vendor/illuminate/database/Connection.php(783): Illuminate\\Database\\Connection->runQueryCallback()
#1 /var/www/html/OTHERS/side/laundry/BE/vendor/illuminate/database/Connection.php(414): Illuminate\\Database\\Connection->run()
#2 /var/www/html/OTHERS/side/laundry/BE/vendor/illuminate/database/Query/Builder.php(2871): Illuminate\\Database\\Connection->select()
#3 /var/www/html/OTHERS/side/laundry/BE/vendor/illuminate/database/Query/Builder.php(2860): Illuminate\\Database\\Query\\Builder->runSelect()
#4 /var/www/html/OTHERS/side/laundry/BE/vendor/illuminate/database/Query/Builder.php(3414): Illuminate\\Database\\Query\\Builder->Illuminate\\Database\\Query\\{closure}()
#5 /var/www/html/OTHERS/side/laundry/BE/vendor/illuminate/database/Query/Builder.php(2859): Illuminate\\Database\\Query\\Builder->onceWithColumns()
#6 /var/www/html/OTHERS/side/laundry/BE/vendor/illuminate/database/Eloquent/Builder.php(739): Illuminate\\Database\\Query\\Builder->get()
#7 /var/www/html/OTHERS/side/laundry/BE/vendor/illuminate/database/Eloquent/Builder.php(723): Illuminate\\Database\\Eloquent\\Builder->getModels()
#8 /var/www/html/OTHERS/side/laundry/BE/app/Http/Controllers/RequestListController.php(55): Illuminate\\Database\\Eloquent\\Builder->get()
#9 /var/www/html/OTHERS/side/laundry/BE/vendor/illuminate/container/BoundMethod.php(36): App\\Http\\Controllers\\RequestListController->show()
#10 /var/www/html/OTHERS/side/laundry/BE/vendor/illuminate/container/Util.php(41): Illuminate\\Container\\BoundMethod::Illuminate\\Container\\{closure}()
#11 /var/www/html/OTHERS/side/laundry/BE/vendor/illuminate/container/BoundMethod.php(93): Illuminate\\Container\\Util::unwrapIfClosure()
#12 /var/www/html/OTHERS/side/laundry/BE/vendor/illuminate/container/BoundMethod.php(35): Illuminate\\Container\\BoundMethod::callBoundMethod()
#13 /var/www/html/OTHERS/side/laundry/BE/vendor/illuminate/container/Container.php(662): Illuminate\\Container\\BoundMethod::call()
#14 /var/www/html/OTHERS/side/laundry/BE/vendor/laravel/lumen-framework/src/Concerns/RoutesRequests.php(391): Illuminate\\Container\\Container->call()
#15 /var/www/html/OTHERS/side/laundry/BE/vendor/laravel/lumen-framework/src/Concerns/RoutesRequests.php(356): Laravel\\Lumen\\Application->callControllerCallable()
#16 /var/www/html/OTHERS/side/laundry/BE/vendor/laravel/lumen-framework/src/Concerns/RoutesRequests.php(331): Laravel\\Lumen\\Application->callLumenController()
#17 /var/www/html/OTHERS/side/laundry/BE/vendor/laravel/lumen-framework/src/Concerns/RoutesRequests.php(284): Laravel\\Lumen\\Application->callControllerAction()
#18 /var/www/html/OTHERS/side/laundry/BE/vendor/laravel/lumen-framework/src/Concerns/RoutesRequests.php(264): Laravel\\Lumen\\Application->callActionOnArrayBasedRoute()
#19 /var/www/html/OTHERS/side/laundry/BE/vendor/laravel/lumen-framework/src/Routing/Pipeline.php(48): Laravel\\Lumen\\Application->Laravel\\Lumen\\Concerns\\{closure}()
#20 /var/www/html/OTHERS/side/laundry/BE/app/Http/Middleware/Authenticate.php(70): Laravel\\Lumen\\Routing\\Pipeline->Laravel\\Lumen\\Routing\\{closure}()
#21 /var/www/html/OTHERS/side/laundry/BE/vendor/illuminate/pipeline/Pipeline.php(183): App\\Http\\Middleware\\Authenticate->handle()
#22 /var/www/html/OTHERS/side/laundry/BE/vendor/laravel/lumen-framework/src/Routing/Pipeline.php(30): Illuminate\\Pipeline\\Pipeline->Illuminate\\Pipeline\\{closure}()
#23 /var/www/html/OTHERS/side/laundry/BE/vendor/illuminate/pipeline/Pipeline.php(119): Laravel\\Lumen\\Routing\\Pipeline->Laravel\\Lumen\\Routing\\{closure}()
#24 /var/www/html/OTHERS/side/laundry/BE/vendor/laravel/lumen-framework/src/Concerns/RoutesRequests.php(428): Illuminate\\Pipeline\\Pipeline->then()
#25 /var/www/html/OTHERS/side/laundry/BE/vendor/laravel/lumen-framework/src/Concerns/RoutesRequests.php(263): Laravel\\Lumen\\Application->sendThroughPipeline()
#26 /var/www/html/OTHERS/side/laundry/BE/vendor/laravel/lumen-framework/src/Concerns/RoutesRequests.php(239): Laravel\\Lumen\\Application->handleFoundRoute()
#27 /var/www/html/OTHERS/side/laundry/BE/vendor/laravel/lumen-framework/src/Concerns/RoutesRequests.php(174): Laravel\\Lumen\\Application->handleDispatcherResponse()
#28 /var/www/html/OTHERS/side/laundry/BE/vendor/laravel/lumen-framework/src/Routing/Pipeline.php(48): Laravel\\Lumen\\Application->Laravel\\Lumen\\Concerns\\{closure}()
#29 /var/www/html/OTHERS/side/laundry/BE/app/Http/Middleware/CorsMiddleware.php(18): Laravel\\Lumen\\Routing\\Pipeline->Laravel\\Lumen\\Routing\\{closure}()
#30 /var/www/html/OTHERS/side/laundry/BE/vendor/illuminate/pipeline/Pipeline.php(183): App\\Http\\Middleware\\CorsMiddleware->handle()
#31 /var/www/html/OTHERS/side/laundry/BE/vendor/laravel/lumen-framework/src/Routing/Pipeline.php(30): Illuminate\\Pipeline\\Pipeline->Illuminate\\Pipeline\\{closure}()
#32 /var/www/html/OTHERS/side/laundry/BE/vendor/illuminate/pipeline/Pipeline.php(119): Laravel\\Lumen\\Routing\\Pipeline->Laravel\\Lumen\\Routing\\{closure}()
#33 /var/www/html/OTHERS/side/laundry/BE/vendor/laravel/lumen-framework/src/Concerns/RoutesRequests.php(428): Illuminate\\Pipeline\\Pipeline->then()
#34 /var/www/html/OTHERS/side/laundry/BE/vendor/laravel/lumen-framework/src/Concerns/RoutesRequests.php(167): Laravel\\Lumen\\Application->sendThroughPipeline()
#35 /var/www/html/OTHERS/side/laundry/BE/vendor/laravel/lumen-framework/src/Concerns/RoutesRequests.php(112): Laravel\\Lumen\\Application->dispatch()
#36 /var/www/html/OTHERS/side/laundry/BE/public/index.php(28): Laravel\\Lumen\\Application->run()
#37 {main}

[previous exception] [object] (PDOException(code: 42S22): SQLSTATE[42S22]: Column not found: 1054 Unknown column 'request_detail.jam_selesai' in 'field list' at /var/www/html/OTHERS/side/laundry/BE/vendor/illuminate/database/Connection.php:423)
[stacktrace]
#0 /var/www/html/OTHERS/side/laundry/BE/vendor/illuminate/database/Connection.php(423): PDO->prepare()
#1 /var/www/html/OTHERS/side/laundry/BE/vendor/illuminate/database/Connection.php(816): Illuminate\\Database\\Connection->Illuminate\\Database\\{closure}()
#2 /var/www/html/OTHERS/side/laundry/BE/vendor/illuminate/database/Connection.php(783): Illuminate\\Database\\Connection->runQueryCallback()
#3 /var/www/html/OTHERS/side/laundry/BE/vendor/illuminate/database/Connection.php(414): Illuminate\\Database\\Connection->run()
#4 /var/www/html/OTHERS/side/laundry/BE/vendor/illuminate/database/Query/Builder.php(2871): Illuminate\\Database\\Connection->select()
#5 /var/www/html/OTHERS/side/laundry/BE/vendor/illuminate/database/Query/Builder.php(2860): Illuminate\\Database\\Query\\Builder->runSelect()
#6 /var/www/html/OTHERS/side/laundry/BE/vendor/illuminate/database/Query/Builder.php(3414): Illuminate\\Database\\Query\\Builder->Illuminate\\Database\\Query\\{closure}()
#7 /var/www/html/OTHERS/side/laundry/BE/vendor/illuminate/database/Query/Builder.php(2859): Illuminate\\Database\\Query\\Builder->onceWithColumns()
#8 /var/www/html/OTHERS/side/laundry/BE/vendor/illuminate/database/Eloquent/Builder.php(739): Illuminate\\Database\\Query\\Builder->get()
#9 /var/www/html/OTHERS/side/laundry/BE/vendor/illuminate/database/Eloquent/Builder.php(723): Illuminate\\Database\\Eloquent\\Builder->getModels()
#10 /var/www/html/OTHERS/side/laundry/BE/app/Http/Controllers/RequestListController.php(55): Illuminate\\Database\\Eloquent\\Builder->get()
#11 /var/www/html/OTHERS/side/laundry/BE/vendor/illuminate/container/BoundMethod.php(36): App\\Http\\Controllers\\RequestListController->show()
#12 /var/www/html/OTHERS/side/laundry/BE/vendor/illuminate/container/Util.php(41): Illuminate\\Container\\BoundMethod::Illuminate\\Container\\{closure}()
#13 /var/www/html/OTHERS/side/laundry/BE/vendor/illuminate/container/BoundMethod.php(93): Illuminate\\Container\\Util::unwrapIfClosure()
#14 /var/www/html/OTHERS/side/laundry/BE/vendor/illuminate/container/BoundMethod.php(35): Illuminate\\Container\\BoundMethod::callBoundMethod()
#15 /var/www/html/OTHERS/side/laundry/BE/vendor/illuminate/container/Container.php(662): Illuminate\\Container\\BoundMethod::call()
#16 /var/www/html/OTHERS/side/laundry/BE/vendor/laravel/lumen-framework/src/Concerns/RoutesRequests.php(391): Illuminate\\Container\\Container->call()
#17 /var/www/html/OTHERS/side/laundry/BE/vendor/laravel/lumen-framework/src/Concerns/RoutesRequests.php(356): Laravel\\Lumen\\Application->callControllerCallable()
#18 /var/www/html/OTHERS/side/laundry/BE/vendor/laravel/lumen-framework/src/Concerns/RoutesRequests.php(331): Laravel\\Lumen\\Application->callLumenController()
#19 /var/www/html/OTHERS/side/laundry/BE/vendor/laravel/lumen-framework/src/Concerns/RoutesRequests.php(284): Laravel\\Lumen\\Application->callControllerAction()
#20 /var/www/html/OTHERS/side/laundry/BE/vendor/laravel/lumen-framework/src/Concerns/RoutesRequests.php(264): Laravel\\Lumen\\Application->callActionOnArrayBasedRoute()
#21 /var/www/html/OTHERS/side/laundry/BE/vendor/laravel/lumen-framework/src/Routing/Pipeline.php(48): Laravel\\Lumen\\Application->Laravel\\Lumen\\Concerns\\{closure}()
#22 /var/www/html/OTHERS/side/laundry/BE/app/Http/Middleware/Authenticate.php(70): Laravel\\Lumen\\Routing\\Pipeline->Laravel\\Lumen\\Routing\\{closure}()
#23 /var/www/html/OTHERS/side/laundry/BE/vendor/illuminate/pipeline/Pipeline.php(183): App\\Http\\Middleware\\Authenticate->handle()
#24 /var/www/html/OTHERS/side/laundry/BE/vendor/laravel/lumen-framework/src/Routing/Pipeline.php(30): Illuminate\\Pipeline\\Pipeline->Illuminate\\Pipeline\\{closure}()
#25 /var/www/html/OTHERS/side/laundry/BE/vendor/illuminate/pipeline/Pipeline.php(119): Laravel\\Lumen\\Routing\\Pipeline->Laravel\\Lumen\\Routing\\{closure}()
#26 /var/www/html/OTHERS/side/laundry/BE/vendor/laravel/lumen-framework/src/Concerns/RoutesRequests.php(428): Illuminate\\Pipeline\\Pipeline->then()
#27 /var/www/html/OTHERS/side/laundry/BE/vendor/laravel/lumen-framework/src/Concerns/RoutesRequests.php(263): Laravel\\Lumen\\Application->sendThroughPipeline()
#28 /var/www/html/OTHERS/side/laundry/BE/vendor/laravel/lumen-framework/src/Concerns/RoutesRequests.php(239): Laravel\\Lumen\\Application->handleFoundRoute()
#29 /var/www/html/OTHERS/side/laundry/BE/vendor/laravel/lumen-framework/src/Concerns/RoutesRequests.php(174): Laravel\\Lumen\\Application->handleDispatcherResponse()
#30 /var/www/html/OTHERS/side/laundry/BE/vendor/laravel/lumen-framework/src/Routing/Pipeline.php(48): Laravel\\Lumen\\Application->Laravel\\Lumen\\Concerns\\{closure}()
#31 /var/www/html/OTHERS/side/laundry/BE/app/Http/Middleware/CorsMiddleware.php(18): Laravel\\Lumen\\Routing\\Pipeline->Laravel\\Lumen\\Routing\\{closure}()
#32 /var/www/html/OTHERS/side/laundry/BE/vendor/illuminate/pipeline/Pipeline.php(183): App\\Http\\Middleware\\CorsMiddleware->handle()
#33 /var/www/html/OTHERS/side/laundry/BE/vendor/laravel/lumen-framework/src/Routing/Pipeline.php(30): Illuminate\\Pipeline\\Pipeline->Illuminate\\Pipeline\\{closure}()
#34 /var/www/html/OTHERS/side/laundry/BE/vendor/illuminate/pipeline/Pipeline.php(119): Laravel\\Lumen\\Routing\\Pipeline->Laravel\\Lumen\\Routing\\{closure}()
#35 /var/www/html/OTHERS/side/laundry/BE/vendor/laravel/lumen-framework/src/Concerns/RoutesRequests.php(428): Illuminate\\Pipeline\\Pipeline->then()
#36 /var/www/html/OTHERS/side/laundry/BE/vendor/laravel/lumen-framework/src/Concerns/RoutesRequests.php(167): Laravel\\Lumen\\Application->sendThroughPipeline()
#37 /var/www/html/OTHERS/side/laundry/BE/vendor/laravel/lumen-framework/src/Concerns/RoutesRequests.php(112): Laravel\\Lumen\\Application->dispatch()
#38 /var/www/html/OTHERS/side/laundry/BE/public/index.php(28): Laravel\\Lumen\\Application->run()
#39 {main}
"} 
[2024-09-18 08:25:01] local.ERROR: SplFileInfo::getSize(): stat failed for /var/www/html/OTHERS/side/laundry/BE/storage/framework/cache/laravel-excel/laravel-excel-FNpXZCvZbsLdh99CHAWwKEiYylxYu5JK.xlsx {"exception":"[object] (RuntimeException(code: 0): SplFileInfo::getSize(): stat failed for /var/www/html/OTHERS/side/laundry/BE/storage/framework/cache/laravel-excel/laravel-excel-FNpXZCvZbsLdh99CHAWwKEiYylxYu5JK.xlsx at /var/www/html/OTHERS/side/laundry/BE/vendor/symfony/http-foundation/BinaryFileResponse.php:199)
[stacktrace]
#0 /var/www/html/OTHERS/side/laundry/BE/vendor/symfony/http-foundation/BinaryFileResponse.php(199): SplFileInfo->getSize()
#1 /var/www/html/OTHERS/side/laundry/BE/vendor/laravel/lumen-framework/src/Concerns/RoutesRequests.php(453): Symfony\\Component\\HttpFoundation\\BinaryFileResponse->prepare()
#2 /var/www/html/OTHERS/side/laundry/BE/vendor/laravel/lumen-framework/src/Concerns/RoutesRequests.php(139): Laravel\\Lumen\\Application->prepareResponse()
#3 /var/www/html/OTHERS/side/laundry/BE/vendor/laravel/lumen-framework/src/Concerns/RoutesRequests.php(121): Laravel\\Lumen\\Application->callTerminableMiddleware()
#4 /var/www/html/OTHERS/side/laundry/BE/public/index.php(28): Laravel\\Lumen\\Application->run()
#5 {main}
"} 
[2024-09-18 08:25:18] local.ERROR: SplFileInfo::getSize(): stat failed for /var/www/html/OTHERS/side/laundry/BE/storage/framework/cache/laravel-excel/laravel-excel-0x9BVrcLHfnde2kDbSqCmKF5zbPzFKbU.xlsx {"exception":"[object] (RuntimeException(code: 0): SplFileInfo::getSize(): stat failed for /var/www/html/OTHERS/side/laundry/BE/storage/framework/cache/laravel-excel/laravel-excel-0x9BVrcLHfnde2kDbSqCmKF5zbPzFKbU.xlsx at /var/www/html/OTHERS/side/laundry/BE/vendor/symfony/http-foundation/BinaryFileResponse.php:199)
[stacktrace]
#0 /var/www/html/OTHERS/side/laundry/BE/vendor/symfony/http-foundation/BinaryFileResponse.php(199): SplFileInfo->getSize()
#1 /var/www/html/OTHERS/side/laundry/BE/vendor/laravel/lumen-framework/src/Concerns/RoutesRequests.php(453): Symfony\\Component\\HttpFoundation\\BinaryFileResponse->prepare()
#2 /var/www/html/OTHERS/side/laundry/BE/vendor/laravel/lumen-framework/src/Concerns/RoutesRequests.php(139): Laravel\\Lumen\\Application->prepareResponse()
#3 /var/www/html/OTHERS/side/laundry/BE/vendor/laravel/lumen-framework/src/Concerns/RoutesRequests.php(121): Laravel\\Lumen\\Application->callTerminableMiddleware()
#4 /var/www/html/OTHERS/side/laundry/BE/public/index.php(28): Laravel\\Lumen\\Application->run()
#5 {main}
"} 
[2024-09-18 08:27:15] local.ERROR: Target class [dompdf.wrapper] does not exist. {"exception":"[object] (Illuminate\\Contracts\\Container\\BindingResolutionException(code: 0): Target class [dompdf.wrapper] does not exist. at /var/www/html/OTHERS/side/laundry/BE/vendor/illuminate/container/Container.php:914)
[stacktrace]
#0 /var/www/html/OTHERS/side/laundry/BE/vendor/illuminate/container/Container.php(795): Illuminate\\Container\\Container->build()
#1 /var/www/html/OTHERS/side/laundry/BE/vendor/illuminate/container/Container.php(731): Illuminate\\Container\\Container->resolve()
#2 /var/www/html/OTHERS/side/laundry/BE/vendor/laravel/lumen-framework/src/Application.php(327): Illuminate\\Container\\Container->make()
#3 /var/www/html/OTHERS/side/laundry/BE/vendor/barryvdh/laravel-dompdf/src/Facade/Pdf.php(64): Laravel\\Lumen\\Application->make()
#4 /var/www/html/OTHERS/side/laundry/BE/app/Http/Controllers/RequestListController.php(250): Barryvdh\\DomPDF\\Facade\\Pdf::__callStatic()
#5 /var/www/html/OTHERS/side/laundry/BE/vendor/illuminate/container/BoundMethod.php(36): App\\Http\\Controllers\\RequestListController->downloadPdf()
#6 /var/www/html/OTHERS/side/laundry/BE/vendor/illuminate/container/Util.php(41): Illuminate\\Container\\BoundMethod::Illuminate\\Container\\{closure}()
#7 /var/www/html/OTHERS/side/laundry/BE/vendor/illuminate/container/BoundMethod.php(93): Illuminate\\Container\\Util::unwrapIfClosure()
#8 /var/www/html/OTHERS/side/laundry/BE/vendor/illuminate/container/BoundMethod.php(35): Illuminate\\Container\\BoundMethod::callBoundMethod()
#9 /var/www/html/OTHERS/side/laundry/BE/vendor/illuminate/container/Container.php(662): Illuminate\\Container\\BoundMethod::call()
#10 /var/www/html/OTHERS/side/laundry/BE/vendor/laravel/lumen-framework/src/Concerns/RoutesRequests.php(391): Illuminate\\Container\\Container->call()
#11 /var/www/html/OTHERS/side/laundry/BE/vendor/laravel/lumen-framework/src/Concerns/RoutesRequests.php(356): Laravel\\Lumen\\Application->callControllerCallable()
#12 /var/www/html/OTHERS/side/laundry/BE/vendor/laravel/lumen-framework/src/Concerns/RoutesRequests.php(331): Laravel\\Lumen\\Application->callLumenController()
#13 /var/www/html/OTHERS/side/laundry/BE/vendor/laravel/lumen-framework/src/Concerns/RoutesRequests.php(284): Laravel\\Lumen\\Application->callControllerAction()
#14 /var/www/html/OTHERS/side/laundry/BE/vendor/laravel/lumen-framework/src/Concerns/RoutesRequests.php(264): Laravel\\Lumen\\Application->callActionOnArrayBasedRoute()
#15 /var/www/html/OTHERS/side/laundry/BE/vendor/laravel/lumen-framework/src/Routing/Pipeline.php(48): Laravel\\Lumen\\Application->Laravel\\Lumen\\Concerns\\{closure}()
#16 /var/www/html/OTHERS/side/laundry/BE/app/Http/Middleware/RoleAccessMiddleware.php(27): Laravel\\Lumen\\Routing\\Pipeline->Laravel\\Lumen\\Routing\\{closure}()
#17 /var/www/html/OTHERS/side/laundry/BE/vendor/illuminate/pipeline/Pipeline.php(183): App\\Http\\Middleware\\RoleAccessMiddleware->handle()
#18 /var/www/html/OTHERS/side/laundry/BE/vendor/laravel/lumen-framework/src/Routing/Pipeline.php(30): Illuminate\\Pipeline\\Pipeline->Illuminate\\Pipeline\\{closure}()
#19 /var/www/html/OTHERS/side/laundry/BE/app/Http/Middleware/Authenticate.php(70): Laravel\\Lumen\\Routing\\Pipeline->Laravel\\Lumen\\Routing\\{closure}()
#20 /var/www/html/OTHERS/side/laundry/BE/vendor/illuminate/pipeline/Pipeline.php(183): App\\Http\\Middleware\\Authenticate->handle()
#21 /var/www/html/OTHERS/side/laundry/BE/vendor/laravel/lumen-framework/src/Routing/Pipeline.php(30): Illuminate\\Pipeline\\Pipeline->Illuminate\\Pipeline\\{closure}()
#22 /var/www/html/OTHERS/side/laundry/BE/vendor/illuminate/pipeline/Pipeline.php(119): Laravel\\Lumen\\Routing\\Pipeline->Laravel\\Lumen\\Routing\\{closure}()
#23 /var/www/html/OTHERS/side/laundry/BE/vendor/laravel/lumen-framework/src/Concerns/RoutesRequests.php(428): Illuminate\\Pipeline\\Pipeline->then()
#24 /var/www/html/OTHERS/side/laundry/BE/vendor/laravel/lumen-framework/src/Concerns/RoutesRequests.php(263): Laravel\\Lumen\\Application->sendThroughPipeline()
#25 /var/www/html/OTHERS/side/laundry/BE/vendor/laravel/lumen-framework/src/Concerns/RoutesRequests.php(171): Laravel\\Lumen\\Application->handleFoundRoute()
#26 /var/www/html/OTHERS/side/laundry/BE/vendor/laravel/lumen-framework/src/Routing/Pipeline.php(48): Laravel\\Lumen\\Application->Laravel\\Lumen\\Concerns\\{closure}()
#27 /var/www/html/OTHERS/side/laundry/BE/app/Http/Middleware/CorsMiddleware.php(18): Laravel\\Lumen\\Routing\\Pipeline->Laravel\\Lumen\\Routing\\{closure}()
#28 /var/www/html/OTHERS/side/laundry/BE/vendor/illuminate/pipeline/Pipeline.php(183): App\\Http\\Middleware\\CorsMiddleware->handle()
#29 /var/www/html/OTHERS/side/laundry/BE/vendor/laravel/lumen-framework/src/Routing/Pipeline.php(30): Illuminate\\Pipeline\\Pipeline->Illuminate\\Pipeline\\{closure}()
#30 /var/www/html/OTHERS/side/laundry/BE/vendor/illuminate/pipeline/Pipeline.php(119): Laravel\\Lumen\\Routing\\Pipeline->Laravel\\Lumen\\Routing\\{closure}()
#31 /var/www/html/OTHERS/side/laundry/BE/vendor/laravel/lumen-framework/src/Concerns/RoutesRequests.php(428): Illuminate\\Pipeline\\Pipeline->then()
#32 /var/www/html/OTHERS/side/laundry/BE/vendor/laravel/lumen-framework/src/Concerns/RoutesRequests.php(167): Laravel\\Lumen\\Application->sendThroughPipeline()
#33 /var/www/html/OTHERS/side/laundry/BE/vendor/laravel/lumen-framework/src/Concerns/RoutesRequests.php(112): Laravel\\Lumen\\Application->dispatch()
#34 /var/www/html/OTHERS/side/laundry/BE/public/index.php(28): Laravel\\Lumen\\Application->run()
#35 {main}

[previous exception] [object] (ReflectionException(code: -1): Class \"dompdf.wrapper\" does not exist at /var/www/html/OTHERS/side/laundry/BE/vendor/illuminate/container/Container.php:912)
[stacktrace]
#0 /var/www/html/OTHERS/side/laundry/BE/vendor/illuminate/container/Container.php(912): ReflectionClass->__construct()
#1 /var/www/html/OTHERS/side/laundry/BE/vendor/illuminate/container/Container.php(795): Illuminate\\Container\\Container->build()
#2 /var/www/html/OTHERS/side/laundry/BE/vendor/illuminate/container/Container.php(731): Illuminate\\Container\\Container->resolve()
#3 /var/www/html/OTHERS/side/laundry/BE/vendor/laravel/lumen-framework/src/Application.php(327): Illuminate\\Container\\Container->make()
#4 /var/www/html/OTHERS/side/laundry/BE/vendor/barryvdh/laravel-dompdf/src/Facade/Pdf.php(64): Laravel\\Lumen\\Application->make()
#5 /var/www/html/OTHERS/side/laundry/BE/app/Http/Controllers/RequestListController.php(250): Barryvdh\\DomPDF\\Facade\\Pdf::__callStatic()
#6 /var/www/html/OTHERS/side/laundry/BE/vendor/illuminate/container/BoundMethod.php(36): App\\Http\\Controllers\\RequestListController->downloadPdf()
#7 /var/www/html/OTHERS/side/laundry/BE/vendor/illuminate/container/Util.php(41): Illuminate\\Container\\BoundMethod::Illuminate\\Container\\{closure}()
#8 /var/www/html/OTHERS/side/laundry/BE/vendor/illuminate/container/BoundMethod.php(93): Illuminate\\Container\\Util::unwrapIfClosure()
#9 /var/www/html/OTHERS/side/laundry/BE/vendor/illuminate/container/BoundMethod.php(35): Illuminate\\Container\\BoundMethod::callBoundMethod()
#10 /var/www/html/OTHERS/side/laundry/BE/vendor/illuminate/container/Container.php(662): Illuminate\\Container\\BoundMethod::call()
#11 /var/www/html/OTHERS/side/laundry/BE/vendor/laravel/lumen-framework/src/Concerns/RoutesRequests.php(391): Illuminate\\Container\\Container->call()
#12 /var/www/html/OTHERS/side/laundry/BE/vendor/laravel/lumen-framework/src/Concerns/RoutesRequests.php(356): Laravel\\Lumen\\Application->callControllerCallable()
#13 /var/www/html/OTHERS/side/laundry/BE/vendor/laravel/lumen-framework/src/Concerns/RoutesRequests.php(331): Laravel\\Lumen\\Application->callLumenController()
#14 /var/www/html/OTHERS/side/laundry/BE/vendor/laravel/lumen-framework/src/Concerns/RoutesRequests.php(284): Laravel\\Lumen\\Application->callControllerAction()
#15 /var/www/html/OTHERS/side/laundry/BE/vendor/laravel/lumen-framework/src/Concerns/RoutesRequests.php(264): Laravel\\Lumen\\Application->callActionOnArrayBasedRoute()
#16 /var/www/html/OTHERS/side/laundry/BE/vendor/laravel/lumen-framework/src/Routing/Pipeline.php(48): Laravel\\Lumen\\Application->Laravel\\Lumen\\Concerns\\{closure}()
#17 /var/www/html/OTHERS/side/laundry/BE/app/Http/Middleware/RoleAccessMiddleware.php(27): Laravel\\Lumen\\Routing\\Pipeline->Laravel\\Lumen\\Routing\\{closure}()
#18 /var/www/html/OTHERS/side/laundry/BE/vendor/illuminate/pipeline/Pipeline.php(183): App\\Http\\Middleware\\RoleAccessMiddleware->handle()
#19 /var/www/html/OTHERS/side/laundry/BE/vendor/laravel/lumen-framework/src/Routing/Pipeline.php(30): Illuminate\\Pipeline\\Pipeline->Illuminate\\Pipeline\\{closure}()
#20 /var/www/html/OTHERS/side/laundry/BE/app/Http/Middleware/Authenticate.php(70): Laravel\\Lumen\\Routing\\Pipeline->Laravel\\Lumen\\Routing\\{closure}()
#21 /var/www/html/OTHERS/side/laundry/BE/vendor/illuminate/pipeline/Pipeline.php(183): App\\Http\\Middleware\\Authenticate->handle()
#22 /var/www/html/OTHERS/side/laundry/BE/vendor/laravel/lumen-framework/src/Routing/Pipeline.php(30): Illuminate\\Pipeline\\Pipeline->Illuminate\\Pipeline\\{closure}()
#23 /var/www/html/OTHERS/side/laundry/BE/vendor/illuminate/pipeline/Pipeline.php(119): Laravel\\Lumen\\Routing\\Pipeline->Laravel\\Lumen\\Routing\\{closure}()
#24 /var/www/html/OTHERS/side/laundry/BE/vendor/laravel/lumen-framework/src/Concerns/RoutesRequests.php(428): Illuminate\\Pipeline\\Pipeline->then()
#25 /var/www/html/OTHERS/side/laundry/BE/vendor/laravel/lumen-framework/src/Concerns/RoutesRequests.php(263): Laravel\\Lumen\\Application->sendThroughPipeline()
#26 /var/www/html/OTHERS/side/laundry/BE/vendor/laravel/lumen-framework/src/Concerns/RoutesRequests.php(171): Laravel\\Lumen\\Application->handleFoundRoute()
#27 /var/www/html/OTHERS/side/laundry/BE/vendor/laravel/lumen-framework/src/Routing/Pipeline.php(48): Laravel\\Lumen\\Application->Laravel\\Lumen\\Concerns\\{closure}()
#28 /var/www/html/OTHERS/side/laundry/BE/app/Http/Middleware/CorsMiddleware.php(18): Laravel\\Lumen\\Routing\\Pipeline->Laravel\\Lumen\\Routing\\{closure}()
#29 /var/www/html/OTHERS/side/laundry/BE/vendor/illuminate/pipeline/Pipeline.php(183): App\\Http\\Middleware\\CorsMiddleware->handle()
#30 /var/www/html/OTHERS/side/laundry/BE/vendor/laravel/lumen-framework/src/Routing/Pipeline.php(30): Illuminate\\Pipeline\\Pipeline->Illuminate\\Pipeline\\{closure}()
#31 /var/www/html/OTHERS/side/laundry/BE/vendor/illuminate/pipeline/Pipeline.php(119): Laravel\\Lumen\\Routing\\Pipeline->Laravel\\Lumen\\Routing\\{closure}()
#32 /var/www/html/OTHERS/side/laundry/BE/vendor/laravel/lumen-framework/src/Concerns/RoutesRequests.php(428): Illuminate\\Pipeline\\Pipeline->then()
#33 /var/www/html/OTHERS/side/laundry/BE/vendor/laravel/lumen-framework/src/Concerns/RoutesRequests.php(167): Laravel\\Lumen\\Application->sendThroughPipeline()
#34 /var/www/html/OTHERS/side/laundry/BE/vendor/laravel/lumen-framework/src/Concerns/RoutesRequests.php(112): Laravel\\Lumen\\Application->dispatch()
#35 /var/www/html/OTHERS/side/laundry/BE/public/index.php(28): Laravel\\Lumen\\Application->run()
#36 {main}
"} 
[2024-09-18 08:29:23] local.ERROR: Target class [dompdf.wrapper] does not exist. {"exception":"[object] (Illuminate\\Contracts\\Container\\BindingResolutionException(code: 0): Target class [dompdf.wrapper] does not exist. at /var/www/html/OTHERS/side/laundry/BE/vendor/illuminate/container/Container.php:914)
[stacktrace]
#0 /var/www/html/OTHERS/side/laundry/BE/vendor/illuminate/container/Container.php(795): Illuminate\\Container\\Container->build()
#1 /var/www/html/OTHERS/side/laundry/BE/vendor/illuminate/container/Container.php(731): Illuminate\\Container\\Container->resolve()
#2 /var/www/html/OTHERS/side/laundry/BE/vendor/laravel/lumen-framework/src/Application.php(327): Illuminate\\Container\\Container->make()
#3 /var/www/html/OTHERS/side/laundry/BE/vendor/barryvdh/laravel-dompdf/src/Facade/Pdf.php(64): Laravel\\Lumen\\Application->make()
#4 /var/www/html/OTHERS/side/laundry/BE/app/Http/Controllers/RequestListController.php(250): Barryvdh\\DomPDF\\Facade\\Pdf::__callStatic()
#5 /var/www/html/OTHERS/side/laundry/BE/vendor/illuminate/container/BoundMethod.php(36): App\\Http\\Controllers\\RequestListController->downloadPdf()
#6 /var/www/html/OTHERS/side/laundry/BE/vendor/illuminate/container/Util.php(41): Illuminate\\Container\\BoundMethod::Illuminate\\Container\\{closure}()
#7 /var/www/html/OTHERS/side/laundry/BE/vendor/illuminate/container/BoundMethod.php(93): Illuminate\\Container\\Util::unwrapIfClosure()
#8 /var/www/html/OTHERS/side/laundry/BE/vendor/illuminate/container/BoundMethod.php(35): Illuminate\\Container\\BoundMethod::callBoundMethod()
#9 /var/www/html/OTHERS/side/laundry/BE/vendor/illuminate/container/Container.php(662): Illuminate\\Container\\BoundMethod::call()
#10 /var/www/html/OTHERS/side/laundry/BE/vendor/laravel/lumen-framework/src/Concerns/RoutesRequests.php(391): Illuminate\\Container\\Container->call()
#11 /var/www/html/OTHERS/side/laundry/BE/vendor/laravel/lumen-framework/src/Concerns/RoutesRequests.php(356): Laravel\\Lumen\\Application->callControllerCallable()
#12 /var/www/html/OTHERS/side/laundry/BE/vendor/laravel/lumen-framework/src/Concerns/RoutesRequests.php(331): Laravel\\Lumen\\Application->callLumenController()
#13 /var/www/html/OTHERS/side/laundry/BE/vendor/laravel/lumen-framework/src/Concerns/RoutesRequests.php(284): Laravel\\Lumen\\Application->callControllerAction()
#14 /var/www/html/OTHERS/side/laundry/BE/vendor/laravel/lumen-framework/src/Concerns/RoutesRequests.php(264): Laravel\\Lumen\\Application->callActionOnArrayBasedRoute()
#15 /var/www/html/OTHERS/side/laundry/BE/vendor/laravel/lumen-framework/src/Routing/Pipeline.php(48): Laravel\\Lumen\\Application->Laravel\\Lumen\\Concerns\\{closure}()
#16 /var/www/html/OTHERS/side/laundry/BE/app/Http/Middleware/RoleAccessMiddleware.php(27): Laravel\\Lumen\\Routing\\Pipeline->Laravel\\Lumen\\Routing\\{closure}()
#17 /var/www/html/OTHERS/side/laundry/BE/vendor/illuminate/pipeline/Pipeline.php(183): App\\Http\\Middleware\\RoleAccessMiddleware->handle()
#18 /var/www/html/OTHERS/side/laundry/BE/vendor/laravel/lumen-framework/src/Routing/Pipeline.php(30): Illuminate\\Pipeline\\Pipeline->Illuminate\\Pipeline\\{closure}()
#19 /var/www/html/OTHERS/side/laundry/BE/app/Http/Middleware/Authenticate.php(70): Laravel\\Lumen\\Routing\\Pipeline->Laravel\\Lumen\\Routing\\{closure}()
#20 /var/www/html/OTHERS/side/laundry/BE/vendor/illuminate/pipeline/Pipeline.php(183): App\\Http\\Middleware\\Authenticate->handle()
#21 /var/www/html/OTHERS/side/laundry/BE/vendor/laravel/lumen-framework/src/Routing/Pipeline.php(30): Illuminate\\Pipeline\\Pipeline->Illuminate\\Pipeline\\{closure}()
#22 /var/www/html/OTHERS/side/laundry/BE/vendor/illuminate/pipeline/Pipeline.php(119): Laravel\\Lumen\\Routing\\Pipeline->Laravel\\Lumen\\Routing\\{closure}()
#23 /var/www/html/OTHERS/side/laundry/BE/vendor/laravel/lumen-framework/src/Concerns/RoutesRequests.php(428): Illuminate\\Pipeline\\Pipeline->then()
#24 /var/www/html/OTHERS/side/laundry/BE/vendor/laravel/lumen-framework/src/Concerns/RoutesRequests.php(263): Laravel\\Lumen\\Application->sendThroughPipeline()
#25 /var/www/html/OTHERS/side/laundry/BE/vendor/laravel/lumen-framework/src/Concerns/RoutesRequests.php(171): Laravel\\Lumen\\Application->handleFoundRoute()
#26 /var/www/html/OTHERS/side/laundry/BE/vendor/laravel/lumen-framework/src/Routing/Pipeline.php(48): Laravel\\Lumen\\Application->Laravel\\Lumen\\Concerns\\{closure}()
#27 /var/www/html/OTHERS/side/laundry/BE/app/Http/Middleware/CorsMiddleware.php(18): Laravel\\Lumen\\Routing\\Pipeline->Laravel\\Lumen\\Routing\\{closure}()
#28 /var/www/html/OTHERS/side/laundry/BE/vendor/illuminate/pipeline/Pipeline.php(183): App\\Http\\Middleware\\CorsMiddleware->handle()
#29 /var/www/html/OTHERS/side/laundry/BE/vendor/laravel/lumen-framework/src/Routing/Pipeline.php(30): Illuminate\\Pipeline\\Pipeline->Illuminate\\Pipeline\\{closure}()
#30 /var/www/html/OTHERS/side/laundry/BE/vendor/illuminate/pipeline/Pipeline.php(119): Laravel\\Lumen\\Routing\\Pipeline->Laravel\\Lumen\\Routing\\{closure}()
#31 /var/www/html/OTHERS/side/laundry/BE/vendor/laravel/lumen-framework/src/Concerns/RoutesRequests.php(428): Illuminate\\Pipeline\\Pipeline->then()
#32 /var/www/html/OTHERS/side/laundry/BE/vendor/laravel/lumen-framework/src/Concerns/RoutesRequests.php(167): Laravel\\Lumen\\Application->sendThroughPipeline()
#33 /var/www/html/OTHERS/side/laundry/BE/vendor/laravel/lumen-framework/src/Concerns/RoutesRequests.php(112): Laravel\\Lumen\\Application->dispatch()
#34 /var/www/html/OTHERS/side/laundry/BE/public/index.php(28): Laravel\\Lumen\\Application->run()
#35 {main}

[previous exception] [object] (ReflectionException(code: -1): Class \"dompdf.wrapper\" does not exist at /var/www/html/OTHERS/side/laundry/BE/vendor/illuminate/container/Container.php:912)
[stacktrace]
#0 /var/www/html/OTHERS/side/laundry/BE/vendor/illuminate/container/Container.php(912): ReflectionClass->__construct()
#1 /var/www/html/OTHERS/side/laundry/BE/vendor/illuminate/container/Container.php(795): Illuminate\\Container\\Container->build()
#2 /var/www/html/OTHERS/side/laundry/BE/vendor/illuminate/container/Container.php(731): Illuminate\\Container\\Container->resolve()
#3 /var/www/html/OTHERS/side/laundry/BE/vendor/laravel/lumen-framework/src/Application.php(327): Illuminate\\Container\\Container->make()
#4 /var/www/html/OTHERS/side/laundry/BE/vendor/barryvdh/laravel-dompdf/src/Facade/Pdf.php(64): Laravel\\Lumen\\Application->make()
#5 /var/www/html/OTHERS/side/laundry/BE/app/Http/Controllers/RequestListController.php(250): Barryvdh\\DomPDF\\Facade\\Pdf::__callStatic()
#6 /var/www/html/OTHERS/side/laundry/BE/vendor/illuminate/container/BoundMethod.php(36): App\\Http\\Controllers\\RequestListController->downloadPdf()
#7 /var/www/html/OTHERS/side/laundry/BE/vendor/illuminate/container/Util.php(41): Illuminate\\Container\\BoundMethod::Illuminate\\Container\\{closure}()
#8 /var/www/html/OTHERS/side/laundry/BE/vendor/illuminate/container/BoundMethod.php(93): Illuminate\\Container\\Util::unwrapIfClosure()
#9 /var/www/html/OTHERS/side/laundry/BE/vendor/illuminate/container/BoundMethod.php(35): Illuminate\\Container\\BoundMethod::callBoundMethod()
#10 /var/www/html/OTHERS/side/laundry/BE/vendor/illuminate/container/Container.php(662): Illuminate\\Container\\BoundMethod::call()
#11 /var/www/html/OTHERS/side/laundry/BE/vendor/laravel/lumen-framework/src/Concerns/RoutesRequests.php(391): Illuminate\\Container\\Container->call()
#12 /var/www/html/OTHERS/side/laundry/BE/vendor/laravel/lumen-framework/src/Concerns/RoutesRequests.php(356): Laravel\\Lumen\\Application->callControllerCallable()
#13 /var/www/html/OTHERS/side/laundry/BE/vendor/laravel/lumen-framework/src/Concerns/RoutesRequests.php(331): Laravel\\Lumen\\Application->callLumenController()
#14 /var/www/html/OTHERS/side/laundry/BE/vendor/laravel/lumen-framework/src/Concerns/RoutesRequests.php(284): Laravel\\Lumen\\Application->callControllerAction()
#15 /var/www/html/OTHERS/side/laundry/BE/vendor/laravel/lumen-framework/src/Concerns/RoutesRequests.php(264): Laravel\\Lumen\\Application->callActionOnArrayBasedRoute()
#16 /var/www/html/OTHERS/side/laundry/BE/vendor/laravel/lumen-framework/src/Routing/Pipeline.php(48): Laravel\\Lumen\\Application->Laravel\\Lumen\\Concerns\\{closure}()
#17 /var/www/html/OTHERS/side/laundry/BE/app/Http/Middleware/RoleAccessMiddleware.php(27): Laravel\\Lumen\\Routing\\Pipeline->Laravel\\Lumen\\Routing\\{closure}()
#18 /var/www/html/OTHERS/side/laundry/BE/vendor/illuminate/pipeline/Pipeline.php(183): App\\Http\\Middleware\\RoleAccessMiddleware->handle()
#19 /var/www/html/OTHERS/side/laundry/BE/vendor/laravel/lumen-framework/src/Routing/Pipeline.php(30): Illuminate\\Pipeline\\Pipeline->Illuminate\\Pipeline\\{closure}()
#20 /var/www/html/OTHERS/side/laundry/BE/app/Http/Middleware/Authenticate.php(70): Laravel\\Lumen\\Routing\\Pipeline->Laravel\\Lumen\\Routing\\{closure}()
#21 /var/www/html/OTHERS/side/laundry/BE/vendor/illuminate/pipeline/Pipeline.php(183): App\\Http\\Middleware\\Authenticate->handle()
#22 /var/www/html/OTHERS/side/laundry/BE/vendor/laravel/lumen-framework/src/Routing/Pipeline.php(30): Illuminate\\Pipeline\\Pipeline->Illuminate\\Pipeline\\{closure}()
#23 /var/www/html/OTHERS/side/laundry/BE/vendor/illuminate/pipeline/Pipeline.php(119): Laravel\\Lumen\\Routing\\Pipeline->Laravel\\Lumen\\Routing\\{closure}()
#24 /var/www/html/OTHERS/side/laundry/BE/vendor/laravel/lumen-framework/src/Concerns/RoutesRequests.php(428): Illuminate\\Pipeline\\Pipeline->then()
#25 /var/www/html/OTHERS/side/laundry/BE/vendor/laravel/lumen-framework/src/Concerns/RoutesRequests.php(263): Laravel\\Lumen\\Application->sendThroughPipeline()
#26 /var/www/html/OTHERS/side/laundry/BE/vendor/laravel/lumen-framework/src/Concerns/RoutesRequests.php(171): Laravel\\Lumen\\Application->handleFoundRoute()
#27 /var/www/html/OTHERS/side/laundry/BE/vendor/laravel/lumen-framework/src/Routing/Pipeline.php(48): Laravel\\Lumen\\Application->Laravel\\Lumen\\Concerns\\{closure}()
#28 /var/www/html/OTHERS/side/laundry/BE/app/Http/Middleware/CorsMiddleware.php(18): Laravel\\Lumen\\Routing\\Pipeline->Laravel\\Lumen\\Routing\\{closure}()
#29 /var/www/html/OTHERS/side/laundry/BE/vendor/illuminate/pipeline/Pipeline.php(183): App\\Http\\Middleware\\CorsMiddleware->handle()
#30 /var/www/html/OTHERS/side/laundry/BE/vendor/laravel/lumen-framework/src/Routing/Pipeline.php(30): Illuminate\\Pipeline\\Pipeline->Illuminate\\Pipeline\\{closure}()
#31 /var/www/html/OTHERS/side/laundry/BE/vendor/illuminate/pipeline/Pipeline.php(119): Laravel\\Lumen\\Routing\\Pipeline->Laravel\\Lumen\\Routing\\{closure}()
#32 /var/www/html/OTHERS/side/laundry/BE/vendor/laravel/lumen-framework/src/Concerns/RoutesRequests.php(428): Illuminate\\Pipeline\\Pipeline->then()
#33 /var/www/html/OTHERS/side/laundry/BE/vendor/laravel/lumen-framework/src/Concerns/RoutesRequests.php(167): Laravel\\Lumen\\Application->sendThroughPipeline()
#34 /var/www/html/OTHERS/side/laundry/BE/vendor/laravel/lumen-framework/src/Concerns/RoutesRequests.php(112): Laravel\\Lumen\\Application->dispatch()
#35 /var/www/html/OTHERS/side/laundry/BE/public/index.php(28): Laravel\\Lumen\\Application->run()
#36 {main}
"} 
[2024-09-18 21:48:25] local.ERROR: There are no commands defined in the "mamake" namespace.

Did you mean this?
    make {"exception":"[object] (Symfony\\Component\\Console\\Exception\\NamespaceNotFoundException(code: 0): There are no commands defined in the \"mamake\" namespace.

Did you mean this?
    make at /var/www/html/OTHERS/side/laundry/BE/vendor/symfony/console/Application.php:669)
[stacktrace]
#0 /var/www/html/OTHERS/side/laundry/BE/vendor/symfony/console/Application.php(720): Symfony\\Component\\Console\\Application->findNamespace()
#1 /var/www/html/OTHERS/side/laundry/BE/vendor/symfony/console/Application.php(266): Symfony\\Component\\Console\\Application->find()
#2 /var/www/html/OTHERS/side/laundry/BE/vendor/symfony/console/Application.php(175): Symfony\\Component\\Console\\Application->doRun()
#3 /var/www/html/OTHERS/side/laundry/BE/vendor/laravel/lumen-framework/src/Console/Kernel.php(160): Symfony\\Component\\Console\\Application->run()
#4 /var/www/html/OTHERS/side/laundry/BE/artisan(35): Laravel\\Lumen\\Console\\Kernel->handle()
#5 {main}
"} 
[2024-09-18 21:56:10] local.ERROR: SQLSTATE[42S22]: Column not found: 1054 Unknown column 'request_list.deliver_by' in 'on clause' (Connection: mysql, SQL: select `request_list`.`tgl_permintaan`, `request_list`.`tgl_selesai`, `users`.`nama`, `users`.`user_kru`, `request_list`.`no_permintaan`, `request_list`.`no_pickup`, `request_list`.`no_kamar`, `request_list`.`status`, `request_list`.`jam_pickup`, `request_list`.`jam_selesai`, `laundry_item`.`id_item` as `kode_pakaian`, `laundry_item`.`nama` as `nama_pakaian`, `request_detail`.`jml_item`, `request_detail`.`description` as `deskripsi`, `checker`.`nama` as `checked_by`, `delivery`.`nama` as `deliver_by` from `request_list` left join `request_detail` on `request_list`.`id` = `request_detail`.`request_list_id` left join `users` on `request_list`.`user_id` = `users`.`id` left join `users` as `checker` on `request_list`.`checked_by` = `users`.`id` left join `users` as `delivery` on `request_list`.`deliver_by` = `users`.`id` left join `laundry_item` on `laundry_item`.`id` = `request_detail`.`id_item` order by `request_list`.`id` desc) {"exception":"[object] (Illuminate\\Database\\QueryException(code: 42S22): SQLSTATE[42S22]: Column not found: 1054 Unknown column 'request_list.deliver_by' in 'on clause' (Connection: mysql, SQL: select `request_list`.`tgl_permintaan`, `request_list`.`tgl_selesai`, `users`.`nama`, `users`.`user_kru`, `request_list`.`no_permintaan`, `request_list`.`no_pickup`, `request_list`.`no_kamar`, `request_list`.`status`, `request_list`.`jam_pickup`, `request_list`.`jam_selesai`, `laundry_item`.`id_item` as `kode_pakaian`, `laundry_item`.`nama` as `nama_pakaian`, `request_detail`.`jml_item`, `request_detail`.`description` as `deskripsi`, `checker`.`nama` as `checked_by`, `delivery`.`nama` as `deliver_by` from `request_list` left join `request_detail` on `request_list`.`id` = `request_detail`.`request_list_id` left join `users` on `request_list`.`user_id` = `users`.`id` left join `users` as `checker` on `request_list`.`checked_by` = `users`.`id` left join `users` as `delivery` on `request_list`.`deliver_by` = `users`.`id` left join `laundry_item` on `laundry_item`.`id` = `request_detail`.`id_item` order by `request_list`.`id` desc) at /var/www/html/OTHERS/side/laundry/BE/vendor/illuminate/database/Connection.php:829)
[stacktrace]
#0 /var/www/html/OTHERS/side/laundry/BE/vendor/illuminate/database/Connection.php(783): Illuminate\\Database\\Connection->runQueryCallback()
#1 /var/www/html/OTHERS/side/laundry/BE/vendor/illuminate/database/Connection.php(414): Illuminate\\Database\\Connection->run()
#2 /var/www/html/OTHERS/side/laundry/BE/vendor/illuminate/database/Query/Builder.php(2871): Illuminate\\Database\\Connection->select()
#3 /var/www/html/OTHERS/side/laundry/BE/vendor/illuminate/database/Query/Builder.php(2860): Illuminate\\Database\\Query\\Builder->runSelect()
#4 /var/www/html/OTHERS/side/laundry/BE/vendor/illuminate/database/Query/Builder.php(3414): Illuminate\\Database\\Query\\Builder->Illuminate\\Database\\Query\\{closure}()
#5 /var/www/html/OTHERS/side/laundry/BE/vendor/illuminate/database/Query/Builder.php(2859): Illuminate\\Database\\Query\\Builder->onceWithColumns()
#6 /var/www/html/OTHERS/side/laundry/BE/vendor/illuminate/database/Eloquent/Builder.php(739): Illuminate\\Database\\Query\\Builder->get()
#7 /var/www/html/OTHERS/side/laundry/BE/vendor/illuminate/database/Eloquent/Builder.php(723): Illuminate\\Database\\Eloquent\\Builder->getModels()
#8 /var/www/html/OTHERS/side/laundry/BE/app/Http/Controllers/RequestListController.php(253): Illuminate\\Database\\Eloquent\\Builder->get()
#9 /var/www/html/OTHERS/side/laundry/BE/vendor/illuminate/container/BoundMethod.php(36): App\\Http\\Controllers\\RequestListController->downloadPdf()
#10 /var/www/html/OTHERS/side/laundry/BE/vendor/illuminate/container/Util.php(41): Illuminate\\Container\\BoundMethod::Illuminate\\Container\\{closure}()
#11 /var/www/html/OTHERS/side/laundry/BE/vendor/illuminate/container/BoundMethod.php(93): Illuminate\\Container\\Util::unwrapIfClosure()
#12 /var/www/html/OTHERS/side/laundry/BE/vendor/illuminate/container/BoundMethod.php(35): Illuminate\\Container\\BoundMethod::callBoundMethod()
#13 /var/www/html/OTHERS/side/laundry/BE/vendor/illuminate/container/Container.php(662): Illuminate\\Container\\BoundMethod::call()
#14 /var/www/html/OTHERS/side/laundry/BE/vendor/laravel/lumen-framework/src/Concerns/RoutesRequests.php(391): Illuminate\\Container\\Container->call()
#15 /var/www/html/OTHERS/side/laundry/BE/vendor/laravel/lumen-framework/src/Concerns/RoutesRequests.php(356): Laravel\\Lumen\\Application->callControllerCallable()
#16 /var/www/html/OTHERS/side/laundry/BE/vendor/laravel/lumen-framework/src/Concerns/RoutesRequests.php(331): Laravel\\Lumen\\Application->callLumenController()
#17 /var/www/html/OTHERS/side/laundry/BE/vendor/laravel/lumen-framework/src/Concerns/RoutesRequests.php(284): Laravel\\Lumen\\Application->callControllerAction()
#18 /var/www/html/OTHERS/side/laundry/BE/vendor/laravel/lumen-framework/src/Concerns/RoutesRequests.php(269): Laravel\\Lumen\\Application->callActionOnArrayBasedRoute()
#19 /var/www/html/OTHERS/side/laundry/BE/vendor/laravel/lumen-framework/src/Concerns/RoutesRequests.php(171): Laravel\\Lumen\\Application->handleFoundRoute()
#20 /var/www/html/OTHERS/side/laundry/BE/vendor/laravel/lumen-framework/src/Routing/Pipeline.php(48): Laravel\\Lumen\\Application->Laravel\\Lumen\\Concerns\\{closure}()
#21 /var/www/html/OTHERS/side/laundry/BE/app/Http/Middleware/CorsMiddleware.php(18): Laravel\\Lumen\\Routing\\Pipeline->Laravel\\Lumen\\Routing\\{closure}()
#22 /var/www/html/OTHERS/side/laundry/BE/vendor/illuminate/pipeline/Pipeline.php(183): App\\Http\\Middleware\\CorsMiddleware->handle()
#23 /var/www/html/OTHERS/side/laundry/BE/vendor/laravel/lumen-framework/src/Routing/Pipeline.php(30): Illuminate\\Pipeline\\Pipeline->Illuminate\\Pipeline\\{closure}()
#24 /var/www/html/OTHERS/side/laundry/BE/vendor/illuminate/pipeline/Pipeline.php(119): Laravel\\Lumen\\Routing\\Pipeline->Laravel\\Lumen\\Routing\\{closure}()
#25 /var/www/html/OTHERS/side/laundry/BE/vendor/laravel/lumen-framework/src/Concerns/RoutesRequests.php(428): Illuminate\\Pipeline\\Pipeline->then()
#26 /var/www/html/OTHERS/side/laundry/BE/vendor/laravel/lumen-framework/src/Concerns/RoutesRequests.php(167): Laravel\\Lumen\\Application->sendThroughPipeline()
#27 /var/www/html/OTHERS/side/laundry/BE/vendor/laravel/lumen-framework/src/Concerns/RoutesRequests.php(112): Laravel\\Lumen\\Application->dispatch()
#28 /var/www/html/OTHERS/side/laundry/BE/public/index.php(28): Laravel\\Lumen\\Application->run()
#29 {main}

[previous exception] [object] (PDOException(code: 42S22): SQLSTATE[42S22]: Column not found: 1054 Unknown column 'request_list.deliver_by' in 'on clause' at /var/www/html/OTHERS/side/laundry/BE/vendor/illuminate/database/Connection.php:423)
[stacktrace]
#0 /var/www/html/OTHERS/side/laundry/BE/vendor/illuminate/database/Connection.php(423): PDO->prepare()
#1 /var/www/html/OTHERS/side/laundry/BE/vendor/illuminate/database/Connection.php(816): Illuminate\\Database\\Connection->Illuminate\\Database\\{closure}()
#2 /var/www/html/OTHERS/side/laundry/BE/vendor/illuminate/database/Connection.php(783): Illuminate\\Database\\Connection->runQueryCallback()
#3 /var/www/html/OTHERS/side/laundry/BE/vendor/illuminate/database/Connection.php(414): Illuminate\\Database\\Connection->run()
#4 /var/www/html/OTHERS/side/laundry/BE/vendor/illuminate/database/Query/Builder.php(2871): Illuminate\\Database\\Connection->select()
#5 /var/www/html/OTHERS/side/laundry/BE/vendor/illuminate/database/Query/Builder.php(2860): Illuminate\\Database\\Query\\Builder->runSelect()
#6 /var/www/html/OTHERS/side/laundry/BE/vendor/illuminate/database/Query/Builder.php(3414): Illuminate\\Database\\Query\\Builder->Illuminate\\Database\\Query\\{closure}()
#7 /var/www/html/OTHERS/side/laundry/BE/vendor/illuminate/database/Query/Builder.php(2859): Illuminate\\Database\\Query\\Builder->onceWithColumns()
#8 /var/www/html/OTHERS/side/laundry/BE/vendor/illuminate/database/Eloquent/Builder.php(739): Illuminate\\Database\\Query\\Builder->get()
#9 /var/www/html/OTHERS/side/laundry/BE/vendor/illuminate/database/Eloquent/Builder.php(723): Illuminate\\Database\\Eloquent\\Builder->getModels()
#10 /var/www/html/OTHERS/side/laundry/BE/app/Http/Controllers/RequestListController.php(253): Illuminate\\Database\\Eloquent\\Builder->get()
#11 /var/www/html/OTHERS/side/laundry/BE/vendor/illuminate/container/BoundMethod.php(36): App\\Http\\Controllers\\RequestListController->downloadPdf()
#12 /var/www/html/OTHERS/side/laundry/BE/vendor/illuminate/container/Util.php(41): Illuminate\\Container\\BoundMethod::Illuminate\\Container\\{closure}()
#13 /var/www/html/OTHERS/side/laundry/BE/vendor/illuminate/container/BoundMethod.php(93): Illuminate\\Container\\Util::unwrapIfClosure()
#14 /var/www/html/OTHERS/side/laundry/BE/vendor/illuminate/container/BoundMethod.php(35): Illuminate\\Container\\BoundMethod::callBoundMethod()
#15 /var/www/html/OTHERS/side/laundry/BE/vendor/illuminate/container/Container.php(662): Illuminate\\Container\\BoundMethod::call()
#16 /var/www/html/OTHERS/side/laundry/BE/vendor/laravel/lumen-framework/src/Concerns/RoutesRequests.php(391): Illuminate\\Container\\Container->call()
#17 /var/www/html/OTHERS/side/laundry/BE/vendor/laravel/lumen-framework/src/Concerns/RoutesRequests.php(356): Laravel\\Lumen\\Application->callControllerCallable()
#18 /var/www/html/OTHERS/side/laundry/BE/vendor/laravel/lumen-framework/src/Concerns/RoutesRequests.php(331): Laravel\\Lumen\\Application->callLumenController()
#19 /var/www/html/OTHERS/side/laundry/BE/vendor/laravel/lumen-framework/src/Concerns/RoutesRequests.php(284): Laravel\\Lumen\\Application->callControllerAction()
#20 /var/www/html/OTHERS/side/laundry/BE/vendor/laravel/lumen-framework/src/Concerns/RoutesRequests.php(269): Laravel\\Lumen\\Application->callActionOnArrayBasedRoute()
#21 /var/www/html/OTHERS/side/laundry/BE/vendor/laravel/lumen-framework/src/Concerns/RoutesRequests.php(171): Laravel\\Lumen\\Application->handleFoundRoute()
#22 /var/www/html/OTHERS/side/laundry/BE/vendor/laravel/lumen-framework/src/Routing/Pipeline.php(48): Laravel\\Lumen\\Application->Laravel\\Lumen\\Concerns\\{closure}()
#23 /var/www/html/OTHERS/side/laundry/BE/app/Http/Middleware/CorsMiddleware.php(18): Laravel\\Lumen\\Routing\\Pipeline->Laravel\\Lumen\\Routing\\{closure}()
#24 /var/www/html/OTHERS/side/laundry/BE/vendor/illuminate/pipeline/Pipeline.php(183): App\\Http\\Middleware\\CorsMiddleware->handle()
#25 /var/www/html/OTHERS/side/laundry/BE/vendor/laravel/lumen-framework/src/Routing/Pipeline.php(30): Illuminate\\Pipeline\\Pipeline->Illuminate\\Pipeline\\{closure}()
#26 /var/www/html/OTHERS/side/laundry/BE/vendor/illuminate/pipeline/Pipeline.php(119): Laravel\\Lumen\\Routing\\Pipeline->Laravel\\Lumen\\Routing\\{closure}()
#27 /var/www/html/OTHERS/side/laundry/BE/vendor/laravel/lumen-framework/src/Concerns/RoutesRequests.php(428): Illuminate\\Pipeline\\Pipeline->then()
#28 /var/www/html/OTHERS/side/laundry/BE/vendor/laravel/lumen-framework/src/Concerns/RoutesRequests.php(167): Laravel\\Lumen\\Application->sendThroughPipeline()
#29 /var/www/html/OTHERS/side/laundry/BE/vendor/laravel/lumen-framework/src/Concerns/RoutesRequests.php(112): Laravel\\Lumen\\Application->dispatch()
#30 /var/www/html/OTHERS/side/laundry/BE/public/index.php(28): Laravel\\Lumen\\Application->run()
#31 {main}
"} 
[2024-09-18 21:56:54] local.ERROR: SQLSTATE[42S22]: Column not found: 1054 Unknown column 'request_list.delivered_by' in 'on clause' (Connection: mysql, SQL: select `request_list`.`tgl_permintaan`, `request_list`.`tgl_selesai`, `users`.`nama`, `users`.`user_kru`, `request_list`.`no_permintaan`, `request_list`.`no_pickup`, `request_list`.`no_kamar`, `request_list`.`status`, `request_list`.`jam_pickup`, `request_list`.`jam_selesai`, `laundry_item`.`id_item` as `kode_pakaian`, `laundry_item`.`nama` as `nama_pakaian`, `request_detail`.`jml_item`, `request_detail`.`description` as `deskripsi`, `checker`.`nama` as `checked_by`, `delivery`.`nama` as `deliver_by` from `request_list` left join `request_detail` on `request_list`.`id` = `request_detail`.`request_list_id` left join `users` on `request_list`.`user_id` = `users`.`id` left join `users` as `checker` on `request_list`.`checked_by` = `users`.`id` left join `users` as `delivery` on `request_list`.`delivered_by` = `users`.`id` left join `laundry_item` on `laundry_item`.`id` = `request_detail`.`id_item` order by `request_list`.`id` desc) {"exception":"[object] (Illuminate\\Database\\QueryException(code: 42S22): SQLSTATE[42S22]: Column not found: 1054 Unknown column 'request_list.delivered_by' in 'on clause' (Connection: mysql, SQL: select `request_list`.`tgl_permintaan`, `request_list`.`tgl_selesai`, `users`.`nama`, `users`.`user_kru`, `request_list`.`no_permintaan`, `request_list`.`no_pickup`, `request_list`.`no_kamar`, `request_list`.`status`, `request_list`.`jam_pickup`, `request_list`.`jam_selesai`, `laundry_item`.`id_item` as `kode_pakaian`, `laundry_item`.`nama` as `nama_pakaian`, `request_detail`.`jml_item`, `request_detail`.`description` as `deskripsi`, `checker`.`nama` as `checked_by`, `delivery`.`nama` as `deliver_by` from `request_list` left join `request_detail` on `request_list`.`id` = `request_detail`.`request_list_id` left join `users` on `request_list`.`user_id` = `users`.`id` left join `users` as `checker` on `request_list`.`checked_by` = `users`.`id` left join `users` as `delivery` on `request_list`.`delivered_by` = `users`.`id` left join `laundry_item` on `laundry_item`.`id` = `request_detail`.`id_item` order by `request_list`.`id` desc) at /var/www/html/OTHERS/side/laundry/BE/vendor/illuminate/database/Connection.php:829)
[stacktrace]
#0 /var/www/html/OTHERS/side/laundry/BE/vendor/illuminate/database/Connection.php(783): Illuminate\\Database\\Connection->runQueryCallback()
#1 /var/www/html/OTHERS/side/laundry/BE/vendor/illuminate/database/Connection.php(414): Illuminate\\Database\\Connection->run()
#2 /var/www/html/OTHERS/side/laundry/BE/vendor/illuminate/database/Query/Builder.php(2871): Illuminate\\Database\\Connection->select()
#3 /var/www/html/OTHERS/side/laundry/BE/vendor/illuminate/database/Query/Builder.php(2860): Illuminate\\Database\\Query\\Builder->runSelect()
#4 /var/www/html/OTHERS/side/laundry/BE/vendor/illuminate/database/Query/Builder.php(3414): Illuminate\\Database\\Query\\Builder->Illuminate\\Database\\Query\\{closure}()
#5 /var/www/html/OTHERS/side/laundry/BE/vendor/illuminate/database/Query/Builder.php(2859): Illuminate\\Database\\Query\\Builder->onceWithColumns()
#6 /var/www/html/OTHERS/side/laundry/BE/vendor/illuminate/database/Eloquent/Builder.php(739): Illuminate\\Database\\Query\\Builder->get()
#7 /var/www/html/OTHERS/side/laundry/BE/vendor/illuminate/database/Eloquent/Builder.php(723): Illuminate\\Database\\Eloquent\\Builder->getModels()
#8 /var/www/html/OTHERS/side/laundry/BE/app/Http/Controllers/RequestListController.php(253): Illuminate\\Database\\Eloquent\\Builder->get()
#9 /var/www/html/OTHERS/side/laundry/BE/vendor/illuminate/container/BoundMethod.php(36): App\\Http\\Controllers\\RequestListController->downloadPdf()
#10 /var/www/html/OTHERS/side/laundry/BE/vendor/illuminate/container/Util.php(41): Illuminate\\Container\\BoundMethod::Illuminate\\Container\\{closure}()
#11 /var/www/html/OTHERS/side/laundry/BE/vendor/illuminate/container/BoundMethod.php(93): Illuminate\\Container\\Util::unwrapIfClosure()
#12 /var/www/html/OTHERS/side/laundry/BE/vendor/illuminate/container/BoundMethod.php(35): Illuminate\\Container\\BoundMethod::callBoundMethod()
#13 /var/www/html/OTHERS/side/laundry/BE/vendor/illuminate/container/Container.php(662): Illuminate\\Container\\BoundMethod::call()
#14 /var/www/html/OTHERS/side/laundry/BE/vendor/laravel/lumen-framework/src/Concerns/RoutesRequests.php(391): Illuminate\\Container\\Container->call()
#15 /var/www/html/OTHERS/side/laundry/BE/vendor/laravel/lumen-framework/src/Concerns/RoutesRequests.php(356): Laravel\\Lumen\\Application->callControllerCallable()
#16 /var/www/html/OTHERS/side/laundry/BE/vendor/laravel/lumen-framework/src/Concerns/RoutesRequests.php(331): Laravel\\Lumen\\Application->callLumenController()
#17 /var/www/html/OTHERS/side/laundry/BE/vendor/laravel/lumen-framework/src/Concerns/RoutesRequests.php(284): Laravel\\Lumen\\Application->callControllerAction()
#18 /var/www/html/OTHERS/side/laundry/BE/vendor/laravel/lumen-framework/src/Concerns/RoutesRequests.php(269): Laravel\\Lumen\\Application->callActionOnArrayBasedRoute()
#19 /var/www/html/OTHERS/side/laundry/BE/vendor/laravel/lumen-framework/src/Concerns/RoutesRequests.php(171): Laravel\\Lumen\\Application->handleFoundRoute()
#20 /var/www/html/OTHERS/side/laundry/BE/vendor/laravel/lumen-framework/src/Routing/Pipeline.php(48): Laravel\\Lumen\\Application->Laravel\\Lumen\\Concerns\\{closure}()
#21 /var/www/html/OTHERS/side/laundry/BE/app/Http/Middleware/CorsMiddleware.php(18): Laravel\\Lumen\\Routing\\Pipeline->Laravel\\Lumen\\Routing\\{closure}()
#22 /var/www/html/OTHERS/side/laundry/BE/vendor/illuminate/pipeline/Pipeline.php(183): App\\Http\\Middleware\\CorsMiddleware->handle()
#23 /var/www/html/OTHERS/side/laundry/BE/vendor/laravel/lumen-framework/src/Routing/Pipeline.php(30): Illuminate\\Pipeline\\Pipeline->Illuminate\\Pipeline\\{closure}()
#24 /var/www/html/OTHERS/side/laundry/BE/vendor/illuminate/pipeline/Pipeline.php(119): Laravel\\Lumen\\Routing\\Pipeline->Laravel\\Lumen\\Routing\\{closure}()
#25 /var/www/html/OTHERS/side/laundry/BE/vendor/laravel/lumen-framework/src/Concerns/RoutesRequests.php(428): Illuminate\\Pipeline\\Pipeline->then()
#26 /var/www/html/OTHERS/side/laundry/BE/vendor/laravel/lumen-framework/src/Concerns/RoutesRequests.php(167): Laravel\\Lumen\\Application->sendThroughPipeline()
#27 /var/www/html/OTHERS/side/laundry/BE/vendor/laravel/lumen-framework/src/Concerns/RoutesRequests.php(112): Laravel\\Lumen\\Application->dispatch()
#28 /var/www/html/OTHERS/side/laundry/BE/public/index.php(28): Laravel\\Lumen\\Application->run()
#29 {main}

[previous exception] [object] (PDOException(code: 42S22): SQLSTATE[42S22]: Column not found: 1054 Unknown column 'request_list.delivered_by' in 'on clause' at /var/www/html/OTHERS/side/laundry/BE/vendor/illuminate/database/Connection.php:423)
[stacktrace]
#0 /var/www/html/OTHERS/side/laundry/BE/vendor/illuminate/database/Connection.php(423): PDO->prepare()
#1 /var/www/html/OTHERS/side/laundry/BE/vendor/illuminate/database/Connection.php(816): Illuminate\\Database\\Connection->Illuminate\\Database\\{closure}()
#2 /var/www/html/OTHERS/side/laundry/BE/vendor/illuminate/database/Connection.php(783): Illuminate\\Database\\Connection->runQueryCallback()
#3 /var/www/html/OTHERS/side/laundry/BE/vendor/illuminate/database/Connection.php(414): Illuminate\\Database\\Connection->run()
#4 /var/www/html/OTHERS/side/laundry/BE/vendor/illuminate/database/Query/Builder.php(2871): Illuminate\\Database\\Connection->select()
#5 /var/www/html/OTHERS/side/laundry/BE/vendor/illuminate/database/Query/Builder.php(2860): Illuminate\\Database\\Query\\Builder->runSelect()
#6 /var/www/html/OTHERS/side/laundry/BE/vendor/illuminate/database/Query/Builder.php(3414): Illuminate\\Database\\Query\\Builder->Illuminate\\Database\\Query\\{closure}()
#7 /var/www/html/OTHERS/side/laundry/BE/vendor/illuminate/database/Query/Builder.php(2859): Illuminate\\Database\\Query\\Builder->onceWithColumns()
#8 /var/www/html/OTHERS/side/laundry/BE/vendor/illuminate/database/Eloquent/Builder.php(739): Illuminate\\Database\\Query\\Builder->get()
#9 /var/www/html/OTHERS/side/laundry/BE/vendor/illuminate/database/Eloquent/Builder.php(723): Illuminate\\Database\\Eloquent\\Builder->getModels()
#10 /var/www/html/OTHERS/side/laundry/BE/app/Http/Controllers/RequestListController.php(253): Illuminate\\Database\\Eloquent\\Builder->get()
#11 /var/www/html/OTHERS/side/laundry/BE/vendor/illuminate/container/BoundMethod.php(36): App\\Http\\Controllers\\RequestListController->downloadPdf()
#12 /var/www/html/OTHERS/side/laundry/BE/vendor/illuminate/container/Util.php(41): Illuminate\\Container\\BoundMethod::Illuminate\\Container\\{closure}()
#13 /var/www/html/OTHERS/side/laundry/BE/vendor/illuminate/container/BoundMethod.php(93): Illuminate\\Container\\Util::unwrapIfClosure()
#14 /var/www/html/OTHERS/side/laundry/BE/vendor/illuminate/container/BoundMethod.php(35): Illuminate\\Container\\BoundMethod::callBoundMethod()
#15 /var/www/html/OTHERS/side/laundry/BE/vendor/illuminate/container/Container.php(662): Illuminate\\Container\\BoundMethod::call()
#16 /var/www/html/OTHERS/side/laundry/BE/vendor/laravel/lumen-framework/src/Concerns/RoutesRequests.php(391): Illuminate\\Container\\Container->call()
#17 /var/www/html/OTHERS/side/laundry/BE/vendor/laravel/lumen-framework/src/Concerns/RoutesRequests.php(356): Laravel\\Lumen\\Application->callControllerCallable()
#18 /var/www/html/OTHERS/side/laundry/BE/vendor/laravel/lumen-framework/src/Concerns/RoutesRequests.php(331): Laravel\\Lumen\\Application->callLumenController()
#19 /var/www/html/OTHERS/side/laundry/BE/vendor/laravel/lumen-framework/src/Concerns/RoutesRequests.php(284): Laravel\\Lumen\\Application->callControllerAction()
#20 /var/www/html/OTHERS/side/laundry/BE/vendor/laravel/lumen-framework/src/Concerns/RoutesRequests.php(269): Laravel\\Lumen\\Application->callActionOnArrayBasedRoute()
#21 /var/www/html/OTHERS/side/laundry/BE/vendor/laravel/lumen-framework/src/Concerns/RoutesRequests.php(171): Laravel\\Lumen\\Application->handleFoundRoute()
#22 /var/www/html/OTHERS/side/laundry/BE/vendor/laravel/lumen-framework/src/Routing/Pipeline.php(48): Laravel\\Lumen\\Application->Laravel\\Lumen\\Concerns\\{closure}()
#23 /var/www/html/OTHERS/side/laundry/BE/app/Http/Middleware/CorsMiddleware.php(18): Laravel\\Lumen\\Routing\\Pipeline->Laravel\\Lumen\\Routing\\{closure}()
#24 /var/www/html/OTHERS/side/laundry/BE/vendor/illuminate/pipeline/Pipeline.php(183): App\\Http\\Middleware\\CorsMiddleware->handle()
#25 /var/www/html/OTHERS/side/laundry/BE/vendor/laravel/lumen-framework/src/Routing/Pipeline.php(30): Illuminate\\Pipeline\\Pipeline->Illuminate\\Pipeline\\{closure}()
#26 /var/www/html/OTHERS/side/laundry/BE/vendor/illuminate/pipeline/Pipeline.php(119): Laravel\\Lumen\\Routing\\Pipeline->Laravel\\Lumen\\Routing\\{closure}()
#27 /var/www/html/OTHERS/side/laundry/BE/vendor/laravel/lumen-framework/src/Concerns/RoutesRequests.php(428): Illuminate\\Pipeline\\Pipeline->then()
#28 /var/www/html/OTHERS/side/laundry/BE/vendor/laravel/lumen-framework/src/Concerns/RoutesRequests.php(167): Laravel\\Lumen\\Application->sendThroughPipeline()
#29 /var/www/html/OTHERS/side/laundry/BE/vendor/laravel/lumen-framework/src/Concerns/RoutesRequests.php(112): Laravel\\Lumen\\Application->dispatch()
#30 /var/www/html/OTHERS/side/laundry/BE/public/index.php(28): Laravel\\Lumen\\Application->run()
#31 {main}
"} 
[2024-09-18 22:03:22] local.ERROR: Call to a member function get() on string {"exception":"[object] (Error(code: 0): Call to a member function get() on string at /var/www/html/OTHERS/side/laundry/BE/app/Http/Controllers/RequestListController.php:256)
[stacktrace]
#0 /var/www/html/OTHERS/side/laundry/BE/vendor/illuminate/container/BoundMethod.php(36): App\\Http\\Controllers\\RequestListController->downloadPdf()
#1 /var/www/html/OTHERS/side/laundry/BE/vendor/illuminate/container/Util.php(41): Illuminate\\Container\\BoundMethod::Illuminate\\Container\\{closure}()
#2 /var/www/html/OTHERS/side/laundry/BE/vendor/illuminate/container/BoundMethod.php(93): Illuminate\\Container\\Util::unwrapIfClosure()
#3 /var/www/html/OTHERS/side/laundry/BE/vendor/illuminate/container/BoundMethod.php(35): Illuminate\\Container\\BoundMethod::callBoundMethod()
#4 /var/www/html/OTHERS/side/laundry/BE/vendor/illuminate/container/Container.php(662): Illuminate\\Container\\BoundMethod::call()
#5 /var/www/html/OTHERS/side/laundry/BE/vendor/laravel/lumen-framework/src/Concerns/RoutesRequests.php(391): Illuminate\\Container\\Container->call()
#6 /var/www/html/OTHERS/side/laundry/BE/vendor/laravel/lumen-framework/src/Concerns/RoutesRequests.php(356): Laravel\\Lumen\\Application->callControllerCallable()
#7 /var/www/html/OTHERS/side/laundry/BE/vendor/laravel/lumen-framework/src/Concerns/RoutesRequests.php(331): Laravel\\Lumen\\Application->callLumenController()
#8 /var/www/html/OTHERS/side/laundry/BE/vendor/laravel/lumen-framework/src/Concerns/RoutesRequests.php(284): Laravel\\Lumen\\Application->callControllerAction()
#9 /var/www/html/OTHERS/side/laundry/BE/vendor/laravel/lumen-framework/src/Concerns/RoutesRequests.php(269): Laravel\\Lumen\\Application->callActionOnArrayBasedRoute()
#10 /var/www/html/OTHERS/side/laundry/BE/vendor/laravel/lumen-framework/src/Concerns/RoutesRequests.php(171): Laravel\\Lumen\\Application->handleFoundRoute()
#11 /var/www/html/OTHERS/side/laundry/BE/vendor/laravel/lumen-framework/src/Routing/Pipeline.php(48): Laravel\\Lumen\\Application->Laravel\\Lumen\\Concerns\\{closure}()
#12 /var/www/html/OTHERS/side/laundry/BE/app/Http/Middleware/CorsMiddleware.php(18): Laravel\\Lumen\\Routing\\Pipeline->Laravel\\Lumen\\Routing\\{closure}()
#13 /var/www/html/OTHERS/side/laundry/BE/vendor/illuminate/pipeline/Pipeline.php(183): App\\Http\\Middleware\\CorsMiddleware->handle()
#14 /var/www/html/OTHERS/side/laundry/BE/vendor/laravel/lumen-framework/src/Routing/Pipeline.php(30): Illuminate\\Pipeline\\Pipeline->Illuminate\\Pipeline\\{closure}()
#15 /var/www/html/OTHERS/side/laundry/BE/vendor/illuminate/pipeline/Pipeline.php(119): Laravel\\Lumen\\Routing\\Pipeline->Laravel\\Lumen\\Routing\\{closure}()
#16 /var/www/html/OTHERS/side/laundry/BE/vendor/laravel/lumen-framework/src/Concerns/RoutesRequests.php(428): Illuminate\\Pipeline\\Pipeline->then()
#17 /var/www/html/OTHERS/side/laundry/BE/vendor/laravel/lumen-framework/src/Concerns/RoutesRequests.php(167): Laravel\\Lumen\\Application->sendThroughPipeline()
#18 /var/www/html/OTHERS/side/laundry/BE/vendor/laravel/lumen-framework/src/Concerns/RoutesRequests.php(112): Laravel\\Lumen\\Application->dispatch()
#19 /var/www/html/OTHERS/side/laundry/BE/public/index.php(28): Laravel\\Lumen\\Application->run()
#20 {main}
"} 
