[2024-10-04 06:48:20] local.ERROR: Class "App\Http\Controllers\Str" not found {"exception":"[object] (Error(code: 0): Class \"App\\Http\\Controllers\\Str\" not found at /var/www/html/OTHERS/side/laundry/BE/app/Http/Controllers/RequestDetailController.php:47)
[stacktrace]
#0 /var/www/html/OTHERS/side/laundry/BE/vendor/illuminate/container/BoundMethod.php(36): App\\Http\\Controllers\\RequestDetailController->update()
#1 /var/www/html/OTHERS/side/laundry/BE/vendor/illuminate/container/Util.php(41): Illuminate\\Container\\BoundMethod::Illuminate\\Container\\{closure}()
#2 /var/www/html/OTHERS/side/laundry/BE/vendor/illuminate/container/BoundMethod.php(93): Illuminate\\Container\\Util::unwrapIfClosure()
#3 /var/www/html/OTHERS/side/laundry/BE/vendor/illuminate/container/BoundMethod.php(35): Illuminate\\Container\\BoundMethod::callBoundMethod()
#4 /var/www/html/OTHERS/side/laundry/BE/vendor/illuminate/container/Container.php(662): Illuminate\\Container\\BoundMethod::call()
#5 /var/www/html/OTHERS/side/laundry/BE/vendor/laravel/lumen-framework/src/Concerns/RoutesRequests.php(391): Illuminate\\Container\\Container->call()
#6 /var/www/html/OTHERS/side/laundry/BE/vendor/laravel/lumen-framework/src/Concerns/RoutesRequests.php(356): Laravel\\Lumen\\Application->callControllerCallable()
#7 /var/www/html/OTHERS/side/laundry/BE/vendor/laravel/lumen-framework/src/Concerns/RoutesRequests.php(331): Laravel\\Lumen\\Application->callLumenController()
#8 /var/www/html/OTHERS/side/laundry/BE/vendor/laravel/lumen-framework/src/Concerns/RoutesRequests.php(284): Laravel\\Lumen\\Application->callControllerAction()
#9 /var/www/html/OTHERS/side/laundry/BE/vendor/laravel/lumen-framework/src/Concerns/RoutesRequests.php(264): Laravel\\Lumen\\Application->callActionOnArrayBasedRoute()
#10 /var/www/html/OTHERS/side/laundry/BE/vendor/laravel/lumen-framework/src/Routing/Pipeline.php(48): Laravel\\Lumen\\Application->Laravel\\Lumen\\Concerns\\{closure}()
#11 /var/www/html/OTHERS/side/laundry/BE/app/Http/Middleware/Authenticate.php(70): Laravel\\Lumen\\Routing\\Pipeline->Laravel\\Lumen\\Routing\\{closure}()
#12 /var/www/html/OTHERS/side/laundry/BE/vendor/illuminate/pipeline/Pipeline.php(183): App\\Http\\Middleware\\Authenticate->handle()
#13 /var/www/html/OTHERS/side/laundry/BE/vendor/laravel/lumen-framework/src/Routing/Pipeline.php(30): Illuminate\\Pipeline\\Pipeline->Illuminate\\Pipeline\\{closure}()
#14 /var/www/html/OTHERS/side/laundry/BE/vendor/illuminate/pipeline/Pipeline.php(119): Laravel\\Lumen\\Routing\\Pipeline->Laravel\\Lumen\\Routing\\{closure}()
#15 /var/www/html/OTHERS/side/laundry/BE/vendor/laravel/lumen-framework/src/Concerns/RoutesRequests.php(428): Illuminate\\Pipeline\\Pipeline->then()
#16 /var/www/html/OTHERS/side/laundry/BE/vendor/laravel/lumen-framework/src/Concerns/RoutesRequests.php(263): Laravel\\Lumen\\Application->sendThroughPipeline()
#17 /var/www/html/OTHERS/side/laundry/BE/vendor/laravel/lumen-framework/src/Concerns/RoutesRequests.php(239): Laravel\\Lumen\\Application->handleFoundRoute()
#18 /var/www/html/OTHERS/side/laundry/BE/vendor/laravel/lumen-framework/src/Concerns/RoutesRequests.php(174): Laravel\\Lumen\\Application->handleDispatcherResponse()
#19 /var/www/html/OTHERS/side/laundry/BE/vendor/laravel/lumen-framework/src/Routing/Pipeline.php(48): Laravel\\Lumen\\Application->Laravel\\Lumen\\Concerns\\{closure}()
#20 /var/www/html/OTHERS/side/laundry/BE/app/Http/Middleware/CorsMiddleware.php(18): Laravel\\Lumen\\Routing\\Pipeline->Laravel\\Lumen\\Routing\\{closure}()
#21 /var/www/html/OTHERS/side/laundry/BE/vendor/illuminate/pipeline/Pipeline.php(183): App\\Http\\Middleware\\CorsMiddleware->handle()
#22 /var/www/html/OTHERS/side/laundry/BE/vendor/laravel/lumen-framework/src/Routing/Pipeline.php(30): Illuminate\\Pipeline\\Pipeline->Illuminate\\Pipeline\\{closure}()
#23 /var/www/html/OTHERS/side/laundry/BE/vendor/illuminate/pipeline/Pipeline.php(119): Laravel\\Lumen\\Routing\\Pipeline->Laravel\\Lumen\\Routing\\{closure}()
#24 /var/www/html/OTHERS/side/laundry/BE/vendor/laravel/lumen-framework/src/Concerns/RoutesRequests.php(428): Illuminate\\Pipeline\\Pipeline->then()
#25 /var/www/html/OTHERS/side/laundry/BE/vendor/laravel/lumen-framework/src/Concerns/RoutesRequests.php(167): Laravel\\Lumen\\Application->sendThroughPipeline()
#26 /var/www/html/OTHERS/side/laundry/BE/vendor/laravel/lumen-framework/src/Concerns/RoutesRequests.php(112): Laravel\\Lumen\\Application->dispatch()
#27 /var/www/html/OTHERS/side/laundry/BE/public/index.php(28): Laravel\\Lumen\\Application->run()
#28 {main}
"} 
[2024-10-04 06:48:35] local.ERROR: Class "Str" not found {"exception":"[object] (Error(code: 0): Class \"Str\" not found at /var/www/html/OTHERS/side/laundry/BE/app/Http/Controllers/RequestDetailController.php:47)
[stacktrace]
#0 /var/www/html/OTHERS/side/laundry/BE/vendor/illuminate/container/BoundMethod.php(36): App\\Http\\Controllers\\RequestDetailController->update()
#1 /var/www/html/OTHERS/side/laundry/BE/vendor/illuminate/container/Util.php(41): Illuminate\\Container\\BoundMethod::Illuminate\\Container\\{closure}()
#2 /var/www/html/OTHERS/side/laundry/BE/vendor/illuminate/container/BoundMethod.php(93): Illuminate\\Container\\Util::unwrapIfClosure()
#3 /var/www/html/OTHERS/side/laundry/BE/vendor/illuminate/container/BoundMethod.php(35): Illuminate\\Container\\BoundMethod::callBoundMethod()
#4 /var/www/html/OTHERS/side/laundry/BE/vendor/illuminate/container/Container.php(662): Illuminate\\Container\\BoundMethod::call()
#5 /var/www/html/OTHERS/side/laundry/BE/vendor/laravel/lumen-framework/src/Concerns/RoutesRequests.php(391): Illuminate\\Container\\Container->call()
#6 /var/www/html/OTHERS/side/laundry/BE/vendor/laravel/lumen-framework/src/Concerns/RoutesRequests.php(356): Laravel\\Lumen\\Application->callControllerCallable()
#7 /var/www/html/OTHERS/side/laundry/BE/vendor/laravel/lumen-framework/src/Concerns/RoutesRequests.php(331): Laravel\\Lumen\\Application->callLumenController()
#8 /var/www/html/OTHERS/side/laundry/BE/vendor/laravel/lumen-framework/src/Concerns/RoutesRequests.php(284): Laravel\\Lumen\\Application->callControllerAction()
#9 /var/www/html/OTHERS/side/laundry/BE/vendor/laravel/lumen-framework/src/Concerns/RoutesRequests.php(264): Laravel\\Lumen\\Application->callActionOnArrayBasedRoute()
#10 /var/www/html/OTHERS/side/laundry/BE/vendor/laravel/lumen-framework/src/Routing/Pipeline.php(48): Laravel\\Lumen\\Application->Laravel\\Lumen\\Concerns\\{closure}()
#11 /var/www/html/OTHERS/side/laundry/BE/app/Http/Middleware/Authenticate.php(70): Laravel\\Lumen\\Routing\\Pipeline->Laravel\\Lumen\\Routing\\{closure}()
#12 /var/www/html/OTHERS/side/laundry/BE/vendor/illuminate/pipeline/Pipeline.php(183): App\\Http\\Middleware\\Authenticate->handle()
#13 /var/www/html/OTHERS/side/laundry/BE/vendor/laravel/lumen-framework/src/Routing/Pipeline.php(30): Illuminate\\Pipeline\\Pipeline->Illuminate\\Pipeline\\{closure}()
#14 /var/www/html/OTHERS/side/laundry/BE/vendor/illuminate/pipeline/Pipeline.php(119): Laravel\\Lumen\\Routing\\Pipeline->Laravel\\Lumen\\Routing\\{closure}()
#15 /var/www/html/OTHERS/side/laundry/BE/vendor/laravel/lumen-framework/src/Concerns/RoutesRequests.php(428): Illuminate\\Pipeline\\Pipeline->then()
#16 /var/www/html/OTHERS/side/laundry/BE/vendor/laravel/lumen-framework/src/Concerns/RoutesRequests.php(263): Laravel\\Lumen\\Application->sendThroughPipeline()
#17 /var/www/html/OTHERS/side/laundry/BE/vendor/laravel/lumen-framework/src/Concerns/RoutesRequests.php(239): Laravel\\Lumen\\Application->handleFoundRoute()
#18 /var/www/html/OTHERS/side/laundry/BE/vendor/laravel/lumen-framework/src/Concerns/RoutesRequests.php(174): Laravel\\Lumen\\Application->handleDispatcherResponse()
#19 /var/www/html/OTHERS/side/laundry/BE/vendor/laravel/lumen-framework/src/Routing/Pipeline.php(48): Laravel\\Lumen\\Application->Laravel\\Lumen\\Concerns\\{closure}()
#20 /var/www/html/OTHERS/side/laundry/BE/app/Http/Middleware/CorsMiddleware.php(18): Laravel\\Lumen\\Routing\\Pipeline->Laravel\\Lumen\\Routing\\{closure}()
#21 /var/www/html/OTHERS/side/laundry/BE/vendor/illuminate/pipeline/Pipeline.php(183): App\\Http\\Middleware\\CorsMiddleware->handle()
#22 /var/www/html/OTHERS/side/laundry/BE/vendor/laravel/lumen-framework/src/Routing/Pipeline.php(30): Illuminate\\Pipeline\\Pipeline->Illuminate\\Pipeline\\{closure}()
#23 /var/www/html/OTHERS/side/laundry/BE/vendor/illuminate/pipeline/Pipeline.php(119): Laravel\\Lumen\\Routing\\Pipeline->Laravel\\Lumen\\Routing\\{closure}()
#24 /var/www/html/OTHERS/side/laundry/BE/vendor/laravel/lumen-framework/src/Concerns/RoutesRequests.php(428): Illuminate\\Pipeline\\Pipeline->then()
#25 /var/www/html/OTHERS/side/laundry/BE/vendor/laravel/lumen-framework/src/Concerns/RoutesRequests.php(167): Laravel\\Lumen\\Application->sendThroughPipeline()
#26 /var/www/html/OTHERS/side/laundry/BE/vendor/laravel/lumen-framework/src/Concerns/RoutesRequests.php(112): Laravel\\Lumen\\Application->dispatch()
#27 /var/www/html/OTHERS/side/laundry/BE/public/index.php(28): Laravel\\Lumen\\Application->run()
#28 {main}
"} 
[2024-10-04 06:49:17] local.ERROR: Call to a member function move() on null {"exception":"[object] (Error(code: 0): Call to a member function move() on null at /var/www/html/OTHERS/side/laundry/BE/app/Http/Controllers/RequestDetailController.php:49)
[stacktrace]
#0 /var/www/html/OTHERS/side/laundry/BE/vendor/illuminate/container/BoundMethod.php(36): App\\Http\\Controllers\\RequestDetailController->update()
#1 /var/www/html/OTHERS/side/laundry/BE/vendor/illuminate/container/Util.php(41): Illuminate\\Container\\BoundMethod::Illuminate\\Container\\{closure}()
#2 /var/www/html/OTHERS/side/laundry/BE/vendor/illuminate/container/BoundMethod.php(93): Illuminate\\Container\\Util::unwrapIfClosure()
#3 /var/www/html/OTHERS/side/laundry/BE/vendor/illuminate/container/BoundMethod.php(35): Illuminate\\Container\\BoundMethod::callBoundMethod()
#4 /var/www/html/OTHERS/side/laundry/BE/vendor/illuminate/container/Container.php(662): Illuminate\\Container\\BoundMethod::call()
#5 /var/www/html/OTHERS/side/laundry/BE/vendor/laravel/lumen-framework/src/Concerns/RoutesRequests.php(391): Illuminate\\Container\\Container->call()
#6 /var/www/html/OTHERS/side/laundry/BE/vendor/laravel/lumen-framework/src/Concerns/RoutesRequests.php(356): Laravel\\Lumen\\Application->callControllerCallable()
#7 /var/www/html/OTHERS/side/laundry/BE/vendor/laravel/lumen-framework/src/Concerns/RoutesRequests.php(331): Laravel\\Lumen\\Application->callLumenController()
#8 /var/www/html/OTHERS/side/laundry/BE/vendor/laravel/lumen-framework/src/Concerns/RoutesRequests.php(284): Laravel\\Lumen\\Application->callControllerAction()
#9 /var/www/html/OTHERS/side/laundry/BE/vendor/laravel/lumen-framework/src/Concerns/RoutesRequests.php(264): Laravel\\Lumen\\Application->callActionOnArrayBasedRoute()
#10 /var/www/html/OTHERS/side/laundry/BE/vendor/laravel/lumen-framework/src/Routing/Pipeline.php(48): Laravel\\Lumen\\Application->Laravel\\Lumen\\Concerns\\{closure}()
#11 /var/www/html/OTHERS/side/laundry/BE/app/Http/Middleware/Authenticate.php(70): Laravel\\Lumen\\Routing\\Pipeline->Laravel\\Lumen\\Routing\\{closure}()
#12 /var/www/html/OTHERS/side/laundry/BE/vendor/illuminate/pipeline/Pipeline.php(183): App\\Http\\Middleware\\Authenticate->handle()
#13 /var/www/html/OTHERS/side/laundry/BE/vendor/laravel/lumen-framework/src/Routing/Pipeline.php(30): Illuminate\\Pipeline\\Pipeline->Illuminate\\Pipeline\\{closure}()
#14 /var/www/html/OTHERS/side/laundry/BE/vendor/illuminate/pipeline/Pipeline.php(119): Laravel\\Lumen\\Routing\\Pipeline->Laravel\\Lumen\\Routing\\{closure}()
#15 /var/www/html/OTHERS/side/laundry/BE/vendor/laravel/lumen-framework/src/Concerns/RoutesRequests.php(428): Illuminate\\Pipeline\\Pipeline->then()
#16 /var/www/html/OTHERS/side/laundry/BE/vendor/laravel/lumen-framework/src/Concerns/RoutesRequests.php(263): Laravel\\Lumen\\Application->sendThroughPipeline()
#17 /var/www/html/OTHERS/side/laundry/BE/vendor/laravel/lumen-framework/src/Concerns/RoutesRequests.php(239): Laravel\\Lumen\\Application->handleFoundRoute()
#18 /var/www/html/OTHERS/side/laundry/BE/vendor/laravel/lumen-framework/src/Concerns/RoutesRequests.php(174): Laravel\\Lumen\\Application->handleDispatcherResponse()
#19 /var/www/html/OTHERS/side/laundry/BE/vendor/laravel/lumen-framework/src/Routing/Pipeline.php(48): Laravel\\Lumen\\Application->Laravel\\Lumen\\Concerns\\{closure}()
#20 /var/www/html/OTHERS/side/laundry/BE/app/Http/Middleware/CorsMiddleware.php(18): Laravel\\Lumen\\Routing\\Pipeline->Laravel\\Lumen\\Routing\\{closure}()
#21 /var/www/html/OTHERS/side/laundry/BE/vendor/illuminate/pipeline/Pipeline.php(183): App\\Http\\Middleware\\CorsMiddleware->handle()
#22 /var/www/html/OTHERS/side/laundry/BE/vendor/laravel/lumen-framework/src/Routing/Pipeline.php(30): Illuminate\\Pipeline\\Pipeline->Illuminate\\Pipeline\\{closure}()
#23 /var/www/html/OTHERS/side/laundry/BE/vendor/illuminate/pipeline/Pipeline.php(119): Laravel\\Lumen\\Routing\\Pipeline->Laravel\\Lumen\\Routing\\{closure}()
#24 /var/www/html/OTHERS/side/laundry/BE/vendor/laravel/lumen-framework/src/Concerns/RoutesRequests.php(428): Illuminate\\Pipeline\\Pipeline->then()
#25 /var/www/html/OTHERS/side/laundry/BE/vendor/laravel/lumen-framework/src/Concerns/RoutesRequests.php(167): Laravel\\Lumen\\Application->sendThroughPipeline()
#26 /var/www/html/OTHERS/side/laundry/BE/vendor/laravel/lumen-framework/src/Concerns/RoutesRequests.php(112): Laravel\\Lumen\\Application->dispatch()
#27 /var/www/html/OTHERS/side/laundry/BE/public/index.php(28): Laravel\\Lumen\\Application->run()
#28 {main}
"} 
[2024-10-04 06:51:39] local.ERROR: Undefined property: Illuminate\Http\UploadedFile::$originalName {"exception":"[object] (ErrorException(code: 0): Undefined property: Illuminate\\Http\\UploadedFile::$originalName at /var/www/html/OTHERS/side/laundry/BE/app/Http/Controllers/RequestDetailController.php:49)
[stacktrace]
#0 /var/www/html/OTHERS/side/laundry/BE/vendor/laravel/lumen-framework/src/Concerns/RegistersExceptionHandlers.php(47): Laravel\\Lumen\\Application->handleError()
#1 /var/www/html/OTHERS/side/laundry/BE/app/Http/Controllers/RequestDetailController.php(49): Laravel\\Lumen\\Application->Laravel\\Lumen\\Concerns\\{closure}()
#2 /var/www/html/OTHERS/side/laundry/BE/vendor/illuminate/container/BoundMethod.php(36): App\\Http\\Controllers\\RequestDetailController->update()
#3 /var/www/html/OTHERS/side/laundry/BE/vendor/illuminate/container/Util.php(41): Illuminate\\Container\\BoundMethod::Illuminate\\Container\\{closure}()
#4 /var/www/html/OTHERS/side/laundry/BE/vendor/illuminate/container/BoundMethod.php(93): Illuminate\\Container\\Util::unwrapIfClosure()
#5 /var/www/html/OTHERS/side/laundry/BE/vendor/illuminate/container/BoundMethod.php(35): Illuminate\\Container\\BoundMethod::callBoundMethod()
#6 /var/www/html/OTHERS/side/laundry/BE/vendor/illuminate/container/Container.php(662): Illuminate\\Container\\BoundMethod::call()
#7 /var/www/html/OTHERS/side/laundry/BE/vendor/laravel/lumen-framework/src/Concerns/RoutesRequests.php(391): Illuminate\\Container\\Container->call()
#8 /var/www/html/OTHERS/side/laundry/BE/vendor/laravel/lumen-framework/src/Concerns/RoutesRequests.php(356): Laravel\\Lumen\\Application->callControllerCallable()
#9 /var/www/html/OTHERS/side/laundry/BE/vendor/laravel/lumen-framework/src/Concerns/RoutesRequests.php(331): Laravel\\Lumen\\Application->callLumenController()
#10 /var/www/html/OTHERS/side/laundry/BE/vendor/laravel/lumen-framework/src/Concerns/RoutesRequests.php(284): Laravel\\Lumen\\Application->callControllerAction()
#11 /var/www/html/OTHERS/side/laundry/BE/vendor/laravel/lumen-framework/src/Concerns/RoutesRequests.php(264): Laravel\\Lumen\\Application->callActionOnArrayBasedRoute()
#12 /var/www/html/OTHERS/side/laundry/BE/vendor/laravel/lumen-framework/src/Routing/Pipeline.php(48): Laravel\\Lumen\\Application->Laravel\\Lumen\\Concerns\\{closure}()
#13 /var/www/html/OTHERS/side/laundry/BE/app/Http/Middleware/Authenticate.php(70): Laravel\\Lumen\\Routing\\Pipeline->Laravel\\Lumen\\Routing\\{closure}()
#14 /var/www/html/OTHERS/side/laundry/BE/vendor/illuminate/pipeline/Pipeline.php(183): App\\Http\\Middleware\\Authenticate->handle()
#15 /var/www/html/OTHERS/side/laundry/BE/vendor/laravel/lumen-framework/src/Routing/Pipeline.php(30): Illuminate\\Pipeline\\Pipeline->Illuminate\\Pipeline\\{closure}()
#16 /var/www/html/OTHERS/side/laundry/BE/vendor/illuminate/pipeline/Pipeline.php(119): Laravel\\Lumen\\Routing\\Pipeline->Laravel\\Lumen\\Routing\\{closure}()
#17 /var/www/html/OTHERS/side/laundry/BE/vendor/laravel/lumen-framework/src/Concerns/RoutesRequests.php(428): Illuminate\\Pipeline\\Pipeline->then()
#18 /var/www/html/OTHERS/side/laundry/BE/vendor/laravel/lumen-framework/src/Concerns/RoutesRequests.php(263): Laravel\\Lumen\\Application->sendThroughPipeline()
#19 /var/www/html/OTHERS/side/laundry/BE/vendor/laravel/lumen-framework/src/Concerns/RoutesRequests.php(239): Laravel\\Lumen\\Application->handleFoundRoute()
#20 /var/www/html/OTHERS/side/laundry/BE/vendor/laravel/lumen-framework/src/Concerns/RoutesRequests.php(174): Laravel\\Lumen\\Application->handleDispatcherResponse()
#21 /var/www/html/OTHERS/side/laundry/BE/vendor/laravel/lumen-framework/src/Routing/Pipeline.php(48): Laravel\\Lumen\\Application->Laravel\\Lumen\\Concerns\\{closure}()
#22 /var/www/html/OTHERS/side/laundry/BE/app/Http/Middleware/CorsMiddleware.php(18): Laravel\\Lumen\\Routing\\Pipeline->Laravel\\Lumen\\Routing\\{closure}()
#23 /var/www/html/OTHERS/side/laundry/BE/vendor/illuminate/pipeline/Pipeline.php(183): App\\Http\\Middleware\\CorsMiddleware->handle()
#24 /var/www/html/OTHERS/side/laundry/BE/vendor/laravel/lumen-framework/src/Routing/Pipeline.php(30): Illuminate\\Pipeline\\Pipeline->Illuminate\\Pipeline\\{closure}()
#25 /var/www/html/OTHERS/side/laundry/BE/vendor/illuminate/pipeline/Pipeline.php(119): Laravel\\Lumen\\Routing\\Pipeline->Laravel\\Lumen\\Routing\\{closure}()
#26 /var/www/html/OTHERS/side/laundry/BE/vendor/laravel/lumen-framework/src/Concerns/RoutesRequests.php(428): Illuminate\\Pipeline\\Pipeline->then()
#27 /var/www/html/OTHERS/side/laundry/BE/vendor/laravel/lumen-framework/src/Concerns/RoutesRequests.php(167): Laravel\\Lumen\\Application->sendThroughPipeline()
#28 /var/www/html/OTHERS/side/laundry/BE/vendor/laravel/lumen-framework/src/Concerns/RoutesRequests.php(112): Laravel\\Lumen\\Application->dispatch()
#29 /var/www/html/OTHERS/side/laundry/BE/public/index.php(28): Laravel\\Lumen\\Application->run()
#30 {main}
"} 
[2024-10-04 06:51:54] local.ERROR: Method Illuminate\Http\UploadedFile::getOriginalName does not exist. {"exception":"[object] (BadMethodCallException(code: 0): Method Illuminate\\Http\\UploadedFile::getOriginalName does not exist. at /var/www/html/OTHERS/side/laundry/BE/vendor/illuminate/macroable/Traits/Macroable.php:112)
[stacktrace]
#0 /var/www/html/OTHERS/side/laundry/BE/app/Http/Controllers/RequestDetailController.php(49): Illuminate\\Http\\UploadedFile->__call()
#1 /var/www/html/OTHERS/side/laundry/BE/vendor/illuminate/container/BoundMethod.php(36): App\\Http\\Controllers\\RequestDetailController->update()
#2 /var/www/html/OTHERS/side/laundry/BE/vendor/illuminate/container/Util.php(41): Illuminate\\Container\\BoundMethod::Illuminate\\Container\\{closure}()
#3 /var/www/html/OTHERS/side/laundry/BE/vendor/illuminate/container/BoundMethod.php(93): Illuminate\\Container\\Util::unwrapIfClosure()
#4 /var/www/html/OTHERS/side/laundry/BE/vendor/illuminate/container/BoundMethod.php(35): Illuminate\\Container\\BoundMethod::callBoundMethod()
#5 /var/www/html/OTHERS/side/laundry/BE/vendor/illuminate/container/Container.php(662): Illuminate\\Container\\BoundMethod::call()
#6 /var/www/html/OTHERS/side/laundry/BE/vendor/laravel/lumen-framework/src/Concerns/RoutesRequests.php(391): Illuminate\\Container\\Container->call()
#7 /var/www/html/OTHERS/side/laundry/BE/vendor/laravel/lumen-framework/src/Concerns/RoutesRequests.php(356): Laravel\\Lumen\\Application->callControllerCallable()
#8 /var/www/html/OTHERS/side/laundry/BE/vendor/laravel/lumen-framework/src/Concerns/RoutesRequests.php(331): Laravel\\Lumen\\Application->callLumenController()
#9 /var/www/html/OTHERS/side/laundry/BE/vendor/laravel/lumen-framework/src/Concerns/RoutesRequests.php(284): Laravel\\Lumen\\Application->callControllerAction()
#10 /var/www/html/OTHERS/side/laundry/BE/vendor/laravel/lumen-framework/src/Concerns/RoutesRequests.php(264): Laravel\\Lumen\\Application->callActionOnArrayBasedRoute()
#11 /var/www/html/OTHERS/side/laundry/BE/vendor/laravel/lumen-framework/src/Routing/Pipeline.php(48): Laravel\\Lumen\\Application->Laravel\\Lumen\\Concerns\\{closure}()
#12 /var/www/html/OTHERS/side/laundry/BE/app/Http/Middleware/Authenticate.php(70): Laravel\\Lumen\\Routing\\Pipeline->Laravel\\Lumen\\Routing\\{closure}()
#13 /var/www/html/OTHERS/side/laundry/BE/vendor/illuminate/pipeline/Pipeline.php(183): App\\Http\\Middleware\\Authenticate->handle()
#14 /var/www/html/OTHERS/side/laundry/BE/vendor/laravel/lumen-framework/src/Routing/Pipeline.php(30): Illuminate\\Pipeline\\Pipeline->Illuminate\\Pipeline\\{closure}()
#15 /var/www/html/OTHERS/side/laundry/BE/vendor/illuminate/pipeline/Pipeline.php(119): Laravel\\Lumen\\Routing\\Pipeline->Laravel\\Lumen\\Routing\\{closure}()
#16 /var/www/html/OTHERS/side/laundry/BE/vendor/laravel/lumen-framework/src/Concerns/RoutesRequests.php(428): Illuminate\\Pipeline\\Pipeline->then()
#17 /var/www/html/OTHERS/side/laundry/BE/vendor/laravel/lumen-framework/src/Concerns/RoutesRequests.php(263): Laravel\\Lumen\\Application->sendThroughPipeline()
#18 /var/www/html/OTHERS/side/laundry/BE/vendor/laravel/lumen-framework/src/Concerns/RoutesRequests.php(239): Laravel\\Lumen\\Application->handleFoundRoute()
#19 /var/www/html/OTHERS/side/laundry/BE/vendor/laravel/lumen-framework/src/Concerns/RoutesRequests.php(174): Laravel\\Lumen\\Application->handleDispatcherResponse()
#20 /var/www/html/OTHERS/side/laundry/BE/vendor/laravel/lumen-framework/src/Routing/Pipeline.php(48): Laravel\\Lumen\\Application->Laravel\\Lumen\\Concerns\\{closure}()
#21 /var/www/html/OTHERS/side/laundry/BE/app/Http/Middleware/CorsMiddleware.php(18): Laravel\\Lumen\\Routing\\Pipeline->Laravel\\Lumen\\Routing\\{closure}()
#22 /var/www/html/OTHERS/side/laundry/BE/vendor/illuminate/pipeline/Pipeline.php(183): App\\Http\\Middleware\\CorsMiddleware->handle()
#23 /var/www/html/OTHERS/side/laundry/BE/vendor/laravel/lumen-framework/src/Routing/Pipeline.php(30): Illuminate\\Pipeline\\Pipeline->Illuminate\\Pipeline\\{closure}()
#24 /var/www/html/OTHERS/side/laundry/BE/vendor/illuminate/pipeline/Pipeline.php(119): Laravel\\Lumen\\Routing\\Pipeline->Laravel\\Lumen\\Routing\\{closure}()
#25 /var/www/html/OTHERS/side/laundry/BE/vendor/laravel/lumen-framework/src/Concerns/RoutesRequests.php(428): Illuminate\\Pipeline\\Pipeline->then()
#26 /var/www/html/OTHERS/side/laundry/BE/vendor/laravel/lumen-framework/src/Concerns/RoutesRequests.php(167): Laravel\\Lumen\\Application->sendThroughPipeline()
#27 /var/www/html/OTHERS/side/laundry/BE/vendor/laravel/lumen-framework/src/Concerns/RoutesRequests.php(112): Laravel\\Lumen\\Application->dispatch()
#28 /var/www/html/OTHERS/side/laundry/BE/public/index.php(28): Laravel\\Lumen\\Application->run()
#29 {main}
"} 
[2024-10-04 07:10:43] local.ERROR: There are no commands defined in the "storage" namespace. {"exception":"[object] (Symfony\\Component\\Console\\Exception\\NamespaceNotFoundException(code: 0): There are no commands defined in the \"storage\" namespace. at /var/www/html/OTHERS/side/laundry/BE/vendor/symfony/console/Application.php:669)
[stacktrace]
#0 /var/www/html/OTHERS/side/laundry/BE/vendor/symfony/console/Application.php(720): Symfony\\Component\\Console\\Application->findNamespace()
#1 /var/www/html/OTHERS/side/laundry/BE/vendor/symfony/console/Application.php(266): Symfony\\Component\\Console\\Application->find()
#2 /var/www/html/OTHERS/side/laundry/BE/vendor/symfony/console/Application.php(175): Symfony\\Component\\Console\\Application->doRun()
#3 /var/www/html/OTHERS/side/laundry/BE/vendor/laravel/lumen-framework/src/Console/Kernel.php(160): Symfony\\Component\\Console\\Application->run()
#4 /var/www/html/OTHERS/side/laundry/BE/artisan(35): Laravel\\Lumen\\Console\\Kernel->handle()
#5 {main}
"} 
[2024-10-04 07:16:38] local.ERROR: Target class [App\Http\Controllers\Request] does not exist. {"exception":"[object] (Illuminate\\Contracts\\Container\\BindingResolutionException(code: 0): Target class [App\\Http\\Controllers\\Request] does not exist. at /var/www/html/OTHERS/side/laundry/BE/vendor/illuminate/container/Container.php:914)
[stacktrace]
#0 /var/www/html/OTHERS/side/laundry/BE/vendor/illuminate/container/Container.php(795): Illuminate\\Container\\Container->build()
#1 /var/www/html/OTHERS/side/laundry/BE/vendor/illuminate/container/Container.php(731): Illuminate\\Container\\Container->resolve()
#2 /var/www/html/OTHERS/side/laundry/BE/vendor/laravel/lumen-framework/src/Application.php(327): Illuminate\\Container\\Container->make()
#3 /var/www/html/OTHERS/side/laundry/BE/vendor/illuminate/container/BoundMethod.php(181): Laravel\\Lumen\\Application->make()
#4 /var/www/html/OTHERS/side/laundry/BE/vendor/illuminate/container/BoundMethod.php(124): Illuminate\\Container\\BoundMethod::addDependencyForCallParameter()
#5 /var/www/html/OTHERS/side/laundry/BE/vendor/illuminate/container/BoundMethod.php(36): Illuminate\\Container\\BoundMethod::getMethodDependencies()
#6 /var/www/html/OTHERS/side/laundry/BE/vendor/illuminate/container/Util.php(41): Illuminate\\Container\\BoundMethod::Illuminate\\Container\\{closure}()
#7 /var/www/html/OTHERS/side/laundry/BE/vendor/illuminate/container/BoundMethod.php(93): Illuminate\\Container\\Util::unwrapIfClosure()
#8 /var/www/html/OTHERS/side/laundry/BE/vendor/illuminate/container/BoundMethod.php(35): Illuminate\\Container\\BoundMethod::callBoundMethod()
#9 /var/www/html/OTHERS/side/laundry/BE/vendor/illuminate/container/Container.php(662): Illuminate\\Container\\BoundMethod::call()
#10 /var/www/html/OTHERS/side/laundry/BE/vendor/laravel/lumen-framework/src/Concerns/RoutesRequests.php(391): Illuminate\\Container\\Container->call()
#11 /var/www/html/OTHERS/side/laundry/BE/vendor/laravel/lumen-framework/src/Concerns/RoutesRequests.php(356): Laravel\\Lumen\\Application->callControllerCallable()
#12 /var/www/html/OTHERS/side/laundry/BE/vendor/laravel/lumen-framework/src/Concerns/RoutesRequests.php(331): Laravel\\Lumen\\Application->callLumenController()
#13 /var/www/html/OTHERS/side/laundry/BE/vendor/laravel/lumen-framework/src/Concerns/RoutesRequests.php(284): Laravel\\Lumen\\Application->callControllerAction()
#14 /var/www/html/OTHERS/side/laundry/BE/vendor/laravel/lumen-framework/src/Concerns/RoutesRequests.php(269): Laravel\\Lumen\\Application->callActionOnArrayBasedRoute()
#15 /var/www/html/OTHERS/side/laundry/BE/vendor/laravel/lumen-framework/src/Concerns/RoutesRequests.php(171): Laravel\\Lumen\\Application->handleFoundRoute()
#16 /var/www/html/OTHERS/side/laundry/BE/vendor/laravel/lumen-framework/src/Routing/Pipeline.php(48): Laravel\\Lumen\\Application->Laravel\\Lumen\\Concerns\\{closure}()
#17 /var/www/html/OTHERS/side/laundry/BE/app/Http/Middleware/CorsMiddleware.php(18): Laravel\\Lumen\\Routing\\Pipeline->Laravel\\Lumen\\Routing\\{closure}()
#18 /var/www/html/OTHERS/side/laundry/BE/vendor/illuminate/pipeline/Pipeline.php(183): App\\Http\\Middleware\\CorsMiddleware->handle()
#19 /var/www/html/OTHERS/side/laundry/BE/vendor/laravel/lumen-framework/src/Routing/Pipeline.php(30): Illuminate\\Pipeline\\Pipeline->Illuminate\\Pipeline\\{closure}()
#20 /var/www/html/OTHERS/side/laundry/BE/vendor/illuminate/pipeline/Pipeline.php(119): Laravel\\Lumen\\Routing\\Pipeline->Laravel\\Lumen\\Routing\\{closure}()
#21 /var/www/html/OTHERS/side/laundry/BE/vendor/laravel/lumen-framework/src/Concerns/RoutesRequests.php(428): Illuminate\\Pipeline\\Pipeline->then()
#22 /var/www/html/OTHERS/side/laundry/BE/vendor/laravel/lumen-framework/src/Concerns/RoutesRequests.php(167): Laravel\\Lumen\\Application->sendThroughPipeline()
#23 /var/www/html/OTHERS/side/laundry/BE/vendor/laravel/lumen-framework/src/Concerns/RoutesRequests.php(112): Laravel\\Lumen\\Application->dispatch()
#24 /var/www/html/OTHERS/side/laundry/BE/public/index.php(28): Laravel\\Lumen\\Application->run()
#25 {main}

[previous exception] [object] (ReflectionException(code: -1): Class \"App\\Http\\Controllers\\Request\" does not exist at /var/www/html/OTHERS/side/laundry/BE/vendor/illuminate/container/Container.php:912)
[stacktrace]
#0 /var/www/html/OTHERS/side/laundry/BE/vendor/illuminate/container/Container.php(912): ReflectionClass->__construct()
#1 /var/www/html/OTHERS/side/laundry/BE/vendor/illuminate/container/Container.php(795): Illuminate\\Container\\Container->build()
#2 /var/www/html/OTHERS/side/laundry/BE/vendor/illuminate/container/Container.php(731): Illuminate\\Container\\Container->resolve()
#3 /var/www/html/OTHERS/side/laundry/BE/vendor/laravel/lumen-framework/src/Application.php(327): Illuminate\\Container\\Container->make()
#4 /var/www/html/OTHERS/side/laundry/BE/vendor/illuminate/container/BoundMethod.php(181): Laravel\\Lumen\\Application->make()
#5 /var/www/html/OTHERS/side/laundry/BE/vendor/illuminate/container/BoundMethod.php(124): Illuminate\\Container\\BoundMethod::addDependencyForCallParameter()
#6 /var/www/html/OTHERS/side/laundry/BE/vendor/illuminate/container/BoundMethod.php(36): Illuminate\\Container\\BoundMethod::getMethodDependencies()
#7 /var/www/html/OTHERS/side/laundry/BE/vendor/illuminate/container/Util.php(41): Illuminate\\Container\\BoundMethod::Illuminate\\Container\\{closure}()
#8 /var/www/html/OTHERS/side/laundry/BE/vendor/illuminate/container/BoundMethod.php(93): Illuminate\\Container\\Util::unwrapIfClosure()
#9 /var/www/html/OTHERS/side/laundry/BE/vendor/illuminate/container/BoundMethod.php(35): Illuminate\\Container\\BoundMethod::callBoundMethod()
#10 /var/www/html/OTHERS/side/laundry/BE/vendor/illuminate/container/Container.php(662): Illuminate\\Container\\BoundMethod::call()
#11 /var/www/html/OTHERS/side/laundry/BE/vendor/laravel/lumen-framework/src/Concerns/RoutesRequests.php(391): Illuminate\\Container\\Container->call()
#12 /var/www/html/OTHERS/side/laundry/BE/vendor/laravel/lumen-framework/src/Concerns/RoutesRequests.php(356): Laravel\\Lumen\\Application->callControllerCallable()
#13 /var/www/html/OTHERS/side/laundry/BE/vendor/laravel/lumen-framework/src/Concerns/RoutesRequests.php(331): Laravel\\Lumen\\Application->callLumenController()
#14 /var/www/html/OTHERS/side/laundry/BE/vendor/laravel/lumen-framework/src/Concerns/RoutesRequests.php(284): Laravel\\Lumen\\Application->callControllerAction()
#15 /var/www/html/OTHERS/side/laundry/BE/vendor/laravel/lumen-framework/src/Concerns/RoutesRequests.php(269): Laravel\\Lumen\\Application->callActionOnArrayBasedRoute()
#16 /var/www/html/OTHERS/side/laundry/BE/vendor/laravel/lumen-framework/src/Concerns/RoutesRequests.php(171): Laravel\\Lumen\\Application->handleFoundRoute()
#17 /var/www/html/OTHERS/side/laundry/BE/vendor/laravel/lumen-framework/src/Routing/Pipeline.php(48): Laravel\\Lumen\\Application->Laravel\\Lumen\\Concerns\\{closure}()
#18 /var/www/html/OTHERS/side/laundry/BE/app/Http/Middleware/CorsMiddleware.php(18): Laravel\\Lumen\\Routing\\Pipeline->Laravel\\Lumen\\Routing\\{closure}()
#19 /var/www/html/OTHERS/side/laundry/BE/vendor/illuminate/pipeline/Pipeline.php(183): App\\Http\\Middleware\\CorsMiddleware->handle()
#20 /var/www/html/OTHERS/side/laundry/BE/vendor/laravel/lumen-framework/src/Routing/Pipeline.php(30): Illuminate\\Pipeline\\Pipeline->Illuminate\\Pipeline\\{closure}()
#21 /var/www/html/OTHERS/side/laundry/BE/vendor/illuminate/pipeline/Pipeline.php(119): Laravel\\Lumen\\Routing\\Pipeline->Laravel\\Lumen\\Routing\\{closure}()
#22 /var/www/html/OTHERS/side/laundry/BE/vendor/laravel/lumen-framework/src/Concerns/RoutesRequests.php(428): Illuminate\\Pipeline\\Pipeline->then()
#23 /var/www/html/OTHERS/side/laundry/BE/vendor/laravel/lumen-framework/src/Concerns/RoutesRequests.php(167): Laravel\\Lumen\\Application->sendThroughPipeline()
#24 /var/www/html/OTHERS/side/laundry/BE/vendor/laravel/lumen-framework/src/Concerns/RoutesRequests.php(112): Laravel\\Lumen\\Application->dispatch()
#25 /var/www/html/OTHERS/side/laundry/BE/public/index.php(28): Laravel\\Lumen\\Application->run()
#26 {main}
"} 
[2024-10-04 07:22:17] local.ERROR: Method Illuminate\Database\Eloquent\Collection::maps does not exist. {"exception":"[object] (BadMethodCallException(code: 0): Method Illuminate\\Database\\Eloquent\\Collection::maps does not exist. at /var/www/html/OTHERS/side/laundry/BE/vendor/illuminate/macroable/Traits/Macroable.php:112)
[stacktrace]
#0 /var/www/html/OTHERS/side/laundry/BE/app/Http/Controllers/RequestListController.php(56): Illuminate\\Support\\Collection->__call()
#1 /var/www/html/OTHERS/side/laundry/BE/vendor/illuminate/container/BoundMethod.php(36): App\\Http\\Controllers\\RequestListController->show()
#2 /var/www/html/OTHERS/side/laundry/BE/vendor/illuminate/container/Util.php(41): Illuminate\\Container\\BoundMethod::Illuminate\\Container\\{closure}()
#3 /var/www/html/OTHERS/side/laundry/BE/vendor/illuminate/container/BoundMethod.php(93): Illuminate\\Container\\Util::unwrapIfClosure()
#4 /var/www/html/OTHERS/side/laundry/BE/vendor/illuminate/container/BoundMethod.php(35): Illuminate\\Container\\BoundMethod::callBoundMethod()
#5 /var/www/html/OTHERS/side/laundry/BE/vendor/illuminate/container/Container.php(662): Illuminate\\Container\\BoundMethod::call()
#6 /var/www/html/OTHERS/side/laundry/BE/vendor/laravel/lumen-framework/src/Concerns/RoutesRequests.php(391): Illuminate\\Container\\Container->call()
#7 /var/www/html/OTHERS/side/laundry/BE/vendor/laravel/lumen-framework/src/Concerns/RoutesRequests.php(356): Laravel\\Lumen\\Application->callControllerCallable()
#8 /var/www/html/OTHERS/side/laundry/BE/vendor/laravel/lumen-framework/src/Concerns/RoutesRequests.php(331): Laravel\\Lumen\\Application->callLumenController()
#9 /var/www/html/OTHERS/side/laundry/BE/vendor/laravel/lumen-framework/src/Concerns/RoutesRequests.php(284): Laravel\\Lumen\\Application->callControllerAction()
#10 /var/www/html/OTHERS/side/laundry/BE/vendor/laravel/lumen-framework/src/Concerns/RoutesRequests.php(264): Laravel\\Lumen\\Application->callActionOnArrayBasedRoute()
#11 /var/www/html/OTHERS/side/laundry/BE/vendor/laravel/lumen-framework/src/Routing/Pipeline.php(48): Laravel\\Lumen\\Application->Laravel\\Lumen\\Concerns\\{closure}()
#12 /var/www/html/OTHERS/side/laundry/BE/app/Http/Middleware/Authenticate.php(70): Laravel\\Lumen\\Routing\\Pipeline->Laravel\\Lumen\\Routing\\{closure}()
#13 /var/www/html/OTHERS/side/laundry/BE/vendor/illuminate/pipeline/Pipeline.php(183): App\\Http\\Middleware\\Authenticate->handle()
#14 /var/www/html/OTHERS/side/laundry/BE/vendor/laravel/lumen-framework/src/Routing/Pipeline.php(30): Illuminate\\Pipeline\\Pipeline->Illuminate\\Pipeline\\{closure}()
#15 /var/www/html/OTHERS/side/laundry/BE/vendor/illuminate/pipeline/Pipeline.php(119): Laravel\\Lumen\\Routing\\Pipeline->Laravel\\Lumen\\Routing\\{closure}()
#16 /var/www/html/OTHERS/side/laundry/BE/vendor/laravel/lumen-framework/src/Concerns/RoutesRequests.php(428): Illuminate\\Pipeline\\Pipeline->then()
#17 /var/www/html/OTHERS/side/laundry/BE/vendor/laravel/lumen-framework/src/Concerns/RoutesRequests.php(263): Laravel\\Lumen\\Application->sendThroughPipeline()
#18 /var/www/html/OTHERS/side/laundry/BE/vendor/laravel/lumen-framework/src/Concerns/RoutesRequests.php(239): Laravel\\Lumen\\Application->handleFoundRoute()
#19 /var/www/html/OTHERS/side/laundry/BE/vendor/laravel/lumen-framework/src/Concerns/RoutesRequests.php(174): Laravel\\Lumen\\Application->handleDispatcherResponse()
#20 /var/www/html/OTHERS/side/laundry/BE/vendor/laravel/lumen-framework/src/Routing/Pipeline.php(48): Laravel\\Lumen\\Application->Laravel\\Lumen\\Concerns\\{closure}()
#21 /var/www/html/OTHERS/side/laundry/BE/app/Http/Middleware/CorsMiddleware.php(18): Laravel\\Lumen\\Routing\\Pipeline->Laravel\\Lumen\\Routing\\{closure}()
#22 /var/www/html/OTHERS/side/laundry/BE/vendor/illuminate/pipeline/Pipeline.php(183): App\\Http\\Middleware\\CorsMiddleware->handle()
#23 /var/www/html/OTHERS/side/laundry/BE/vendor/laravel/lumen-framework/src/Routing/Pipeline.php(30): Illuminate\\Pipeline\\Pipeline->Illuminate\\Pipeline\\{closure}()
#24 /var/www/html/OTHERS/side/laundry/BE/vendor/illuminate/pipeline/Pipeline.php(119): Laravel\\Lumen\\Routing\\Pipeline->Laravel\\Lumen\\Routing\\{closure}()
#25 /var/www/html/OTHERS/side/laundry/BE/vendor/laravel/lumen-framework/src/Concerns/RoutesRequests.php(428): Illuminate\\Pipeline\\Pipeline->then()
#26 /var/www/html/OTHERS/side/laundry/BE/vendor/laravel/lumen-framework/src/Concerns/RoutesRequests.php(167): Laravel\\Lumen\\Application->sendThroughPipeline()
#27 /var/www/html/OTHERS/side/laundry/BE/vendor/laravel/lumen-framework/src/Concerns/RoutesRequests.php(112): Laravel\\Lumen\\Application->dispatch()
#28 /var/www/html/OTHERS/side/laundry/BE/public/index.php(28): Laravel\\Lumen\\Application->run()
#29 {main}
"} 
