[2024-08-27 08:28:49] local.ERROR: There are no commands defined in the "vendor" namespace. {"exception":"[object] (Symfony\\Component\\Console\\Exception\\NamespaceNotFoundException(code: 0): There are no commands defined in the \"vendor\" namespace. at /var/www/html/OTHERS/laundry_api/vendor/symfony/console/Application.php:669)
[stacktrace]
#0 /var/www/html/OTHERS/laundry_api/vendor/symfony/console/Application.php(720): Symfony\\Component\\Console\\Application->findNamespace()
#1 /var/www/html/OTHERS/laundry_api/vendor/symfony/console/Application.php(266): Symfony\\Component\\Console\\Application->find()
#2 /var/www/html/OTHERS/laundry_api/vendor/symfony/console/Application.php(175): Symfony\\Component\\Console\\Application->doRun()
#3 /var/www/html/OTHERS/laundry_api/vendor/laravel/lumen-framework/src/Console/Kernel.php(160): Symfony\\Component\\Console\\Application->run()
#4 /var/www/html/OTHERS/laundry_api/artisan(35): Laravel\\Lumen\\Console\\Kernel->handle()
#5 {main}
"} 
[2024-08-27 08:28:55] local.ERROR: There are no commands defined in the "vendor" namespace. {"exception":"[object] (Symfony\\Component\\Console\\Exception\\NamespaceNotFoundException(code: 0): There are no commands defined in the \"vendor\" namespace. at /var/www/html/OTHERS/laundry_api/vendor/symfony/console/Application.php:669)
[stacktrace]
#0 /var/www/html/OTHERS/laundry_api/vendor/symfony/console/Application.php(720): Symfony\\Component\\Console\\Application->findNamespace()
#1 /var/www/html/OTHERS/laundry_api/vendor/symfony/console/Application.php(266): Symfony\\Component\\Console\\Application->find()
#2 /var/www/html/OTHERS/laundry_api/vendor/symfony/console/Application.php(175): Symfony\\Component\\Console\\Application->doRun()
#3 /var/www/html/OTHERS/laundry_api/vendor/laravel/lumen-framework/src/Console/Kernel.php(160): Symfony\\Component\\Console\\Application->run()
#4 /var/www/html/OTHERS/laundry_api/artisan(35): Laravel\\Lumen\\Console\\Kernel->handle()
#5 {main}
"} 
[2024-08-27 08:30:09] local.ERROR: Class "Illuminate\Foundation\Providers\ConsoleSupportServiceProvider" not found {"exception":"[object] (Error(code: 0): Class \"Illuminate\\Foundation\\Providers\\ConsoleSupportServiceProvider\" not found at /var/www/html/OTHERS/laundry_api/vendor/laravel/lumen-framework/src/Application.php:250)
[stacktrace]
#0 /var/www/html/OTHERS/laundry_api/bootstrap/app.php(99): Laravel\\Lumen\\Application->register()
#1 /var/www/html/OTHERS/laundry_api/artisan(18): require('...')
#2 {main}
"} 
[2024-08-27 08:30:21] local.ERROR: Class "Illuminate\Foundation\Providers\ConsoleSupportServiceProvider" not found {"exception":"[object] (Error(code: 0): Class \"Illuminate\\Foundation\\Providers\\ConsoleSupportServiceProvider\" not found at /var/www/html/OTHERS/laundry_api/vendor/laravel/lumen-framework/src/Application.php:250)
[stacktrace]
#0 /var/www/html/OTHERS/laundry_api/bootstrap/app.php(99): Laravel\\Lumen\\Application->register()
#1 /var/www/html/OTHERS/laundry_api/artisan(18): require('...')
#2 {main}
"} 
[2024-08-27 08:42:38] local.ERROR: Class "Illuminate\Foundation\Providers\ConsoleSupportServiceProvider" not found {"exception":"[object] (Error(code: 0): Class \"Illuminate\\Foundation\\Providers\\ConsoleSupportServiceProvider\" not found at /var/www/html/OTHERS/laundry_api/vendor/laravel/lumen-framework/src/Application.php:250)
[stacktrace]
#0 /var/www/html/OTHERS/laundry_api/bootstrap/app.php(99): Laravel\\Lumen\\Application->register()
#1 /var/www/html/OTHERS/laundry_api/artisan(18): require('...')
#2 {main}
"} 
[2024-08-27 08:44:27] local.ERROR: Class "Database\Seeders\DB" not found {"exception":"[object] (Error(code: 0): Class \"Database\\Seeders\\DB\" not found at /var/www/html/OTHERS/laundry_api/database/seeders/UserSeeder.php:15)
[stacktrace]
#0 /var/www/html/OTHERS/laundry_api/vendor/illuminate/container/BoundMethod.php(36): Database\\Seeders\\UserSeeder->run()
#1 /var/www/html/OTHERS/laundry_api/vendor/illuminate/container/Util.php(41): Illuminate\\Container\\BoundMethod::Illuminate\\Container\\{closure}()
#2 /var/www/html/OTHERS/laundry_api/vendor/illuminate/container/BoundMethod.php(93): Illuminate\\Container\\Util::unwrapIfClosure()
#3 /var/www/html/OTHERS/laundry_api/vendor/illuminate/container/BoundMethod.php(35): Illuminate\\Container\\BoundMethod::callBoundMethod()
#4 /var/www/html/OTHERS/laundry_api/vendor/illuminate/container/Container.php(662): Illuminate\\Container\\BoundMethod::call()
#5 /var/www/html/OTHERS/laundry_api/vendor/illuminate/database/Seeder.php(184): Illuminate\\Container\\Container->call()
#6 /var/www/html/OTHERS/laundry_api/vendor/illuminate/database/Seeder.php(193): Illuminate\\Database\\Seeder->Illuminate\\Database\\{closure}()
#7 /var/www/html/OTHERS/laundry_api/vendor/illuminate/database/Console/Seeds/SeedCommand.php(70): Illuminate\\Database\\Seeder->__invoke()
#8 /var/www/html/OTHERS/laundry_api/vendor/illuminate/database/Eloquent/Concerns/GuardsAttributes.php(155): Illuminate\\Database\\Console\\Seeds\\SeedCommand->Illuminate\\Database\\Console\\Seeds\\{closure}()
#9 /var/www/html/OTHERS/laundry_api/vendor/illuminate/database/Console/Seeds/SeedCommand.php(69): Illuminate\\Database\\Eloquent\\Model::unguarded()
#10 /var/www/html/OTHERS/laundry_api/vendor/illuminate/container/BoundMethod.php(36): Illuminate\\Database\\Console\\Seeds\\SeedCommand->handle()
#11 /var/www/html/OTHERS/laundry_api/vendor/illuminate/container/Util.php(41): Illuminate\\Container\\BoundMethod::Illuminate\\Container\\{closure}()
#12 /var/www/html/OTHERS/laundry_api/vendor/illuminate/container/BoundMethod.php(93): Illuminate\\Container\\Util::unwrapIfClosure()
#13 /var/www/html/OTHERS/laundry_api/vendor/illuminate/container/BoundMethod.php(35): Illuminate\\Container\\BoundMethod::callBoundMethod()
#14 /var/www/html/OTHERS/laundry_api/vendor/illuminate/container/Container.php(662): Illuminate\\Container\\BoundMethod::call()
#15 /var/www/html/OTHERS/laundry_api/vendor/illuminate/console/Command.php(211): Illuminate\\Container\\Container->call()
#16 /var/www/html/OTHERS/laundry_api/vendor/symfony/console/Command/Command.php(326): Illuminate\\Console\\Command->execute()
#17 /var/www/html/OTHERS/laundry_api/vendor/illuminate/console/Command.php(180): Symfony\\Component\\Console\\Command\\Command->run()
#18 /var/www/html/OTHERS/laundry_api/vendor/symfony/console/Application.php(1078): Illuminate\\Console\\Command->run()
#19 /var/www/html/OTHERS/laundry_api/vendor/symfony/console/Application.php(324): Symfony\\Component\\Console\\Application->doRunCommand()
#20 /var/www/html/OTHERS/laundry_api/vendor/symfony/console/Application.php(175): Symfony\\Component\\Console\\Application->doRun()
#21 /var/www/html/OTHERS/laundry_api/vendor/laravel/lumen-framework/src/Console/Kernel.php(160): Symfony\\Component\\Console\\Application->run()
#22 /var/www/html/OTHERS/laundry_api/artisan(35): Laravel\\Lumen\\Console\\Kernel->handle()
#23 {main}
"} 
[2024-08-27 08:46:06] local.ERROR: There are no commands defined in the "jwt" namespace. {"exception":"[object] (Symfony\\Component\\Console\\Exception\\NamespaceNotFoundException(code: 0): There are no commands defined in the \"jwt\" namespace. at /var/www/html/OTHERS/laundry_api/vendor/symfony/console/Application.php:669)
[stacktrace]
#0 /var/www/html/OTHERS/laundry_api/vendor/symfony/console/Application.php(720): Symfony\\Component\\Console\\Application->findNamespace()
#1 /var/www/html/OTHERS/laundry_api/vendor/symfony/console/Application.php(266): Symfony\\Component\\Console\\Application->find()
#2 /var/www/html/OTHERS/laundry_api/vendor/symfony/console/Application.php(175): Symfony\\Component\\Console\\Application->doRun()
#3 /var/www/html/OTHERS/laundry_api/vendor/laravel/lumen-framework/src/Console/Kernel.php(160): Symfony\\Component\\Console\\Application->run()
#4 /var/www/html/OTHERS/laundry_api/artisan(35): Laravel\\Lumen\\Console\\Kernel->handle()
#5 {main}
"} 
[2024-08-27 08:48:52] local.ERROR: Call to undefined method Illuminate\Database\Query\Builder::create() {"exception":"[object] (BadMethodCallException(code: 0): Call to undefined method Illuminate\\Database\\Query\\Builder::create() at /var/www/html/OTHERS/laundry_api/vendor/illuminate/support/Traits/ForwardsCalls.php:67)
[stacktrace]
#0 /var/www/html/OTHERS/laundry_api/vendor/illuminate/database/Query/Builder.php(4118): Illuminate\\Database\\Query\\Builder::throwBadMethodCallException()
#1 /var/www/html/OTHERS/laundry_api/database/seeders/UserSeeder.php(16): Illuminate\\Database\\Query\\Builder->__call()
#2 /var/www/html/OTHERS/laundry_api/vendor/illuminate/container/BoundMethod.php(36): Database\\Seeders\\UserSeeder->run()
#3 /var/www/html/OTHERS/laundry_api/vendor/illuminate/container/Util.php(41): Illuminate\\Container\\BoundMethod::Illuminate\\Container\\{closure}()
#4 /var/www/html/OTHERS/laundry_api/vendor/illuminate/container/BoundMethod.php(93): Illuminate\\Container\\Util::unwrapIfClosure()
#5 /var/www/html/OTHERS/laundry_api/vendor/illuminate/container/BoundMethod.php(35): Illuminate\\Container\\BoundMethod::callBoundMethod()
#6 /var/www/html/OTHERS/laundry_api/vendor/illuminate/container/Container.php(662): Illuminate\\Container\\BoundMethod::call()
#7 /var/www/html/OTHERS/laundry_api/vendor/illuminate/database/Seeder.php(184): Illuminate\\Container\\Container->call()
#8 /var/www/html/OTHERS/laundry_api/vendor/illuminate/database/Seeder.php(193): Illuminate\\Database\\Seeder->Illuminate\\Database\\{closure}()
#9 /var/www/html/OTHERS/laundry_api/vendor/illuminate/database/Console/Seeds/SeedCommand.php(70): Illuminate\\Database\\Seeder->__invoke()
#10 /var/www/html/OTHERS/laundry_api/vendor/illuminate/database/Eloquent/Concerns/GuardsAttributes.php(155): Illuminate\\Database\\Console\\Seeds\\SeedCommand->Illuminate\\Database\\Console\\Seeds\\{closure}()
#11 /var/www/html/OTHERS/laundry_api/vendor/illuminate/database/Console/Seeds/SeedCommand.php(69): Illuminate\\Database\\Eloquent\\Model::unguarded()
#12 /var/www/html/OTHERS/laundry_api/vendor/illuminate/container/BoundMethod.php(36): Illuminate\\Database\\Console\\Seeds\\SeedCommand->handle()
#13 /var/www/html/OTHERS/laundry_api/vendor/illuminate/container/Util.php(41): Illuminate\\Container\\BoundMethod::Illuminate\\Container\\{closure}()
#14 /var/www/html/OTHERS/laundry_api/vendor/illuminate/container/BoundMethod.php(93): Illuminate\\Container\\Util::unwrapIfClosure()
#15 /var/www/html/OTHERS/laundry_api/vendor/illuminate/container/BoundMethod.php(35): Illuminate\\Container\\BoundMethod::callBoundMethod()
#16 /var/www/html/OTHERS/laundry_api/vendor/illuminate/container/Container.php(662): Illuminate\\Container\\BoundMethod::call()
#17 /var/www/html/OTHERS/laundry_api/vendor/illuminate/console/Command.php(211): Illuminate\\Container\\Container->call()
#18 /var/www/html/OTHERS/laundry_api/vendor/symfony/console/Command/Command.php(326): Illuminate\\Console\\Command->execute()
#19 /var/www/html/OTHERS/laundry_api/vendor/illuminate/console/Command.php(180): Symfony\\Component\\Console\\Command\\Command->run()
#20 /var/www/html/OTHERS/laundry_api/vendor/symfony/console/Application.php(1078): Illuminate\\Console\\Command->run()
#21 /var/www/html/OTHERS/laundry_api/vendor/symfony/console/Application.php(324): Symfony\\Component\\Console\\Application->doRunCommand()
#22 /var/www/html/OTHERS/laundry_api/vendor/symfony/console/Application.php(175): Symfony\\Component\\Console\\Application->doRun()
#23 /var/www/html/OTHERS/laundry_api/vendor/laravel/lumen-framework/src/Console/Kernel.php(160): Symfony\\Component\\Console\\Application->run()
#24 /var/www/html/OTHERS/laundry_api/artisan(35): Laravel\\Lumen\\Console\\Kernel->handle()
#25 {main}
"} 
[2024-08-27 08:49:00] local.ERROR: SQLSTATE[23000]: Integrity constraint violation: 1062 Duplicate entry 'johndoe@example.com' for key 'users.users_email_unique' (Connection: mysql, SQL: insert into `users` (`alamat`, `email`, `nama`, `no_telp`, `password`, `role`, `username`) values (Jl. Cendana Tangerang, johndoe@example.com, John Doe, 081111111, 5f4dcc3b5aa765d61d8327deb882cf99, admin, johndoe@example.com), (Jl. Mahoni Tangerang, checker@example.com, Checker, 08222222, 5f4dcc3b5aa765d61d8327deb882cf99, checker, checker@example.com), (Jl. Jati Tangerang, guset_doe@example.com, Guest Doe, 08333333, 5f4dcc3b5aa765d61d8327deb882cf99, guest, guset_doe@example.com), (Jl. Cemara Tangerang, operator@example.com, Operator Doe, 08444444, 5f4dcc3b5aa765d61d8327deb882cf99, operator, operator@example.com)) {"exception":"[object] (Illuminate\\Database\\UniqueConstraintViolationException(code: 23000): SQLSTATE[23000]: Integrity constraint violation: 1062 Duplicate entry 'johndoe@example.com' for key 'users.users_email_unique' (Connection: mysql, SQL: insert into `users` (`alamat`, `email`, `nama`, `no_telp`, `password`, `role`, `username`) values (Jl. Cendana Tangerang, johndoe@example.com, John Doe, 081111111, 5f4dcc3b5aa765d61d8327deb882cf99, admin, johndoe@example.com), (Jl. Mahoni Tangerang, checker@example.com, Checker, 08222222, 5f4dcc3b5aa765d61d8327deb882cf99, checker, checker@example.com), (Jl. Jati Tangerang, guset_doe@example.com, Guest Doe, 08333333, 5f4dcc3b5aa765d61d8327deb882cf99, guest, guset_doe@example.com), (Jl. Cemara Tangerang, operator@example.com, Operator Doe, 08444444, 5f4dcc3b5aa765d61d8327deb882cf99, operator, operator@example.com)) at /var/www/html/OTHERS/laundry_api/vendor/illuminate/database/Connection.php:824)
[stacktrace]
#0 /var/www/html/OTHERS/laundry_api/vendor/illuminate/database/Connection.php(783): Illuminate\\Database\\Connection->runQueryCallback()
#1 /var/www/html/OTHERS/laundry_api/vendor/illuminate/database/MySqlConnection.php(34): Illuminate\\Database\\Connection->run()
#2 /var/www/html/OTHERS/laundry_api/vendor/illuminate/database/Query/Builder.php(3456): Illuminate\\Database\\MySqlConnection->insert()
#3 /var/www/html/OTHERS/laundry_api/database/seeders/UserSeeder.php(16): Illuminate\\Database\\Query\\Builder->insert()
#4 /var/www/html/OTHERS/laundry_api/vendor/illuminate/container/BoundMethod.php(36): Database\\Seeders\\UserSeeder->run()
#5 /var/www/html/OTHERS/laundry_api/vendor/illuminate/container/Util.php(41): Illuminate\\Container\\BoundMethod::Illuminate\\Container\\{closure}()
#6 /var/www/html/OTHERS/laundry_api/vendor/illuminate/container/BoundMethod.php(93): Illuminate\\Container\\Util::unwrapIfClosure()
#7 /var/www/html/OTHERS/laundry_api/vendor/illuminate/container/BoundMethod.php(35): Illuminate\\Container\\BoundMethod::callBoundMethod()
#8 /var/www/html/OTHERS/laundry_api/vendor/illuminate/container/Container.php(662): Illuminate\\Container\\BoundMethod::call()
#9 /var/www/html/OTHERS/laundry_api/vendor/illuminate/database/Seeder.php(184): Illuminate\\Container\\Container->call()
#10 /var/www/html/OTHERS/laundry_api/vendor/illuminate/database/Seeder.php(193): Illuminate\\Database\\Seeder->Illuminate\\Database\\{closure}()
#11 /var/www/html/OTHERS/laundry_api/vendor/illuminate/database/Console/Seeds/SeedCommand.php(70): Illuminate\\Database\\Seeder->__invoke()
#12 /var/www/html/OTHERS/laundry_api/vendor/illuminate/database/Eloquent/Concerns/GuardsAttributes.php(155): Illuminate\\Database\\Console\\Seeds\\SeedCommand->Illuminate\\Database\\Console\\Seeds\\{closure}()
#13 /var/www/html/OTHERS/laundry_api/vendor/illuminate/database/Console/Seeds/SeedCommand.php(69): Illuminate\\Database\\Eloquent\\Model::unguarded()
#14 /var/www/html/OTHERS/laundry_api/vendor/illuminate/container/BoundMethod.php(36): Illuminate\\Database\\Console\\Seeds\\SeedCommand->handle()
#15 /var/www/html/OTHERS/laundry_api/vendor/illuminate/container/Util.php(41): Illuminate\\Container\\BoundMethod::Illuminate\\Container\\{closure}()
#16 /var/www/html/OTHERS/laundry_api/vendor/illuminate/container/BoundMethod.php(93): Illuminate\\Container\\Util::unwrapIfClosure()
#17 /var/www/html/OTHERS/laundry_api/vendor/illuminate/container/BoundMethod.php(35): Illuminate\\Container\\BoundMethod::callBoundMethod()
#18 /var/www/html/OTHERS/laundry_api/vendor/illuminate/container/Container.php(662): Illuminate\\Container\\BoundMethod::call()
#19 /var/www/html/OTHERS/laundry_api/vendor/illuminate/console/Command.php(211): Illuminate\\Container\\Container->call()
#20 /var/www/html/OTHERS/laundry_api/vendor/symfony/console/Command/Command.php(326): Illuminate\\Console\\Command->execute()
#21 /var/www/html/OTHERS/laundry_api/vendor/illuminate/console/Command.php(180): Symfony\\Component\\Console\\Command\\Command->run()
#22 /var/www/html/OTHERS/laundry_api/vendor/symfony/console/Application.php(1078): Illuminate\\Console\\Command->run()
#23 /var/www/html/OTHERS/laundry_api/vendor/symfony/console/Application.php(324): Symfony\\Component\\Console\\Application->doRunCommand()
#24 /var/www/html/OTHERS/laundry_api/vendor/symfony/console/Application.php(175): Symfony\\Component\\Console\\Application->doRun()
#25 /var/www/html/OTHERS/laundry_api/vendor/laravel/lumen-framework/src/Console/Kernel.php(160): Symfony\\Component\\Console\\Application->run()
#26 /var/www/html/OTHERS/laundry_api/artisan(35): Laravel\\Lumen\\Console\\Kernel->handle()
#27 {main}

[previous exception] [object] (PDOException(code: 23000): SQLSTATE[23000]: Integrity constraint violation: 1062 Duplicate entry 'johndoe@example.com' for key 'users.users_email_unique' at /var/www/html/OTHERS/laundry_api/vendor/illuminate/database/MySqlConnection.php:45)
[stacktrace]
#0 /var/www/html/OTHERS/laundry_api/vendor/illuminate/database/MySqlConnection.php(45): PDOStatement->execute()
#1 /var/www/html/OTHERS/laundry_api/vendor/illuminate/database/Connection.php(816): Illuminate\\Database\\MySqlConnection->Illuminate\\Database\\{closure}()
#2 /var/www/html/OTHERS/laundry_api/vendor/illuminate/database/Connection.php(783): Illuminate\\Database\\Connection->runQueryCallback()
#3 /var/www/html/OTHERS/laundry_api/vendor/illuminate/database/MySqlConnection.php(34): Illuminate\\Database\\Connection->run()
#4 /var/www/html/OTHERS/laundry_api/vendor/illuminate/database/Query/Builder.php(3456): Illuminate\\Database\\MySqlConnection->insert()
#5 /var/www/html/OTHERS/laundry_api/database/seeders/UserSeeder.php(16): Illuminate\\Database\\Query\\Builder->insert()
#6 /var/www/html/OTHERS/laundry_api/vendor/illuminate/container/BoundMethod.php(36): Database\\Seeders\\UserSeeder->run()
#7 /var/www/html/OTHERS/laundry_api/vendor/illuminate/container/Util.php(41): Illuminate\\Container\\BoundMethod::Illuminate\\Container\\{closure}()
#8 /var/www/html/OTHERS/laundry_api/vendor/illuminate/container/BoundMethod.php(93): Illuminate\\Container\\Util::unwrapIfClosure()
#9 /var/www/html/OTHERS/laundry_api/vendor/illuminate/container/BoundMethod.php(35): Illuminate\\Container\\BoundMethod::callBoundMethod()
#10 /var/www/html/OTHERS/laundry_api/vendor/illuminate/container/Container.php(662): Illuminate\\Container\\BoundMethod::call()
#11 /var/www/html/OTHERS/laundry_api/vendor/illuminate/database/Seeder.php(184): Illuminate\\Container\\Container->call()
#12 /var/www/html/OTHERS/laundry_api/vendor/illuminate/database/Seeder.php(193): Illuminate\\Database\\Seeder->Illuminate\\Database\\{closure}()
#13 /var/www/html/OTHERS/laundry_api/vendor/illuminate/database/Console/Seeds/SeedCommand.php(70): Illuminate\\Database\\Seeder->__invoke()
#14 /var/www/html/OTHERS/laundry_api/vendor/illuminate/database/Eloquent/Concerns/GuardsAttributes.php(155): Illuminate\\Database\\Console\\Seeds\\SeedCommand->Illuminate\\Database\\Console\\Seeds\\{closure}()
#15 /var/www/html/OTHERS/laundry_api/vendor/illuminate/database/Console/Seeds/SeedCommand.php(69): Illuminate\\Database\\Eloquent\\Model::unguarded()
#16 /var/www/html/OTHERS/laundry_api/vendor/illuminate/container/BoundMethod.php(36): Illuminate\\Database\\Console\\Seeds\\SeedCommand->handle()
#17 /var/www/html/OTHERS/laundry_api/vendor/illuminate/container/Util.php(41): Illuminate\\Container\\BoundMethod::Illuminate\\Container\\{closure}()
#18 /var/www/html/OTHERS/laundry_api/vendor/illuminate/container/BoundMethod.php(93): Illuminate\\Container\\Util::unwrapIfClosure()
#19 /var/www/html/OTHERS/laundry_api/vendor/illuminate/container/BoundMethod.php(35): Illuminate\\Container\\BoundMethod::callBoundMethod()
#20 /var/www/html/OTHERS/laundry_api/vendor/illuminate/container/Container.php(662): Illuminate\\Container\\BoundMethod::call()
#21 /var/www/html/OTHERS/laundry_api/vendor/illuminate/console/Command.php(211): Illuminate\\Container\\Container->call()
#22 /var/www/html/OTHERS/laundry_api/vendor/symfony/console/Command/Command.php(326): Illuminate\\Console\\Command->execute()
#23 /var/www/html/OTHERS/laundry_api/vendor/illuminate/console/Command.php(180): Symfony\\Component\\Console\\Command\\Command->run()
#24 /var/www/html/OTHERS/laundry_api/vendor/symfony/console/Application.php(1078): Illuminate\\Console\\Command->run()
#25 /var/www/html/OTHERS/laundry_api/vendor/symfony/console/Application.php(324): Symfony\\Component\\Console\\Application->doRunCommand()
#26 /var/www/html/OTHERS/laundry_api/vendor/symfony/console/Application.php(175): Symfony\\Component\\Console\\Application->doRun()
#27 /var/www/html/OTHERS/laundry_api/vendor/laravel/lumen-framework/src/Console/Kernel.php(160): Symfony\\Component\\Console\\Application->run()
#28 /var/www/html/OTHERS/laundry_api/artisan(35): Laravel\\Lumen\\Console\\Kernel->handle()
#29 {main}
"} 
[2024-08-27 08:49:26] local.ERROR: SQLSTATE[23000]: Integrity constraint violation: 1062 Duplicate entry 'johndoe@example.com' for key 'users.users_email_unique' (Connection: mysql, SQL: insert into `users` (`alamat`, `email`, `nama`, `no_telp`, `password`, `role`, `username`) values (Jl. Cendana Tangerang, johndoe@example.com, John Doe, 081111111, 5f4dcc3b5aa765d61d8327deb882cf99, admin, johndoe@example.com), (Jl. Mahoni Tangerang, checker@example.com, Checker, 08222222, 5f4dcc3b5aa765d61d8327deb882cf99, checker, checker@example.com), (Jl. Jati Tangerang, guset_doe@example.com, Guest Doe, 08333333, 5f4dcc3b5aa765d61d8327deb882cf99, guest, guset_doe@example.com), (Jl. Cemara Tangerang, operator@example.com, Operator Doe, 08444444, 5f4dcc3b5aa765d61d8327deb882cf99, operator, operator@example.com)) {"exception":"[object] (Illuminate\\Database\\UniqueConstraintViolationException(code: 23000): SQLSTATE[23000]: Integrity constraint violation: 1062 Duplicate entry 'johndoe@example.com' for key 'users.users_email_unique' (Connection: mysql, SQL: insert into `users` (`alamat`, `email`, `nama`, `no_telp`, `password`, `role`, `username`) values (Jl. Cendana Tangerang, johndoe@example.com, John Doe, 081111111, 5f4dcc3b5aa765d61d8327deb882cf99, admin, johndoe@example.com), (Jl. Mahoni Tangerang, checker@example.com, Checker, 08222222, 5f4dcc3b5aa765d61d8327deb882cf99, checker, checker@example.com), (Jl. Jati Tangerang, guset_doe@example.com, Guest Doe, 08333333, 5f4dcc3b5aa765d61d8327deb882cf99, guest, guset_doe@example.com), (Jl. Cemara Tangerang, operator@example.com, Operator Doe, 08444444, 5f4dcc3b5aa765d61d8327deb882cf99, operator, operator@example.com)) at /var/www/html/OTHERS/laundry_api/vendor/illuminate/database/Connection.php:824)
[stacktrace]
#0 /var/www/html/OTHERS/laundry_api/vendor/illuminate/database/Connection.php(783): Illuminate\\Database\\Connection->runQueryCallback()
#1 /var/www/html/OTHERS/laundry_api/vendor/illuminate/database/MySqlConnection.php(34): Illuminate\\Database\\Connection->run()
#2 /var/www/html/OTHERS/laundry_api/vendor/illuminate/database/Query/Builder.php(3456): Illuminate\\Database\\MySqlConnection->insert()
#3 /var/www/html/OTHERS/laundry_api/database/seeders/UserSeeder.php(16): Illuminate\\Database\\Query\\Builder->insert()
#4 /var/www/html/OTHERS/laundry_api/vendor/illuminate/container/BoundMethod.php(36): Database\\Seeders\\UserSeeder->run()
#5 /var/www/html/OTHERS/laundry_api/vendor/illuminate/container/Util.php(41): Illuminate\\Container\\BoundMethod::Illuminate\\Container\\{closure}()
#6 /var/www/html/OTHERS/laundry_api/vendor/illuminate/container/BoundMethod.php(93): Illuminate\\Container\\Util::unwrapIfClosure()
#7 /var/www/html/OTHERS/laundry_api/vendor/illuminate/container/BoundMethod.php(35): Illuminate\\Container\\BoundMethod::callBoundMethod()
#8 /var/www/html/OTHERS/laundry_api/vendor/illuminate/container/Container.php(662): Illuminate\\Container\\BoundMethod::call()
#9 /var/www/html/OTHERS/laundry_api/vendor/illuminate/database/Seeder.php(184): Illuminate\\Container\\Container->call()
#10 /var/www/html/OTHERS/laundry_api/vendor/illuminate/database/Seeder.php(193): Illuminate\\Database\\Seeder->Illuminate\\Database\\{closure}()
#11 /var/www/html/OTHERS/laundry_api/vendor/illuminate/database/Console/Seeds/SeedCommand.php(70): Illuminate\\Database\\Seeder->__invoke()
#12 /var/www/html/OTHERS/laundry_api/vendor/illuminate/database/Eloquent/Concerns/GuardsAttributes.php(155): Illuminate\\Database\\Console\\Seeds\\SeedCommand->Illuminate\\Database\\Console\\Seeds\\{closure}()
#13 /var/www/html/OTHERS/laundry_api/vendor/illuminate/database/Console/Seeds/SeedCommand.php(69): Illuminate\\Database\\Eloquent\\Model::unguarded()
#14 /var/www/html/OTHERS/laundry_api/vendor/illuminate/container/BoundMethod.php(36): Illuminate\\Database\\Console\\Seeds\\SeedCommand->handle()
#15 /var/www/html/OTHERS/laundry_api/vendor/illuminate/container/Util.php(41): Illuminate\\Container\\BoundMethod::Illuminate\\Container\\{closure}()
#16 /var/www/html/OTHERS/laundry_api/vendor/illuminate/container/BoundMethod.php(93): Illuminate\\Container\\Util::unwrapIfClosure()
#17 /var/www/html/OTHERS/laundry_api/vendor/illuminate/container/BoundMethod.php(35): Illuminate\\Container\\BoundMethod::callBoundMethod()
#18 /var/www/html/OTHERS/laundry_api/vendor/illuminate/container/Container.php(662): Illuminate\\Container\\BoundMethod::call()
#19 /var/www/html/OTHERS/laundry_api/vendor/illuminate/console/Command.php(211): Illuminate\\Container\\Container->call()
#20 /var/www/html/OTHERS/laundry_api/vendor/symfony/console/Command/Command.php(326): Illuminate\\Console\\Command->execute()
#21 /var/www/html/OTHERS/laundry_api/vendor/illuminate/console/Command.php(180): Symfony\\Component\\Console\\Command\\Command->run()
#22 /var/www/html/OTHERS/laundry_api/vendor/symfony/console/Application.php(1078): Illuminate\\Console\\Command->run()
#23 /var/www/html/OTHERS/laundry_api/vendor/symfony/console/Application.php(324): Symfony\\Component\\Console\\Application->doRunCommand()
#24 /var/www/html/OTHERS/laundry_api/vendor/symfony/console/Application.php(175): Symfony\\Component\\Console\\Application->doRun()
#25 /var/www/html/OTHERS/laundry_api/vendor/laravel/lumen-framework/src/Console/Kernel.php(160): Symfony\\Component\\Console\\Application->run()
#26 /var/www/html/OTHERS/laundry_api/artisan(35): Laravel\\Lumen\\Console\\Kernel->handle()
#27 {main}

[previous exception] [object] (PDOException(code: 23000): SQLSTATE[23000]: Integrity constraint violation: 1062 Duplicate entry 'johndoe@example.com' for key 'users.users_email_unique' at /var/www/html/OTHERS/laundry_api/vendor/illuminate/database/MySqlConnection.php:45)
[stacktrace]
#0 /var/www/html/OTHERS/laundry_api/vendor/illuminate/database/MySqlConnection.php(45): PDOStatement->execute()
#1 /var/www/html/OTHERS/laundry_api/vendor/illuminate/database/Connection.php(816): Illuminate\\Database\\MySqlConnection->Illuminate\\Database\\{closure}()
#2 /var/www/html/OTHERS/laundry_api/vendor/illuminate/database/Connection.php(783): Illuminate\\Database\\Connection->runQueryCallback()
#3 /var/www/html/OTHERS/laundry_api/vendor/illuminate/database/MySqlConnection.php(34): Illuminate\\Database\\Connection->run()
#4 /var/www/html/OTHERS/laundry_api/vendor/illuminate/database/Query/Builder.php(3456): Illuminate\\Database\\MySqlConnection->insert()
#5 /var/www/html/OTHERS/laundry_api/database/seeders/UserSeeder.php(16): Illuminate\\Database\\Query\\Builder->insert()
#6 /var/www/html/OTHERS/laundry_api/vendor/illuminate/container/BoundMethod.php(36): Database\\Seeders\\UserSeeder->run()
#7 /var/www/html/OTHERS/laundry_api/vendor/illuminate/container/Util.php(41): Illuminate\\Container\\BoundMethod::Illuminate\\Container\\{closure}()
#8 /var/www/html/OTHERS/laundry_api/vendor/illuminate/container/BoundMethod.php(93): Illuminate\\Container\\Util::unwrapIfClosure()
#9 /var/www/html/OTHERS/laundry_api/vendor/illuminate/container/BoundMethod.php(35): Illuminate\\Container\\BoundMethod::callBoundMethod()
#10 /var/www/html/OTHERS/laundry_api/vendor/illuminate/container/Container.php(662): Illuminate\\Container\\BoundMethod::call()
#11 /var/www/html/OTHERS/laundry_api/vendor/illuminate/database/Seeder.php(184): Illuminate\\Container\\Container->call()
#12 /var/www/html/OTHERS/laundry_api/vendor/illuminate/database/Seeder.php(193): Illuminate\\Database\\Seeder->Illuminate\\Database\\{closure}()
#13 /var/www/html/OTHERS/laundry_api/vendor/illuminate/database/Console/Seeds/SeedCommand.php(70): Illuminate\\Database\\Seeder->__invoke()
#14 /var/www/html/OTHERS/laundry_api/vendor/illuminate/database/Eloquent/Concerns/GuardsAttributes.php(155): Illuminate\\Database\\Console\\Seeds\\SeedCommand->Illuminate\\Database\\Console\\Seeds\\{closure}()
#15 /var/www/html/OTHERS/laundry_api/vendor/illuminate/database/Console/Seeds/SeedCommand.php(69): Illuminate\\Database\\Eloquent\\Model::unguarded()
#16 /var/www/html/OTHERS/laundry_api/vendor/illuminate/container/BoundMethod.php(36): Illuminate\\Database\\Console\\Seeds\\SeedCommand->handle()
#17 /var/www/html/OTHERS/laundry_api/vendor/illuminate/container/Util.php(41): Illuminate\\Container\\BoundMethod::Illuminate\\Container\\{closure}()
#18 /var/www/html/OTHERS/laundry_api/vendor/illuminate/container/BoundMethod.php(93): Illuminate\\Container\\Util::unwrapIfClosure()
#19 /var/www/html/OTHERS/laundry_api/vendor/illuminate/container/BoundMethod.php(35): Illuminate\\Container\\BoundMethod::callBoundMethod()
#20 /var/www/html/OTHERS/laundry_api/vendor/illuminate/container/Container.php(662): Illuminate\\Container\\BoundMethod::call()
#21 /var/www/html/OTHERS/laundry_api/vendor/illuminate/console/Command.php(211): Illuminate\\Container\\Container->call()
#22 /var/www/html/OTHERS/laundry_api/vendor/symfony/console/Command/Command.php(326): Illuminate\\Console\\Command->execute()
#23 /var/www/html/OTHERS/laundry_api/vendor/illuminate/console/Command.php(180): Symfony\\Component\\Console\\Command\\Command->run()
#24 /var/www/html/OTHERS/laundry_api/vendor/symfony/console/Application.php(1078): Illuminate\\Console\\Command->run()
#25 /var/www/html/OTHERS/laundry_api/vendor/symfony/console/Application.php(324): Symfony\\Component\\Console\\Application->doRunCommand()
#26 /var/www/html/OTHERS/laundry_api/vendor/symfony/console/Application.php(175): Symfony\\Component\\Console\\Application->doRun()
#27 /var/www/html/OTHERS/laundry_api/vendor/laravel/lumen-framework/src/Console/Kernel.php(160): Symfony\\Component\\Console\\Application->run()
#28 /var/www/html/OTHERS/laundry_api/artisan(35): Laravel\\Lumen\\Console\\Kernel->handle()
#29 {main}
"} 
[2024-08-27 08:56:19] local.ERROR: Method Illuminate\Auth\RequestGuard::attempt does not exist. {"exception":"[object] (BadMethodCallException(code: 0): Method Illuminate\\Auth\\RequestGuard::attempt does not exist. at /var/www/html/OTHERS/laundry_api/vendor/illuminate/macroable/Traits/Macroable.php:112)
[stacktrace]
#0 /var/www/html/OTHERS/laundry_api/vendor/illuminate/auth/AuthManager.php(340): Illuminate\\Auth\\RequestGuard->__call()
#1 /var/www/html/OTHERS/laundry_api/app/Http/Controllers/AuthController.php(22): Illuminate\\Auth\\AuthManager->__call()
#2 /var/www/html/OTHERS/laundry_api/vendor/illuminate/container/BoundMethod.php(36): App\\Http\\Controllers\\AuthController->login()
#3 /var/www/html/OTHERS/laundry_api/vendor/illuminate/container/Util.php(41): Illuminate\\Container\\BoundMethod::Illuminate\\Container\\{closure}()
#4 /var/www/html/OTHERS/laundry_api/vendor/illuminate/container/BoundMethod.php(93): Illuminate\\Container\\Util::unwrapIfClosure()
#5 /var/www/html/OTHERS/laundry_api/vendor/illuminate/container/BoundMethod.php(35): Illuminate\\Container\\BoundMethod::callBoundMethod()
#6 /var/www/html/OTHERS/laundry_api/vendor/illuminate/container/Container.php(662): Illuminate\\Container\\BoundMethod::call()
#7 /var/www/html/OTHERS/laundry_api/vendor/laravel/lumen-framework/src/Concerns/RoutesRequests.php(391): Illuminate\\Container\\Container->call()
#8 /var/www/html/OTHERS/laundry_api/vendor/laravel/lumen-framework/src/Concerns/RoutesRequests.php(356): Laravel\\Lumen\\Application->callControllerCallable()
#9 /var/www/html/OTHERS/laundry_api/vendor/laravel/lumen-framework/src/Concerns/RoutesRequests.php(331): Laravel\\Lumen\\Application->callLumenController()
#10 /var/www/html/OTHERS/laundry_api/vendor/laravel/lumen-framework/src/Concerns/RoutesRequests.php(284): Laravel\\Lumen\\Application->callControllerAction()
#11 /var/www/html/OTHERS/laundry_api/vendor/laravel/lumen-framework/src/Concerns/RoutesRequests.php(269): Laravel\\Lumen\\Application->callActionOnArrayBasedRoute()
#12 /var/www/html/OTHERS/laundry_api/vendor/laravel/lumen-framework/src/Concerns/RoutesRequests.php(171): Laravel\\Lumen\\Application->handleFoundRoute()
#13 /var/www/html/OTHERS/laundry_api/vendor/laravel/lumen-framework/src/Concerns/RoutesRequests.php(431): Laravel\\Lumen\\Application->Laravel\\Lumen\\Concerns\\{closure}()
#14 /var/www/html/OTHERS/laundry_api/vendor/laravel/lumen-framework/src/Concerns/RoutesRequests.php(167): Laravel\\Lumen\\Application->sendThroughPipeline()
#15 /var/www/html/OTHERS/laundry_api/vendor/laravel/lumen-framework/src/Concerns/RoutesRequests.php(112): Laravel\\Lumen\\Application->dispatch()
#16 /var/www/html/OTHERS/laundry_api/public/index.php(28): Laravel\\Lumen\\Application->run()
#17 {main}
"} 
[2024-08-27 12:40:22] local.ERROR: Method Illuminate\Auth\RequestGuard::attempt does not exist. {"exception":"[object] (BadMethodCallException(code: 0): Method Illuminate\\Auth\\RequestGuard::attempt does not exist. at /var/www/html/OTHERS/laundry_api/vendor/illuminate/macroable/Traits/Macroable.php:112)
[stacktrace]
#0 /var/www/html/OTHERS/laundry_api/vendor/illuminate/auth/AuthManager.php(340): Illuminate\\Auth\\RequestGuard->__call()
#1 /var/www/html/OTHERS/laundry_api/app/Http/Controllers/AuthController.php(22): Illuminate\\Auth\\AuthManager->__call()
#2 /var/www/html/OTHERS/laundry_api/vendor/illuminate/container/BoundMethod.php(36): App\\Http\\Controllers\\AuthController->login()
#3 /var/www/html/OTHERS/laundry_api/vendor/illuminate/container/Util.php(41): Illuminate\\Container\\BoundMethod::Illuminate\\Container\\{closure}()
#4 /var/www/html/OTHERS/laundry_api/vendor/illuminate/container/BoundMethod.php(93): Illuminate\\Container\\Util::unwrapIfClosure()
#5 /var/www/html/OTHERS/laundry_api/vendor/illuminate/container/BoundMethod.php(35): Illuminate\\Container\\BoundMethod::callBoundMethod()
#6 /var/www/html/OTHERS/laundry_api/vendor/illuminate/container/Container.php(662): Illuminate\\Container\\BoundMethod::call()
#7 /var/www/html/OTHERS/laundry_api/vendor/laravel/lumen-framework/src/Concerns/RoutesRequests.php(391): Illuminate\\Container\\Container->call()
#8 /var/www/html/OTHERS/laundry_api/vendor/laravel/lumen-framework/src/Concerns/RoutesRequests.php(356): Laravel\\Lumen\\Application->callControllerCallable()
#9 /var/www/html/OTHERS/laundry_api/vendor/laravel/lumen-framework/src/Concerns/RoutesRequests.php(331): Laravel\\Lumen\\Application->callLumenController()
#10 /var/www/html/OTHERS/laundry_api/vendor/laravel/lumen-framework/src/Concerns/RoutesRequests.php(284): Laravel\\Lumen\\Application->callControllerAction()
#11 /var/www/html/OTHERS/laundry_api/vendor/laravel/lumen-framework/src/Concerns/RoutesRequests.php(269): Laravel\\Lumen\\Application->callActionOnArrayBasedRoute()
#12 /var/www/html/OTHERS/laundry_api/vendor/laravel/lumen-framework/src/Concerns/RoutesRequests.php(171): Laravel\\Lumen\\Application->handleFoundRoute()
#13 /var/www/html/OTHERS/laundry_api/vendor/laravel/lumen-framework/src/Concerns/RoutesRequests.php(431): Laravel\\Lumen\\Application->Laravel\\Lumen\\Concerns\\{closure}()
#14 /var/www/html/OTHERS/laundry_api/vendor/laravel/lumen-framework/src/Concerns/RoutesRequests.php(167): Laravel\\Lumen\\Application->sendThroughPipeline()
#15 /var/www/html/OTHERS/laundry_api/vendor/laravel/lumen-framework/src/Concerns/RoutesRequests.php(112): Laravel\\Lumen\\Application->dispatch()
#16 /var/www/html/OTHERS/laundry_api/public/index.php(28): Laravel\\Lumen\\Application->run()
#17 {main}
"} 
[2024-08-27 12:42:59] local.ERROR: Method Illuminate\Auth\RequestGuard::attempt does not exist. {"exception":"[object] (BadMethodCallException(code: 0): Method Illuminate\\Auth\\RequestGuard::attempt does not exist. at /var/www/html/OTHERS/laundry_api/vendor/illuminate/macroable/Traits/Macroable.php:112)
[stacktrace]
#0 /var/www/html/OTHERS/laundry_api/vendor/illuminate/auth/AuthManager.php(340): Illuminate\\Auth\\RequestGuard->__call()
#1 /var/www/html/OTHERS/laundry_api/app/Http/Controllers/AuthController.php(22): Illuminate\\Auth\\AuthManager->__call()
#2 /var/www/html/OTHERS/laundry_api/vendor/illuminate/container/BoundMethod.php(36): App\\Http\\Controllers\\AuthController->login()
#3 /var/www/html/OTHERS/laundry_api/vendor/illuminate/container/Util.php(41): Illuminate\\Container\\BoundMethod::Illuminate\\Container\\{closure}()
#4 /var/www/html/OTHERS/laundry_api/vendor/illuminate/container/BoundMethod.php(93): Illuminate\\Container\\Util::unwrapIfClosure()
#5 /var/www/html/OTHERS/laundry_api/vendor/illuminate/container/BoundMethod.php(35): Illuminate\\Container\\BoundMethod::callBoundMethod()
#6 /var/www/html/OTHERS/laundry_api/vendor/illuminate/container/Container.php(662): Illuminate\\Container\\BoundMethod::call()
#7 /var/www/html/OTHERS/laundry_api/vendor/laravel/lumen-framework/src/Concerns/RoutesRequests.php(391): Illuminate\\Container\\Container->call()
#8 /var/www/html/OTHERS/laundry_api/vendor/laravel/lumen-framework/src/Concerns/RoutesRequests.php(356): Laravel\\Lumen\\Application->callControllerCallable()
#9 /var/www/html/OTHERS/laundry_api/vendor/laravel/lumen-framework/src/Concerns/RoutesRequests.php(331): Laravel\\Lumen\\Application->callLumenController()
#10 /var/www/html/OTHERS/laundry_api/vendor/laravel/lumen-framework/src/Concerns/RoutesRequests.php(284): Laravel\\Lumen\\Application->callControllerAction()
#11 /var/www/html/OTHERS/laundry_api/vendor/laravel/lumen-framework/src/Concerns/RoutesRequests.php(269): Laravel\\Lumen\\Application->callActionOnArrayBasedRoute()
#12 /var/www/html/OTHERS/laundry_api/vendor/laravel/lumen-framework/src/Concerns/RoutesRequests.php(171): Laravel\\Lumen\\Application->handleFoundRoute()
#13 /var/www/html/OTHERS/laundry_api/vendor/laravel/lumen-framework/src/Concerns/RoutesRequests.php(431): Laravel\\Lumen\\Application->Laravel\\Lumen\\Concerns\\{closure}()
#14 /var/www/html/OTHERS/laundry_api/vendor/laravel/lumen-framework/src/Concerns/RoutesRequests.php(167): Laravel\\Lumen\\Application->sendThroughPipeline()
#15 /var/www/html/OTHERS/laundry_api/vendor/laravel/lumen-framework/src/Concerns/RoutesRequests.php(112): Laravel\\Lumen\\Application->dispatch()
#16 /var/www/html/OTHERS/laundry_api/public/index.php(28): Laravel\\Lumen\\Application->run()
#17 {main}
"} 
[2024-08-27 12:43:01] local.ERROR: Method Illuminate\Auth\RequestGuard::attempt does not exist. {"exception":"[object] (BadMethodCallException(code: 0): Method Illuminate\\Auth\\RequestGuard::attempt does not exist. at /var/www/html/OTHERS/laundry_api/vendor/illuminate/macroable/Traits/Macroable.php:112)
[stacktrace]
#0 /var/www/html/OTHERS/laundry_api/vendor/illuminate/auth/AuthManager.php(340): Illuminate\\Auth\\RequestGuard->__call()
#1 /var/www/html/OTHERS/laundry_api/app/Http/Controllers/AuthController.php(22): Illuminate\\Auth\\AuthManager->__call()
#2 /var/www/html/OTHERS/laundry_api/vendor/illuminate/container/BoundMethod.php(36): App\\Http\\Controllers\\AuthController->login()
#3 /var/www/html/OTHERS/laundry_api/vendor/illuminate/container/Util.php(41): Illuminate\\Container\\BoundMethod::Illuminate\\Container\\{closure}()
#4 /var/www/html/OTHERS/laundry_api/vendor/illuminate/container/BoundMethod.php(93): Illuminate\\Container\\Util::unwrapIfClosure()
#5 /var/www/html/OTHERS/laundry_api/vendor/illuminate/container/BoundMethod.php(35): Illuminate\\Container\\BoundMethod::callBoundMethod()
#6 /var/www/html/OTHERS/laundry_api/vendor/illuminate/container/Container.php(662): Illuminate\\Container\\BoundMethod::call()
#7 /var/www/html/OTHERS/laundry_api/vendor/laravel/lumen-framework/src/Concerns/RoutesRequests.php(391): Illuminate\\Container\\Container->call()
#8 /var/www/html/OTHERS/laundry_api/vendor/laravel/lumen-framework/src/Concerns/RoutesRequests.php(356): Laravel\\Lumen\\Application->callControllerCallable()
#9 /var/www/html/OTHERS/laundry_api/vendor/laravel/lumen-framework/src/Concerns/RoutesRequests.php(331): Laravel\\Lumen\\Application->callLumenController()
#10 /var/www/html/OTHERS/laundry_api/vendor/laravel/lumen-framework/src/Concerns/RoutesRequests.php(284): Laravel\\Lumen\\Application->callControllerAction()
#11 /var/www/html/OTHERS/laundry_api/vendor/laravel/lumen-framework/src/Concerns/RoutesRequests.php(269): Laravel\\Lumen\\Application->callActionOnArrayBasedRoute()
#12 /var/www/html/OTHERS/laundry_api/vendor/laravel/lumen-framework/src/Concerns/RoutesRequests.php(171): Laravel\\Lumen\\Application->handleFoundRoute()
#13 /var/www/html/OTHERS/laundry_api/vendor/laravel/lumen-framework/src/Concerns/RoutesRequests.php(431): Laravel\\Lumen\\Application->Laravel\\Lumen\\Concerns\\{closure}()
#14 /var/www/html/OTHERS/laundry_api/vendor/laravel/lumen-framework/src/Concerns/RoutesRequests.php(167): Laravel\\Lumen\\Application->sendThroughPipeline()
#15 /var/www/html/OTHERS/laundry_api/vendor/laravel/lumen-framework/src/Concerns/RoutesRequests.php(112): Laravel\\Lumen\\Application->dispatch()
#16 /var/www/html/OTHERS/laundry_api/public/index.php(28): Laravel\\Lumen\\Application->run()
#17 {main}
"} 
[2024-08-27 12:43:02] local.ERROR: Method Illuminate\Auth\RequestGuard::attempt does not exist. {"exception":"[object] (BadMethodCallException(code: 0): Method Illuminate\\Auth\\RequestGuard::attempt does not exist. at /var/www/html/OTHERS/laundry_api/vendor/illuminate/macroable/Traits/Macroable.php:112)
[stacktrace]
#0 /var/www/html/OTHERS/laundry_api/vendor/illuminate/auth/AuthManager.php(340): Illuminate\\Auth\\RequestGuard->__call()
#1 /var/www/html/OTHERS/laundry_api/app/Http/Controllers/AuthController.php(22): Illuminate\\Auth\\AuthManager->__call()
#2 /var/www/html/OTHERS/laundry_api/vendor/illuminate/container/BoundMethod.php(36): App\\Http\\Controllers\\AuthController->login()
#3 /var/www/html/OTHERS/laundry_api/vendor/illuminate/container/Util.php(41): Illuminate\\Container\\BoundMethod::Illuminate\\Container\\{closure}()
#4 /var/www/html/OTHERS/laundry_api/vendor/illuminate/container/BoundMethod.php(93): Illuminate\\Container\\Util::unwrapIfClosure()
#5 /var/www/html/OTHERS/laundry_api/vendor/illuminate/container/BoundMethod.php(35): Illuminate\\Container\\BoundMethod::callBoundMethod()
#6 /var/www/html/OTHERS/laundry_api/vendor/illuminate/container/Container.php(662): Illuminate\\Container\\BoundMethod::call()
#7 /var/www/html/OTHERS/laundry_api/vendor/laravel/lumen-framework/src/Concerns/RoutesRequests.php(391): Illuminate\\Container\\Container->call()
#8 /var/www/html/OTHERS/laundry_api/vendor/laravel/lumen-framework/src/Concerns/RoutesRequests.php(356): Laravel\\Lumen\\Application->callControllerCallable()
#9 /var/www/html/OTHERS/laundry_api/vendor/laravel/lumen-framework/src/Concerns/RoutesRequests.php(331): Laravel\\Lumen\\Application->callLumenController()
#10 /var/www/html/OTHERS/laundry_api/vendor/laravel/lumen-framework/src/Concerns/RoutesRequests.php(284): Laravel\\Lumen\\Application->callControllerAction()
#11 /var/www/html/OTHERS/laundry_api/vendor/laravel/lumen-framework/src/Concerns/RoutesRequests.php(269): Laravel\\Lumen\\Application->callActionOnArrayBasedRoute()
#12 /var/www/html/OTHERS/laundry_api/vendor/laravel/lumen-framework/src/Concerns/RoutesRequests.php(171): Laravel\\Lumen\\Application->handleFoundRoute()
#13 /var/www/html/OTHERS/laundry_api/vendor/laravel/lumen-framework/src/Concerns/RoutesRequests.php(431): Laravel\\Lumen\\Application->Laravel\\Lumen\\Concerns\\{closure}()
#14 /var/www/html/OTHERS/laundry_api/vendor/laravel/lumen-framework/src/Concerns/RoutesRequests.php(167): Laravel\\Lumen\\Application->sendThroughPipeline()
#15 /var/www/html/OTHERS/laundry_api/vendor/laravel/lumen-framework/src/Concerns/RoutesRequests.php(112): Laravel\\Lumen\\Application->dispatch()
#16 /var/www/html/OTHERS/laundry_api/public/index.php(28): Laravel\\Lumen\\Application->run()
#17 {main}
"} 
[2024-08-27 12:43:03] local.ERROR: Method Illuminate\Auth\RequestGuard::attempt does not exist. {"exception":"[object] (BadMethodCallException(code: 0): Method Illuminate\\Auth\\RequestGuard::attempt does not exist. at /var/www/html/OTHERS/laundry_api/vendor/illuminate/macroable/Traits/Macroable.php:112)
[stacktrace]
#0 /var/www/html/OTHERS/laundry_api/vendor/illuminate/auth/AuthManager.php(340): Illuminate\\Auth\\RequestGuard->__call()
#1 /var/www/html/OTHERS/laundry_api/app/Http/Controllers/AuthController.php(22): Illuminate\\Auth\\AuthManager->__call()
#2 /var/www/html/OTHERS/laundry_api/vendor/illuminate/container/BoundMethod.php(36): App\\Http\\Controllers\\AuthController->login()
#3 /var/www/html/OTHERS/laundry_api/vendor/illuminate/container/Util.php(41): Illuminate\\Container\\BoundMethod::Illuminate\\Container\\{closure}()
#4 /var/www/html/OTHERS/laundry_api/vendor/illuminate/container/BoundMethod.php(93): Illuminate\\Container\\Util::unwrapIfClosure()
#5 /var/www/html/OTHERS/laundry_api/vendor/illuminate/container/BoundMethod.php(35): Illuminate\\Container\\BoundMethod::callBoundMethod()
#6 /var/www/html/OTHERS/laundry_api/vendor/illuminate/container/Container.php(662): Illuminate\\Container\\BoundMethod::call()
#7 /var/www/html/OTHERS/laundry_api/vendor/laravel/lumen-framework/src/Concerns/RoutesRequests.php(391): Illuminate\\Container\\Container->call()
#8 /var/www/html/OTHERS/laundry_api/vendor/laravel/lumen-framework/src/Concerns/RoutesRequests.php(356): Laravel\\Lumen\\Application->callControllerCallable()
#9 /var/www/html/OTHERS/laundry_api/vendor/laravel/lumen-framework/src/Concerns/RoutesRequests.php(331): Laravel\\Lumen\\Application->callLumenController()
#10 /var/www/html/OTHERS/laundry_api/vendor/laravel/lumen-framework/src/Concerns/RoutesRequests.php(284): Laravel\\Lumen\\Application->callControllerAction()
#11 /var/www/html/OTHERS/laundry_api/vendor/laravel/lumen-framework/src/Concerns/RoutesRequests.php(269): Laravel\\Lumen\\Application->callActionOnArrayBasedRoute()
#12 /var/www/html/OTHERS/laundry_api/vendor/laravel/lumen-framework/src/Concerns/RoutesRequests.php(171): Laravel\\Lumen\\Application->handleFoundRoute()
#13 /var/www/html/OTHERS/laundry_api/vendor/laravel/lumen-framework/src/Concerns/RoutesRequests.php(431): Laravel\\Lumen\\Application->Laravel\\Lumen\\Concerns\\{closure}()
#14 /var/www/html/OTHERS/laundry_api/vendor/laravel/lumen-framework/src/Concerns/RoutesRequests.php(167): Laravel\\Lumen\\Application->sendThroughPipeline()
#15 /var/www/html/OTHERS/laundry_api/vendor/laravel/lumen-framework/src/Concerns/RoutesRequests.php(112): Laravel\\Lumen\\Application->dispatch()
#16 /var/www/html/OTHERS/laundry_api/public/index.php(28): Laravel\\Lumen\\Application->run()
#17 {main}
"} 
[2024-08-27 12:45:47] local.ERROR: Method Illuminate\Auth\RequestGuard::attempt does not exist. {"exception":"[object] (BadMethodCallException(code: 0): Method Illuminate\\Auth\\RequestGuard::attempt does not exist. at /var/www/html/OTHERS/laundry_api/vendor/illuminate/macroable/Traits/Macroable.php:112)
[stacktrace]
#0 /var/www/html/OTHERS/laundry_api/vendor/illuminate/auth/AuthManager.php(340): Illuminate\\Auth\\RequestGuard->__call()
#1 /var/www/html/OTHERS/laundry_api/app/Http/Controllers/AuthController.php(22): Illuminate\\Auth\\AuthManager->__call()
#2 /var/www/html/OTHERS/laundry_api/vendor/illuminate/container/BoundMethod.php(36): App\\Http\\Controllers\\AuthController->login()
#3 /var/www/html/OTHERS/laundry_api/vendor/illuminate/container/Util.php(41): Illuminate\\Container\\BoundMethod::Illuminate\\Container\\{closure}()
#4 /var/www/html/OTHERS/laundry_api/vendor/illuminate/container/BoundMethod.php(93): Illuminate\\Container\\Util::unwrapIfClosure()
#5 /var/www/html/OTHERS/laundry_api/vendor/illuminate/container/BoundMethod.php(35): Illuminate\\Container\\BoundMethod::callBoundMethod()
#6 /var/www/html/OTHERS/laundry_api/vendor/illuminate/container/Container.php(662): Illuminate\\Container\\BoundMethod::call()
#7 /var/www/html/OTHERS/laundry_api/vendor/laravel/lumen-framework/src/Concerns/RoutesRequests.php(391): Illuminate\\Container\\Container->call()
#8 /var/www/html/OTHERS/laundry_api/vendor/laravel/lumen-framework/src/Concerns/RoutesRequests.php(356): Laravel\\Lumen\\Application->callControllerCallable()
#9 /var/www/html/OTHERS/laundry_api/vendor/laravel/lumen-framework/src/Concerns/RoutesRequests.php(331): Laravel\\Lumen\\Application->callLumenController()
#10 /var/www/html/OTHERS/laundry_api/vendor/laravel/lumen-framework/src/Concerns/RoutesRequests.php(284): Laravel\\Lumen\\Application->callControllerAction()
#11 /var/www/html/OTHERS/laundry_api/vendor/laravel/lumen-framework/src/Concerns/RoutesRequests.php(269): Laravel\\Lumen\\Application->callActionOnArrayBasedRoute()
#12 /var/www/html/OTHERS/laundry_api/vendor/laravel/lumen-framework/src/Concerns/RoutesRequests.php(171): Laravel\\Lumen\\Application->handleFoundRoute()
#13 /var/www/html/OTHERS/laundry_api/vendor/laravel/lumen-framework/src/Concerns/RoutesRequests.php(431): Laravel\\Lumen\\Application->Laravel\\Lumen\\Concerns\\{closure}()
#14 /var/www/html/OTHERS/laundry_api/vendor/laravel/lumen-framework/src/Concerns/RoutesRequests.php(167): Laravel\\Lumen\\Application->sendThroughPipeline()
#15 /var/www/html/OTHERS/laundry_api/vendor/laravel/lumen-framework/src/Concerns/RoutesRequests.php(112): Laravel\\Lumen\\Application->dispatch()
#16 /var/www/html/OTHERS/laundry_api/public/index.php(28): Laravel\\Lumen\\Application->run()
#17 {main}
"} 
[2024-08-27 12:45:48] local.ERROR: Method Illuminate\Auth\RequestGuard::attempt does not exist. {"exception":"[object] (BadMethodCallException(code: 0): Method Illuminate\\Auth\\RequestGuard::attempt does not exist. at /var/www/html/OTHERS/laundry_api/vendor/illuminate/macroable/Traits/Macroable.php:112)
[stacktrace]
#0 /var/www/html/OTHERS/laundry_api/vendor/illuminate/auth/AuthManager.php(340): Illuminate\\Auth\\RequestGuard->__call()
#1 /var/www/html/OTHERS/laundry_api/app/Http/Controllers/AuthController.php(22): Illuminate\\Auth\\AuthManager->__call()
#2 /var/www/html/OTHERS/laundry_api/vendor/illuminate/container/BoundMethod.php(36): App\\Http\\Controllers\\AuthController->login()
#3 /var/www/html/OTHERS/laundry_api/vendor/illuminate/container/Util.php(41): Illuminate\\Container\\BoundMethod::Illuminate\\Container\\{closure}()
#4 /var/www/html/OTHERS/laundry_api/vendor/illuminate/container/BoundMethod.php(93): Illuminate\\Container\\Util::unwrapIfClosure()
#5 /var/www/html/OTHERS/laundry_api/vendor/illuminate/container/BoundMethod.php(35): Illuminate\\Container\\BoundMethod::callBoundMethod()
#6 /var/www/html/OTHERS/laundry_api/vendor/illuminate/container/Container.php(662): Illuminate\\Container\\BoundMethod::call()
#7 /var/www/html/OTHERS/laundry_api/vendor/laravel/lumen-framework/src/Concerns/RoutesRequests.php(391): Illuminate\\Container\\Container->call()
#8 /var/www/html/OTHERS/laundry_api/vendor/laravel/lumen-framework/src/Concerns/RoutesRequests.php(356): Laravel\\Lumen\\Application->callControllerCallable()
#9 /var/www/html/OTHERS/laundry_api/vendor/laravel/lumen-framework/src/Concerns/RoutesRequests.php(331): Laravel\\Lumen\\Application->callLumenController()
#10 /var/www/html/OTHERS/laundry_api/vendor/laravel/lumen-framework/src/Concerns/RoutesRequests.php(284): Laravel\\Lumen\\Application->callControllerAction()
#11 /var/www/html/OTHERS/laundry_api/vendor/laravel/lumen-framework/src/Concerns/RoutesRequests.php(269): Laravel\\Lumen\\Application->callActionOnArrayBasedRoute()
#12 /var/www/html/OTHERS/laundry_api/vendor/laravel/lumen-framework/src/Concerns/RoutesRequests.php(171): Laravel\\Lumen\\Application->handleFoundRoute()
#13 /var/www/html/OTHERS/laundry_api/vendor/laravel/lumen-framework/src/Concerns/RoutesRequests.php(431): Laravel\\Lumen\\Application->Laravel\\Lumen\\Concerns\\{closure}()
#14 /var/www/html/OTHERS/laundry_api/vendor/laravel/lumen-framework/src/Concerns/RoutesRequests.php(167): Laravel\\Lumen\\Application->sendThroughPipeline()
#15 /var/www/html/OTHERS/laundry_api/vendor/laravel/lumen-framework/src/Concerns/RoutesRequests.php(112): Laravel\\Lumen\\Application->dispatch()
#16 /var/www/html/OTHERS/laundry_api/public/index.php(28): Laravel\\Lumen\\Application->run()
#17 {main}
"} 
[2024-08-27 12:45:49] local.ERROR: Method Illuminate\Auth\RequestGuard::attempt does not exist. {"exception":"[object] (BadMethodCallException(code: 0): Method Illuminate\\Auth\\RequestGuard::attempt does not exist. at /var/www/html/OTHERS/laundry_api/vendor/illuminate/macroable/Traits/Macroable.php:112)
[stacktrace]
#0 /var/www/html/OTHERS/laundry_api/vendor/illuminate/auth/AuthManager.php(340): Illuminate\\Auth\\RequestGuard->__call()
#1 /var/www/html/OTHERS/laundry_api/app/Http/Controllers/AuthController.php(22): Illuminate\\Auth\\AuthManager->__call()
#2 /var/www/html/OTHERS/laundry_api/vendor/illuminate/container/BoundMethod.php(36): App\\Http\\Controllers\\AuthController->login()
#3 /var/www/html/OTHERS/laundry_api/vendor/illuminate/container/Util.php(41): Illuminate\\Container\\BoundMethod::Illuminate\\Container\\{closure}()
#4 /var/www/html/OTHERS/laundry_api/vendor/illuminate/container/BoundMethod.php(93): Illuminate\\Container\\Util::unwrapIfClosure()
#5 /var/www/html/OTHERS/laundry_api/vendor/illuminate/container/BoundMethod.php(35): Illuminate\\Container\\BoundMethod::callBoundMethod()
#6 /var/www/html/OTHERS/laundry_api/vendor/illuminate/container/Container.php(662): Illuminate\\Container\\BoundMethod::call()
#7 /var/www/html/OTHERS/laundry_api/vendor/laravel/lumen-framework/src/Concerns/RoutesRequests.php(391): Illuminate\\Container\\Container->call()
#8 /var/www/html/OTHERS/laundry_api/vendor/laravel/lumen-framework/src/Concerns/RoutesRequests.php(356): Laravel\\Lumen\\Application->callControllerCallable()
#9 /var/www/html/OTHERS/laundry_api/vendor/laravel/lumen-framework/src/Concerns/RoutesRequests.php(331): Laravel\\Lumen\\Application->callLumenController()
#10 /var/www/html/OTHERS/laundry_api/vendor/laravel/lumen-framework/src/Concerns/RoutesRequests.php(284): Laravel\\Lumen\\Application->callControllerAction()
#11 /var/www/html/OTHERS/laundry_api/vendor/laravel/lumen-framework/src/Concerns/RoutesRequests.php(269): Laravel\\Lumen\\Application->callActionOnArrayBasedRoute()
#12 /var/www/html/OTHERS/laundry_api/vendor/laravel/lumen-framework/src/Concerns/RoutesRequests.php(171): Laravel\\Lumen\\Application->handleFoundRoute()
#13 /var/www/html/OTHERS/laundry_api/vendor/laravel/lumen-framework/src/Concerns/RoutesRequests.php(431): Laravel\\Lumen\\Application->Laravel\\Lumen\\Concerns\\{closure}()
#14 /var/www/html/OTHERS/laundry_api/vendor/laravel/lumen-framework/src/Concerns/RoutesRequests.php(167): Laravel\\Lumen\\Application->sendThroughPipeline()
#15 /var/www/html/OTHERS/laundry_api/vendor/laravel/lumen-framework/src/Concerns/RoutesRequests.php(112): Laravel\\Lumen\\Application->dispatch()
#16 /var/www/html/OTHERS/laundry_api/public/index.php(28): Laravel\\Lumen\\Application->run()
#17 {main}
"} 
[2024-08-27 12:45:49] local.ERROR: Method Illuminate\Auth\RequestGuard::attempt does not exist. {"exception":"[object] (BadMethodCallException(code: 0): Method Illuminate\\Auth\\RequestGuard::attempt does not exist. at /var/www/html/OTHERS/laundry_api/vendor/illuminate/macroable/Traits/Macroable.php:112)
[stacktrace]
#0 /var/www/html/OTHERS/laundry_api/vendor/illuminate/auth/AuthManager.php(340): Illuminate\\Auth\\RequestGuard->__call()
#1 /var/www/html/OTHERS/laundry_api/app/Http/Controllers/AuthController.php(22): Illuminate\\Auth\\AuthManager->__call()
#2 /var/www/html/OTHERS/laundry_api/vendor/illuminate/container/BoundMethod.php(36): App\\Http\\Controllers\\AuthController->login()
#3 /var/www/html/OTHERS/laundry_api/vendor/illuminate/container/Util.php(41): Illuminate\\Container\\BoundMethod::Illuminate\\Container\\{closure}()
#4 /var/www/html/OTHERS/laundry_api/vendor/illuminate/container/BoundMethod.php(93): Illuminate\\Container\\Util::unwrapIfClosure()
#5 /var/www/html/OTHERS/laundry_api/vendor/illuminate/container/BoundMethod.php(35): Illuminate\\Container\\BoundMethod::callBoundMethod()
#6 /var/www/html/OTHERS/laundry_api/vendor/illuminate/container/Container.php(662): Illuminate\\Container\\BoundMethod::call()
#7 /var/www/html/OTHERS/laundry_api/vendor/laravel/lumen-framework/src/Concerns/RoutesRequests.php(391): Illuminate\\Container\\Container->call()
#8 /var/www/html/OTHERS/laundry_api/vendor/laravel/lumen-framework/src/Concerns/RoutesRequests.php(356): Laravel\\Lumen\\Application->callControllerCallable()
#9 /var/www/html/OTHERS/laundry_api/vendor/laravel/lumen-framework/src/Concerns/RoutesRequests.php(331): Laravel\\Lumen\\Application->callLumenController()
#10 /var/www/html/OTHERS/laundry_api/vendor/laravel/lumen-framework/src/Concerns/RoutesRequests.php(284): Laravel\\Lumen\\Application->callControllerAction()
#11 /var/www/html/OTHERS/laundry_api/vendor/laravel/lumen-framework/src/Concerns/RoutesRequests.php(269): Laravel\\Lumen\\Application->callActionOnArrayBasedRoute()
#12 /var/www/html/OTHERS/laundry_api/vendor/laravel/lumen-framework/src/Concerns/RoutesRequests.php(171): Laravel\\Lumen\\Application->handleFoundRoute()
#13 /var/www/html/OTHERS/laundry_api/vendor/laravel/lumen-framework/src/Concerns/RoutesRequests.php(431): Laravel\\Lumen\\Application->Laravel\\Lumen\\Concerns\\{closure}()
#14 /var/www/html/OTHERS/laundry_api/vendor/laravel/lumen-framework/src/Concerns/RoutesRequests.php(167): Laravel\\Lumen\\Application->sendThroughPipeline()
#15 /var/www/html/OTHERS/laundry_api/vendor/laravel/lumen-framework/src/Concerns/RoutesRequests.php(112): Laravel\\Lumen\\Application->dispatch()
#16 /var/www/html/OTHERS/laundry_api/public/index.php(28): Laravel\\Lumen\\Application->run()
#17 {main}
"} 
[2024-08-27 12:49:15] local.ERROR: Method Illuminate\Auth\RequestGuard::attempt does not exist. {"exception":"[object] (BadMethodCallException(code: 0): Method Illuminate\\Auth\\RequestGuard::attempt does not exist. at /var/www/html/OTHERS/laundry_api/vendor/illuminate/macroable/Traits/Macroable.php:112)
[stacktrace]
#0 /var/www/html/OTHERS/laundry_api/vendor/illuminate/auth/AuthManager.php(340): Illuminate\\Auth\\RequestGuard->__call()
#1 /var/www/html/OTHERS/laundry_api/app/Http/Controllers/AuthController.php(22): Illuminate\\Auth\\AuthManager->__call()
#2 /var/www/html/OTHERS/laundry_api/vendor/illuminate/container/BoundMethod.php(36): App\\Http\\Controllers\\AuthController->login()
#3 /var/www/html/OTHERS/laundry_api/vendor/illuminate/container/Util.php(41): Illuminate\\Container\\BoundMethod::Illuminate\\Container\\{closure}()
#4 /var/www/html/OTHERS/laundry_api/vendor/illuminate/container/BoundMethod.php(93): Illuminate\\Container\\Util::unwrapIfClosure()
#5 /var/www/html/OTHERS/laundry_api/vendor/illuminate/container/BoundMethod.php(35): Illuminate\\Container\\BoundMethod::callBoundMethod()
#6 /var/www/html/OTHERS/laundry_api/vendor/illuminate/container/Container.php(662): Illuminate\\Container\\BoundMethod::call()
#7 /var/www/html/OTHERS/laundry_api/vendor/laravel/lumen-framework/src/Concerns/RoutesRequests.php(391): Illuminate\\Container\\Container->call()
#8 /var/www/html/OTHERS/laundry_api/vendor/laravel/lumen-framework/src/Concerns/RoutesRequests.php(356): Laravel\\Lumen\\Application->callControllerCallable()
#9 /var/www/html/OTHERS/laundry_api/vendor/laravel/lumen-framework/src/Concerns/RoutesRequests.php(331): Laravel\\Lumen\\Application->callLumenController()
#10 /var/www/html/OTHERS/laundry_api/vendor/laravel/lumen-framework/src/Concerns/RoutesRequests.php(284): Laravel\\Lumen\\Application->callControllerAction()
#11 /var/www/html/OTHERS/laundry_api/vendor/laravel/lumen-framework/src/Concerns/RoutesRequests.php(269): Laravel\\Lumen\\Application->callActionOnArrayBasedRoute()
#12 /var/www/html/OTHERS/laundry_api/vendor/laravel/lumen-framework/src/Concerns/RoutesRequests.php(171): Laravel\\Lumen\\Application->handleFoundRoute()
#13 /var/www/html/OTHERS/laundry_api/vendor/laravel/lumen-framework/src/Concerns/RoutesRequests.php(431): Laravel\\Lumen\\Application->Laravel\\Lumen\\Concerns\\{closure}()
#14 /var/www/html/OTHERS/laundry_api/vendor/laravel/lumen-framework/src/Concerns/RoutesRequests.php(167): Laravel\\Lumen\\Application->sendThroughPipeline()
#15 /var/www/html/OTHERS/laundry_api/vendor/laravel/lumen-framework/src/Concerns/RoutesRequests.php(112): Laravel\\Lumen\\Application->dispatch()
#16 /var/www/html/OTHERS/laundry_api/public/index.php(28): Laravel\\Lumen\\Application->run()
#17 {main}
"} 
[2024-08-27 12:51:20] local.ERROR: Method Illuminate\Auth\RequestGuard::attempt does not exist. {"exception":"[object] (BadMethodCallException(code: 0): Method Illuminate\\Auth\\RequestGuard::attempt does not exist. at /var/www/html/OTHERS/laundry_api/vendor/illuminate/macroable/Traits/Macroable.php:112)
[stacktrace]
#0 /var/www/html/OTHERS/laundry_api/vendor/illuminate/auth/AuthManager.php(340): Illuminate\\Auth\\RequestGuard->__call()
#1 /var/www/html/OTHERS/laundry_api/app/Http/Controllers/AuthController.php(22): Illuminate\\Auth\\AuthManager->__call()
#2 /var/www/html/OTHERS/laundry_api/vendor/illuminate/container/BoundMethod.php(36): App\\Http\\Controllers\\AuthController->login()
#3 /var/www/html/OTHERS/laundry_api/vendor/illuminate/container/Util.php(41): Illuminate\\Container\\BoundMethod::Illuminate\\Container\\{closure}()
#4 /var/www/html/OTHERS/laundry_api/vendor/illuminate/container/BoundMethod.php(93): Illuminate\\Container\\Util::unwrapIfClosure()
#5 /var/www/html/OTHERS/laundry_api/vendor/illuminate/container/BoundMethod.php(35): Illuminate\\Container\\BoundMethod::callBoundMethod()
#6 /var/www/html/OTHERS/laundry_api/vendor/illuminate/container/Container.php(662): Illuminate\\Container\\BoundMethod::call()
#7 /var/www/html/OTHERS/laundry_api/vendor/laravel/lumen-framework/src/Concerns/RoutesRequests.php(391): Illuminate\\Container\\Container->call()
#8 /var/www/html/OTHERS/laundry_api/vendor/laravel/lumen-framework/src/Concerns/RoutesRequests.php(356): Laravel\\Lumen\\Application->callControllerCallable()
#9 /var/www/html/OTHERS/laundry_api/vendor/laravel/lumen-framework/src/Concerns/RoutesRequests.php(331): Laravel\\Lumen\\Application->callLumenController()
#10 /var/www/html/OTHERS/laundry_api/vendor/laravel/lumen-framework/src/Concerns/RoutesRequests.php(284): Laravel\\Lumen\\Application->callControllerAction()
#11 /var/www/html/OTHERS/laundry_api/vendor/laravel/lumen-framework/src/Concerns/RoutesRequests.php(269): Laravel\\Lumen\\Application->callActionOnArrayBasedRoute()
#12 /var/www/html/OTHERS/laundry_api/vendor/laravel/lumen-framework/src/Concerns/RoutesRequests.php(171): Laravel\\Lumen\\Application->handleFoundRoute()
#13 /var/www/html/OTHERS/laundry_api/vendor/laravel/lumen-framework/src/Concerns/RoutesRequests.php(431): Laravel\\Lumen\\Application->Laravel\\Lumen\\Concerns\\{closure}()
#14 /var/www/html/OTHERS/laundry_api/vendor/laravel/lumen-framework/src/Concerns/RoutesRequests.php(167): Laravel\\Lumen\\Application->sendThroughPipeline()
#15 /var/www/html/OTHERS/laundry_api/vendor/laravel/lumen-framework/src/Concerns/RoutesRequests.php(112): Laravel\\Lumen\\Application->dispatch()
#16 /var/www/html/OTHERS/laundry_api/public/index.php(28): Laravel\\Lumen\\Application->run()
#17 {main}
"} 
[2024-08-27 12:54:05] local.ERROR: Method Illuminate\Auth\RequestGuard::attempt does not exist. {"exception":"[object] (BadMethodCallException(code: 0): Method Illuminate\\Auth\\RequestGuard::attempt does not exist. at /var/www/html/OTHERS/laundry_api/vendor/illuminate/macroable/Traits/Macroable.php:112)
[stacktrace]
#0 /var/www/html/OTHERS/laundry_api/vendor/illuminate/auth/AuthManager.php(340): Illuminate\\Auth\\RequestGuard->__call()
#1 /var/www/html/OTHERS/laundry_api/app/Http/Controllers/AuthController.php(22): Illuminate\\Auth\\AuthManager->__call()
#2 /var/www/html/OTHERS/laundry_api/vendor/illuminate/container/BoundMethod.php(36): App\\Http\\Controllers\\AuthController->login()
#3 /var/www/html/OTHERS/laundry_api/vendor/illuminate/container/Util.php(41): Illuminate\\Container\\BoundMethod::Illuminate\\Container\\{closure}()
#4 /var/www/html/OTHERS/laundry_api/vendor/illuminate/container/BoundMethod.php(93): Illuminate\\Container\\Util::unwrapIfClosure()
#5 /var/www/html/OTHERS/laundry_api/vendor/illuminate/container/BoundMethod.php(35): Illuminate\\Container\\BoundMethod::callBoundMethod()
#6 /var/www/html/OTHERS/laundry_api/vendor/illuminate/container/Container.php(662): Illuminate\\Container\\BoundMethod::call()
#7 /var/www/html/OTHERS/laundry_api/vendor/laravel/lumen-framework/src/Concerns/RoutesRequests.php(391): Illuminate\\Container\\Container->call()
#8 /var/www/html/OTHERS/laundry_api/vendor/laravel/lumen-framework/src/Concerns/RoutesRequests.php(356): Laravel\\Lumen\\Application->callControllerCallable()
#9 /var/www/html/OTHERS/laundry_api/vendor/laravel/lumen-framework/src/Concerns/RoutesRequests.php(331): Laravel\\Lumen\\Application->callLumenController()
#10 /var/www/html/OTHERS/laundry_api/vendor/laravel/lumen-framework/src/Concerns/RoutesRequests.php(284): Laravel\\Lumen\\Application->callControllerAction()
#11 /var/www/html/OTHERS/laundry_api/vendor/laravel/lumen-framework/src/Concerns/RoutesRequests.php(269): Laravel\\Lumen\\Application->callActionOnArrayBasedRoute()
#12 /var/www/html/OTHERS/laundry_api/vendor/laravel/lumen-framework/src/Concerns/RoutesRequests.php(171): Laravel\\Lumen\\Application->handleFoundRoute()
#13 /var/www/html/OTHERS/laundry_api/vendor/laravel/lumen-framework/src/Concerns/RoutesRequests.php(431): Laravel\\Lumen\\Application->Laravel\\Lumen\\Concerns\\{closure}()
#14 /var/www/html/OTHERS/laundry_api/vendor/laravel/lumen-framework/src/Concerns/RoutesRequests.php(167): Laravel\\Lumen\\Application->sendThroughPipeline()
#15 /var/www/html/OTHERS/laundry_api/vendor/laravel/lumen-framework/src/Concerns/RoutesRequests.php(112): Laravel\\Lumen\\Application->dispatch()
#16 /var/www/html/OTHERS/laundry_api/public/index.php(28): Laravel\\Lumen\\Application->run()
#17 {main}
"} 
[2024-08-27 12:57:22] local.ERROR: Method Illuminate\Auth\RequestGuard::attempt does not exist. {"exception":"[object] (BadMethodCallException(code: 0): Method Illuminate\\Auth\\RequestGuard::attempt does not exist. at /var/www/html/OTHERS/laundry_api/vendor/illuminate/macroable/Traits/Macroable.php:112)
[stacktrace]
#0 /var/www/html/OTHERS/laundry_api/vendor/illuminate/auth/AuthManager.php(340): Illuminate\\Auth\\RequestGuard->__call()
#1 /var/www/html/OTHERS/laundry_api/vendor/illuminate/support/Facades/Facade.php(355): Illuminate\\Auth\\AuthManager->__call()
#2 /var/www/html/OTHERS/laundry_api/app/Http/Controllers/AuthController.php(33): Illuminate\\Support\\Facades\\Facade::__callStatic()
#3 /var/www/html/OTHERS/laundry_api/vendor/illuminate/container/BoundMethod.php(36): App\\Http\\Controllers\\AuthController->login()
#4 /var/www/html/OTHERS/laundry_api/vendor/illuminate/container/Util.php(41): Illuminate\\Container\\BoundMethod::Illuminate\\Container\\{closure}()
#5 /var/www/html/OTHERS/laundry_api/vendor/illuminate/container/BoundMethod.php(93): Illuminate\\Container\\Util::unwrapIfClosure()
#6 /var/www/html/OTHERS/laundry_api/vendor/illuminate/container/BoundMethod.php(35): Illuminate\\Container\\BoundMethod::callBoundMethod()
#7 /var/www/html/OTHERS/laundry_api/vendor/illuminate/container/Container.php(662): Illuminate\\Container\\BoundMethod::call()
#8 /var/www/html/OTHERS/laundry_api/vendor/laravel/lumen-framework/src/Concerns/RoutesRequests.php(391): Illuminate\\Container\\Container->call()
#9 /var/www/html/OTHERS/laundry_api/vendor/laravel/lumen-framework/src/Concerns/RoutesRequests.php(356): Laravel\\Lumen\\Application->callControllerCallable()
#10 /var/www/html/OTHERS/laundry_api/vendor/laravel/lumen-framework/src/Concerns/RoutesRequests.php(331): Laravel\\Lumen\\Application->callLumenController()
#11 /var/www/html/OTHERS/laundry_api/vendor/laravel/lumen-framework/src/Concerns/RoutesRequests.php(284): Laravel\\Lumen\\Application->callControllerAction()
#12 /var/www/html/OTHERS/laundry_api/vendor/laravel/lumen-framework/src/Concerns/RoutesRequests.php(269): Laravel\\Lumen\\Application->callActionOnArrayBasedRoute()
#13 /var/www/html/OTHERS/laundry_api/vendor/laravel/lumen-framework/src/Concerns/RoutesRequests.php(171): Laravel\\Lumen\\Application->handleFoundRoute()
#14 /var/www/html/OTHERS/laundry_api/vendor/laravel/lumen-framework/src/Concerns/RoutesRequests.php(431): Laravel\\Lumen\\Application->Laravel\\Lumen\\Concerns\\{closure}()
#15 /var/www/html/OTHERS/laundry_api/vendor/laravel/lumen-framework/src/Concerns/RoutesRequests.php(167): Laravel\\Lumen\\Application->sendThroughPipeline()
#16 /var/www/html/OTHERS/laundry_api/vendor/laravel/lumen-framework/src/Concerns/RoutesRequests.php(112): Laravel\\Lumen\\Application->dispatch()
#17 /var/www/html/OTHERS/laundry_api/public/index.php(28): Laravel\\Lumen\\Application->run()
#18 {main}
"} 
[2024-08-27 12:58:58] local.ERROR: Method Illuminate\Auth\RequestGuard::attempt does not exist. {"exception":"[object] (BadMethodCallException(code: 0): Method Illuminate\\Auth\\RequestGuard::attempt does not exist. at /var/www/html/OTHERS/laundry_api/vendor/illuminate/macroable/Traits/Macroable.php:112)
[stacktrace]
#0 /var/www/html/OTHERS/laundry_api/vendor/illuminate/auth/AuthManager.php(340): Illuminate\\Auth\\RequestGuard->__call()
#1 /var/www/html/OTHERS/laundry_api/vendor/illuminate/support/Facades/Facade.php(355): Illuminate\\Auth\\AuthManager->__call()
#2 /var/www/html/OTHERS/laundry_api/app/Http/Controllers/AuthController.php(33): Illuminate\\Support\\Facades\\Facade::__callStatic()
#3 /var/www/html/OTHERS/laundry_api/vendor/illuminate/container/BoundMethod.php(36): App\\Http\\Controllers\\AuthController->login()
#4 /var/www/html/OTHERS/laundry_api/vendor/illuminate/container/Util.php(41): Illuminate\\Container\\BoundMethod::Illuminate\\Container\\{closure}()
#5 /var/www/html/OTHERS/laundry_api/vendor/illuminate/container/BoundMethod.php(93): Illuminate\\Container\\Util::unwrapIfClosure()
#6 /var/www/html/OTHERS/laundry_api/vendor/illuminate/container/BoundMethod.php(35): Illuminate\\Container\\BoundMethod::callBoundMethod()
#7 /var/www/html/OTHERS/laundry_api/vendor/illuminate/container/Container.php(662): Illuminate\\Container\\BoundMethod::call()
#8 /var/www/html/OTHERS/laundry_api/vendor/laravel/lumen-framework/src/Concerns/RoutesRequests.php(391): Illuminate\\Container\\Container->call()
#9 /var/www/html/OTHERS/laundry_api/vendor/laravel/lumen-framework/src/Concerns/RoutesRequests.php(356): Laravel\\Lumen\\Application->callControllerCallable()
#10 /var/www/html/OTHERS/laundry_api/vendor/laravel/lumen-framework/src/Concerns/RoutesRequests.php(331): Laravel\\Lumen\\Application->callLumenController()
#11 /var/www/html/OTHERS/laundry_api/vendor/laravel/lumen-framework/src/Concerns/RoutesRequests.php(284): Laravel\\Lumen\\Application->callControllerAction()
#12 /var/www/html/OTHERS/laundry_api/vendor/laravel/lumen-framework/src/Concerns/RoutesRequests.php(269): Laravel\\Lumen\\Application->callActionOnArrayBasedRoute()
#13 /var/www/html/OTHERS/laundry_api/vendor/laravel/lumen-framework/src/Concerns/RoutesRequests.php(171): Laravel\\Lumen\\Application->handleFoundRoute()
#14 /var/www/html/OTHERS/laundry_api/vendor/laravel/lumen-framework/src/Concerns/RoutesRequests.php(431): Laravel\\Lumen\\Application->Laravel\\Lumen\\Concerns\\{closure}()
#15 /var/www/html/OTHERS/laundry_api/vendor/laravel/lumen-framework/src/Concerns/RoutesRequests.php(167): Laravel\\Lumen\\Application->sendThroughPipeline()
#16 /var/www/html/OTHERS/laundry_api/vendor/laravel/lumen-framework/src/Concerns/RoutesRequests.php(112): Laravel\\Lumen\\Application->dispatch()
#17 /var/www/html/OTHERS/laundry_api/public/index.php(28): Laravel\\Lumen\\Application->run()
#18 {main}
"} 
[2024-08-27 12:58:59] local.ERROR: Method Illuminate\Auth\RequestGuard::attempt does not exist. {"exception":"[object] (BadMethodCallException(code: 0): Method Illuminate\\Auth\\RequestGuard::attempt does not exist. at /var/www/html/OTHERS/laundry_api/vendor/illuminate/macroable/Traits/Macroable.php:112)
[stacktrace]
#0 /var/www/html/OTHERS/laundry_api/vendor/illuminate/auth/AuthManager.php(340): Illuminate\\Auth\\RequestGuard->__call()
#1 /var/www/html/OTHERS/laundry_api/vendor/illuminate/support/Facades/Facade.php(355): Illuminate\\Auth\\AuthManager->__call()
#2 /var/www/html/OTHERS/laundry_api/app/Http/Controllers/AuthController.php(33): Illuminate\\Support\\Facades\\Facade::__callStatic()
#3 /var/www/html/OTHERS/laundry_api/vendor/illuminate/container/BoundMethod.php(36): App\\Http\\Controllers\\AuthController->login()
#4 /var/www/html/OTHERS/laundry_api/vendor/illuminate/container/Util.php(41): Illuminate\\Container\\BoundMethod::Illuminate\\Container\\{closure}()
#5 /var/www/html/OTHERS/laundry_api/vendor/illuminate/container/BoundMethod.php(93): Illuminate\\Container\\Util::unwrapIfClosure()
#6 /var/www/html/OTHERS/laundry_api/vendor/illuminate/container/BoundMethod.php(35): Illuminate\\Container\\BoundMethod::callBoundMethod()
#7 /var/www/html/OTHERS/laundry_api/vendor/illuminate/container/Container.php(662): Illuminate\\Container\\BoundMethod::call()
#8 /var/www/html/OTHERS/laundry_api/vendor/laravel/lumen-framework/src/Concerns/RoutesRequests.php(391): Illuminate\\Container\\Container->call()
#9 /var/www/html/OTHERS/laundry_api/vendor/laravel/lumen-framework/src/Concerns/RoutesRequests.php(356): Laravel\\Lumen\\Application->callControllerCallable()
#10 /var/www/html/OTHERS/laundry_api/vendor/laravel/lumen-framework/src/Concerns/RoutesRequests.php(331): Laravel\\Lumen\\Application->callLumenController()
#11 /var/www/html/OTHERS/laundry_api/vendor/laravel/lumen-framework/src/Concerns/RoutesRequests.php(284): Laravel\\Lumen\\Application->callControllerAction()
#12 /var/www/html/OTHERS/laundry_api/vendor/laravel/lumen-framework/src/Concerns/RoutesRequests.php(269): Laravel\\Lumen\\Application->callActionOnArrayBasedRoute()
#13 /var/www/html/OTHERS/laundry_api/vendor/laravel/lumen-framework/src/Concerns/RoutesRequests.php(171): Laravel\\Lumen\\Application->handleFoundRoute()
#14 /var/www/html/OTHERS/laundry_api/vendor/laravel/lumen-framework/src/Concerns/RoutesRequests.php(431): Laravel\\Lumen\\Application->Laravel\\Lumen\\Concerns\\{closure}()
#15 /var/www/html/OTHERS/laundry_api/vendor/laravel/lumen-framework/src/Concerns/RoutesRequests.php(167): Laravel\\Lumen\\Application->sendThroughPipeline()
#16 /var/www/html/OTHERS/laundry_api/vendor/laravel/lumen-framework/src/Concerns/RoutesRequests.php(112): Laravel\\Lumen\\Application->dispatch()
#17 /var/www/html/OTHERS/laundry_api/public/index.php(28): Laravel\\Lumen\\Application->run()
#18 {main}
"} 
[2024-08-27 13:02:05] local.ERROR: Method Illuminate\Auth\RequestGuard::attempt does not exist. {"exception":"[object] (BadMethodCallException(code: 0): Method Illuminate\\Auth\\RequestGuard::attempt does not exist. at /var/www/html/OTHERS/laundry_api/vendor/illuminate/macroable/Traits/Macroable.php:112)
[stacktrace]
#0 /var/www/html/OTHERS/laundry_api/vendor/illuminate/auth/AuthManager.php(340): Illuminate\\Auth\\RequestGuard->__call()
#1 /var/www/html/OTHERS/laundry_api/vendor/illuminate/support/Facades/Facade.php(355): Illuminate\\Auth\\AuthManager->__call()
#2 /var/www/html/OTHERS/laundry_api/app/Http/Controllers/AuthController.php(32): Illuminate\\Support\\Facades\\Facade::__callStatic()
#3 /var/www/html/OTHERS/laundry_api/vendor/illuminate/container/BoundMethod.php(36): App\\Http\\Controllers\\AuthController->login()
#4 /var/www/html/OTHERS/laundry_api/vendor/illuminate/container/Util.php(41): Illuminate\\Container\\BoundMethod::Illuminate\\Container\\{closure}()
#5 /var/www/html/OTHERS/laundry_api/vendor/illuminate/container/BoundMethod.php(93): Illuminate\\Container\\Util::unwrapIfClosure()
#6 /var/www/html/OTHERS/laundry_api/vendor/illuminate/container/BoundMethod.php(35): Illuminate\\Container\\BoundMethod::callBoundMethod()
#7 /var/www/html/OTHERS/laundry_api/vendor/illuminate/container/Container.php(662): Illuminate\\Container\\BoundMethod::call()
#8 /var/www/html/OTHERS/laundry_api/vendor/laravel/lumen-framework/src/Concerns/RoutesRequests.php(391): Illuminate\\Container\\Container->call()
#9 /var/www/html/OTHERS/laundry_api/vendor/laravel/lumen-framework/src/Concerns/RoutesRequests.php(356): Laravel\\Lumen\\Application->callControllerCallable()
#10 /var/www/html/OTHERS/laundry_api/vendor/laravel/lumen-framework/src/Concerns/RoutesRequests.php(331): Laravel\\Lumen\\Application->callLumenController()
#11 /var/www/html/OTHERS/laundry_api/vendor/laravel/lumen-framework/src/Concerns/RoutesRequests.php(284): Laravel\\Lumen\\Application->callControllerAction()
#12 /var/www/html/OTHERS/laundry_api/vendor/laravel/lumen-framework/src/Concerns/RoutesRequests.php(269): Laravel\\Lumen\\Application->callActionOnArrayBasedRoute()
#13 /var/www/html/OTHERS/laundry_api/vendor/laravel/lumen-framework/src/Concerns/RoutesRequests.php(171): Laravel\\Lumen\\Application->handleFoundRoute()
#14 /var/www/html/OTHERS/laundry_api/vendor/laravel/lumen-framework/src/Concerns/RoutesRequests.php(431): Laravel\\Lumen\\Application->Laravel\\Lumen\\Concerns\\{closure}()
#15 /var/www/html/OTHERS/laundry_api/vendor/laravel/lumen-framework/src/Concerns/RoutesRequests.php(167): Laravel\\Lumen\\Application->sendThroughPipeline()
#16 /var/www/html/OTHERS/laundry_api/vendor/laravel/lumen-framework/src/Concerns/RoutesRequests.php(112): Laravel\\Lumen\\Application->dispatch()
#17 /var/www/html/OTHERS/laundry_api/public/index.php(28): Laravel\\Lumen\\Application->run()
#18 {main}
"} 
[2024-08-27 13:04:56] local.ERROR: There are no commands defined in the "vendor" namespace. {"exception":"[object] (Symfony\\Component\\Console\\Exception\\NamespaceNotFoundException(code: 0): There are no commands defined in the \"vendor\" namespace. at /var/www/html/OTHERS/laundry_api/vendor/symfony/console/Application.php:669)
[stacktrace]
#0 /var/www/html/OTHERS/laundry_api/vendor/symfony/console/Application.php(720): Symfony\\Component\\Console\\Application->findNamespace()
#1 /var/www/html/OTHERS/laundry_api/vendor/symfony/console/Application.php(266): Symfony\\Component\\Console\\Application->find()
#2 /var/www/html/OTHERS/laundry_api/vendor/symfony/console/Application.php(175): Symfony\\Component\\Console\\Application->doRun()
#3 /var/www/html/OTHERS/laundry_api/vendor/laravel/lumen-framework/src/Console/Kernel.php(160): Symfony\\Component\\Console\\Application->run()
#4 /var/www/html/OTHERS/laundry_api/artisan(35): Laravel\\Lumen\\Console\\Kernel->handle()
#5 {main}
"} 
[2024-08-27 13:06:39] local.ERROR: Method Illuminate\Auth\RequestGuard::attempt does not exist. {"exception":"[object] (BadMethodCallException(code: 0): Method Illuminate\\Auth\\RequestGuard::attempt does not exist. at /var/www/html/OTHERS/laundry_api/vendor/illuminate/macroable/Traits/Macroable.php:112)
[stacktrace]
#0 /var/www/html/OTHERS/laundry_api/vendor/illuminate/auth/AuthManager.php(340): Illuminate\\Auth\\RequestGuard->__call()
#1 /var/www/html/OTHERS/laundry_api/app/Http/Controllers/AuthController.php(22): Illuminate\\Auth\\AuthManager->__call()
#2 /var/www/html/OTHERS/laundry_api/vendor/illuminate/container/BoundMethod.php(36): App\\Http\\Controllers\\AuthController->login()
#3 /var/www/html/OTHERS/laundry_api/vendor/illuminate/container/Util.php(41): Illuminate\\Container\\BoundMethod::Illuminate\\Container\\{closure}()
#4 /var/www/html/OTHERS/laundry_api/vendor/illuminate/container/BoundMethod.php(93): Illuminate\\Container\\Util::unwrapIfClosure()
#5 /var/www/html/OTHERS/laundry_api/vendor/illuminate/container/BoundMethod.php(35): Illuminate\\Container\\BoundMethod::callBoundMethod()
#6 /var/www/html/OTHERS/laundry_api/vendor/illuminate/container/Container.php(662): Illuminate\\Container\\BoundMethod::call()
#7 /var/www/html/OTHERS/laundry_api/vendor/laravel/lumen-framework/src/Concerns/RoutesRequests.php(391): Illuminate\\Container\\Container->call()
#8 /var/www/html/OTHERS/laundry_api/vendor/laravel/lumen-framework/src/Concerns/RoutesRequests.php(356): Laravel\\Lumen\\Application->callControllerCallable()
#9 /var/www/html/OTHERS/laundry_api/vendor/laravel/lumen-framework/src/Concerns/RoutesRequests.php(331): Laravel\\Lumen\\Application->callLumenController()
#10 /var/www/html/OTHERS/laundry_api/vendor/laravel/lumen-framework/src/Concerns/RoutesRequests.php(284): Laravel\\Lumen\\Application->callControllerAction()
#11 /var/www/html/OTHERS/laundry_api/vendor/laravel/lumen-framework/src/Concerns/RoutesRequests.php(269): Laravel\\Lumen\\Application->callActionOnArrayBasedRoute()
#12 /var/www/html/OTHERS/laundry_api/vendor/laravel/lumen-framework/src/Concerns/RoutesRequests.php(171): Laravel\\Lumen\\Application->handleFoundRoute()
#13 /var/www/html/OTHERS/laundry_api/vendor/laravel/lumen-framework/src/Concerns/RoutesRequests.php(431): Laravel\\Lumen\\Application->Laravel\\Lumen\\Concerns\\{closure}()
#14 /var/www/html/OTHERS/laundry_api/vendor/laravel/lumen-framework/src/Concerns/RoutesRequests.php(167): Laravel\\Lumen\\Application->sendThroughPipeline()
#15 /var/www/html/OTHERS/laundry_api/vendor/laravel/lumen-framework/src/Concerns/RoutesRequests.php(112): Laravel\\Lumen\\Application->dispatch()
#16 /var/www/html/OTHERS/laundry_api/public/index.php(28): Laravel\\Lumen\\Application->run()
#17 {main}
"} 
