[2024-10-21 03:53:54] local.ERROR: Undefined variable $tglSelesai {"exception":"[object] (ErrorException(code: 0): Undefined variable $tglSelesai at /var/www/html/OTHERS/side/pengaduan/BE/app/Http/Controllers/PengaduanController.php:72)
[stacktrace]
#0 /var/www/html/OTHERS/side/pengaduan/BE/vendor/laravel/lumen-framework/src/Concerns/RegistersExceptionHandlers.php(47): Laravel\\Lumen\\Application->handleError()
#1 /var/www/html/OTHERS/side/pengaduan/BE/app/Http/Controllers/PengaduanController.php(72): Laravel\\Lumen\\Application->Laravel\\Lumen\\Concerns\\{closure}()
#2 /var/www/html/OTHERS/side/pengaduan/BE/vendor/illuminate/container/BoundMethod.php(36): App\\Http\\Controllers\\PengaduanController->store()
#3 /var/www/html/OTHERS/side/pengaduan/BE/vendor/illuminate/container/Util.php(41): Illuminate\\Container\\BoundMethod::Illuminate\\Container\\{closure}()
#4 /var/www/html/OTHERS/side/pengaduan/BE/vendor/illuminate/container/BoundMethod.php(93): Illuminate\\Container\\Util::unwrapIfClosure()
#5 /var/www/html/OTHERS/side/pengaduan/BE/vendor/illuminate/container/BoundMethod.php(35): Illuminate\\Container\\BoundMethod::callBoundMethod()
#6 /var/www/html/OTHERS/side/pengaduan/BE/vendor/illuminate/container/Container.php(662): Illuminate\\Container\\BoundMethod::call()
#7 /var/www/html/OTHERS/side/pengaduan/BE/vendor/laravel/lumen-framework/src/Concerns/RoutesRequests.php(391): Illuminate\\Container\\Container->call()
#8 /var/www/html/OTHERS/side/pengaduan/BE/vendor/laravel/lumen-framework/src/Concerns/RoutesRequests.php(356): Laravel\\Lumen\\Application->callControllerCallable()
#9 /var/www/html/OTHERS/side/pengaduan/BE/vendor/laravel/lumen-framework/src/Concerns/RoutesRequests.php(331): Laravel\\Lumen\\Application->callLumenController()
#10 /var/www/html/OTHERS/side/pengaduan/BE/vendor/laravel/lumen-framework/src/Concerns/RoutesRequests.php(284): Laravel\\Lumen\\Application->callControllerAction()
#11 /var/www/html/OTHERS/side/pengaduan/BE/vendor/laravel/lumen-framework/src/Concerns/RoutesRequests.php(264): Laravel\\Lumen\\Application->callActionOnArrayBasedRoute()
#12 /var/www/html/OTHERS/side/pengaduan/BE/vendor/laravel/lumen-framework/src/Routing/Pipeline.php(48): Laravel\\Lumen\\Application->Laravel\\Lumen\\Concerns\\{closure}()
#13 /var/www/html/OTHERS/side/pengaduan/BE/app/Http/Middleware/RoleAccessMiddleware.php(27): Laravel\\Lumen\\Routing\\Pipeline->Laravel\\Lumen\\Routing\\{closure}()
#14 /var/www/html/OTHERS/side/pengaduan/BE/vendor/illuminate/pipeline/Pipeline.php(183): App\\Http\\Middleware\\RoleAccessMiddleware->handle()
#15 /var/www/html/OTHERS/side/pengaduan/BE/vendor/laravel/lumen-framework/src/Routing/Pipeline.php(30): Illuminate\\Pipeline\\Pipeline->Illuminate\\Pipeline\\{closure}()
#16 /var/www/html/OTHERS/side/pengaduan/BE/app/Http/Middleware/Authenticate.php(70): Laravel\\Lumen\\Routing\\Pipeline->Laravel\\Lumen\\Routing\\{closure}()
#17 /var/www/html/OTHERS/side/pengaduan/BE/vendor/illuminate/pipeline/Pipeline.php(183): App\\Http\\Middleware\\Authenticate->handle()
#18 /var/www/html/OTHERS/side/pengaduan/BE/vendor/laravel/lumen-framework/src/Routing/Pipeline.php(30): Illuminate\\Pipeline\\Pipeline->Illuminate\\Pipeline\\{closure}()
#19 /var/www/html/OTHERS/side/pengaduan/BE/vendor/illuminate/pipeline/Pipeline.php(119): Laravel\\Lumen\\Routing\\Pipeline->Laravel\\Lumen\\Routing\\{closure}()
#20 /var/www/html/OTHERS/side/pengaduan/BE/vendor/laravel/lumen-framework/src/Concerns/RoutesRequests.php(428): Illuminate\\Pipeline\\Pipeline->then()
#21 /var/www/html/OTHERS/side/pengaduan/BE/vendor/laravel/lumen-framework/src/Concerns/RoutesRequests.php(263): Laravel\\Lumen\\Application->sendThroughPipeline()
#22 /var/www/html/OTHERS/side/pengaduan/BE/vendor/laravel/lumen-framework/src/Concerns/RoutesRequests.php(171): Laravel\\Lumen\\Application->handleFoundRoute()
#23 /var/www/html/OTHERS/side/pengaduan/BE/vendor/laravel/lumen-framework/src/Routing/Pipeline.php(48): Laravel\\Lumen\\Application->Laravel\\Lumen\\Concerns\\{closure}()
#24 /var/www/html/OTHERS/side/pengaduan/BE/app/Http/Middleware/CorsMiddleware.php(18): Laravel\\Lumen\\Routing\\Pipeline->Laravel\\Lumen\\Routing\\{closure}()
#25 /var/www/html/OTHERS/side/pengaduan/BE/vendor/illuminate/pipeline/Pipeline.php(183): App\\Http\\Middleware\\CorsMiddleware->handle()
#26 /var/www/html/OTHERS/side/pengaduan/BE/vendor/laravel/lumen-framework/src/Routing/Pipeline.php(30): Illuminate\\Pipeline\\Pipeline->Illuminate\\Pipeline\\{closure}()
#27 /var/www/html/OTHERS/side/pengaduan/BE/vendor/illuminate/pipeline/Pipeline.php(119): Laravel\\Lumen\\Routing\\Pipeline->Laravel\\Lumen\\Routing\\{closure}()
#28 /var/www/html/OTHERS/side/pengaduan/BE/vendor/laravel/lumen-framework/src/Concerns/RoutesRequests.php(428): Illuminate\\Pipeline\\Pipeline->then()
#29 /var/www/html/OTHERS/side/pengaduan/BE/vendor/laravel/lumen-framework/src/Concerns/RoutesRequests.php(167): Laravel\\Lumen\\Application->sendThroughPipeline()
#30 /var/www/html/OTHERS/side/pengaduan/BE/vendor/laravel/lumen-framework/src/Concerns/RoutesRequests.php(112): Laravel\\Lumen\\Application->dispatch()
#31 /var/www/html/OTHERS/side/pengaduan/BE/public/index.php(28): Laravel\\Lumen\\Application->run()
#32 {main}
"} 
[2024-10-21 03:54:39] local.ERROR: SQLSTATE[22001]: String data, right truncated: 1406 Data too long for column 'no_pengaduan' at row 1 (Connection: mysql, SQL: insert into `pengaduan` (`deskripsi`, `user_id`, `no_pengaduan`, `tgl_pengaduan`, `status`, `updated_at`, `created_at`) values (ini contoh saja, 3, RL202410879, 2024-10-21 00:00:00, new, 2024-10-21 03:54:39, 2024-10-21 03:54:39)) {"exception":"[object] (Illuminate\\Database\\QueryException(code: 22001): SQLSTATE[22001]: String data, right truncated: 1406 Data too long for column 'no_pengaduan' at row 1 (Connection: mysql, SQL: insert into `pengaduan` (`deskripsi`, `user_id`, `no_pengaduan`, `tgl_pengaduan`, `status`, `updated_at`, `created_at`) values (ini contoh saja, 3, RL202410879, 2024-10-21 00:00:00, new, 2024-10-21 03:54:39, 2024-10-21 03:54:39)) at /var/www/html/OTHERS/side/pengaduan/BE/vendor/illuminate/database/Connection.php:829)
[stacktrace]
#0 /var/www/html/OTHERS/side/pengaduan/BE/vendor/illuminate/database/Connection.php(783): Illuminate\\Database\\Connection->runQueryCallback()
#1 /var/www/html/OTHERS/side/pengaduan/BE/vendor/illuminate/database/MySqlConnection.php(34): Illuminate\\Database\\Connection->run()
#2 /var/www/html/OTHERS/side/pengaduan/BE/vendor/illuminate/database/Query/Processors/MySqlProcessor.php(35): Illuminate\\Database\\MySqlConnection->insert()
#3 /var/www/html/OTHERS/side/pengaduan/BE/vendor/illuminate/database/Query/Builder.php(3507): Illuminate\\Database\\Query\\Processors\\MySqlProcessor->processInsertGetId()
#4 /var/www/html/OTHERS/side/pengaduan/BE/vendor/illuminate/database/Eloquent/Builder.php(1982): Illuminate\\Database\\Query\\Builder->insertGetId()
#5 /var/www/html/OTHERS/side/pengaduan/BE/vendor/illuminate/database/Eloquent/Model.php(1334): Illuminate\\Database\\Eloquent\\Builder->__call()
#6 /var/www/html/OTHERS/side/pengaduan/BE/vendor/illuminate/database/Eloquent/Model.php(1299): Illuminate\\Database\\Eloquent\\Model->insertAndSetId()
#7 /var/www/html/OTHERS/side/pengaduan/BE/vendor/illuminate/database/Eloquent/Model.php(1138): Illuminate\\Database\\Eloquent\\Model->performInsert()
#8 /var/www/html/OTHERS/side/pengaduan/BE/vendor/illuminate/database/Eloquent/Builder.php(1025): Illuminate\\Database\\Eloquent\\Model->save()
#9 /var/www/html/OTHERS/side/pengaduan/BE/vendor/illuminate/support/helpers.php(307): Illuminate\\Database\\Eloquent\\Builder->Illuminate\\Database\\Eloquent\\{closure}()
#10 /var/www/html/OTHERS/side/pengaduan/BE/vendor/illuminate/database/Eloquent/Builder.php(1024): tap()
#11 /var/www/html/OTHERS/side/pengaduan/BE/vendor/illuminate/support/Traits/ForwardsCalls.php(23): Illuminate\\Database\\Eloquent\\Builder->create()
#12 /var/www/html/OTHERS/side/pengaduan/BE/vendor/illuminate/database/Eloquent/Model.php(2335): Illuminate\\Database\\Eloquent\\Model->forwardCallTo()
#13 /var/www/html/OTHERS/side/pengaduan/BE/vendor/illuminate/database/Eloquent/Model.php(2347): Illuminate\\Database\\Eloquent\\Model->__call()
#14 /var/www/html/OTHERS/side/pengaduan/BE/app/Http/Controllers/PengaduanController.php(78): Illuminate\\Database\\Eloquent\\Model::__callStatic()
#15 /var/www/html/OTHERS/side/pengaduan/BE/vendor/illuminate/container/BoundMethod.php(36): App\\Http\\Controllers\\PengaduanController->store()
#16 /var/www/html/OTHERS/side/pengaduan/BE/vendor/illuminate/container/Util.php(41): Illuminate\\Container\\BoundMethod::Illuminate\\Container\\{closure}()
#17 /var/www/html/OTHERS/side/pengaduan/BE/vendor/illuminate/container/BoundMethod.php(93): Illuminate\\Container\\Util::unwrapIfClosure()
#18 /var/www/html/OTHERS/side/pengaduan/BE/vendor/illuminate/container/BoundMethod.php(35): Illuminate\\Container\\BoundMethod::callBoundMethod()
#19 /var/www/html/OTHERS/side/pengaduan/BE/vendor/illuminate/container/Container.php(662): Illuminate\\Container\\BoundMethod::call()
#20 /var/www/html/OTHERS/side/pengaduan/BE/vendor/laravel/lumen-framework/src/Concerns/RoutesRequests.php(391): Illuminate\\Container\\Container->call()
#21 /var/www/html/OTHERS/side/pengaduan/BE/vendor/laravel/lumen-framework/src/Concerns/RoutesRequests.php(356): Laravel\\Lumen\\Application->callControllerCallable()
#22 /var/www/html/OTHERS/side/pengaduan/BE/vendor/laravel/lumen-framework/src/Concerns/RoutesRequests.php(331): Laravel\\Lumen\\Application->callLumenController()
#23 /var/www/html/OTHERS/side/pengaduan/BE/vendor/laravel/lumen-framework/src/Concerns/RoutesRequests.php(284): Laravel\\Lumen\\Application->callControllerAction()
#24 /var/www/html/OTHERS/side/pengaduan/BE/vendor/laravel/lumen-framework/src/Concerns/RoutesRequests.php(264): Laravel\\Lumen\\Application->callActionOnArrayBasedRoute()
#25 /var/www/html/OTHERS/side/pengaduan/BE/vendor/laravel/lumen-framework/src/Routing/Pipeline.php(48): Laravel\\Lumen\\Application->Laravel\\Lumen\\Concerns\\{closure}()
#26 /var/www/html/OTHERS/side/pengaduan/BE/app/Http/Middleware/RoleAccessMiddleware.php(27): Laravel\\Lumen\\Routing\\Pipeline->Laravel\\Lumen\\Routing\\{closure}()
#27 /var/www/html/OTHERS/side/pengaduan/BE/vendor/illuminate/pipeline/Pipeline.php(183): App\\Http\\Middleware\\RoleAccessMiddleware->handle()
#28 /var/www/html/OTHERS/side/pengaduan/BE/vendor/laravel/lumen-framework/src/Routing/Pipeline.php(30): Illuminate\\Pipeline\\Pipeline->Illuminate\\Pipeline\\{closure}()
#29 /var/www/html/OTHERS/side/pengaduan/BE/app/Http/Middleware/Authenticate.php(70): Laravel\\Lumen\\Routing\\Pipeline->Laravel\\Lumen\\Routing\\{closure}()
#30 /var/www/html/OTHERS/side/pengaduan/BE/vendor/illuminate/pipeline/Pipeline.php(183): App\\Http\\Middleware\\Authenticate->handle()
#31 /var/www/html/OTHERS/side/pengaduan/BE/vendor/laravel/lumen-framework/src/Routing/Pipeline.php(30): Illuminate\\Pipeline\\Pipeline->Illuminate\\Pipeline\\{closure}()
#32 /var/www/html/OTHERS/side/pengaduan/BE/vendor/illuminate/pipeline/Pipeline.php(119): Laravel\\Lumen\\Routing\\Pipeline->Laravel\\Lumen\\Routing\\{closure}()
#33 /var/www/html/OTHERS/side/pengaduan/BE/vendor/laravel/lumen-framework/src/Concerns/RoutesRequests.php(428): Illuminate\\Pipeline\\Pipeline->then()
#34 /var/www/html/OTHERS/side/pengaduan/BE/vendor/laravel/lumen-framework/src/Concerns/RoutesRequests.php(263): Laravel\\Lumen\\Application->sendThroughPipeline()
#35 /var/www/html/OTHERS/side/pengaduan/BE/vendor/laravel/lumen-framework/src/Concerns/RoutesRequests.php(171): Laravel\\Lumen\\Application->handleFoundRoute()
#36 /var/www/html/OTHERS/side/pengaduan/BE/vendor/laravel/lumen-framework/src/Routing/Pipeline.php(48): Laravel\\Lumen\\Application->Laravel\\Lumen\\Concerns\\{closure}()
#37 /var/www/html/OTHERS/side/pengaduan/BE/app/Http/Middleware/CorsMiddleware.php(18): Laravel\\Lumen\\Routing\\Pipeline->Laravel\\Lumen\\Routing\\{closure}()
#38 /var/www/html/OTHERS/side/pengaduan/BE/vendor/illuminate/pipeline/Pipeline.php(183): App\\Http\\Middleware\\CorsMiddleware->handle()
#39 /var/www/html/OTHERS/side/pengaduan/BE/vendor/laravel/lumen-framework/src/Routing/Pipeline.php(30): Illuminate\\Pipeline\\Pipeline->Illuminate\\Pipeline\\{closure}()
#40 /var/www/html/OTHERS/side/pengaduan/BE/vendor/illuminate/pipeline/Pipeline.php(119): Laravel\\Lumen\\Routing\\Pipeline->Laravel\\Lumen\\Routing\\{closure}()
#41 /var/www/html/OTHERS/side/pengaduan/BE/vendor/laravel/lumen-framework/src/Concerns/RoutesRequests.php(428): Illuminate\\Pipeline\\Pipeline->then()
#42 /var/www/html/OTHERS/side/pengaduan/BE/vendor/laravel/lumen-framework/src/Concerns/RoutesRequests.php(167): Laravel\\Lumen\\Application->sendThroughPipeline()
#43 /var/www/html/OTHERS/side/pengaduan/BE/vendor/laravel/lumen-framework/src/Concerns/RoutesRequests.php(112): Laravel\\Lumen\\Application->dispatch()
#44 /var/www/html/OTHERS/side/pengaduan/BE/public/index.php(28): Laravel\\Lumen\\Application->run()
#45 {main}

[previous exception] [object] (PDOException(code: 22001): SQLSTATE[22001]: String data, right truncated: 1406 Data too long for column 'no_pengaduan' at row 1 at /var/www/html/OTHERS/side/pengaduan/BE/vendor/illuminate/database/MySqlConnection.php:45)
[stacktrace]
#0 /var/www/html/OTHERS/side/pengaduan/BE/vendor/illuminate/database/MySqlConnection.php(45): PDOStatement->execute()
#1 /var/www/html/OTHERS/side/pengaduan/BE/vendor/illuminate/database/Connection.php(816): Illuminate\\Database\\MySqlConnection->Illuminate\\Database\\{closure}()
#2 /var/www/html/OTHERS/side/pengaduan/BE/vendor/illuminate/database/Connection.php(783): Illuminate\\Database\\Connection->runQueryCallback()
#3 /var/www/html/OTHERS/side/pengaduan/BE/vendor/illuminate/database/MySqlConnection.php(34): Illuminate\\Database\\Connection->run()
#4 /var/www/html/OTHERS/side/pengaduan/BE/vendor/illuminate/database/Query/Processors/MySqlProcessor.php(35): Illuminate\\Database\\MySqlConnection->insert()
#5 /var/www/html/OTHERS/side/pengaduan/BE/vendor/illuminate/database/Query/Builder.php(3507): Illuminate\\Database\\Query\\Processors\\MySqlProcessor->processInsertGetId()
#6 /var/www/html/OTHERS/side/pengaduan/BE/vendor/illuminate/database/Eloquent/Builder.php(1982): Illuminate\\Database\\Query\\Builder->insertGetId()
#7 /var/www/html/OTHERS/side/pengaduan/BE/vendor/illuminate/database/Eloquent/Model.php(1334): Illuminate\\Database\\Eloquent\\Builder->__call()
#8 /var/www/html/OTHERS/side/pengaduan/BE/vendor/illuminate/database/Eloquent/Model.php(1299): Illuminate\\Database\\Eloquent\\Model->insertAndSetId()
#9 /var/www/html/OTHERS/side/pengaduan/BE/vendor/illuminate/database/Eloquent/Model.php(1138): Illuminate\\Database\\Eloquent\\Model->performInsert()
#10 /var/www/html/OTHERS/side/pengaduan/BE/vendor/illuminate/database/Eloquent/Builder.php(1025): Illuminate\\Database\\Eloquent\\Model->save()
#11 /var/www/html/OTHERS/side/pengaduan/BE/vendor/illuminate/support/helpers.php(307): Illuminate\\Database\\Eloquent\\Builder->Illuminate\\Database\\Eloquent\\{closure}()
#12 /var/www/html/OTHERS/side/pengaduan/BE/vendor/illuminate/database/Eloquent/Builder.php(1024): tap()
#13 /var/www/html/OTHERS/side/pengaduan/BE/vendor/illuminate/support/Traits/ForwardsCalls.php(23): Illuminate\\Database\\Eloquent\\Builder->create()
#14 /var/www/html/OTHERS/side/pengaduan/BE/vendor/illuminate/database/Eloquent/Model.php(2335): Illuminate\\Database\\Eloquent\\Model->forwardCallTo()
#15 /var/www/html/OTHERS/side/pengaduan/BE/vendor/illuminate/database/Eloquent/Model.php(2347): Illuminate\\Database\\Eloquent\\Model->__call()
#16 /var/www/html/OTHERS/side/pengaduan/BE/app/Http/Controllers/PengaduanController.php(78): Illuminate\\Database\\Eloquent\\Model::__callStatic()
#17 /var/www/html/OTHERS/side/pengaduan/BE/vendor/illuminate/container/BoundMethod.php(36): App\\Http\\Controllers\\PengaduanController->store()
#18 /var/www/html/OTHERS/side/pengaduan/BE/vendor/illuminate/container/Util.php(41): Illuminate\\Container\\BoundMethod::Illuminate\\Container\\{closure}()
#19 /var/www/html/OTHERS/side/pengaduan/BE/vendor/illuminate/container/BoundMethod.php(93): Illuminate\\Container\\Util::unwrapIfClosure()
#20 /var/www/html/OTHERS/side/pengaduan/BE/vendor/illuminate/container/BoundMethod.php(35): Illuminate\\Container\\BoundMethod::callBoundMethod()
#21 /var/www/html/OTHERS/side/pengaduan/BE/vendor/illuminate/container/Container.php(662): Illuminate\\Container\\BoundMethod::call()
#22 /var/www/html/OTHERS/side/pengaduan/BE/vendor/laravel/lumen-framework/src/Concerns/RoutesRequests.php(391): Illuminate\\Container\\Container->call()
#23 /var/www/html/OTHERS/side/pengaduan/BE/vendor/laravel/lumen-framework/src/Concerns/RoutesRequests.php(356): Laravel\\Lumen\\Application->callControllerCallable()
#24 /var/www/html/OTHERS/side/pengaduan/BE/vendor/laravel/lumen-framework/src/Concerns/RoutesRequests.php(331): Laravel\\Lumen\\Application->callLumenController()
#25 /var/www/html/OTHERS/side/pengaduan/BE/vendor/laravel/lumen-framework/src/Concerns/RoutesRequests.php(284): Laravel\\Lumen\\Application->callControllerAction()
#26 /var/www/html/OTHERS/side/pengaduan/BE/vendor/laravel/lumen-framework/src/Concerns/RoutesRequests.php(264): Laravel\\Lumen\\Application->callActionOnArrayBasedRoute()
#27 /var/www/html/OTHERS/side/pengaduan/BE/vendor/laravel/lumen-framework/src/Routing/Pipeline.php(48): Laravel\\Lumen\\Application->Laravel\\Lumen\\Concerns\\{closure}()
#28 /var/www/html/OTHERS/side/pengaduan/BE/app/Http/Middleware/RoleAccessMiddleware.php(27): Laravel\\Lumen\\Routing\\Pipeline->Laravel\\Lumen\\Routing\\{closure}()
#29 /var/www/html/OTHERS/side/pengaduan/BE/vendor/illuminate/pipeline/Pipeline.php(183): App\\Http\\Middleware\\RoleAccessMiddleware->handle()
#30 /var/www/html/OTHERS/side/pengaduan/BE/vendor/laravel/lumen-framework/src/Routing/Pipeline.php(30): Illuminate\\Pipeline\\Pipeline->Illuminate\\Pipeline\\{closure}()
#31 /var/www/html/OTHERS/side/pengaduan/BE/app/Http/Middleware/Authenticate.php(70): Laravel\\Lumen\\Routing\\Pipeline->Laravel\\Lumen\\Routing\\{closure}()
#32 /var/www/html/OTHERS/side/pengaduan/BE/vendor/illuminate/pipeline/Pipeline.php(183): App\\Http\\Middleware\\Authenticate->handle()
#33 /var/www/html/OTHERS/side/pengaduan/BE/vendor/laravel/lumen-framework/src/Routing/Pipeline.php(30): Illuminate\\Pipeline\\Pipeline->Illuminate\\Pipeline\\{closure}()
#34 /var/www/html/OTHERS/side/pengaduan/BE/vendor/illuminate/pipeline/Pipeline.php(119): Laravel\\Lumen\\Routing\\Pipeline->Laravel\\Lumen\\Routing\\{closure}()
#35 /var/www/html/OTHERS/side/pengaduan/BE/vendor/laravel/lumen-framework/src/Concerns/RoutesRequests.php(428): Illuminate\\Pipeline\\Pipeline->then()
#36 /var/www/html/OTHERS/side/pengaduan/BE/vendor/laravel/lumen-framework/src/Concerns/RoutesRequests.php(263): Laravel\\Lumen\\Application->sendThroughPipeline()
#37 /var/www/html/OTHERS/side/pengaduan/BE/vendor/laravel/lumen-framework/src/Concerns/RoutesRequests.php(171): Laravel\\Lumen\\Application->handleFoundRoute()
#38 /var/www/html/OTHERS/side/pengaduan/BE/vendor/laravel/lumen-framework/src/Routing/Pipeline.php(48): Laravel\\Lumen\\Application->Laravel\\Lumen\\Concerns\\{closure}()
#39 /var/www/html/OTHERS/side/pengaduan/BE/app/Http/Middleware/CorsMiddleware.php(18): Laravel\\Lumen\\Routing\\Pipeline->Laravel\\Lumen\\Routing\\{closure}()
#40 /var/www/html/OTHERS/side/pengaduan/BE/vendor/illuminate/pipeline/Pipeline.php(183): App\\Http\\Middleware\\CorsMiddleware->handle()
#41 /var/www/html/OTHERS/side/pengaduan/BE/vendor/laravel/lumen-framework/src/Routing/Pipeline.php(30): Illuminate\\Pipeline\\Pipeline->Illuminate\\Pipeline\\{closure}()
#42 /var/www/html/OTHERS/side/pengaduan/BE/vendor/illuminate/pipeline/Pipeline.php(119): Laravel\\Lumen\\Routing\\Pipeline->Laravel\\Lumen\\Routing\\{closure}()
#43 /var/www/html/OTHERS/side/pengaduan/BE/vendor/laravel/lumen-framework/src/Concerns/RoutesRequests.php(428): Illuminate\\Pipeline\\Pipeline->then()
#44 /var/www/html/OTHERS/side/pengaduan/BE/vendor/laravel/lumen-framework/src/Concerns/RoutesRequests.php(167): Laravel\\Lumen\\Application->sendThroughPipeline()
#45 /var/www/html/OTHERS/side/pengaduan/BE/vendor/laravel/lumen-framework/src/Concerns/RoutesRequests.php(112): Laravel\\Lumen\\Application->dispatch()
#46 /var/www/html/OTHERS/side/pengaduan/BE/public/index.php(28): Laravel\\Lumen\\Application->run()
#47 {main}
"} 
[2024-10-21 04:20:27] local.ERROR: date(): Argument #2 ($timestamp) must be of type ?int, string given {"exception":"[object] (TypeError(code: 0): date(): Argument #2 ($timestamp) must be of type ?int, string given at /var/www/html/OTHERS/side/pengaduan/BE/app/Http/Controllers/PengaduanController.php:28)
[stacktrace]
#0 /var/www/html/OTHERS/side/pengaduan/BE/app/Http/Controllers/PengaduanController.php(28): date()
#1 /var/www/html/OTHERS/side/pengaduan/BE/vendor/illuminate/conditionable/Traits/Conditionable.php(34): App\\Http\\Controllers\\PengaduanController->App\\Http\\Controllers\\{closure}()
#2 /var/www/html/OTHERS/side/pengaduan/BE/app/Http/Controllers/PengaduanController.php(27): Illuminate\\Database\\Eloquent\\Builder->when()
#3 /var/www/html/OTHERS/side/pengaduan/BE/vendor/illuminate/container/BoundMethod.php(36): App\\Http\\Controllers\\PengaduanController->index()
#4 /var/www/html/OTHERS/side/pengaduan/BE/vendor/illuminate/container/Util.php(41): Illuminate\\Container\\BoundMethod::Illuminate\\Container\\{closure}()
#5 /var/www/html/OTHERS/side/pengaduan/BE/vendor/illuminate/container/BoundMethod.php(93): Illuminate\\Container\\Util::unwrapIfClosure()
#6 /var/www/html/OTHERS/side/pengaduan/BE/vendor/illuminate/container/BoundMethod.php(35): Illuminate\\Container\\BoundMethod::callBoundMethod()
#7 /var/www/html/OTHERS/side/pengaduan/BE/vendor/illuminate/container/Container.php(662): Illuminate\\Container\\BoundMethod::call()
#8 /var/www/html/OTHERS/side/pengaduan/BE/vendor/laravel/lumen-framework/src/Concerns/RoutesRequests.php(391): Illuminate\\Container\\Container->call()
#9 /var/www/html/OTHERS/side/pengaduan/BE/vendor/laravel/lumen-framework/src/Concerns/RoutesRequests.php(356): Laravel\\Lumen\\Application->callControllerCallable()
#10 /var/www/html/OTHERS/side/pengaduan/BE/vendor/laravel/lumen-framework/src/Concerns/RoutesRequests.php(331): Laravel\\Lumen\\Application->callLumenController()
#11 /var/www/html/OTHERS/side/pengaduan/BE/vendor/laravel/lumen-framework/src/Concerns/RoutesRequests.php(284): Laravel\\Lumen\\Application->callControllerAction()
#12 /var/www/html/OTHERS/side/pengaduan/BE/vendor/laravel/lumen-framework/src/Concerns/RoutesRequests.php(264): Laravel\\Lumen\\Application->callActionOnArrayBasedRoute()
#13 /var/www/html/OTHERS/side/pengaduan/BE/vendor/laravel/lumen-framework/src/Routing/Pipeline.php(48): Laravel\\Lumen\\Application->Laravel\\Lumen\\Concerns\\{closure}()
#14 /var/www/html/OTHERS/side/pengaduan/BE/app/Http/Middleware/Authenticate.php(70): Laravel\\Lumen\\Routing\\Pipeline->Laravel\\Lumen\\Routing\\{closure}()
#15 /var/www/html/OTHERS/side/pengaduan/BE/vendor/illuminate/pipeline/Pipeline.php(183): App\\Http\\Middleware\\Authenticate->handle()
#16 /var/www/html/OTHERS/side/pengaduan/BE/vendor/laravel/lumen-framework/src/Routing/Pipeline.php(30): Illuminate\\Pipeline\\Pipeline->Illuminate\\Pipeline\\{closure}()
#17 /var/www/html/OTHERS/side/pengaduan/BE/vendor/illuminate/pipeline/Pipeline.php(119): Laravel\\Lumen\\Routing\\Pipeline->Laravel\\Lumen\\Routing\\{closure}()
#18 /var/www/html/OTHERS/side/pengaduan/BE/vendor/laravel/lumen-framework/src/Concerns/RoutesRequests.php(428): Illuminate\\Pipeline\\Pipeline->then()
#19 /var/www/html/OTHERS/side/pengaduan/BE/vendor/laravel/lumen-framework/src/Concerns/RoutesRequests.php(263): Laravel\\Lumen\\Application->sendThroughPipeline()
#20 /var/www/html/OTHERS/side/pengaduan/BE/vendor/laravel/lumen-framework/src/Concerns/RoutesRequests.php(171): Laravel\\Lumen\\Application->handleFoundRoute()
#21 /var/www/html/OTHERS/side/pengaduan/BE/vendor/laravel/lumen-framework/src/Routing/Pipeline.php(48): Laravel\\Lumen\\Application->Laravel\\Lumen\\Concerns\\{closure}()
#22 /var/www/html/OTHERS/side/pengaduan/BE/app/Http/Middleware/CorsMiddleware.php(18): Laravel\\Lumen\\Routing\\Pipeline->Laravel\\Lumen\\Routing\\{closure}()
#23 /var/www/html/OTHERS/side/pengaduan/BE/vendor/illuminate/pipeline/Pipeline.php(183): App\\Http\\Middleware\\CorsMiddleware->handle()
#24 /var/www/html/OTHERS/side/pengaduan/BE/vendor/laravel/lumen-framework/src/Routing/Pipeline.php(30): Illuminate\\Pipeline\\Pipeline->Illuminate\\Pipeline\\{closure}()
#25 /var/www/html/OTHERS/side/pengaduan/BE/vendor/illuminate/pipeline/Pipeline.php(119): Laravel\\Lumen\\Routing\\Pipeline->Laravel\\Lumen\\Routing\\{closure}()
#26 /var/www/html/OTHERS/side/pengaduan/BE/vendor/laravel/lumen-framework/src/Concerns/RoutesRequests.php(428): Illuminate\\Pipeline\\Pipeline->then()
#27 /var/www/html/OTHERS/side/pengaduan/BE/vendor/laravel/lumen-framework/src/Concerns/RoutesRequests.php(167): Laravel\\Lumen\\Application->sendThroughPipeline()
#28 /var/www/html/OTHERS/side/pengaduan/BE/vendor/laravel/lumen-framework/src/Concerns/RoutesRequests.php(112): Laravel\\Lumen\\Application->dispatch()
#29 /var/www/html/OTHERS/side/pengaduan/BE/public/index.php(28): Laravel\\Lumen\\Application->run()
#30 {main}
"} 
[2024-10-21 04:22:16] local.ERROR: SQLSTATE[42S02]: Base table or view not found: 1146 Table 'pengaduan.request_detail' doesn't exist (Connection: mysql, SQL: select `request_detail`.`id`, `request_detail`.`request_list_id`, `request_detail`.`id_item`, `request_detail`.`jml_item`, `request_detail`.`description`, `request_detail`.`image`, `laundry_item`.`id_item` as `item_code`, `laundry_item`.`nama` from `request_detail` inner join `laundry_item` on `request_detail`.`id_item` = `laundry_item`.`id` where `request_list_id` = 2) {"exception":"[object] (Illuminate\\Database\\QueryException(code: 42S02): SQLSTATE[42S02]: Base table or view not found: 1146 Table 'pengaduan.request_detail' doesn't exist (Connection: mysql, SQL: select `request_detail`.`id`, `request_detail`.`request_list_id`, `request_detail`.`id_item`, `request_detail`.`jml_item`, `request_detail`.`description`, `request_detail`.`image`, `laundry_item`.`id_item` as `item_code`, `laundry_item`.`nama` from `request_detail` inner join `laundry_item` on `request_detail`.`id_item` = `laundry_item`.`id` where `request_list_id` = 2) at /var/www/html/OTHERS/side/pengaduan/BE/vendor/illuminate/database/Connection.php:829)
[stacktrace]
#0 /var/www/html/OTHERS/side/pengaduan/BE/vendor/illuminate/database/Connection.php(783): Illuminate\\Database\\Connection->runQueryCallback()
#1 /var/www/html/OTHERS/side/pengaduan/BE/vendor/illuminate/database/Connection.php(414): Illuminate\\Database\\Connection->run()
#2 /var/www/html/OTHERS/side/pengaduan/BE/vendor/illuminate/database/Query/Builder.php(2871): Illuminate\\Database\\Connection->select()
#3 /var/www/html/OTHERS/side/pengaduan/BE/vendor/illuminate/database/Query/Builder.php(2860): Illuminate\\Database\\Query\\Builder->runSelect()
#4 /var/www/html/OTHERS/side/pengaduan/BE/vendor/illuminate/database/Query/Builder.php(3414): Illuminate\\Database\\Query\\Builder->Illuminate\\Database\\Query\\{closure}()
#5 /var/www/html/OTHERS/side/pengaduan/BE/vendor/illuminate/database/Query/Builder.php(2859): Illuminate\\Database\\Query\\Builder->onceWithColumns()
#6 /var/www/html/OTHERS/side/pengaduan/BE/vendor/illuminate/database/Eloquent/Builder.php(739): Illuminate\\Database\\Query\\Builder->get()
#7 /var/www/html/OTHERS/side/pengaduan/BE/vendor/illuminate/database/Eloquent/Builder.php(723): Illuminate\\Database\\Eloquent\\Builder->getModels()
#8 /var/www/html/OTHERS/side/pengaduan/BE/app/Http/Controllers/PengaduanController.php(63): Illuminate\\Database\\Eloquent\\Builder->get()
#9 /var/www/html/OTHERS/side/pengaduan/BE/vendor/illuminate/container/BoundMethod.php(36): App\\Http\\Controllers\\PengaduanController->show()
#10 /var/www/html/OTHERS/side/pengaduan/BE/vendor/illuminate/container/Util.php(41): Illuminate\\Container\\BoundMethod::Illuminate\\Container\\{closure}()
#11 /var/www/html/OTHERS/side/pengaduan/BE/vendor/illuminate/container/BoundMethod.php(93): Illuminate\\Container\\Util::unwrapIfClosure()
#12 /var/www/html/OTHERS/side/pengaduan/BE/vendor/illuminate/container/BoundMethod.php(35): Illuminate\\Container\\BoundMethod::callBoundMethod()
#13 /var/www/html/OTHERS/side/pengaduan/BE/vendor/illuminate/container/Container.php(662): Illuminate\\Container\\BoundMethod::call()
#14 /var/www/html/OTHERS/side/pengaduan/BE/vendor/laravel/lumen-framework/src/Concerns/RoutesRequests.php(391): Illuminate\\Container\\Container->call()
#15 /var/www/html/OTHERS/side/pengaduan/BE/vendor/laravel/lumen-framework/src/Concerns/RoutesRequests.php(356): Laravel\\Lumen\\Application->callControllerCallable()
#16 /var/www/html/OTHERS/side/pengaduan/BE/vendor/laravel/lumen-framework/src/Concerns/RoutesRequests.php(331): Laravel\\Lumen\\Application->callLumenController()
#17 /var/www/html/OTHERS/side/pengaduan/BE/vendor/laravel/lumen-framework/src/Concerns/RoutesRequests.php(284): Laravel\\Lumen\\Application->callControllerAction()
#18 /var/www/html/OTHERS/side/pengaduan/BE/vendor/laravel/lumen-framework/src/Concerns/RoutesRequests.php(264): Laravel\\Lumen\\Application->callActionOnArrayBasedRoute()
#19 /var/www/html/OTHERS/side/pengaduan/BE/vendor/laravel/lumen-framework/src/Routing/Pipeline.php(48): Laravel\\Lumen\\Application->Laravel\\Lumen\\Concerns\\{closure}()
#20 /var/www/html/OTHERS/side/pengaduan/BE/app/Http/Middleware/Authenticate.php(70): Laravel\\Lumen\\Routing\\Pipeline->Laravel\\Lumen\\Routing\\{closure}()
#21 /var/www/html/OTHERS/side/pengaduan/BE/vendor/illuminate/pipeline/Pipeline.php(183): App\\Http\\Middleware\\Authenticate->handle()
#22 /var/www/html/OTHERS/side/pengaduan/BE/vendor/laravel/lumen-framework/src/Routing/Pipeline.php(30): Illuminate\\Pipeline\\Pipeline->Illuminate\\Pipeline\\{closure}()
#23 /var/www/html/OTHERS/side/pengaduan/BE/vendor/illuminate/pipeline/Pipeline.php(119): Laravel\\Lumen\\Routing\\Pipeline->Laravel\\Lumen\\Routing\\{closure}()
#24 /var/www/html/OTHERS/side/pengaduan/BE/vendor/laravel/lumen-framework/src/Concerns/RoutesRequests.php(428): Illuminate\\Pipeline\\Pipeline->then()
#25 /var/www/html/OTHERS/side/pengaduan/BE/vendor/laravel/lumen-framework/src/Concerns/RoutesRequests.php(263): Laravel\\Lumen\\Application->sendThroughPipeline()
#26 /var/www/html/OTHERS/side/pengaduan/BE/vendor/laravel/lumen-framework/src/Concerns/RoutesRequests.php(239): Laravel\\Lumen\\Application->handleFoundRoute()
#27 /var/www/html/OTHERS/side/pengaduan/BE/vendor/laravel/lumen-framework/src/Concerns/RoutesRequests.php(174): Laravel\\Lumen\\Application->handleDispatcherResponse()
#28 /var/www/html/OTHERS/side/pengaduan/BE/vendor/laravel/lumen-framework/src/Routing/Pipeline.php(48): Laravel\\Lumen\\Application->Laravel\\Lumen\\Concerns\\{closure}()
#29 /var/www/html/OTHERS/side/pengaduan/BE/app/Http/Middleware/CorsMiddleware.php(18): Laravel\\Lumen\\Routing\\Pipeline->Laravel\\Lumen\\Routing\\{closure}()
#30 /var/www/html/OTHERS/side/pengaduan/BE/vendor/illuminate/pipeline/Pipeline.php(183): App\\Http\\Middleware\\CorsMiddleware->handle()
#31 /var/www/html/OTHERS/side/pengaduan/BE/vendor/laravel/lumen-framework/src/Routing/Pipeline.php(30): Illuminate\\Pipeline\\Pipeline->Illuminate\\Pipeline\\{closure}()
#32 /var/www/html/OTHERS/side/pengaduan/BE/vendor/illuminate/pipeline/Pipeline.php(119): Laravel\\Lumen\\Routing\\Pipeline->Laravel\\Lumen\\Routing\\{closure}()
#33 /var/www/html/OTHERS/side/pengaduan/BE/vendor/laravel/lumen-framework/src/Concerns/RoutesRequests.php(428): Illuminate\\Pipeline\\Pipeline->then()
#34 /var/www/html/OTHERS/side/pengaduan/BE/vendor/laravel/lumen-framework/src/Concerns/RoutesRequests.php(167): Laravel\\Lumen\\Application->sendThroughPipeline()
#35 /var/www/html/OTHERS/side/pengaduan/BE/vendor/laravel/lumen-framework/src/Concerns/RoutesRequests.php(112): Laravel\\Lumen\\Application->dispatch()
#36 /var/www/html/OTHERS/side/pengaduan/BE/public/index.php(28): Laravel\\Lumen\\Application->run()
#37 {main}

[previous exception] [object] (PDOException(code: 42S02): SQLSTATE[42S02]: Base table or view not found: 1146 Table 'pengaduan.request_detail' doesn't exist at /var/www/html/OTHERS/side/pengaduan/BE/vendor/illuminate/database/Connection.php:423)
[stacktrace]
#0 /var/www/html/OTHERS/side/pengaduan/BE/vendor/illuminate/database/Connection.php(423): PDO->prepare()
#1 /var/www/html/OTHERS/side/pengaduan/BE/vendor/illuminate/database/Connection.php(816): Illuminate\\Database\\Connection->Illuminate\\Database\\{closure}()
#2 /var/www/html/OTHERS/side/pengaduan/BE/vendor/illuminate/database/Connection.php(783): Illuminate\\Database\\Connection->runQueryCallback()
#3 /var/www/html/OTHERS/side/pengaduan/BE/vendor/illuminate/database/Connection.php(414): Illuminate\\Database\\Connection->run()
#4 /var/www/html/OTHERS/side/pengaduan/BE/vendor/illuminate/database/Query/Builder.php(2871): Illuminate\\Database\\Connection->select()
#5 /var/www/html/OTHERS/side/pengaduan/BE/vendor/illuminate/database/Query/Builder.php(2860): Illuminate\\Database\\Query\\Builder->runSelect()
#6 /var/www/html/OTHERS/side/pengaduan/BE/vendor/illuminate/database/Query/Builder.php(3414): Illuminate\\Database\\Query\\Builder->Illuminate\\Database\\Query\\{closure}()
#7 /var/www/html/OTHERS/side/pengaduan/BE/vendor/illuminate/database/Query/Builder.php(2859): Illuminate\\Database\\Query\\Builder->onceWithColumns()
#8 /var/www/html/OTHERS/side/pengaduan/BE/vendor/illuminate/database/Eloquent/Builder.php(739): Illuminate\\Database\\Query\\Builder->get()
#9 /var/www/html/OTHERS/side/pengaduan/BE/vendor/illuminate/database/Eloquent/Builder.php(723): Illuminate\\Database\\Eloquent\\Builder->getModels()
#10 /var/www/html/OTHERS/side/pengaduan/BE/app/Http/Controllers/PengaduanController.php(63): Illuminate\\Database\\Eloquent\\Builder->get()
#11 /var/www/html/OTHERS/side/pengaduan/BE/vendor/illuminate/container/BoundMethod.php(36): App\\Http\\Controllers\\PengaduanController->show()
#12 /var/www/html/OTHERS/side/pengaduan/BE/vendor/illuminate/container/Util.php(41): Illuminate\\Container\\BoundMethod::Illuminate\\Container\\{closure}()
#13 /var/www/html/OTHERS/side/pengaduan/BE/vendor/illuminate/container/BoundMethod.php(93): Illuminate\\Container\\Util::unwrapIfClosure()
#14 /var/www/html/OTHERS/side/pengaduan/BE/vendor/illuminate/container/BoundMethod.php(35): Illuminate\\Container\\BoundMethod::callBoundMethod()
#15 /var/www/html/OTHERS/side/pengaduan/BE/vendor/illuminate/container/Container.php(662): Illuminate\\Container\\BoundMethod::call()
#16 /var/www/html/OTHERS/side/pengaduan/BE/vendor/laravel/lumen-framework/src/Concerns/RoutesRequests.php(391): Illuminate\\Container\\Container->call()
#17 /var/www/html/OTHERS/side/pengaduan/BE/vendor/laravel/lumen-framework/src/Concerns/RoutesRequests.php(356): Laravel\\Lumen\\Application->callControllerCallable()
#18 /var/www/html/OTHERS/side/pengaduan/BE/vendor/laravel/lumen-framework/src/Concerns/RoutesRequests.php(331): Laravel\\Lumen\\Application->callLumenController()
#19 /var/www/html/OTHERS/side/pengaduan/BE/vendor/laravel/lumen-framework/src/Concerns/RoutesRequests.php(284): Laravel\\Lumen\\Application->callControllerAction()
#20 /var/www/html/OTHERS/side/pengaduan/BE/vendor/laravel/lumen-framework/src/Concerns/RoutesRequests.php(264): Laravel\\Lumen\\Application->callActionOnArrayBasedRoute()
#21 /var/www/html/OTHERS/side/pengaduan/BE/vendor/laravel/lumen-framework/src/Routing/Pipeline.php(48): Laravel\\Lumen\\Application->Laravel\\Lumen\\Concerns\\{closure}()
#22 /var/www/html/OTHERS/side/pengaduan/BE/app/Http/Middleware/Authenticate.php(70): Laravel\\Lumen\\Routing\\Pipeline->Laravel\\Lumen\\Routing\\{closure}()
#23 /var/www/html/OTHERS/side/pengaduan/BE/vendor/illuminate/pipeline/Pipeline.php(183): App\\Http\\Middleware\\Authenticate->handle()
#24 /var/www/html/OTHERS/side/pengaduan/BE/vendor/laravel/lumen-framework/src/Routing/Pipeline.php(30): Illuminate\\Pipeline\\Pipeline->Illuminate\\Pipeline\\{closure}()
#25 /var/www/html/OTHERS/side/pengaduan/BE/vendor/illuminate/pipeline/Pipeline.php(119): Laravel\\Lumen\\Routing\\Pipeline->Laravel\\Lumen\\Routing\\{closure}()
#26 /var/www/html/OTHERS/side/pengaduan/BE/vendor/laravel/lumen-framework/src/Concerns/RoutesRequests.php(428): Illuminate\\Pipeline\\Pipeline->then()
#27 /var/www/html/OTHERS/side/pengaduan/BE/vendor/laravel/lumen-framework/src/Concerns/RoutesRequests.php(263): Laravel\\Lumen\\Application->sendThroughPipeline()
#28 /var/www/html/OTHERS/side/pengaduan/BE/vendor/laravel/lumen-framework/src/Concerns/RoutesRequests.php(239): Laravel\\Lumen\\Application->handleFoundRoute()
#29 /var/www/html/OTHERS/side/pengaduan/BE/vendor/laravel/lumen-framework/src/Concerns/RoutesRequests.php(174): Laravel\\Lumen\\Application->handleDispatcherResponse()
#30 /var/www/html/OTHERS/side/pengaduan/BE/vendor/laravel/lumen-framework/src/Routing/Pipeline.php(48): Laravel\\Lumen\\Application->Laravel\\Lumen\\Concerns\\{closure}()
#31 /var/www/html/OTHERS/side/pengaduan/BE/app/Http/Middleware/CorsMiddleware.php(18): Laravel\\Lumen\\Routing\\Pipeline->Laravel\\Lumen\\Routing\\{closure}()
#32 /var/www/html/OTHERS/side/pengaduan/BE/vendor/illuminate/pipeline/Pipeline.php(183): App\\Http\\Middleware\\CorsMiddleware->handle()
#33 /var/www/html/OTHERS/side/pengaduan/BE/vendor/laravel/lumen-framework/src/Routing/Pipeline.php(30): Illuminate\\Pipeline\\Pipeline->Illuminate\\Pipeline\\{closure}()
#34 /var/www/html/OTHERS/side/pengaduan/BE/vendor/illuminate/pipeline/Pipeline.php(119): Laravel\\Lumen\\Routing\\Pipeline->Laravel\\Lumen\\Routing\\{closure}()
#35 /var/www/html/OTHERS/side/pengaduan/BE/vendor/laravel/lumen-framework/src/Concerns/RoutesRequests.php(428): Illuminate\\Pipeline\\Pipeline->then()
#36 /var/www/html/OTHERS/side/pengaduan/BE/vendor/laravel/lumen-framework/src/Concerns/RoutesRequests.php(167): Laravel\\Lumen\\Application->sendThroughPipeline()
#37 /var/www/html/OTHERS/side/pengaduan/BE/vendor/laravel/lumen-framework/src/Concerns/RoutesRequests.php(112): Laravel\\Lumen\\Application->dispatch()
#38 /var/www/html/OTHERS/side/pengaduan/BE/public/index.php(28): Laravel\\Lumen\\Application->run()
#39 {main}
"} 
[2024-10-21 04:25:18] local.ERROR: SQLSTATE[42S22]: Column not found: 1054 Unknown column 'pengaduan.foto_tanggapan' in 'field list' (Connection: mysql, SQL: select `pengaduan`.`id`, `pengaduan`.`user_id`, `pengaduan`.`no_pengaduan`, `pengaduan`.`tgl_pengaduan`, `pengaduan`.`deskripsi`, `pengaduan`.`foto_tanggapan`, `users`.`nik`, `users`.`nama` from `pengaduan` inner join `users` on `pengaduan`.`user_id` = `users`.`id` where `pengaduan`.`id` = 2) {"exception":"[object] (Illuminate\\Database\\QueryException(code: 42S22): SQLSTATE[42S22]: Column not found: 1054 Unknown column 'pengaduan.foto_tanggapan' in 'field list' (Connection: mysql, SQL: select `pengaduan`.`id`, `pengaduan`.`user_id`, `pengaduan`.`no_pengaduan`, `pengaduan`.`tgl_pengaduan`, `pengaduan`.`deskripsi`, `pengaduan`.`foto_tanggapan`, `users`.`nik`, `users`.`nama` from `pengaduan` inner join `users` on `pengaduan`.`user_id` = `users`.`id` where `pengaduan`.`id` = 2) at /var/www/html/OTHERS/side/pengaduan/BE/vendor/illuminate/database/Connection.php:829)
[stacktrace]
#0 /var/www/html/OTHERS/side/pengaduan/BE/vendor/illuminate/database/Connection.php(783): Illuminate\\Database\\Connection->runQueryCallback()
#1 /var/www/html/OTHERS/side/pengaduan/BE/vendor/illuminate/database/Connection.php(414): Illuminate\\Database\\Connection->run()
#2 /var/www/html/OTHERS/side/pengaduan/BE/vendor/illuminate/database/Query/Builder.php(2871): Illuminate\\Database\\Connection->select()
#3 /var/www/html/OTHERS/side/pengaduan/BE/vendor/illuminate/database/Query/Builder.php(2860): Illuminate\\Database\\Query\\Builder->runSelect()
#4 /var/www/html/OTHERS/side/pengaduan/BE/vendor/illuminate/database/Query/Builder.php(3414): Illuminate\\Database\\Query\\Builder->Illuminate\\Database\\Query\\{closure}()
#5 /var/www/html/OTHERS/side/pengaduan/BE/vendor/illuminate/database/Query/Builder.php(2859): Illuminate\\Database\\Query\\Builder->onceWithColumns()
#6 /var/www/html/OTHERS/side/pengaduan/BE/vendor/illuminate/database/Eloquent/Builder.php(739): Illuminate\\Database\\Query\\Builder->get()
#7 /var/www/html/OTHERS/side/pengaduan/BE/vendor/illuminate/database/Eloquent/Builder.php(723): Illuminate\\Database\\Eloquent\\Builder->getModels()
#8 /var/www/html/OTHERS/side/pengaduan/BE/app/Http/Controllers/PengaduanController.php(64): Illuminate\\Database\\Eloquent\\Builder->get()
#9 /var/www/html/OTHERS/side/pengaduan/BE/vendor/illuminate/container/BoundMethod.php(36): App\\Http\\Controllers\\PengaduanController->show()
#10 /var/www/html/OTHERS/side/pengaduan/BE/vendor/illuminate/container/Util.php(41): Illuminate\\Container\\BoundMethod::Illuminate\\Container\\{closure}()
#11 /var/www/html/OTHERS/side/pengaduan/BE/vendor/illuminate/container/BoundMethod.php(93): Illuminate\\Container\\Util::unwrapIfClosure()
#12 /var/www/html/OTHERS/side/pengaduan/BE/vendor/illuminate/container/BoundMethod.php(35): Illuminate\\Container\\BoundMethod::callBoundMethod()
#13 /var/www/html/OTHERS/side/pengaduan/BE/vendor/illuminate/container/Container.php(662): Illuminate\\Container\\BoundMethod::call()
#14 /var/www/html/OTHERS/side/pengaduan/BE/vendor/laravel/lumen-framework/src/Concerns/RoutesRequests.php(391): Illuminate\\Container\\Container->call()
#15 /var/www/html/OTHERS/side/pengaduan/BE/vendor/laravel/lumen-framework/src/Concerns/RoutesRequests.php(356): Laravel\\Lumen\\Application->callControllerCallable()
#16 /var/www/html/OTHERS/side/pengaduan/BE/vendor/laravel/lumen-framework/src/Concerns/RoutesRequests.php(331): Laravel\\Lumen\\Application->callLumenController()
#17 /var/www/html/OTHERS/side/pengaduan/BE/vendor/laravel/lumen-framework/src/Concerns/RoutesRequests.php(284): Laravel\\Lumen\\Application->callControllerAction()
#18 /var/www/html/OTHERS/side/pengaduan/BE/vendor/laravel/lumen-framework/src/Concerns/RoutesRequests.php(264): Laravel\\Lumen\\Application->callActionOnArrayBasedRoute()
#19 /var/www/html/OTHERS/side/pengaduan/BE/vendor/laravel/lumen-framework/src/Routing/Pipeline.php(48): Laravel\\Lumen\\Application->Laravel\\Lumen\\Concerns\\{closure}()
#20 /var/www/html/OTHERS/side/pengaduan/BE/app/Http/Middleware/Authenticate.php(70): Laravel\\Lumen\\Routing\\Pipeline->Laravel\\Lumen\\Routing\\{closure}()
#21 /var/www/html/OTHERS/side/pengaduan/BE/vendor/illuminate/pipeline/Pipeline.php(183): App\\Http\\Middleware\\Authenticate->handle()
#22 /var/www/html/OTHERS/side/pengaduan/BE/vendor/laravel/lumen-framework/src/Routing/Pipeline.php(30): Illuminate\\Pipeline\\Pipeline->Illuminate\\Pipeline\\{closure}()
#23 /var/www/html/OTHERS/side/pengaduan/BE/vendor/illuminate/pipeline/Pipeline.php(119): Laravel\\Lumen\\Routing\\Pipeline->Laravel\\Lumen\\Routing\\{closure}()
#24 /var/www/html/OTHERS/side/pengaduan/BE/vendor/laravel/lumen-framework/src/Concerns/RoutesRequests.php(428): Illuminate\\Pipeline\\Pipeline->then()
#25 /var/www/html/OTHERS/side/pengaduan/BE/vendor/laravel/lumen-framework/src/Concerns/RoutesRequests.php(263): Laravel\\Lumen\\Application->sendThroughPipeline()
#26 /var/www/html/OTHERS/side/pengaduan/BE/vendor/laravel/lumen-framework/src/Concerns/RoutesRequests.php(239): Laravel\\Lumen\\Application->handleFoundRoute()
#27 /var/www/html/OTHERS/side/pengaduan/BE/vendor/laravel/lumen-framework/src/Concerns/RoutesRequests.php(174): Laravel\\Lumen\\Application->handleDispatcherResponse()
#28 /var/www/html/OTHERS/side/pengaduan/BE/vendor/laravel/lumen-framework/src/Routing/Pipeline.php(48): Laravel\\Lumen\\Application->Laravel\\Lumen\\Concerns\\{closure}()
#29 /var/www/html/OTHERS/side/pengaduan/BE/app/Http/Middleware/CorsMiddleware.php(18): Laravel\\Lumen\\Routing\\Pipeline->Laravel\\Lumen\\Routing\\{closure}()
#30 /var/www/html/OTHERS/side/pengaduan/BE/vendor/illuminate/pipeline/Pipeline.php(183): App\\Http\\Middleware\\CorsMiddleware->handle()
#31 /var/www/html/OTHERS/side/pengaduan/BE/vendor/laravel/lumen-framework/src/Routing/Pipeline.php(30): Illuminate\\Pipeline\\Pipeline->Illuminate\\Pipeline\\{closure}()
#32 /var/www/html/OTHERS/side/pengaduan/BE/vendor/illuminate/pipeline/Pipeline.php(119): Laravel\\Lumen\\Routing\\Pipeline->Laravel\\Lumen\\Routing\\{closure}()
#33 /var/www/html/OTHERS/side/pengaduan/BE/vendor/laravel/lumen-framework/src/Concerns/RoutesRequests.php(428): Illuminate\\Pipeline\\Pipeline->then()
#34 /var/www/html/OTHERS/side/pengaduan/BE/vendor/laravel/lumen-framework/src/Concerns/RoutesRequests.php(167): Laravel\\Lumen\\Application->sendThroughPipeline()
#35 /var/www/html/OTHERS/side/pengaduan/BE/vendor/laravel/lumen-framework/src/Concerns/RoutesRequests.php(112): Laravel\\Lumen\\Application->dispatch()
#36 /var/www/html/OTHERS/side/pengaduan/BE/public/index.php(28): Laravel\\Lumen\\Application->run()
#37 {main}

[previous exception] [object] (PDOException(code: 42S22): SQLSTATE[42S22]: Column not found: 1054 Unknown column 'pengaduan.foto_tanggapan' in 'field list' at /var/www/html/OTHERS/side/pengaduan/BE/vendor/illuminate/database/Connection.php:423)
[stacktrace]
#0 /var/www/html/OTHERS/side/pengaduan/BE/vendor/illuminate/database/Connection.php(423): PDO->prepare()
#1 /var/www/html/OTHERS/side/pengaduan/BE/vendor/illuminate/database/Connection.php(816): Illuminate\\Database\\Connection->Illuminate\\Database\\{closure}()
#2 /var/www/html/OTHERS/side/pengaduan/BE/vendor/illuminate/database/Connection.php(783): Illuminate\\Database\\Connection->runQueryCallback()
#3 /var/www/html/OTHERS/side/pengaduan/BE/vendor/illuminate/database/Connection.php(414): Illuminate\\Database\\Connection->run()
#4 /var/www/html/OTHERS/side/pengaduan/BE/vendor/illuminate/database/Query/Builder.php(2871): Illuminate\\Database\\Connection->select()
#5 /var/www/html/OTHERS/side/pengaduan/BE/vendor/illuminate/database/Query/Builder.php(2860): Illuminate\\Database\\Query\\Builder->runSelect()
#6 /var/www/html/OTHERS/side/pengaduan/BE/vendor/illuminate/database/Query/Builder.php(3414): Illuminate\\Database\\Query\\Builder->Illuminate\\Database\\Query\\{closure}()
#7 /var/www/html/OTHERS/side/pengaduan/BE/vendor/illuminate/database/Query/Builder.php(2859): Illuminate\\Database\\Query\\Builder->onceWithColumns()
#8 /var/www/html/OTHERS/side/pengaduan/BE/vendor/illuminate/database/Eloquent/Builder.php(739): Illuminate\\Database\\Query\\Builder->get()
#9 /var/www/html/OTHERS/side/pengaduan/BE/vendor/illuminate/database/Eloquent/Builder.php(723): Illuminate\\Database\\Eloquent\\Builder->getModels()
#10 /var/www/html/OTHERS/side/pengaduan/BE/app/Http/Controllers/PengaduanController.php(64): Illuminate\\Database\\Eloquent\\Builder->get()
#11 /var/www/html/OTHERS/side/pengaduan/BE/vendor/illuminate/container/BoundMethod.php(36): App\\Http\\Controllers\\PengaduanController->show()
#12 /var/www/html/OTHERS/side/pengaduan/BE/vendor/illuminate/container/Util.php(41): Illuminate\\Container\\BoundMethod::Illuminate\\Container\\{closure}()
#13 /var/www/html/OTHERS/side/pengaduan/BE/vendor/illuminate/container/BoundMethod.php(93): Illuminate\\Container\\Util::unwrapIfClosure()
#14 /var/www/html/OTHERS/side/pengaduan/BE/vendor/illuminate/container/BoundMethod.php(35): Illuminate\\Container\\BoundMethod::callBoundMethod()
#15 /var/www/html/OTHERS/side/pengaduan/BE/vendor/illuminate/container/Container.php(662): Illuminate\\Container\\BoundMethod::call()
#16 /var/www/html/OTHERS/side/pengaduan/BE/vendor/laravel/lumen-framework/src/Concerns/RoutesRequests.php(391): Illuminate\\Container\\Container->call()
#17 /var/www/html/OTHERS/side/pengaduan/BE/vendor/laravel/lumen-framework/src/Concerns/RoutesRequests.php(356): Laravel\\Lumen\\Application->callControllerCallable()
#18 /var/www/html/OTHERS/side/pengaduan/BE/vendor/laravel/lumen-framework/src/Concerns/RoutesRequests.php(331): Laravel\\Lumen\\Application->callLumenController()
#19 /var/www/html/OTHERS/side/pengaduan/BE/vendor/laravel/lumen-framework/src/Concerns/RoutesRequests.php(284): Laravel\\Lumen\\Application->callControllerAction()
#20 /var/www/html/OTHERS/side/pengaduan/BE/vendor/laravel/lumen-framework/src/Concerns/RoutesRequests.php(264): Laravel\\Lumen\\Application->callActionOnArrayBasedRoute()
#21 /var/www/html/OTHERS/side/pengaduan/BE/vendor/laravel/lumen-framework/src/Routing/Pipeline.php(48): Laravel\\Lumen\\Application->Laravel\\Lumen\\Concerns\\{closure}()
#22 /var/www/html/OTHERS/side/pengaduan/BE/app/Http/Middleware/Authenticate.php(70): Laravel\\Lumen\\Routing\\Pipeline->Laravel\\Lumen\\Routing\\{closure}()
#23 /var/www/html/OTHERS/side/pengaduan/BE/vendor/illuminate/pipeline/Pipeline.php(183): App\\Http\\Middleware\\Authenticate->handle()
#24 /var/www/html/OTHERS/side/pengaduan/BE/vendor/laravel/lumen-framework/src/Routing/Pipeline.php(30): Illuminate\\Pipeline\\Pipeline->Illuminate\\Pipeline\\{closure}()
#25 /var/www/html/OTHERS/side/pengaduan/BE/vendor/illuminate/pipeline/Pipeline.php(119): Laravel\\Lumen\\Routing\\Pipeline->Laravel\\Lumen\\Routing\\{closure}()
#26 /var/www/html/OTHERS/side/pengaduan/BE/vendor/laravel/lumen-framework/src/Concerns/RoutesRequests.php(428): Illuminate\\Pipeline\\Pipeline->then()
#27 /var/www/html/OTHERS/side/pengaduan/BE/vendor/laravel/lumen-framework/src/Concerns/RoutesRequests.php(263): Laravel\\Lumen\\Application->sendThroughPipeline()
#28 /var/www/html/OTHERS/side/pengaduan/BE/vendor/laravel/lumen-framework/src/Concerns/RoutesRequests.php(239): Laravel\\Lumen\\Application->handleFoundRoute()
#29 /var/www/html/OTHERS/side/pengaduan/BE/vendor/laravel/lumen-framework/src/Concerns/RoutesRequests.php(174): Laravel\\Lumen\\Application->handleDispatcherResponse()
#30 /var/www/html/OTHERS/side/pengaduan/BE/vendor/laravel/lumen-framework/src/Routing/Pipeline.php(48): Laravel\\Lumen\\Application->Laravel\\Lumen\\Concerns\\{closure}()
#31 /var/www/html/OTHERS/side/pengaduan/BE/app/Http/Middleware/CorsMiddleware.php(18): Laravel\\Lumen\\Routing\\Pipeline->Laravel\\Lumen\\Routing\\{closure}()
#32 /var/www/html/OTHERS/side/pengaduan/BE/vendor/illuminate/pipeline/Pipeline.php(183): App\\Http\\Middleware\\CorsMiddleware->handle()
#33 /var/www/html/OTHERS/side/pengaduan/BE/vendor/laravel/lumen-framework/src/Routing/Pipeline.php(30): Illuminate\\Pipeline\\Pipeline->Illuminate\\Pipeline\\{closure}()
#34 /var/www/html/OTHERS/side/pengaduan/BE/vendor/illuminate/pipeline/Pipeline.php(119): Laravel\\Lumen\\Routing\\Pipeline->Laravel\\Lumen\\Routing\\{closure}()
#35 /var/www/html/OTHERS/side/pengaduan/BE/vendor/laravel/lumen-framework/src/Concerns/RoutesRequests.php(428): Illuminate\\Pipeline\\Pipeline->then()
#36 /var/www/html/OTHERS/side/pengaduan/BE/vendor/laravel/lumen-framework/src/Concerns/RoutesRequests.php(167): Laravel\\Lumen\\Application->sendThroughPipeline()
#37 /var/www/html/OTHERS/side/pengaduan/BE/vendor/laravel/lumen-framework/src/Concerns/RoutesRequests.php(112): Laravel\\Lumen\\Application->dispatch()
#38 /var/www/html/OTHERS/side/pengaduan/BE/public/index.php(28): Laravel\\Lumen\\Application->run()
#39 {main}
"} 
[2024-10-21 04:34:26] local.ERROR: Static route "/api/pengaduan/download-report" is shadowed by previously defined variable route "/api/pengaduan/([^/]+)" for method "POST" {"exception":"[object] (FastRoute\\BadRouteException(code: 0): Static route \"/api/pengaduan/download-report\" is shadowed by previously defined variable route \"/api/pengaduan/([^/]+)\" for method \"POST\" at /var/www/html/OTHERS/side/pengaduan/BE/vendor/nikic/fast-route/src/DataGenerator/RegexBasedAbstract.php:95)
[stacktrace]
#0 /var/www/html/OTHERS/side/pengaduan/BE/vendor/nikic/fast-route/src/DataGenerator/RegexBasedAbstract.php(30): FastRoute\\DataGenerator\\RegexBasedAbstract->addStaticRoute()
#1 /var/www/html/OTHERS/side/pengaduan/BE/vendor/nikic/fast-route/src/RouteCollector.php(44): FastRoute\\DataGenerator\\RegexBasedAbstract->addRoute()
#2 /var/www/html/OTHERS/side/pengaduan/BE/vendor/laravel/lumen-framework/src/Concerns/RoutesRequests.php(209): FastRoute\\RouteCollector->addRoute()
#3 /var/www/html/OTHERS/side/pengaduan/BE/vendor/nikic/fast-route/src/functions.php(25): Laravel\\Lumen\\Application->Laravel\\Lumen\\Concerns\\{closure}()
#4 /var/www/html/OTHERS/side/pengaduan/BE/vendor/laravel/lumen-framework/src/Concerns/RoutesRequests.php(207): FastRoute\\simpleDispatcher()
#5 /var/www/html/OTHERS/side/pengaduan/BE/vendor/laravel/lumen-framework/src/Concerns/RoutesRequests.php(175): Laravel\\Lumen\\Application->createDispatcher()
#6 /var/www/html/OTHERS/side/pengaduan/BE/vendor/laravel/lumen-framework/src/Routing/Pipeline.php(48): Laravel\\Lumen\\Application->Laravel\\Lumen\\Concerns\\{closure}()
#7 /var/www/html/OTHERS/side/pengaduan/BE/app/Http/Middleware/CorsMiddleware.php(18): Laravel\\Lumen\\Routing\\Pipeline->Laravel\\Lumen\\Routing\\{closure}()
#8 /var/www/html/OTHERS/side/pengaduan/BE/vendor/illuminate/pipeline/Pipeline.php(183): App\\Http\\Middleware\\CorsMiddleware->handle()
#9 /var/www/html/OTHERS/side/pengaduan/BE/vendor/laravel/lumen-framework/src/Routing/Pipeline.php(30): Illuminate\\Pipeline\\Pipeline->Illuminate\\Pipeline\\{closure}()
#10 /var/www/html/OTHERS/side/pengaduan/BE/vendor/illuminate/pipeline/Pipeline.php(119): Laravel\\Lumen\\Routing\\Pipeline->Laravel\\Lumen\\Routing\\{closure}()
#11 /var/www/html/OTHERS/side/pengaduan/BE/vendor/laravel/lumen-framework/src/Concerns/RoutesRequests.php(428): Illuminate\\Pipeline\\Pipeline->then()
#12 /var/www/html/OTHERS/side/pengaduan/BE/vendor/laravel/lumen-framework/src/Concerns/RoutesRequests.php(167): Laravel\\Lumen\\Application->sendThroughPipeline()
#13 /var/www/html/OTHERS/side/pengaduan/BE/vendor/laravel/lumen-framework/src/Concerns/RoutesRequests.php(112): Laravel\\Lumen\\Application->dispatch()
#14 /var/www/html/OTHERS/side/pengaduan/BE/public/index.php(28): Laravel\\Lumen\\Application->run()
#15 {main}
"} 
