[2024-09-06 03:20:09] local.ERROR: SplFileInfo::getSize(): stat failed for /var/www/html/OTHERS/side/laundry/BE/storage/framework/cache/laravel-excel/laravel-excel-hHbJ58GIsLx1Hlm1BVAwjaD4KmBFtMuz.xlsx {"exception":"[object] (RuntimeException(code: 0): SplFileInfo::getSize(): stat failed for /var/www/html/OTHERS/side/laundry/BE/storage/framework/cache/laravel-excel/laravel-excel-hHbJ58GIsLx1Hlm1BVAwjaD4KmBFtMuz.xlsx at /var/www/html/OTHERS/side/laundry/BE/vendor/symfony/http-foundation/BinaryFileResponse.php:199)
[stacktrace]
#0 /var/www/html/OTHERS/side/laundry/BE/vendor/symfony/http-foundation/BinaryFileResponse.php(199): SplFileInfo->getSize()
#1 /var/www/html/OTHERS/side/laundry/BE/vendor/laravel/lumen-framework/src/Concerns/RoutesRequests.php(453): Symfony\\Component\\HttpFoundation\\BinaryFileResponse->prepare()
#2 /var/www/html/OTHERS/side/laundry/BE/vendor/laravel/lumen-framework/src/Concerns/RoutesRequests.php(139): Laravel\\Lumen\\Application->prepareResponse()
#3 /var/www/html/OTHERS/side/laundry/BE/vendor/laravel/lumen-framework/src/Concerns/RoutesRequests.php(121): Laravel\\Lumen\\Application->callTerminableMiddleware()
#4 /var/www/html/OTHERS/side/laundry/BE/public/index.php(28): Laravel\\Lumen\\Application->run()
#5 {main}
"} 
[2024-09-06 03:43:43] local.ERROR: SplFileInfo::getSize(): stat failed for /var/www/html/OTHERS/side/laundry/BE/storage/framework/cache/laravel-excel/laravel-excel-d0Ebg6ZKn39LVHxYk1x33UtkqzGfSgCu.xlsx {"exception":"[object] (RuntimeException(code: 0): SplFileInfo::getSize(): stat failed for /var/www/html/OTHERS/side/laundry/BE/storage/framework/cache/laravel-excel/laravel-excel-d0Ebg6ZKn39LVHxYk1x33UtkqzGfSgCu.xlsx at /var/www/html/OTHERS/side/laundry/BE/vendor/symfony/http-foundation/BinaryFileResponse.php:199)
[stacktrace]
#0 /var/www/html/OTHERS/side/laundry/BE/vendor/symfony/http-foundation/BinaryFileResponse.php(199): SplFileInfo->getSize()
#1 /var/www/html/OTHERS/side/laundry/BE/vendor/laravel/lumen-framework/src/Concerns/RoutesRequests.php(453): Symfony\\Component\\HttpFoundation\\BinaryFileResponse->prepare()
#2 /var/www/html/OTHERS/side/laundry/BE/vendor/laravel/lumen-framework/src/Concerns/RoutesRequests.php(139): Laravel\\Lumen\\Application->prepareResponse()
#3 /var/www/html/OTHERS/side/laundry/BE/vendor/laravel/lumen-framework/src/Concerns/RoutesRequests.php(121): Laravel\\Lumen\\Application->callTerminableMiddleware()
#4 /var/www/html/OTHERS/side/laundry/BE/public/index.php(28): Laravel\\Lumen\\Application->run()
#5 {main}
"} 
[2024-09-06 07:35:36] local.ERROR: SQLSTATE[42S22]: Column not found: 1054 Unknown column 'item_code' in 'field list' (Connection: mysql, SQL: insert into `request_detail` (`description`, `id`, `item_code`, `jml_item`, `nama`, `request_list_id`, `uniqueId`) values (sdsdsa, 2, MP-001, 12, Seragam, 6, 1), (sdsad, 3, MP-002, 2, Celana Seragam, 6, 2)) {"exception":"[object] (Illuminate\\Database\\QueryException(code: 42S22): SQLSTATE[42S22]: Column not found: 1054 Unknown column 'item_code' in 'field list' (Connection: mysql, SQL: insert into `request_detail` (`description`, `id`, `item_code`, `jml_item`, `nama`, `request_list_id`, `uniqueId`) values (sdsdsa, 2, MP-001, 12, Seragam, 6, 1), (sdsad, 3, MP-002, 2, Celana Seragam, 6, 2)) at /var/www/html/OTHERS/side/laundry/BE/vendor/illuminate/database/Connection.php:829)
[stacktrace]
#0 /var/www/html/OTHERS/side/laundry/BE/vendor/illuminate/database/Connection.php(783): Illuminate\\Database\\Connection->runQueryCallback()
#1 /var/www/html/OTHERS/side/laundry/BE/vendor/illuminate/database/MySqlConnection.php(34): Illuminate\\Database\\Connection->run()
#2 /var/www/html/OTHERS/side/laundry/BE/vendor/illuminate/database/Query/Builder.php(3456): Illuminate\\Database\\MySqlConnection->insert()
#3 /var/www/html/OTHERS/side/laundry/BE/vendor/illuminate/database/Eloquent/Builder.php(1982): Illuminate\\Database\\Query\\Builder->insert()
#4 /var/www/html/OTHERS/side/laundry/BE/vendor/illuminate/support/Traits/ForwardsCalls.php(23): Illuminate\\Database\\Eloquent\\Builder->__call()
#5 /var/www/html/OTHERS/side/laundry/BE/vendor/illuminate/database/Eloquent/Model.php(2335): Illuminate\\Database\\Eloquent\\Model->forwardCallTo()
#6 /var/www/html/OTHERS/side/laundry/BE/vendor/illuminate/database/Eloquent/Model.php(2347): Illuminate\\Database\\Eloquent\\Model->__call()
#7 /var/www/html/OTHERS/side/laundry/BE/app/Http/Controllers/RequestListController.php(84): Illuminate\\Database\\Eloquent\\Model::__callStatic()
#8 /var/www/html/OTHERS/side/laundry/BE/vendor/illuminate/container/BoundMethod.php(36): App\\Http\\Controllers\\RequestListController->store()
#9 /var/www/html/OTHERS/side/laundry/BE/vendor/illuminate/container/Util.php(41): Illuminate\\Container\\BoundMethod::Illuminate\\Container\\{closure}()
#10 /var/www/html/OTHERS/side/laundry/BE/vendor/illuminate/container/BoundMethod.php(93): Illuminate\\Container\\Util::unwrapIfClosure()
#11 /var/www/html/OTHERS/side/laundry/BE/vendor/illuminate/container/BoundMethod.php(35): Illuminate\\Container\\BoundMethod::callBoundMethod()
#12 /var/www/html/OTHERS/side/laundry/BE/vendor/illuminate/container/Container.php(662): Illuminate\\Container\\BoundMethod::call()
#13 /var/www/html/OTHERS/side/laundry/BE/vendor/laravel/lumen-framework/src/Concerns/RoutesRequests.php(391): Illuminate\\Container\\Container->call()
#14 /var/www/html/OTHERS/side/laundry/BE/vendor/laravel/lumen-framework/src/Concerns/RoutesRequests.php(356): Laravel\\Lumen\\Application->callControllerCallable()
#15 /var/www/html/OTHERS/side/laundry/BE/vendor/laravel/lumen-framework/src/Concerns/RoutesRequests.php(331): Laravel\\Lumen\\Application->callLumenController()
#16 /var/www/html/OTHERS/side/laundry/BE/vendor/laravel/lumen-framework/src/Concerns/RoutesRequests.php(284): Laravel\\Lumen\\Application->callControllerAction()
#17 /var/www/html/OTHERS/side/laundry/BE/vendor/laravel/lumen-framework/src/Concerns/RoutesRequests.php(264): Laravel\\Lumen\\Application->callActionOnArrayBasedRoute()
#18 /var/www/html/OTHERS/side/laundry/BE/vendor/laravel/lumen-framework/src/Routing/Pipeline.php(48): Laravel\\Lumen\\Application->Laravel\\Lumen\\Concerns\\{closure}()
#19 /var/www/html/OTHERS/side/laundry/BE/app/Http/Middleware/RoleAccessMiddleware.php(27): Laravel\\Lumen\\Routing\\Pipeline->Laravel\\Lumen\\Routing\\{closure}()
#20 /var/www/html/OTHERS/side/laundry/BE/vendor/illuminate/pipeline/Pipeline.php(183): App\\Http\\Middleware\\RoleAccessMiddleware->handle()
#21 /var/www/html/OTHERS/side/laundry/BE/vendor/laravel/lumen-framework/src/Routing/Pipeline.php(30): Illuminate\\Pipeline\\Pipeline->Illuminate\\Pipeline\\{closure}()
#22 /var/www/html/OTHERS/side/laundry/BE/app/Http/Middleware/Authenticate.php(70): Laravel\\Lumen\\Routing\\Pipeline->Laravel\\Lumen\\Routing\\{closure}()
#23 /var/www/html/OTHERS/side/laundry/BE/vendor/illuminate/pipeline/Pipeline.php(183): App\\Http\\Middleware\\Authenticate->handle()
#24 /var/www/html/OTHERS/side/laundry/BE/vendor/laravel/lumen-framework/src/Routing/Pipeline.php(30): Illuminate\\Pipeline\\Pipeline->Illuminate\\Pipeline\\{closure}()
#25 /var/www/html/OTHERS/side/laundry/BE/vendor/illuminate/pipeline/Pipeline.php(119): Laravel\\Lumen\\Routing\\Pipeline->Laravel\\Lumen\\Routing\\{closure}()
#26 /var/www/html/OTHERS/side/laundry/BE/vendor/laravel/lumen-framework/src/Concerns/RoutesRequests.php(428): Illuminate\\Pipeline\\Pipeline->then()
#27 /var/www/html/OTHERS/side/laundry/BE/vendor/laravel/lumen-framework/src/Concerns/RoutesRequests.php(263): Laravel\\Lumen\\Application->sendThroughPipeline()
#28 /var/www/html/OTHERS/side/laundry/BE/vendor/laravel/lumen-framework/src/Concerns/RoutesRequests.php(171): Laravel\\Lumen\\Application->handleFoundRoute()
#29 /var/www/html/OTHERS/side/laundry/BE/vendor/laravel/lumen-framework/src/Routing/Pipeline.php(48): Laravel\\Lumen\\Application->Laravel\\Lumen\\Concerns\\{closure}()
#30 /var/www/html/OTHERS/side/laundry/BE/app/Http/Middleware/CorsMiddleware.php(18): Laravel\\Lumen\\Routing\\Pipeline->Laravel\\Lumen\\Routing\\{closure}()
#31 /var/www/html/OTHERS/side/laundry/BE/vendor/illuminate/pipeline/Pipeline.php(183): App\\Http\\Middleware\\CorsMiddleware->handle()
#32 /var/www/html/OTHERS/side/laundry/BE/vendor/laravel/lumen-framework/src/Routing/Pipeline.php(30): Illuminate\\Pipeline\\Pipeline->Illuminate\\Pipeline\\{closure}()
#33 /var/www/html/OTHERS/side/laundry/BE/vendor/illuminate/pipeline/Pipeline.php(119): Laravel\\Lumen\\Routing\\Pipeline->Laravel\\Lumen\\Routing\\{closure}()
#34 /var/www/html/OTHERS/side/laundry/BE/vendor/laravel/lumen-framework/src/Concerns/RoutesRequests.php(428): Illuminate\\Pipeline\\Pipeline->then()
#35 /var/www/html/OTHERS/side/laundry/BE/vendor/laravel/lumen-framework/src/Concerns/RoutesRequests.php(167): Laravel\\Lumen\\Application->sendThroughPipeline()
#36 /var/www/html/OTHERS/side/laundry/BE/vendor/laravel/lumen-framework/src/Concerns/RoutesRequests.php(112): Laravel\\Lumen\\Application->dispatch()
#37 /var/www/html/OTHERS/side/laundry/BE/public/index.php(28): Laravel\\Lumen\\Application->run()
#38 {main}

[previous exception] [object] (PDOException(code: 42S22): SQLSTATE[42S22]: Column not found: 1054 Unknown column 'item_code' in 'field list' at /var/www/html/OTHERS/side/laundry/BE/vendor/illuminate/database/MySqlConnection.php:39)
[stacktrace]
#0 /var/www/html/OTHERS/side/laundry/BE/vendor/illuminate/database/MySqlConnection.php(39): PDO->prepare()
#1 /var/www/html/OTHERS/side/laundry/BE/vendor/illuminate/database/Connection.php(816): Illuminate\\Database\\MySqlConnection->Illuminate\\Database\\{closure}()
#2 /var/www/html/OTHERS/side/laundry/BE/vendor/illuminate/database/Connection.php(783): Illuminate\\Database\\Connection->runQueryCallback()
#3 /var/www/html/OTHERS/side/laundry/BE/vendor/illuminate/database/MySqlConnection.php(34): Illuminate\\Database\\Connection->run()
#4 /var/www/html/OTHERS/side/laundry/BE/vendor/illuminate/database/Query/Builder.php(3456): Illuminate\\Database\\MySqlConnection->insert()
#5 /var/www/html/OTHERS/side/laundry/BE/vendor/illuminate/database/Eloquent/Builder.php(1982): Illuminate\\Database\\Query\\Builder->insert()
#6 /var/www/html/OTHERS/side/laundry/BE/vendor/illuminate/support/Traits/ForwardsCalls.php(23): Illuminate\\Database\\Eloquent\\Builder->__call()
#7 /var/www/html/OTHERS/side/laundry/BE/vendor/illuminate/database/Eloquent/Model.php(2335): Illuminate\\Database\\Eloquent\\Model->forwardCallTo()
#8 /var/www/html/OTHERS/side/laundry/BE/vendor/illuminate/database/Eloquent/Model.php(2347): Illuminate\\Database\\Eloquent\\Model->__call()
#9 /var/www/html/OTHERS/side/laundry/BE/app/Http/Controllers/RequestListController.php(84): Illuminate\\Database\\Eloquent\\Model::__callStatic()
#10 /var/www/html/OTHERS/side/laundry/BE/vendor/illuminate/container/BoundMethod.php(36): App\\Http\\Controllers\\RequestListController->store()
#11 /var/www/html/OTHERS/side/laundry/BE/vendor/illuminate/container/Util.php(41): Illuminate\\Container\\BoundMethod::Illuminate\\Container\\{closure}()
#12 /var/www/html/OTHERS/side/laundry/BE/vendor/illuminate/container/BoundMethod.php(93): Illuminate\\Container\\Util::unwrapIfClosure()
#13 /var/www/html/OTHERS/side/laundry/BE/vendor/illuminate/container/BoundMethod.php(35): Illuminate\\Container\\BoundMethod::callBoundMethod()
#14 /var/www/html/OTHERS/side/laundry/BE/vendor/illuminate/container/Container.php(662): Illuminate\\Container\\BoundMethod::call()
#15 /var/www/html/OTHERS/side/laundry/BE/vendor/laravel/lumen-framework/src/Concerns/RoutesRequests.php(391): Illuminate\\Container\\Container->call()
#16 /var/www/html/OTHERS/side/laundry/BE/vendor/laravel/lumen-framework/src/Concerns/RoutesRequests.php(356): Laravel\\Lumen\\Application->callControllerCallable()
#17 /var/www/html/OTHERS/side/laundry/BE/vendor/laravel/lumen-framework/src/Concerns/RoutesRequests.php(331): Laravel\\Lumen\\Application->callLumenController()
#18 /var/www/html/OTHERS/side/laundry/BE/vendor/laravel/lumen-framework/src/Concerns/RoutesRequests.php(284): Laravel\\Lumen\\Application->callControllerAction()
#19 /var/www/html/OTHERS/side/laundry/BE/vendor/laravel/lumen-framework/src/Concerns/RoutesRequests.php(264): Laravel\\Lumen\\Application->callActionOnArrayBasedRoute()
#20 /var/www/html/OTHERS/side/laundry/BE/vendor/laravel/lumen-framework/src/Routing/Pipeline.php(48): Laravel\\Lumen\\Application->Laravel\\Lumen\\Concerns\\{closure}()
#21 /var/www/html/OTHERS/side/laundry/BE/app/Http/Middleware/RoleAccessMiddleware.php(27): Laravel\\Lumen\\Routing\\Pipeline->Laravel\\Lumen\\Routing\\{closure}()
#22 /var/www/html/OTHERS/side/laundry/BE/vendor/illuminate/pipeline/Pipeline.php(183): App\\Http\\Middleware\\RoleAccessMiddleware->handle()
#23 /var/www/html/OTHERS/side/laundry/BE/vendor/laravel/lumen-framework/src/Routing/Pipeline.php(30): Illuminate\\Pipeline\\Pipeline->Illuminate\\Pipeline\\{closure}()
#24 /var/www/html/OTHERS/side/laundry/BE/app/Http/Middleware/Authenticate.php(70): Laravel\\Lumen\\Routing\\Pipeline->Laravel\\Lumen\\Routing\\{closure}()
#25 /var/www/html/OTHERS/side/laundry/BE/vendor/illuminate/pipeline/Pipeline.php(183): App\\Http\\Middleware\\Authenticate->handle()
#26 /var/www/html/OTHERS/side/laundry/BE/vendor/laravel/lumen-framework/src/Routing/Pipeline.php(30): Illuminate\\Pipeline\\Pipeline->Illuminate\\Pipeline\\{closure}()
#27 /var/www/html/OTHERS/side/laundry/BE/vendor/illuminate/pipeline/Pipeline.php(119): Laravel\\Lumen\\Routing\\Pipeline->Laravel\\Lumen\\Routing\\{closure}()
#28 /var/www/html/OTHERS/side/laundry/BE/vendor/laravel/lumen-framework/src/Concerns/RoutesRequests.php(428): Illuminate\\Pipeline\\Pipeline->then()
#29 /var/www/html/OTHERS/side/laundry/BE/vendor/laravel/lumen-framework/src/Concerns/RoutesRequests.php(263): Laravel\\Lumen\\Application->sendThroughPipeline()
#30 /var/www/html/OTHERS/side/laundry/BE/vendor/laravel/lumen-framework/src/Concerns/RoutesRequests.php(171): Laravel\\Lumen\\Application->handleFoundRoute()
#31 /var/www/html/OTHERS/side/laundry/BE/vendor/laravel/lumen-framework/src/Routing/Pipeline.php(48): Laravel\\Lumen\\Application->Laravel\\Lumen\\Concerns\\{closure}()
#32 /var/www/html/OTHERS/side/laundry/BE/app/Http/Middleware/CorsMiddleware.php(18): Laravel\\Lumen\\Routing\\Pipeline->Laravel\\Lumen\\Routing\\{closure}()
#33 /var/www/html/OTHERS/side/laundry/BE/vendor/illuminate/pipeline/Pipeline.php(183): App\\Http\\Middleware\\CorsMiddleware->handle()
#34 /var/www/html/OTHERS/side/laundry/BE/vendor/laravel/lumen-framework/src/Routing/Pipeline.php(30): Illuminate\\Pipeline\\Pipeline->Illuminate\\Pipeline\\{closure}()
#35 /var/www/html/OTHERS/side/laundry/BE/vendor/illuminate/pipeline/Pipeline.php(119): Laravel\\Lumen\\Routing\\Pipeline->Laravel\\Lumen\\Routing\\{closure}()
#36 /var/www/html/OTHERS/side/laundry/BE/vendor/laravel/lumen-framework/src/Concerns/RoutesRequests.php(428): Illuminate\\Pipeline\\Pipeline->then()
#37 /var/www/html/OTHERS/side/laundry/BE/vendor/laravel/lumen-framework/src/Concerns/RoutesRequests.php(167): Laravel\\Lumen\\Application->sendThroughPipeline()
#38 /var/www/html/OTHERS/side/laundry/BE/vendor/laravel/lumen-framework/src/Concerns/RoutesRequests.php(112): Laravel\\Lumen\\Application->dispatch()
#39 /var/www/html/OTHERS/side/laundry/BE/public/index.php(28): Laravel\\Lumen\\Application->run()
#40 {main}
"} 
[2024-09-06 07:39:23] local.ERROR: Undefined array key "id_item" {"exception":"[object] (ErrorException(code: 0): Undefined array key \"id_item\" at /var/www/html/OTHERS/side/laundry/BE/app/Http/Controllers/RequestListController.php:81)
[stacktrace]
#0 /var/www/html/OTHERS/side/laundry/BE/vendor/laravel/lumen-framework/src/Concerns/RegistersExceptionHandlers.php(47): Laravel\\Lumen\\Application->handleError()
#1 /var/www/html/OTHERS/side/laundry/BE/app/Http/Controllers/RequestListController.php(81): Laravel\\Lumen\\Application->Laravel\\Lumen\\Concerns\\{closure}()
#2 [internal function]: App\\Http\\Controllers\\RequestListController->App\\Http\\Controllers\\{closure}()
#3 /var/www/html/OTHERS/side/laundry/BE/app/Http/Controllers/RequestListController.php(79): array_map()
#4 /var/www/html/OTHERS/side/laundry/BE/vendor/illuminate/container/BoundMethod.php(36): App\\Http\\Controllers\\RequestListController->store()
#5 /var/www/html/OTHERS/side/laundry/BE/vendor/illuminate/container/Util.php(41): Illuminate\\Container\\BoundMethod::Illuminate\\Container\\{closure}()
#6 /var/www/html/OTHERS/side/laundry/BE/vendor/illuminate/container/BoundMethod.php(93): Illuminate\\Container\\Util::unwrapIfClosure()
#7 /var/www/html/OTHERS/side/laundry/BE/vendor/illuminate/container/BoundMethod.php(35): Illuminate\\Container\\BoundMethod::callBoundMethod()
#8 /var/www/html/OTHERS/side/laundry/BE/vendor/illuminate/container/Container.php(662): Illuminate\\Container\\BoundMethod::call()
#9 /var/www/html/OTHERS/side/laundry/BE/vendor/laravel/lumen-framework/src/Concerns/RoutesRequests.php(391): Illuminate\\Container\\Container->call()
#10 /var/www/html/OTHERS/side/laundry/BE/vendor/laravel/lumen-framework/src/Concerns/RoutesRequests.php(356): Laravel\\Lumen\\Application->callControllerCallable()
#11 /var/www/html/OTHERS/side/laundry/BE/vendor/laravel/lumen-framework/src/Concerns/RoutesRequests.php(331): Laravel\\Lumen\\Application->callLumenController()
#12 /var/www/html/OTHERS/side/laundry/BE/vendor/laravel/lumen-framework/src/Concerns/RoutesRequests.php(284): Laravel\\Lumen\\Application->callControllerAction()
#13 /var/www/html/OTHERS/side/laundry/BE/vendor/laravel/lumen-framework/src/Concerns/RoutesRequests.php(264): Laravel\\Lumen\\Application->callActionOnArrayBasedRoute()
#14 /var/www/html/OTHERS/side/laundry/BE/vendor/laravel/lumen-framework/src/Routing/Pipeline.php(48): Laravel\\Lumen\\Application->Laravel\\Lumen\\Concerns\\{closure}()
#15 /var/www/html/OTHERS/side/laundry/BE/app/Http/Middleware/RoleAccessMiddleware.php(27): Laravel\\Lumen\\Routing\\Pipeline->Laravel\\Lumen\\Routing\\{closure}()
#16 /var/www/html/OTHERS/side/laundry/BE/vendor/illuminate/pipeline/Pipeline.php(183): App\\Http\\Middleware\\RoleAccessMiddleware->handle()
#17 /var/www/html/OTHERS/side/laundry/BE/vendor/laravel/lumen-framework/src/Routing/Pipeline.php(30): Illuminate\\Pipeline\\Pipeline->Illuminate\\Pipeline\\{closure}()
#18 /var/www/html/OTHERS/side/laundry/BE/app/Http/Middleware/Authenticate.php(70): Laravel\\Lumen\\Routing\\Pipeline->Laravel\\Lumen\\Routing\\{closure}()
#19 /var/www/html/OTHERS/side/laundry/BE/vendor/illuminate/pipeline/Pipeline.php(183): App\\Http\\Middleware\\Authenticate->handle()
#20 /var/www/html/OTHERS/side/laundry/BE/vendor/laravel/lumen-framework/src/Routing/Pipeline.php(30): Illuminate\\Pipeline\\Pipeline->Illuminate\\Pipeline\\{closure}()
#21 /var/www/html/OTHERS/side/laundry/BE/vendor/illuminate/pipeline/Pipeline.php(119): Laravel\\Lumen\\Routing\\Pipeline->Laravel\\Lumen\\Routing\\{closure}()
#22 /var/www/html/OTHERS/side/laundry/BE/vendor/laravel/lumen-framework/src/Concerns/RoutesRequests.php(428): Illuminate\\Pipeline\\Pipeline->then()
#23 /var/www/html/OTHERS/side/laundry/BE/vendor/laravel/lumen-framework/src/Concerns/RoutesRequests.php(263): Laravel\\Lumen\\Application->sendThroughPipeline()
#24 /var/www/html/OTHERS/side/laundry/BE/vendor/laravel/lumen-framework/src/Concerns/RoutesRequests.php(171): Laravel\\Lumen\\Application->handleFoundRoute()
#25 /var/www/html/OTHERS/side/laundry/BE/vendor/laravel/lumen-framework/src/Routing/Pipeline.php(48): Laravel\\Lumen\\Application->Laravel\\Lumen\\Concerns\\{closure}()
#26 /var/www/html/OTHERS/side/laundry/BE/app/Http/Middleware/CorsMiddleware.php(18): Laravel\\Lumen\\Routing\\Pipeline->Laravel\\Lumen\\Routing\\{closure}()
#27 /var/www/html/OTHERS/side/laundry/BE/vendor/illuminate/pipeline/Pipeline.php(183): App\\Http\\Middleware\\CorsMiddleware->handle()
#28 /var/www/html/OTHERS/side/laundry/BE/vendor/laravel/lumen-framework/src/Routing/Pipeline.php(30): Illuminate\\Pipeline\\Pipeline->Illuminate\\Pipeline\\{closure}()
#29 /var/www/html/OTHERS/side/laundry/BE/vendor/illuminate/pipeline/Pipeline.php(119): Laravel\\Lumen\\Routing\\Pipeline->Laravel\\Lumen\\Routing\\{closure}()
#30 /var/www/html/OTHERS/side/laundry/BE/vendor/laravel/lumen-framework/src/Concerns/RoutesRequests.php(428): Illuminate\\Pipeline\\Pipeline->then()
#31 /var/www/html/OTHERS/side/laundry/BE/vendor/laravel/lumen-framework/src/Concerns/RoutesRequests.php(167): Laravel\\Lumen\\Application->sendThroughPipeline()
#32 /var/www/html/OTHERS/side/laundry/BE/vendor/laravel/lumen-framework/src/Concerns/RoutesRequests.php(112): Laravel\\Lumen\\Application->dispatch()
#33 /var/www/html/OTHERS/side/laundry/BE/public/index.php(28): Laravel\\Lumen\\Application->run()
#34 {main}
"} 
[2024-09-06 07:39:46] local.ERROR: SQLSTATE[42S22]: Column not found: 1054 Unknown column 'item_code' in 'field list' (Connection: mysql, SQL: insert into `request_detail` (`description`, `id`, `id_item`, `item_code`, `jml_item`, `nama`, `request_list_id`, `uniqueId`) values (sdsdsa, 2, 2, MP-001, 12, Seragam, 8, 1), (sdsad, 3, 3, MP-002, 2, Celana Seragam, 8, 2), (, 4, 4, MP-003, 5, Dress, 8, 3)) {"exception":"[object] (Illuminate\\Database\\QueryException(code: 42S22): SQLSTATE[42S22]: Column not found: 1054 Unknown column 'item_code' in 'field list' (Connection: mysql, SQL: insert into `request_detail` (`description`, `id`, `id_item`, `item_code`, `jml_item`, `nama`, `request_list_id`, `uniqueId`) values (sdsdsa, 2, 2, MP-001, 12, Seragam, 8, 1), (sdsad, 3, 3, MP-002, 2, Celana Seragam, 8, 2), (, 4, 4, MP-003, 5, Dress, 8, 3)) at /var/www/html/OTHERS/side/laundry/BE/vendor/illuminate/database/Connection.php:829)
[stacktrace]
#0 /var/www/html/OTHERS/side/laundry/BE/vendor/illuminate/database/Connection.php(783): Illuminate\\Database\\Connection->runQueryCallback()
#1 /var/www/html/OTHERS/side/laundry/BE/vendor/illuminate/database/MySqlConnection.php(34): Illuminate\\Database\\Connection->run()
#2 /var/www/html/OTHERS/side/laundry/BE/vendor/illuminate/database/Query/Builder.php(3456): Illuminate\\Database\\MySqlConnection->insert()
#3 /var/www/html/OTHERS/side/laundry/BE/vendor/illuminate/database/Eloquent/Builder.php(1982): Illuminate\\Database\\Query\\Builder->insert()
#4 /var/www/html/OTHERS/side/laundry/BE/vendor/illuminate/support/Traits/ForwardsCalls.php(23): Illuminate\\Database\\Eloquent\\Builder->__call()
#5 /var/www/html/OTHERS/side/laundry/BE/vendor/illuminate/database/Eloquent/Model.php(2335): Illuminate\\Database\\Eloquent\\Model->forwardCallTo()
#6 /var/www/html/OTHERS/side/laundry/BE/vendor/illuminate/database/Eloquent/Model.php(2347): Illuminate\\Database\\Eloquent\\Model->__call()
#7 /var/www/html/OTHERS/side/laundry/BE/app/Http/Controllers/RequestListController.php(88): Illuminate\\Database\\Eloquent\\Model::__callStatic()
#8 /var/www/html/OTHERS/side/laundry/BE/vendor/illuminate/container/BoundMethod.php(36): App\\Http\\Controllers\\RequestListController->store()
#9 /var/www/html/OTHERS/side/laundry/BE/vendor/illuminate/container/Util.php(41): Illuminate\\Container\\BoundMethod::Illuminate\\Container\\{closure}()
#10 /var/www/html/OTHERS/side/laundry/BE/vendor/illuminate/container/BoundMethod.php(93): Illuminate\\Container\\Util::unwrapIfClosure()
#11 /var/www/html/OTHERS/side/laundry/BE/vendor/illuminate/container/BoundMethod.php(35): Illuminate\\Container\\BoundMethod::callBoundMethod()
#12 /var/www/html/OTHERS/side/laundry/BE/vendor/illuminate/container/Container.php(662): Illuminate\\Container\\BoundMethod::call()
#13 /var/www/html/OTHERS/side/laundry/BE/vendor/laravel/lumen-framework/src/Concerns/RoutesRequests.php(391): Illuminate\\Container\\Container->call()
#14 /var/www/html/OTHERS/side/laundry/BE/vendor/laravel/lumen-framework/src/Concerns/RoutesRequests.php(356): Laravel\\Lumen\\Application->callControllerCallable()
#15 /var/www/html/OTHERS/side/laundry/BE/vendor/laravel/lumen-framework/src/Concerns/RoutesRequests.php(331): Laravel\\Lumen\\Application->callLumenController()
#16 /var/www/html/OTHERS/side/laundry/BE/vendor/laravel/lumen-framework/src/Concerns/RoutesRequests.php(284): Laravel\\Lumen\\Application->callControllerAction()
#17 /var/www/html/OTHERS/side/laundry/BE/vendor/laravel/lumen-framework/src/Concerns/RoutesRequests.php(264): Laravel\\Lumen\\Application->callActionOnArrayBasedRoute()
#18 /var/www/html/OTHERS/side/laundry/BE/vendor/laravel/lumen-framework/src/Routing/Pipeline.php(48): Laravel\\Lumen\\Application->Laravel\\Lumen\\Concerns\\{closure}()
#19 /var/www/html/OTHERS/side/laundry/BE/app/Http/Middleware/RoleAccessMiddleware.php(27): Laravel\\Lumen\\Routing\\Pipeline->Laravel\\Lumen\\Routing\\{closure}()
#20 /var/www/html/OTHERS/side/laundry/BE/vendor/illuminate/pipeline/Pipeline.php(183): App\\Http\\Middleware\\RoleAccessMiddleware->handle()
#21 /var/www/html/OTHERS/side/laundry/BE/vendor/laravel/lumen-framework/src/Routing/Pipeline.php(30): Illuminate\\Pipeline\\Pipeline->Illuminate\\Pipeline\\{closure}()
#22 /var/www/html/OTHERS/side/laundry/BE/app/Http/Middleware/Authenticate.php(70): Laravel\\Lumen\\Routing\\Pipeline->Laravel\\Lumen\\Routing\\{closure}()
#23 /var/www/html/OTHERS/side/laundry/BE/vendor/illuminate/pipeline/Pipeline.php(183): App\\Http\\Middleware\\Authenticate->handle()
#24 /var/www/html/OTHERS/side/laundry/BE/vendor/laravel/lumen-framework/src/Routing/Pipeline.php(30): Illuminate\\Pipeline\\Pipeline->Illuminate\\Pipeline\\{closure}()
#25 /var/www/html/OTHERS/side/laundry/BE/vendor/illuminate/pipeline/Pipeline.php(119): Laravel\\Lumen\\Routing\\Pipeline->Laravel\\Lumen\\Routing\\{closure}()
#26 /var/www/html/OTHERS/side/laundry/BE/vendor/laravel/lumen-framework/src/Concerns/RoutesRequests.php(428): Illuminate\\Pipeline\\Pipeline->then()
#27 /var/www/html/OTHERS/side/laundry/BE/vendor/laravel/lumen-framework/src/Concerns/RoutesRequests.php(263): Laravel\\Lumen\\Application->sendThroughPipeline()
#28 /var/www/html/OTHERS/side/laundry/BE/vendor/laravel/lumen-framework/src/Concerns/RoutesRequests.php(171): Laravel\\Lumen\\Application->handleFoundRoute()
#29 /var/www/html/OTHERS/side/laundry/BE/vendor/laravel/lumen-framework/src/Routing/Pipeline.php(48): Laravel\\Lumen\\Application->Laravel\\Lumen\\Concerns\\{closure}()
#30 /var/www/html/OTHERS/side/laundry/BE/app/Http/Middleware/CorsMiddleware.php(18): Laravel\\Lumen\\Routing\\Pipeline->Laravel\\Lumen\\Routing\\{closure}()
#31 /var/www/html/OTHERS/side/laundry/BE/vendor/illuminate/pipeline/Pipeline.php(183): App\\Http\\Middleware\\CorsMiddleware->handle()
#32 /var/www/html/OTHERS/side/laundry/BE/vendor/laravel/lumen-framework/src/Routing/Pipeline.php(30): Illuminate\\Pipeline\\Pipeline->Illuminate\\Pipeline\\{closure}()
#33 /var/www/html/OTHERS/side/laundry/BE/vendor/illuminate/pipeline/Pipeline.php(119): Laravel\\Lumen\\Routing\\Pipeline->Laravel\\Lumen\\Routing\\{closure}()
#34 /var/www/html/OTHERS/side/laundry/BE/vendor/laravel/lumen-framework/src/Concerns/RoutesRequests.php(428): Illuminate\\Pipeline\\Pipeline->then()
#35 /var/www/html/OTHERS/side/laundry/BE/vendor/laravel/lumen-framework/src/Concerns/RoutesRequests.php(167): Laravel\\Lumen\\Application->sendThroughPipeline()
#36 /var/www/html/OTHERS/side/laundry/BE/vendor/laravel/lumen-framework/src/Concerns/RoutesRequests.php(112): Laravel\\Lumen\\Application->dispatch()
#37 /var/www/html/OTHERS/side/laundry/BE/public/index.php(28): Laravel\\Lumen\\Application->run()
#38 {main}

[previous exception] [object] (PDOException(code: 42S22): SQLSTATE[42S22]: Column not found: 1054 Unknown column 'item_code' in 'field list' at /var/www/html/OTHERS/side/laundry/BE/vendor/illuminate/database/MySqlConnection.php:39)
[stacktrace]
#0 /var/www/html/OTHERS/side/laundry/BE/vendor/illuminate/database/MySqlConnection.php(39): PDO->prepare()
#1 /var/www/html/OTHERS/side/laundry/BE/vendor/illuminate/database/Connection.php(816): Illuminate\\Database\\MySqlConnection->Illuminate\\Database\\{closure}()
#2 /var/www/html/OTHERS/side/laundry/BE/vendor/illuminate/database/Connection.php(783): Illuminate\\Database\\Connection->runQueryCallback()
#3 /var/www/html/OTHERS/side/laundry/BE/vendor/illuminate/database/MySqlConnection.php(34): Illuminate\\Database\\Connection->run()
#4 /var/www/html/OTHERS/side/laundry/BE/vendor/illuminate/database/Query/Builder.php(3456): Illuminate\\Database\\MySqlConnection->insert()
#5 /var/www/html/OTHERS/side/laundry/BE/vendor/illuminate/database/Eloquent/Builder.php(1982): Illuminate\\Database\\Query\\Builder->insert()
#6 /var/www/html/OTHERS/side/laundry/BE/vendor/illuminate/support/Traits/ForwardsCalls.php(23): Illuminate\\Database\\Eloquent\\Builder->__call()
#7 /var/www/html/OTHERS/side/laundry/BE/vendor/illuminate/database/Eloquent/Model.php(2335): Illuminate\\Database\\Eloquent\\Model->forwardCallTo()
#8 /var/www/html/OTHERS/side/laundry/BE/vendor/illuminate/database/Eloquent/Model.php(2347): Illuminate\\Database\\Eloquent\\Model->__call()
#9 /var/www/html/OTHERS/side/laundry/BE/app/Http/Controllers/RequestListController.php(88): Illuminate\\Database\\Eloquent\\Model::__callStatic()
#10 /var/www/html/OTHERS/side/laundry/BE/vendor/illuminate/container/BoundMethod.php(36): App\\Http\\Controllers\\RequestListController->store()
#11 /var/www/html/OTHERS/side/laundry/BE/vendor/illuminate/container/Util.php(41): Illuminate\\Container\\BoundMethod::Illuminate\\Container\\{closure}()
#12 /var/www/html/OTHERS/side/laundry/BE/vendor/illuminate/container/BoundMethod.php(93): Illuminate\\Container\\Util::unwrapIfClosure()
#13 /var/www/html/OTHERS/side/laundry/BE/vendor/illuminate/container/BoundMethod.php(35): Illuminate\\Container\\BoundMethod::callBoundMethod()
#14 /var/www/html/OTHERS/side/laundry/BE/vendor/illuminate/container/Container.php(662): Illuminate\\Container\\BoundMethod::call()
#15 /var/www/html/OTHERS/side/laundry/BE/vendor/laravel/lumen-framework/src/Concerns/RoutesRequests.php(391): Illuminate\\Container\\Container->call()
#16 /var/www/html/OTHERS/side/laundry/BE/vendor/laravel/lumen-framework/src/Concerns/RoutesRequests.php(356): Laravel\\Lumen\\Application->callControllerCallable()
#17 /var/www/html/OTHERS/side/laundry/BE/vendor/laravel/lumen-framework/src/Concerns/RoutesRequests.php(331): Laravel\\Lumen\\Application->callLumenController()
#18 /var/www/html/OTHERS/side/laundry/BE/vendor/laravel/lumen-framework/src/Concerns/RoutesRequests.php(284): Laravel\\Lumen\\Application->callControllerAction()
#19 /var/www/html/OTHERS/side/laundry/BE/vendor/laravel/lumen-framework/src/Concerns/RoutesRequests.php(264): Laravel\\Lumen\\Application->callActionOnArrayBasedRoute()
#20 /var/www/html/OTHERS/side/laundry/BE/vendor/laravel/lumen-framework/src/Routing/Pipeline.php(48): Laravel\\Lumen\\Application->Laravel\\Lumen\\Concerns\\{closure}()
#21 /var/www/html/OTHERS/side/laundry/BE/app/Http/Middleware/RoleAccessMiddleware.php(27): Laravel\\Lumen\\Routing\\Pipeline->Laravel\\Lumen\\Routing\\{closure}()
#22 /var/www/html/OTHERS/side/laundry/BE/vendor/illuminate/pipeline/Pipeline.php(183): App\\Http\\Middleware\\RoleAccessMiddleware->handle()
#23 /var/www/html/OTHERS/side/laundry/BE/vendor/laravel/lumen-framework/src/Routing/Pipeline.php(30): Illuminate\\Pipeline\\Pipeline->Illuminate\\Pipeline\\{closure}()
#24 /var/www/html/OTHERS/side/laundry/BE/app/Http/Middleware/Authenticate.php(70): Laravel\\Lumen\\Routing\\Pipeline->Laravel\\Lumen\\Routing\\{closure}()
#25 /var/www/html/OTHERS/side/laundry/BE/vendor/illuminate/pipeline/Pipeline.php(183): App\\Http\\Middleware\\Authenticate->handle()
#26 /var/www/html/OTHERS/side/laundry/BE/vendor/laravel/lumen-framework/src/Routing/Pipeline.php(30): Illuminate\\Pipeline\\Pipeline->Illuminate\\Pipeline\\{closure}()
#27 /var/www/html/OTHERS/side/laundry/BE/vendor/illuminate/pipeline/Pipeline.php(119): Laravel\\Lumen\\Routing\\Pipeline->Laravel\\Lumen\\Routing\\{closure}()
#28 /var/www/html/OTHERS/side/laundry/BE/vendor/laravel/lumen-framework/src/Concerns/RoutesRequests.php(428): Illuminate\\Pipeline\\Pipeline->then()
#29 /var/www/html/OTHERS/side/laundry/BE/vendor/laravel/lumen-framework/src/Concerns/RoutesRequests.php(263): Laravel\\Lumen\\Application->sendThroughPipeline()
#30 /var/www/html/OTHERS/side/laundry/BE/vendor/laravel/lumen-framework/src/Concerns/RoutesRequests.php(171): Laravel\\Lumen\\Application->handleFoundRoute()
#31 /var/www/html/OTHERS/side/laundry/BE/vendor/laravel/lumen-framework/src/Routing/Pipeline.php(48): Laravel\\Lumen\\Application->Laravel\\Lumen\\Concerns\\{closure}()
#32 /var/www/html/OTHERS/side/laundry/BE/app/Http/Middleware/CorsMiddleware.php(18): Laravel\\Lumen\\Routing\\Pipeline->Laravel\\Lumen\\Routing\\{closure}()
#33 /var/www/html/OTHERS/side/laundry/BE/vendor/illuminate/pipeline/Pipeline.php(183): App\\Http\\Middleware\\CorsMiddleware->handle()
#34 /var/www/html/OTHERS/side/laundry/BE/vendor/laravel/lumen-framework/src/Routing/Pipeline.php(30): Illuminate\\Pipeline\\Pipeline->Illuminate\\Pipeline\\{closure}()
#35 /var/www/html/OTHERS/side/laundry/BE/vendor/illuminate/pipeline/Pipeline.php(119): Laravel\\Lumen\\Routing\\Pipeline->Laravel\\Lumen\\Routing\\{closure}()
#36 /var/www/html/OTHERS/side/laundry/BE/vendor/laravel/lumen-framework/src/Concerns/RoutesRequests.php(428): Illuminate\\Pipeline\\Pipeline->then()
#37 /var/www/html/OTHERS/side/laundry/BE/vendor/laravel/lumen-framework/src/Concerns/RoutesRequests.php(167): Laravel\\Lumen\\Application->sendThroughPipeline()
#38 /var/www/html/OTHERS/side/laundry/BE/vendor/laravel/lumen-framework/src/Concerns/RoutesRequests.php(112): Laravel\\Lumen\\Application->dispatch()
#39 /var/www/html/OTHERS/side/laundry/BE/public/index.php(28): Laravel\\Lumen\\Application->run()
#40 {main}
"} 
[2024-09-06 07:40:21] local.ERROR: Attempt to assign property "items" on null {"exception":"[object] (Error(code: 0): Attempt to assign property \"items\" on null at /var/www/html/OTHERS/side/laundry/BE/app/Http/Controllers/RequestListController.php:91)
[stacktrace]
#0 /var/www/html/OTHERS/side/laundry/BE/vendor/illuminate/container/BoundMethod.php(36): App\\Http\\Controllers\\RequestListController->store()
#1 /var/www/html/OTHERS/side/laundry/BE/vendor/illuminate/container/Util.php(41): Illuminate\\Container\\BoundMethod::Illuminate\\Container\\{closure}()
#2 /var/www/html/OTHERS/side/laundry/BE/vendor/illuminate/container/BoundMethod.php(93): Illuminate\\Container\\Util::unwrapIfClosure()
#3 /var/www/html/OTHERS/side/laundry/BE/vendor/illuminate/container/BoundMethod.php(35): Illuminate\\Container\\BoundMethod::callBoundMethod()
#4 /var/www/html/OTHERS/side/laundry/BE/vendor/illuminate/container/Container.php(662): Illuminate\\Container\\BoundMethod::call()
#5 /var/www/html/OTHERS/side/laundry/BE/vendor/laravel/lumen-framework/src/Concerns/RoutesRequests.php(391): Illuminate\\Container\\Container->call()
#6 /var/www/html/OTHERS/side/laundry/BE/vendor/laravel/lumen-framework/src/Concerns/RoutesRequests.php(356): Laravel\\Lumen\\Application->callControllerCallable()
#7 /var/www/html/OTHERS/side/laundry/BE/vendor/laravel/lumen-framework/src/Concerns/RoutesRequests.php(331): Laravel\\Lumen\\Application->callLumenController()
#8 /var/www/html/OTHERS/side/laundry/BE/vendor/laravel/lumen-framework/src/Concerns/RoutesRequests.php(284): Laravel\\Lumen\\Application->callControllerAction()
#9 /var/www/html/OTHERS/side/laundry/BE/vendor/laravel/lumen-framework/src/Concerns/RoutesRequests.php(264): Laravel\\Lumen\\Application->callActionOnArrayBasedRoute()
#10 /var/www/html/OTHERS/side/laundry/BE/vendor/laravel/lumen-framework/src/Routing/Pipeline.php(48): Laravel\\Lumen\\Application->Laravel\\Lumen\\Concerns\\{closure}()
#11 /var/www/html/OTHERS/side/laundry/BE/app/Http/Middleware/RoleAccessMiddleware.php(27): Laravel\\Lumen\\Routing\\Pipeline->Laravel\\Lumen\\Routing\\{closure}()
#12 /var/www/html/OTHERS/side/laundry/BE/vendor/illuminate/pipeline/Pipeline.php(183): App\\Http\\Middleware\\RoleAccessMiddleware->handle()
#13 /var/www/html/OTHERS/side/laundry/BE/vendor/laravel/lumen-framework/src/Routing/Pipeline.php(30): Illuminate\\Pipeline\\Pipeline->Illuminate\\Pipeline\\{closure}()
#14 /var/www/html/OTHERS/side/laundry/BE/app/Http/Middleware/Authenticate.php(70): Laravel\\Lumen\\Routing\\Pipeline->Laravel\\Lumen\\Routing\\{closure}()
#15 /var/www/html/OTHERS/side/laundry/BE/vendor/illuminate/pipeline/Pipeline.php(183): App\\Http\\Middleware\\Authenticate->handle()
#16 /var/www/html/OTHERS/side/laundry/BE/vendor/laravel/lumen-framework/src/Routing/Pipeline.php(30): Illuminate\\Pipeline\\Pipeline->Illuminate\\Pipeline\\{closure}()
#17 /var/www/html/OTHERS/side/laundry/BE/vendor/illuminate/pipeline/Pipeline.php(119): Laravel\\Lumen\\Routing\\Pipeline->Laravel\\Lumen\\Routing\\{closure}()
#18 /var/www/html/OTHERS/side/laundry/BE/vendor/laravel/lumen-framework/src/Concerns/RoutesRequests.php(428): Illuminate\\Pipeline\\Pipeline->then()
#19 /var/www/html/OTHERS/side/laundry/BE/vendor/laravel/lumen-framework/src/Concerns/RoutesRequests.php(263): Laravel\\Lumen\\Application->sendThroughPipeline()
#20 /var/www/html/OTHERS/side/laundry/BE/vendor/laravel/lumen-framework/src/Concerns/RoutesRequests.php(171): Laravel\\Lumen\\Application->handleFoundRoute()
#21 /var/www/html/OTHERS/side/laundry/BE/vendor/laravel/lumen-framework/src/Routing/Pipeline.php(48): Laravel\\Lumen\\Application->Laravel\\Lumen\\Concerns\\{closure}()
#22 /var/www/html/OTHERS/side/laundry/BE/app/Http/Middleware/CorsMiddleware.php(18): Laravel\\Lumen\\Routing\\Pipeline->Laravel\\Lumen\\Routing\\{closure}()
#23 /var/www/html/OTHERS/side/laundry/BE/vendor/illuminate/pipeline/Pipeline.php(183): App\\Http\\Middleware\\CorsMiddleware->handle()
#24 /var/www/html/OTHERS/side/laundry/BE/vendor/laravel/lumen-framework/src/Routing/Pipeline.php(30): Illuminate\\Pipeline\\Pipeline->Illuminate\\Pipeline\\{closure}()
#25 /var/www/html/OTHERS/side/laundry/BE/vendor/illuminate/pipeline/Pipeline.php(119): Laravel\\Lumen\\Routing\\Pipeline->Laravel\\Lumen\\Routing\\{closure}()
#26 /var/www/html/OTHERS/side/laundry/BE/vendor/laravel/lumen-framework/src/Concerns/RoutesRequests.php(428): Illuminate\\Pipeline\\Pipeline->then()
#27 /var/www/html/OTHERS/side/laundry/BE/vendor/laravel/lumen-framework/src/Concerns/RoutesRequests.php(167): Laravel\\Lumen\\Application->sendThroughPipeline()
#28 /var/www/html/OTHERS/side/laundry/BE/vendor/laravel/lumen-framework/src/Concerns/RoutesRequests.php(112): Laravel\\Lumen\\Application->dispatch()
#29 /var/www/html/OTHERS/side/laundry/BE/public/index.php(28): Laravel\\Lumen\\Application->run()
#30 {main}
"} 
