[2024-08-30 02:19:06] local.ERROR: Target class [App\Http\Controllers\UserController] does not exist. {"exception":"[object] (Illuminate\\Contracts\\Container\\BindingResolutionException(code: 0): Target class [App\\Http\\Controllers\\UserController] does not exist. at /var/www/html/OTHERS/laundry_api/vendor/illuminate/container/Container.php:914)
[stacktrace]
#0 /var/www/html/OTHERS/laundry_api/vendor/illuminate/container/Container.php(795): Illuminate\\Container\\Container->build()
#1 /var/www/html/OTHERS/laundry_api/vendor/illuminate/container/Container.php(731): Illuminate\\Container\\Container->resolve()
#2 /var/www/html/OTHERS/laundry_api/vendor/laravel/lumen-framework/src/Application.php(327): Illuminate\\Container\\Container->make()
#3 /var/www/html/OTHERS/laundry_api/vendor/laravel/lumen-framework/src/Concerns/RoutesRequests.php(326): Laravel\\Lumen\\Application->make()
#4 /var/www/html/OTHERS/laundry_api/vendor/laravel/lumen-framework/src/Concerns/RoutesRequests.php(284): Laravel\\Lumen\\Application->callControllerAction()
#5 /var/www/html/OTHERS/laundry_api/vendor/laravel/lumen-framework/src/Concerns/RoutesRequests.php(264): Laravel\\Lumen\\Application->callActionOnArrayBasedRoute()
#6 /var/www/html/OTHERS/laundry_api/vendor/laravel/lumen-framework/src/Routing/Pipeline.php(48): Laravel\\Lumen\\Application->Laravel\\Lumen\\Concerns\\{closure}()
#7 /var/www/html/OTHERS/laundry_api/app/Http/Middleware/Authenticate.php(70): Laravel\\Lumen\\Routing\\Pipeline->Laravel\\Lumen\\Routing\\{closure}()
#8 /var/www/html/OTHERS/laundry_api/vendor/illuminate/pipeline/Pipeline.php(183): App\\Http\\Middleware\\Authenticate->handle()
#9 /var/www/html/OTHERS/laundry_api/vendor/laravel/lumen-framework/src/Routing/Pipeline.php(30): Illuminate\\Pipeline\\Pipeline->Illuminate\\Pipeline\\{closure}()
#10 /var/www/html/OTHERS/laundry_api/vendor/illuminate/pipeline/Pipeline.php(119): Laravel\\Lumen\\Routing\\Pipeline->Laravel\\Lumen\\Routing\\{closure}()
#11 /var/www/html/OTHERS/laundry_api/vendor/laravel/lumen-framework/src/Concerns/RoutesRequests.php(428): Illuminate\\Pipeline\\Pipeline->then()
#12 /var/www/html/OTHERS/laundry_api/vendor/laravel/lumen-framework/src/Concerns/RoutesRequests.php(263): Laravel\\Lumen\\Application->sendThroughPipeline()
#13 /var/www/html/OTHERS/laundry_api/vendor/laravel/lumen-framework/src/Concerns/RoutesRequests.php(171): Laravel\\Lumen\\Application->handleFoundRoute()
#14 /var/www/html/OTHERS/laundry_api/vendor/laravel/lumen-framework/src/Routing/Pipeline.php(48): Laravel\\Lumen\\Application->Laravel\\Lumen\\Concerns\\{closure}()
#15 /var/www/html/OTHERS/laundry_api/app/Http/Middleware/CorsMiddleware.php(18): Laravel\\Lumen\\Routing\\Pipeline->Laravel\\Lumen\\Routing\\{closure}()
#16 /var/www/html/OTHERS/laundry_api/vendor/illuminate/pipeline/Pipeline.php(183): App\\Http\\Middleware\\CorsMiddleware->handle()
#17 /var/www/html/OTHERS/laundry_api/vendor/laravel/lumen-framework/src/Routing/Pipeline.php(30): Illuminate\\Pipeline\\Pipeline->Illuminate\\Pipeline\\{closure}()
#18 /var/www/html/OTHERS/laundry_api/vendor/illuminate/pipeline/Pipeline.php(119): Laravel\\Lumen\\Routing\\Pipeline->Laravel\\Lumen\\Routing\\{closure}()
#19 /var/www/html/OTHERS/laundry_api/vendor/laravel/lumen-framework/src/Concerns/RoutesRequests.php(428): Illuminate\\Pipeline\\Pipeline->then()
#20 /var/www/html/OTHERS/laundry_api/vendor/laravel/lumen-framework/src/Concerns/RoutesRequests.php(167): Laravel\\Lumen\\Application->sendThroughPipeline()
#21 /var/www/html/OTHERS/laundry_api/vendor/laravel/lumen-framework/src/Concerns/RoutesRequests.php(112): Laravel\\Lumen\\Application->dispatch()
#22 /var/www/html/OTHERS/laundry_api/public/index.php(28): Laravel\\Lumen\\Application->run()
#23 {main}

[previous exception] [object] (ReflectionException(code: -1): Class \"App\\Http\\Controllers\\UserController\" does not exist at /var/www/html/OTHERS/laundry_api/vendor/illuminate/container/Container.php:912)
[stacktrace]
#0 /var/www/html/OTHERS/laundry_api/vendor/illuminate/container/Container.php(912): ReflectionClass->__construct()
#1 /var/www/html/OTHERS/laundry_api/vendor/illuminate/container/Container.php(795): Illuminate\\Container\\Container->build()
#2 /var/www/html/OTHERS/laundry_api/vendor/illuminate/container/Container.php(731): Illuminate\\Container\\Container->resolve()
#3 /var/www/html/OTHERS/laundry_api/vendor/laravel/lumen-framework/src/Application.php(327): Illuminate\\Container\\Container->make()
#4 /var/www/html/OTHERS/laundry_api/vendor/laravel/lumen-framework/src/Concerns/RoutesRequests.php(326): Laravel\\Lumen\\Application->make()
#5 /var/www/html/OTHERS/laundry_api/vendor/laravel/lumen-framework/src/Concerns/RoutesRequests.php(284): Laravel\\Lumen\\Application->callControllerAction()
#6 /var/www/html/OTHERS/laundry_api/vendor/laravel/lumen-framework/src/Concerns/RoutesRequests.php(264): Laravel\\Lumen\\Application->callActionOnArrayBasedRoute()
#7 /var/www/html/OTHERS/laundry_api/vendor/laravel/lumen-framework/src/Routing/Pipeline.php(48): Laravel\\Lumen\\Application->Laravel\\Lumen\\Concerns\\{closure}()
#8 /var/www/html/OTHERS/laundry_api/app/Http/Middleware/Authenticate.php(70): Laravel\\Lumen\\Routing\\Pipeline->Laravel\\Lumen\\Routing\\{closure}()
#9 /var/www/html/OTHERS/laundry_api/vendor/illuminate/pipeline/Pipeline.php(183): App\\Http\\Middleware\\Authenticate->handle()
#10 /var/www/html/OTHERS/laundry_api/vendor/laravel/lumen-framework/src/Routing/Pipeline.php(30): Illuminate\\Pipeline\\Pipeline->Illuminate\\Pipeline\\{closure}()
#11 /var/www/html/OTHERS/laundry_api/vendor/illuminate/pipeline/Pipeline.php(119): Laravel\\Lumen\\Routing\\Pipeline->Laravel\\Lumen\\Routing\\{closure}()
#12 /var/www/html/OTHERS/laundry_api/vendor/laravel/lumen-framework/src/Concerns/RoutesRequests.php(428): Illuminate\\Pipeline\\Pipeline->then()
#13 /var/www/html/OTHERS/laundry_api/vendor/laravel/lumen-framework/src/Concerns/RoutesRequests.php(263): Laravel\\Lumen\\Application->sendThroughPipeline()
#14 /var/www/html/OTHERS/laundry_api/vendor/laravel/lumen-framework/src/Concerns/RoutesRequests.php(171): Laravel\\Lumen\\Application->handleFoundRoute()
#15 /var/www/html/OTHERS/laundry_api/vendor/laravel/lumen-framework/src/Routing/Pipeline.php(48): Laravel\\Lumen\\Application->Laravel\\Lumen\\Concerns\\{closure}()
#16 /var/www/html/OTHERS/laundry_api/app/Http/Middleware/CorsMiddleware.php(18): Laravel\\Lumen\\Routing\\Pipeline->Laravel\\Lumen\\Routing\\{closure}()
#17 /var/www/html/OTHERS/laundry_api/vendor/illuminate/pipeline/Pipeline.php(183): App\\Http\\Middleware\\CorsMiddleware->handle()
#18 /var/www/html/OTHERS/laundry_api/vendor/laravel/lumen-framework/src/Routing/Pipeline.php(30): Illuminate\\Pipeline\\Pipeline->Illuminate\\Pipeline\\{closure}()
#19 /var/www/html/OTHERS/laundry_api/vendor/illuminate/pipeline/Pipeline.php(119): Laravel\\Lumen\\Routing\\Pipeline->Laravel\\Lumen\\Routing\\{closure}()
#20 /var/www/html/OTHERS/laundry_api/vendor/laravel/lumen-framework/src/Concerns/RoutesRequests.php(428): Illuminate\\Pipeline\\Pipeline->then()
#21 /var/www/html/OTHERS/laundry_api/vendor/laravel/lumen-framework/src/Concerns/RoutesRequests.php(167): Laravel\\Lumen\\Application->sendThroughPipeline()
#22 /var/www/html/OTHERS/laundry_api/vendor/laravel/lumen-framework/src/Concerns/RoutesRequests.php(112): Laravel\\Lumen\\Application->dispatch()
#23 /var/www/html/OTHERS/laundry_api/public/index.php(28): Laravel\\Lumen\\Application->run()
#24 {main}
"} 
[2024-08-30 02:28:22] local.ERROR: Class "App\Http\Controllers\Validator" not found {"exception":"[object] (Error(code: 0): Class \"App\\Http\\Controllers\\Validator\" not found at /var/www/html/OTHERS/laundry_api/app/Http/Controllers/AuthController.php:107)
[stacktrace]
#0 /var/www/html/OTHERS/laundry_api/vendor/illuminate/container/BoundMethod.php(36): App\\Http\\Controllers\\AuthController->update()
#1 /var/www/html/OTHERS/laundry_api/vendor/illuminate/container/Util.php(41): Illuminate\\Container\\BoundMethod::Illuminate\\Container\\{closure}()
#2 /var/www/html/OTHERS/laundry_api/vendor/illuminate/container/BoundMethod.php(93): Illuminate\\Container\\Util::unwrapIfClosure()
#3 /var/www/html/OTHERS/laundry_api/vendor/illuminate/container/BoundMethod.php(35): Illuminate\\Container\\BoundMethod::callBoundMethod()
#4 /var/www/html/OTHERS/laundry_api/vendor/illuminate/container/Container.php(662): Illuminate\\Container\\BoundMethod::call()
#5 /var/www/html/OTHERS/laundry_api/vendor/laravel/lumen-framework/src/Concerns/RoutesRequests.php(391): Illuminate\\Container\\Container->call()
#6 /var/www/html/OTHERS/laundry_api/vendor/laravel/lumen-framework/src/Concerns/RoutesRequests.php(376): Laravel\\Lumen\\Application->callControllerCallable()
#7 /var/www/html/OTHERS/laundry_api/vendor/laravel/lumen-framework/src/Routing/Pipeline.php(48): Laravel\\Lumen\\Application->Laravel\\Lumen\\Concerns\\{closure}()
#8 /var/www/html/OTHERS/laundry_api/app/Http/Middleware/Authenticate.php(70): Laravel\\Lumen\\Routing\\Pipeline->Laravel\\Lumen\\Routing\\{closure}()
#9 /var/www/html/OTHERS/laundry_api/vendor/illuminate/pipeline/Pipeline.php(183): App\\Http\\Middleware\\Authenticate->handle()
#10 /var/www/html/OTHERS/laundry_api/vendor/laravel/lumen-framework/src/Routing/Pipeline.php(30): Illuminate\\Pipeline\\Pipeline->Illuminate\\Pipeline\\{closure}()
#11 /var/www/html/OTHERS/laundry_api/vendor/illuminate/pipeline/Pipeline.php(119): Laravel\\Lumen\\Routing\\Pipeline->Laravel\\Lumen\\Routing\\{closure}()
#12 /var/www/html/OTHERS/laundry_api/vendor/laravel/lumen-framework/src/Concerns/RoutesRequests.php(428): Illuminate\\Pipeline\\Pipeline->then()
#13 /var/www/html/OTHERS/laundry_api/vendor/laravel/lumen-framework/src/Concerns/RoutesRequests.php(375): Laravel\\Lumen\\Application->sendThroughPipeline()
#14 /var/www/html/OTHERS/laundry_api/vendor/laravel/lumen-framework/src/Concerns/RoutesRequests.php(352): Laravel\\Lumen\\Application->callLumenControllerWithMiddleware()
#15 /var/www/html/OTHERS/laundry_api/vendor/laravel/lumen-framework/src/Concerns/RoutesRequests.php(331): Laravel\\Lumen\\Application->callLumenController()
#16 /var/www/html/OTHERS/laundry_api/vendor/laravel/lumen-framework/src/Concerns/RoutesRequests.php(284): Laravel\\Lumen\\Application->callControllerAction()
#17 /var/www/html/OTHERS/laundry_api/vendor/laravel/lumen-framework/src/Concerns/RoutesRequests.php(264): Laravel\\Lumen\\Application->callActionOnArrayBasedRoute()
#18 /var/www/html/OTHERS/laundry_api/vendor/laravel/lumen-framework/src/Routing/Pipeline.php(48): Laravel\\Lumen\\Application->Laravel\\Lumen\\Concerns\\{closure}()
#19 /var/www/html/OTHERS/laundry_api/app/Http/Middleware/Authenticate.php(70): Laravel\\Lumen\\Routing\\Pipeline->Laravel\\Lumen\\Routing\\{closure}()
#20 /var/www/html/OTHERS/laundry_api/vendor/illuminate/pipeline/Pipeline.php(183): App\\Http\\Middleware\\Authenticate->handle()
#21 /var/www/html/OTHERS/laundry_api/vendor/laravel/lumen-framework/src/Routing/Pipeline.php(30): Illuminate\\Pipeline\\Pipeline->Illuminate\\Pipeline\\{closure}()
#22 /var/www/html/OTHERS/laundry_api/vendor/illuminate/pipeline/Pipeline.php(119): Laravel\\Lumen\\Routing\\Pipeline->Laravel\\Lumen\\Routing\\{closure}()
#23 /var/www/html/OTHERS/laundry_api/vendor/laravel/lumen-framework/src/Concerns/RoutesRequests.php(428): Illuminate\\Pipeline\\Pipeline->then()
#24 /var/www/html/OTHERS/laundry_api/vendor/laravel/lumen-framework/src/Concerns/RoutesRequests.php(263): Laravel\\Lumen\\Application->sendThroughPipeline()
#25 /var/www/html/OTHERS/laundry_api/vendor/laravel/lumen-framework/src/Concerns/RoutesRequests.php(239): Laravel\\Lumen\\Application->handleFoundRoute()
#26 /var/www/html/OTHERS/laundry_api/vendor/laravel/lumen-framework/src/Concerns/RoutesRequests.php(174): Laravel\\Lumen\\Application->handleDispatcherResponse()
#27 /var/www/html/OTHERS/laundry_api/vendor/laravel/lumen-framework/src/Routing/Pipeline.php(48): Laravel\\Lumen\\Application->Laravel\\Lumen\\Concerns\\{closure}()
#28 /var/www/html/OTHERS/laundry_api/app/Http/Middleware/CorsMiddleware.php(18): Laravel\\Lumen\\Routing\\Pipeline->Laravel\\Lumen\\Routing\\{closure}()
#29 /var/www/html/OTHERS/laundry_api/vendor/illuminate/pipeline/Pipeline.php(183): App\\Http\\Middleware\\CorsMiddleware->handle()
#30 /var/www/html/OTHERS/laundry_api/vendor/laravel/lumen-framework/src/Routing/Pipeline.php(30): Illuminate\\Pipeline\\Pipeline->Illuminate\\Pipeline\\{closure}()
#31 /var/www/html/OTHERS/laundry_api/vendor/illuminate/pipeline/Pipeline.php(119): Laravel\\Lumen\\Routing\\Pipeline->Laravel\\Lumen\\Routing\\{closure}()
#32 /var/www/html/OTHERS/laundry_api/vendor/laravel/lumen-framework/src/Concerns/RoutesRequests.php(428): Illuminate\\Pipeline\\Pipeline->then()
#33 /var/www/html/OTHERS/laundry_api/vendor/laravel/lumen-framework/src/Concerns/RoutesRequests.php(167): Laravel\\Lumen\\Application->sendThroughPipeline()
#34 /var/www/html/OTHERS/laundry_api/vendor/laravel/lumen-framework/src/Concerns/RoutesRequests.php(112): Laravel\\Lumen\\Application->dispatch()
#35 /var/www/html/OTHERS/laundry_api/public/index.php(28): Laravel\\Lumen\\Application->run()
#36 {main}
"} 
[2024-08-30 02:30:28] local.ERROR: Laravel\Lumen\Routing\Controller::validate(): Argument #1 ($request) must be of type Illuminate\Http\Request, array given, called in /var/www/html/OTHERS/laundry_api/app/Http/Controllers/AuthController.php on line 107 {"exception":"[object] (TypeError(code: 0): Laravel\\Lumen\\Routing\\Controller::validate(): Argument #1 ($request) must be of type Illuminate\\Http\\Request, array given, called in /var/www/html/OTHERS/laundry_api/app/Http/Controllers/AuthController.php on line 107 at /var/www/html/OTHERS/laundry_api/vendor/laravel/lumen-framework/src/Routing/ProvidesConvenienceMethods.php:63)
[stacktrace]
#0 /var/www/html/OTHERS/laundry_api/app/Http/Controllers/AuthController.php(107): Laravel\\Lumen\\Routing\\Controller->validate()
#1 /var/www/html/OTHERS/laundry_api/vendor/illuminate/container/BoundMethod.php(36): App\\Http\\Controllers\\AuthController->update()
#2 /var/www/html/OTHERS/laundry_api/vendor/illuminate/container/Util.php(41): Illuminate\\Container\\BoundMethod::Illuminate\\Container\\{closure}()
#3 /var/www/html/OTHERS/laundry_api/vendor/illuminate/container/BoundMethod.php(93): Illuminate\\Container\\Util::unwrapIfClosure()
#4 /var/www/html/OTHERS/laundry_api/vendor/illuminate/container/BoundMethod.php(35): Illuminate\\Container\\BoundMethod::callBoundMethod()
#5 /var/www/html/OTHERS/laundry_api/vendor/illuminate/container/Container.php(662): Illuminate\\Container\\BoundMethod::call()
#6 /var/www/html/OTHERS/laundry_api/vendor/laravel/lumen-framework/src/Concerns/RoutesRequests.php(391): Illuminate\\Container\\Container->call()
#7 /var/www/html/OTHERS/laundry_api/vendor/laravel/lumen-framework/src/Concerns/RoutesRequests.php(376): Laravel\\Lumen\\Application->callControllerCallable()
#8 /var/www/html/OTHERS/laundry_api/vendor/laravel/lumen-framework/src/Routing/Pipeline.php(48): Laravel\\Lumen\\Application->Laravel\\Lumen\\Concerns\\{closure}()
#9 /var/www/html/OTHERS/laundry_api/app/Http/Middleware/Authenticate.php(70): Laravel\\Lumen\\Routing\\Pipeline->Laravel\\Lumen\\Routing\\{closure}()
#10 /var/www/html/OTHERS/laundry_api/vendor/illuminate/pipeline/Pipeline.php(183): App\\Http\\Middleware\\Authenticate->handle()
#11 /var/www/html/OTHERS/laundry_api/vendor/laravel/lumen-framework/src/Routing/Pipeline.php(30): Illuminate\\Pipeline\\Pipeline->Illuminate\\Pipeline\\{closure}()
#12 /var/www/html/OTHERS/laundry_api/vendor/illuminate/pipeline/Pipeline.php(119): Laravel\\Lumen\\Routing\\Pipeline->Laravel\\Lumen\\Routing\\{closure}()
#13 /var/www/html/OTHERS/laundry_api/vendor/laravel/lumen-framework/src/Concerns/RoutesRequests.php(428): Illuminate\\Pipeline\\Pipeline->then()
#14 /var/www/html/OTHERS/laundry_api/vendor/laravel/lumen-framework/src/Concerns/RoutesRequests.php(375): Laravel\\Lumen\\Application->sendThroughPipeline()
#15 /var/www/html/OTHERS/laundry_api/vendor/laravel/lumen-framework/src/Concerns/RoutesRequests.php(352): Laravel\\Lumen\\Application->callLumenControllerWithMiddleware()
#16 /var/www/html/OTHERS/laundry_api/vendor/laravel/lumen-framework/src/Concerns/RoutesRequests.php(331): Laravel\\Lumen\\Application->callLumenController()
#17 /var/www/html/OTHERS/laundry_api/vendor/laravel/lumen-framework/src/Concerns/RoutesRequests.php(284): Laravel\\Lumen\\Application->callControllerAction()
#18 /var/www/html/OTHERS/laundry_api/vendor/laravel/lumen-framework/src/Concerns/RoutesRequests.php(264): Laravel\\Lumen\\Application->callActionOnArrayBasedRoute()
#19 /var/www/html/OTHERS/laundry_api/vendor/laravel/lumen-framework/src/Routing/Pipeline.php(48): Laravel\\Lumen\\Application->Laravel\\Lumen\\Concerns\\{closure}()
#20 /var/www/html/OTHERS/laundry_api/app/Http/Middleware/Authenticate.php(70): Laravel\\Lumen\\Routing\\Pipeline->Laravel\\Lumen\\Routing\\{closure}()
#21 /var/www/html/OTHERS/laundry_api/vendor/illuminate/pipeline/Pipeline.php(183): App\\Http\\Middleware\\Authenticate->handle()
#22 /var/www/html/OTHERS/laundry_api/vendor/laravel/lumen-framework/src/Routing/Pipeline.php(30): Illuminate\\Pipeline\\Pipeline->Illuminate\\Pipeline\\{closure}()
#23 /var/www/html/OTHERS/laundry_api/vendor/illuminate/pipeline/Pipeline.php(119): Laravel\\Lumen\\Routing\\Pipeline->Laravel\\Lumen\\Routing\\{closure}()
#24 /var/www/html/OTHERS/laundry_api/vendor/laravel/lumen-framework/src/Concerns/RoutesRequests.php(428): Illuminate\\Pipeline\\Pipeline->then()
#25 /var/www/html/OTHERS/laundry_api/vendor/laravel/lumen-framework/src/Concerns/RoutesRequests.php(263): Laravel\\Lumen\\Application->sendThroughPipeline()
#26 /var/www/html/OTHERS/laundry_api/vendor/laravel/lumen-framework/src/Concerns/RoutesRequests.php(239): Laravel\\Lumen\\Application->handleFoundRoute()
#27 /var/www/html/OTHERS/laundry_api/vendor/laravel/lumen-framework/src/Concerns/RoutesRequests.php(174): Laravel\\Lumen\\Application->handleDispatcherResponse()
#28 /var/www/html/OTHERS/laundry_api/vendor/laravel/lumen-framework/src/Routing/Pipeline.php(48): Laravel\\Lumen\\Application->Laravel\\Lumen\\Concerns\\{closure}()
#29 /var/www/html/OTHERS/laundry_api/app/Http/Middleware/CorsMiddleware.php(18): Laravel\\Lumen\\Routing\\Pipeline->Laravel\\Lumen\\Routing\\{closure}()
#30 /var/www/html/OTHERS/laundry_api/vendor/illuminate/pipeline/Pipeline.php(183): App\\Http\\Middleware\\CorsMiddleware->handle()
#31 /var/www/html/OTHERS/laundry_api/vendor/laravel/lumen-framework/src/Routing/Pipeline.php(30): Illuminate\\Pipeline\\Pipeline->Illuminate\\Pipeline\\{closure}()
#32 /var/www/html/OTHERS/laundry_api/vendor/illuminate/pipeline/Pipeline.php(119): Laravel\\Lumen\\Routing\\Pipeline->Laravel\\Lumen\\Routing\\{closure}()
#33 /var/www/html/OTHERS/laundry_api/vendor/laravel/lumen-framework/src/Concerns/RoutesRequests.php(428): Illuminate\\Pipeline\\Pipeline->then()
#34 /var/www/html/OTHERS/laundry_api/vendor/laravel/lumen-framework/src/Concerns/RoutesRequests.php(167): Laravel\\Lumen\\Application->sendThroughPipeline()
#35 /var/www/html/OTHERS/laundry_api/vendor/laravel/lumen-framework/src/Concerns/RoutesRequests.php(112): Laravel\\Lumen\\Application->dispatch()
#36 /var/www/html/OTHERS/laundry_api/public/index.php(28): Laravel\\Lumen\\Application->run()
#37 {main}
"} 
[2024-08-30 02:31:11] local.ERROR: Call to a member function fails() on array {"exception":"[object] (Error(code: 0): Call to a member function fails() on array at /var/www/html/OTHERS/laundry_api/app/Http/Controllers/AuthController.php:115)
[stacktrace]
#0 /var/www/html/OTHERS/laundry_api/vendor/illuminate/container/BoundMethod.php(36): App\\Http\\Controllers\\AuthController->update()
#1 /var/www/html/OTHERS/laundry_api/vendor/illuminate/container/Util.php(41): Illuminate\\Container\\BoundMethod::Illuminate\\Container\\{closure}()
#2 /var/www/html/OTHERS/laundry_api/vendor/illuminate/container/BoundMethod.php(93): Illuminate\\Container\\Util::unwrapIfClosure()
#3 /var/www/html/OTHERS/laundry_api/vendor/illuminate/container/BoundMethod.php(35): Illuminate\\Container\\BoundMethod::callBoundMethod()
#4 /var/www/html/OTHERS/laundry_api/vendor/illuminate/container/Container.php(662): Illuminate\\Container\\BoundMethod::call()
#5 /var/www/html/OTHERS/laundry_api/vendor/laravel/lumen-framework/src/Concerns/RoutesRequests.php(391): Illuminate\\Container\\Container->call()
#6 /var/www/html/OTHERS/laundry_api/vendor/laravel/lumen-framework/src/Concerns/RoutesRequests.php(376): Laravel\\Lumen\\Application->callControllerCallable()
#7 /var/www/html/OTHERS/laundry_api/vendor/laravel/lumen-framework/src/Routing/Pipeline.php(48): Laravel\\Lumen\\Application->Laravel\\Lumen\\Concerns\\{closure}()
#8 /var/www/html/OTHERS/laundry_api/app/Http/Middleware/Authenticate.php(70): Laravel\\Lumen\\Routing\\Pipeline->Laravel\\Lumen\\Routing\\{closure}()
#9 /var/www/html/OTHERS/laundry_api/vendor/illuminate/pipeline/Pipeline.php(183): App\\Http\\Middleware\\Authenticate->handle()
#10 /var/www/html/OTHERS/laundry_api/vendor/laravel/lumen-framework/src/Routing/Pipeline.php(30): Illuminate\\Pipeline\\Pipeline->Illuminate\\Pipeline\\{closure}()
#11 /var/www/html/OTHERS/laundry_api/vendor/illuminate/pipeline/Pipeline.php(119): Laravel\\Lumen\\Routing\\Pipeline->Laravel\\Lumen\\Routing\\{closure}()
#12 /var/www/html/OTHERS/laundry_api/vendor/laravel/lumen-framework/src/Concerns/RoutesRequests.php(428): Illuminate\\Pipeline\\Pipeline->then()
#13 /var/www/html/OTHERS/laundry_api/vendor/laravel/lumen-framework/src/Concerns/RoutesRequests.php(375): Laravel\\Lumen\\Application->sendThroughPipeline()
#14 /var/www/html/OTHERS/laundry_api/vendor/laravel/lumen-framework/src/Concerns/RoutesRequests.php(352): Laravel\\Lumen\\Application->callLumenControllerWithMiddleware()
#15 /var/www/html/OTHERS/laundry_api/vendor/laravel/lumen-framework/src/Concerns/RoutesRequests.php(331): Laravel\\Lumen\\Application->callLumenController()
#16 /var/www/html/OTHERS/laundry_api/vendor/laravel/lumen-framework/src/Concerns/RoutesRequests.php(284): Laravel\\Lumen\\Application->callControllerAction()
#17 /var/www/html/OTHERS/laundry_api/vendor/laravel/lumen-framework/src/Concerns/RoutesRequests.php(264): Laravel\\Lumen\\Application->callActionOnArrayBasedRoute()
#18 /var/www/html/OTHERS/laundry_api/vendor/laravel/lumen-framework/src/Routing/Pipeline.php(48): Laravel\\Lumen\\Application->Laravel\\Lumen\\Concerns\\{closure}()
#19 /var/www/html/OTHERS/laundry_api/app/Http/Middleware/Authenticate.php(70): Laravel\\Lumen\\Routing\\Pipeline->Laravel\\Lumen\\Routing\\{closure}()
#20 /var/www/html/OTHERS/laundry_api/vendor/illuminate/pipeline/Pipeline.php(183): App\\Http\\Middleware\\Authenticate->handle()
#21 /var/www/html/OTHERS/laundry_api/vendor/laravel/lumen-framework/src/Routing/Pipeline.php(30): Illuminate\\Pipeline\\Pipeline->Illuminate\\Pipeline\\{closure}()
#22 /var/www/html/OTHERS/laundry_api/vendor/illuminate/pipeline/Pipeline.php(119): Laravel\\Lumen\\Routing\\Pipeline->Laravel\\Lumen\\Routing\\{closure}()
#23 /var/www/html/OTHERS/laundry_api/vendor/laravel/lumen-framework/src/Concerns/RoutesRequests.php(428): Illuminate\\Pipeline\\Pipeline->then()
#24 /var/www/html/OTHERS/laundry_api/vendor/laravel/lumen-framework/src/Concerns/RoutesRequests.php(263): Laravel\\Lumen\\Application->sendThroughPipeline()
#25 /var/www/html/OTHERS/laundry_api/vendor/laravel/lumen-framework/src/Concerns/RoutesRequests.php(239): Laravel\\Lumen\\Application->handleFoundRoute()
#26 /var/www/html/OTHERS/laundry_api/vendor/laravel/lumen-framework/src/Concerns/RoutesRequests.php(174): Laravel\\Lumen\\Application->handleDispatcherResponse()
#27 /var/www/html/OTHERS/laundry_api/vendor/laravel/lumen-framework/src/Routing/Pipeline.php(48): Laravel\\Lumen\\Application->Laravel\\Lumen\\Concerns\\{closure}()
#28 /var/www/html/OTHERS/laundry_api/app/Http/Middleware/CorsMiddleware.php(18): Laravel\\Lumen\\Routing\\Pipeline->Laravel\\Lumen\\Routing\\{closure}()
#29 /var/www/html/OTHERS/laundry_api/vendor/illuminate/pipeline/Pipeline.php(183): App\\Http\\Middleware\\CorsMiddleware->handle()
#30 /var/www/html/OTHERS/laundry_api/vendor/laravel/lumen-framework/src/Routing/Pipeline.php(30): Illuminate\\Pipeline\\Pipeline->Illuminate\\Pipeline\\{closure}()
#31 /var/www/html/OTHERS/laundry_api/vendor/illuminate/pipeline/Pipeline.php(119): Laravel\\Lumen\\Routing\\Pipeline->Laravel\\Lumen\\Routing\\{closure}()
#32 /var/www/html/OTHERS/laundry_api/vendor/laravel/lumen-framework/src/Concerns/RoutesRequests.php(428): Illuminate\\Pipeline\\Pipeline->then()
#33 /var/www/html/OTHERS/laundry_api/vendor/laravel/lumen-framework/src/Concerns/RoutesRequests.php(167): Laravel\\Lumen\\Application->sendThroughPipeline()
#34 /var/www/html/OTHERS/laundry_api/vendor/laravel/lumen-framework/src/Concerns/RoutesRequests.php(112): Laravel\\Lumen\\Application->dispatch()
#35 /var/www/html/OTHERS/laundry_api/public/index.php(28): Laravel\\Lumen\\Application->run()
#36 {main}
"} 
[2024-08-30 02:36:29] local.ERROR: SQLSTATE[HY000]: General error: 1364 Field 'no_telp' doesn't have a default value (Connection: mysql, SQL: insert into `users` (`nama`, `username`, `email`, `password`, `role`, `updated_at`, `created_at`) values (test, test, johny@example.com, $2y$12$d.5va/5eRLUZZsdo25Ye3ehFwyTR7QoK6MrTPBomQOriZzSC5hQRy, guest, 2024-08-30 02:36:29, 2024-08-30 02:36:29)) {"exception":"[object] (Illuminate\\Database\\QueryException(code: HY000): SQLSTATE[HY000]: General error: 1364 Field 'no_telp' doesn't have a default value (Connection: mysql, SQL: insert into `users` (`nama`, `username`, `email`, `password`, `role`, `updated_at`, `created_at`) values (test, test, johny@example.com, $2y$12$d.5va/5eRLUZZsdo25Ye3ehFwyTR7QoK6MrTPBomQOriZzSC5hQRy, guest, 2024-08-30 02:36:29, 2024-08-30 02:36:29)) at /var/www/html/OTHERS/laundry_api/vendor/illuminate/database/Connection.php:829)
[stacktrace]
#0 /var/www/html/OTHERS/laundry_api/vendor/illuminate/database/Connection.php(783): Illuminate\\Database\\Connection->runQueryCallback()
#1 /var/www/html/OTHERS/laundry_api/vendor/illuminate/database/MySqlConnection.php(34): Illuminate\\Database\\Connection->run()
#2 /var/www/html/OTHERS/laundry_api/vendor/illuminate/database/Query/Processors/MySqlProcessor.php(35): Illuminate\\Database\\MySqlConnection->insert()
#3 /var/www/html/OTHERS/laundry_api/vendor/illuminate/database/Query/Builder.php(3507): Illuminate\\Database\\Query\\Processors\\MySqlProcessor->processInsertGetId()
#4 /var/www/html/OTHERS/laundry_api/vendor/illuminate/database/Eloquent/Builder.php(1982): Illuminate\\Database\\Query\\Builder->insertGetId()
#5 /var/www/html/OTHERS/laundry_api/vendor/illuminate/database/Eloquent/Model.php(1334): Illuminate\\Database\\Eloquent\\Builder->__call()
#6 /var/www/html/OTHERS/laundry_api/vendor/illuminate/database/Eloquent/Model.php(1299): Illuminate\\Database\\Eloquent\\Model->insertAndSetId()
#7 /var/www/html/OTHERS/laundry_api/vendor/illuminate/database/Eloquent/Model.php(1138): Illuminate\\Database\\Eloquent\\Model->performInsert()
#8 /var/www/html/OTHERS/laundry_api/vendor/illuminate/database/Eloquent/Builder.php(1025): Illuminate\\Database\\Eloquent\\Model->save()
#9 /var/www/html/OTHERS/laundry_api/vendor/illuminate/support/helpers.php(307): Illuminate\\Database\\Eloquent\\Builder->Illuminate\\Database\\Eloquent\\{closure}()
#10 /var/www/html/OTHERS/laundry_api/vendor/illuminate/database/Eloquent/Builder.php(1024): tap()
#11 /var/www/html/OTHERS/laundry_api/vendor/illuminate/support/Traits/ForwardsCalls.php(23): Illuminate\\Database\\Eloquent\\Builder->create()
#12 /var/www/html/OTHERS/laundry_api/vendor/illuminate/database/Eloquent/Model.php(2335): Illuminate\\Database\\Eloquent\\Model->forwardCallTo()
#13 /var/www/html/OTHERS/laundry_api/vendor/illuminate/database/Eloquent/Model.php(2347): Illuminate\\Database\\Eloquent\\Model->__call()
#14 /var/www/html/OTHERS/laundry_api/app/Http/Controllers/AuthController.php(71): Illuminate\\Database\\Eloquent\\Model::__callStatic()
#15 /var/www/html/OTHERS/laundry_api/vendor/illuminate/container/BoundMethod.php(36): App\\Http\\Controllers\\AuthController->store()
#16 /var/www/html/OTHERS/laundry_api/vendor/illuminate/container/Util.php(41): Illuminate\\Container\\BoundMethod::Illuminate\\Container\\{closure}()
#17 /var/www/html/OTHERS/laundry_api/vendor/illuminate/container/BoundMethod.php(93): Illuminate\\Container\\Util::unwrapIfClosure()
#18 /var/www/html/OTHERS/laundry_api/vendor/illuminate/container/BoundMethod.php(35): Illuminate\\Container\\BoundMethod::callBoundMethod()
#19 /var/www/html/OTHERS/laundry_api/vendor/illuminate/container/Container.php(662): Illuminate\\Container\\BoundMethod::call()
#20 /var/www/html/OTHERS/laundry_api/vendor/laravel/lumen-framework/src/Concerns/RoutesRequests.php(391): Illuminate\\Container\\Container->call()
#21 /var/www/html/OTHERS/laundry_api/vendor/laravel/lumen-framework/src/Concerns/RoutesRequests.php(376): Laravel\\Lumen\\Application->callControllerCallable()
#22 /var/www/html/OTHERS/laundry_api/vendor/laravel/lumen-framework/src/Routing/Pipeline.php(48): Laravel\\Lumen\\Application->Laravel\\Lumen\\Concerns\\{closure}()
#23 /var/www/html/OTHERS/laundry_api/app/Http/Middleware/Authenticate.php(70): Laravel\\Lumen\\Routing\\Pipeline->Laravel\\Lumen\\Routing\\{closure}()
#24 /var/www/html/OTHERS/laundry_api/vendor/illuminate/pipeline/Pipeline.php(183): App\\Http\\Middleware\\Authenticate->handle()
#25 /var/www/html/OTHERS/laundry_api/vendor/laravel/lumen-framework/src/Routing/Pipeline.php(30): Illuminate\\Pipeline\\Pipeline->Illuminate\\Pipeline\\{closure}()
#26 /var/www/html/OTHERS/laundry_api/vendor/illuminate/pipeline/Pipeline.php(119): Laravel\\Lumen\\Routing\\Pipeline->Laravel\\Lumen\\Routing\\{closure}()
#27 /var/www/html/OTHERS/laundry_api/vendor/laravel/lumen-framework/src/Concerns/RoutesRequests.php(428): Illuminate\\Pipeline\\Pipeline->then()
#28 /var/www/html/OTHERS/laundry_api/vendor/laravel/lumen-framework/src/Concerns/RoutesRequests.php(375): Laravel\\Lumen\\Application->sendThroughPipeline()
#29 /var/www/html/OTHERS/laundry_api/vendor/laravel/lumen-framework/src/Concerns/RoutesRequests.php(352): Laravel\\Lumen\\Application->callLumenControllerWithMiddleware()
#30 /var/www/html/OTHERS/laundry_api/vendor/laravel/lumen-framework/src/Concerns/RoutesRequests.php(331): Laravel\\Lumen\\Application->callLumenController()
#31 /var/www/html/OTHERS/laundry_api/vendor/laravel/lumen-framework/src/Concerns/RoutesRequests.php(284): Laravel\\Lumen\\Application->callControllerAction()
#32 /var/www/html/OTHERS/laundry_api/vendor/laravel/lumen-framework/src/Concerns/RoutesRequests.php(264): Laravel\\Lumen\\Application->callActionOnArrayBasedRoute()
#33 /var/www/html/OTHERS/laundry_api/vendor/laravel/lumen-framework/src/Routing/Pipeline.php(48): Laravel\\Lumen\\Application->Laravel\\Lumen\\Concerns\\{closure}()
#34 /var/www/html/OTHERS/laundry_api/app/Http/Middleware/Authenticate.php(70): Laravel\\Lumen\\Routing\\Pipeline->Laravel\\Lumen\\Routing\\{closure}()
#35 /var/www/html/OTHERS/laundry_api/vendor/illuminate/pipeline/Pipeline.php(183): App\\Http\\Middleware\\Authenticate->handle()
#36 /var/www/html/OTHERS/laundry_api/vendor/laravel/lumen-framework/src/Routing/Pipeline.php(30): Illuminate\\Pipeline\\Pipeline->Illuminate\\Pipeline\\{closure}()
#37 /var/www/html/OTHERS/laundry_api/vendor/illuminate/pipeline/Pipeline.php(119): Laravel\\Lumen\\Routing\\Pipeline->Laravel\\Lumen\\Routing\\{closure}()
#38 /var/www/html/OTHERS/laundry_api/vendor/laravel/lumen-framework/src/Concerns/RoutesRequests.php(428): Illuminate\\Pipeline\\Pipeline->then()
#39 /var/www/html/OTHERS/laundry_api/vendor/laravel/lumen-framework/src/Concerns/RoutesRequests.php(263): Laravel\\Lumen\\Application->sendThroughPipeline()
#40 /var/www/html/OTHERS/laundry_api/vendor/laravel/lumen-framework/src/Concerns/RoutesRequests.php(171): Laravel\\Lumen\\Application->handleFoundRoute()
#41 /var/www/html/OTHERS/laundry_api/vendor/laravel/lumen-framework/src/Routing/Pipeline.php(48): Laravel\\Lumen\\Application->Laravel\\Lumen\\Concerns\\{closure}()
#42 /var/www/html/OTHERS/laundry_api/app/Http/Middleware/CorsMiddleware.php(18): Laravel\\Lumen\\Routing\\Pipeline->Laravel\\Lumen\\Routing\\{closure}()
#43 /var/www/html/OTHERS/laundry_api/vendor/illuminate/pipeline/Pipeline.php(183): App\\Http\\Middleware\\CorsMiddleware->handle()
#44 /var/www/html/OTHERS/laundry_api/vendor/laravel/lumen-framework/src/Routing/Pipeline.php(30): Illuminate\\Pipeline\\Pipeline->Illuminate\\Pipeline\\{closure}()
#45 /var/www/html/OTHERS/laundry_api/vendor/illuminate/pipeline/Pipeline.php(119): Laravel\\Lumen\\Routing\\Pipeline->Laravel\\Lumen\\Routing\\{closure}()
#46 /var/www/html/OTHERS/laundry_api/vendor/laravel/lumen-framework/src/Concerns/RoutesRequests.php(428): Illuminate\\Pipeline\\Pipeline->then()
#47 /var/www/html/OTHERS/laundry_api/vendor/laravel/lumen-framework/src/Concerns/RoutesRequests.php(167): Laravel\\Lumen\\Application->sendThroughPipeline()
#48 /var/www/html/OTHERS/laundry_api/vendor/laravel/lumen-framework/src/Concerns/RoutesRequests.php(112): Laravel\\Lumen\\Application->dispatch()
#49 /var/www/html/OTHERS/laundry_api/public/index.php(28): Laravel\\Lumen\\Application->run()
#50 {main}

[previous exception] [object] (PDOException(code: HY000): SQLSTATE[HY000]: General error: 1364 Field 'no_telp' doesn't have a default value at /var/www/html/OTHERS/laundry_api/vendor/illuminate/database/MySqlConnection.php:45)
[stacktrace]
#0 /var/www/html/OTHERS/laundry_api/vendor/illuminate/database/MySqlConnection.php(45): PDOStatement->execute()
#1 /var/www/html/OTHERS/laundry_api/vendor/illuminate/database/Connection.php(816): Illuminate\\Database\\MySqlConnection->Illuminate\\Database\\{closure}()
#2 /var/www/html/OTHERS/laundry_api/vendor/illuminate/database/Connection.php(783): Illuminate\\Database\\Connection->runQueryCallback()
#3 /var/www/html/OTHERS/laundry_api/vendor/illuminate/database/MySqlConnection.php(34): Illuminate\\Database\\Connection->run()
#4 /var/www/html/OTHERS/laundry_api/vendor/illuminate/database/Query/Processors/MySqlProcessor.php(35): Illuminate\\Database\\MySqlConnection->insert()
#5 /var/www/html/OTHERS/laundry_api/vendor/illuminate/database/Query/Builder.php(3507): Illuminate\\Database\\Query\\Processors\\MySqlProcessor->processInsertGetId()
#6 /var/www/html/OTHERS/laundry_api/vendor/illuminate/database/Eloquent/Builder.php(1982): Illuminate\\Database\\Query\\Builder->insertGetId()
#7 /var/www/html/OTHERS/laundry_api/vendor/illuminate/database/Eloquent/Model.php(1334): Illuminate\\Database\\Eloquent\\Builder->__call()
#8 /var/www/html/OTHERS/laundry_api/vendor/illuminate/database/Eloquent/Model.php(1299): Illuminate\\Database\\Eloquent\\Model->insertAndSetId()
#9 /var/www/html/OTHERS/laundry_api/vendor/illuminate/database/Eloquent/Model.php(1138): Illuminate\\Database\\Eloquent\\Model->performInsert()
#10 /var/www/html/OTHERS/laundry_api/vendor/illuminate/database/Eloquent/Builder.php(1025): Illuminate\\Database\\Eloquent\\Model->save()
#11 /var/www/html/OTHERS/laundry_api/vendor/illuminate/support/helpers.php(307): Illuminate\\Database\\Eloquent\\Builder->Illuminate\\Database\\Eloquent\\{closure}()
#12 /var/www/html/OTHERS/laundry_api/vendor/illuminate/database/Eloquent/Builder.php(1024): tap()
#13 /var/www/html/OTHERS/laundry_api/vendor/illuminate/support/Traits/ForwardsCalls.php(23): Illuminate\\Database\\Eloquent\\Builder->create()
#14 /var/www/html/OTHERS/laundry_api/vendor/illuminate/database/Eloquent/Model.php(2335): Illuminate\\Database\\Eloquent\\Model->forwardCallTo()
#15 /var/www/html/OTHERS/laundry_api/vendor/illuminate/database/Eloquent/Model.php(2347): Illuminate\\Database\\Eloquent\\Model->__call()
#16 /var/www/html/OTHERS/laundry_api/app/Http/Controllers/AuthController.php(71): Illuminate\\Database\\Eloquent\\Model::__callStatic()
#17 /var/www/html/OTHERS/laundry_api/vendor/illuminate/container/BoundMethod.php(36): App\\Http\\Controllers\\AuthController->store()
#18 /var/www/html/OTHERS/laundry_api/vendor/illuminate/container/Util.php(41): Illuminate\\Container\\BoundMethod::Illuminate\\Container\\{closure}()
#19 /var/www/html/OTHERS/laundry_api/vendor/illuminate/container/BoundMethod.php(93): Illuminate\\Container\\Util::unwrapIfClosure()
#20 /var/www/html/OTHERS/laundry_api/vendor/illuminate/container/BoundMethod.php(35): Illuminate\\Container\\BoundMethod::callBoundMethod()
#21 /var/www/html/OTHERS/laundry_api/vendor/illuminate/container/Container.php(662): Illuminate\\Container\\BoundMethod::call()
#22 /var/www/html/OTHERS/laundry_api/vendor/laravel/lumen-framework/src/Concerns/RoutesRequests.php(391): Illuminate\\Container\\Container->call()
#23 /var/www/html/OTHERS/laundry_api/vendor/laravel/lumen-framework/src/Concerns/RoutesRequests.php(376): Laravel\\Lumen\\Application->callControllerCallable()
#24 /var/www/html/OTHERS/laundry_api/vendor/laravel/lumen-framework/src/Routing/Pipeline.php(48): Laravel\\Lumen\\Application->Laravel\\Lumen\\Concerns\\{closure}()
#25 /var/www/html/OTHERS/laundry_api/app/Http/Middleware/Authenticate.php(70): Laravel\\Lumen\\Routing\\Pipeline->Laravel\\Lumen\\Routing\\{closure}()
#26 /var/www/html/OTHERS/laundry_api/vendor/illuminate/pipeline/Pipeline.php(183): App\\Http\\Middleware\\Authenticate->handle()
#27 /var/www/html/OTHERS/laundry_api/vendor/laravel/lumen-framework/src/Routing/Pipeline.php(30): Illuminate\\Pipeline\\Pipeline->Illuminate\\Pipeline\\{closure}()
#28 /var/www/html/OTHERS/laundry_api/vendor/illuminate/pipeline/Pipeline.php(119): Laravel\\Lumen\\Routing\\Pipeline->Laravel\\Lumen\\Routing\\{closure}()
#29 /var/www/html/OTHERS/laundry_api/vendor/laravel/lumen-framework/src/Concerns/RoutesRequests.php(428): Illuminate\\Pipeline\\Pipeline->then()
#30 /var/www/html/OTHERS/laundry_api/vendor/laravel/lumen-framework/src/Concerns/RoutesRequests.php(375): Laravel\\Lumen\\Application->sendThroughPipeline()
#31 /var/www/html/OTHERS/laundry_api/vendor/laravel/lumen-framework/src/Concerns/RoutesRequests.php(352): Laravel\\Lumen\\Application->callLumenControllerWithMiddleware()
#32 /var/www/html/OTHERS/laundry_api/vendor/laravel/lumen-framework/src/Concerns/RoutesRequests.php(331): Laravel\\Lumen\\Application->callLumenController()
#33 /var/www/html/OTHERS/laundry_api/vendor/laravel/lumen-framework/src/Concerns/RoutesRequests.php(284): Laravel\\Lumen\\Application->callControllerAction()
#34 /var/www/html/OTHERS/laundry_api/vendor/laravel/lumen-framework/src/Concerns/RoutesRequests.php(264): Laravel\\Lumen\\Application->callActionOnArrayBasedRoute()
#35 /var/www/html/OTHERS/laundry_api/vendor/laravel/lumen-framework/src/Routing/Pipeline.php(48): Laravel\\Lumen\\Application->Laravel\\Lumen\\Concerns\\{closure}()
#36 /var/www/html/OTHERS/laundry_api/app/Http/Middleware/Authenticate.php(70): Laravel\\Lumen\\Routing\\Pipeline->Laravel\\Lumen\\Routing\\{closure}()
#37 /var/www/html/OTHERS/laundry_api/vendor/illuminate/pipeline/Pipeline.php(183): App\\Http\\Middleware\\Authenticate->handle()
#38 /var/www/html/OTHERS/laundry_api/vendor/laravel/lumen-framework/src/Routing/Pipeline.php(30): Illuminate\\Pipeline\\Pipeline->Illuminate\\Pipeline\\{closure}()
#39 /var/www/html/OTHERS/laundry_api/vendor/illuminate/pipeline/Pipeline.php(119): Laravel\\Lumen\\Routing\\Pipeline->Laravel\\Lumen\\Routing\\{closure}()
#40 /var/www/html/OTHERS/laundry_api/vendor/laravel/lumen-framework/src/Concerns/RoutesRequests.php(428): Illuminate\\Pipeline\\Pipeline->then()
#41 /var/www/html/OTHERS/laundry_api/vendor/laravel/lumen-framework/src/Concerns/RoutesRequests.php(263): Laravel\\Lumen\\Application->sendThroughPipeline()
#42 /var/www/html/OTHERS/laundry_api/vendor/laravel/lumen-framework/src/Concerns/RoutesRequests.php(171): Laravel\\Lumen\\Application->handleFoundRoute()
#43 /var/www/html/OTHERS/laundry_api/vendor/laravel/lumen-framework/src/Routing/Pipeline.php(48): Laravel\\Lumen\\Application->Laravel\\Lumen\\Concerns\\{closure}()
#44 /var/www/html/OTHERS/laundry_api/app/Http/Middleware/CorsMiddleware.php(18): Laravel\\Lumen\\Routing\\Pipeline->Laravel\\Lumen\\Routing\\{closure}()
#45 /var/www/html/OTHERS/laundry_api/vendor/illuminate/pipeline/Pipeline.php(183): App\\Http\\Middleware\\CorsMiddleware->handle()
#46 /var/www/html/OTHERS/laundry_api/vendor/laravel/lumen-framework/src/Routing/Pipeline.php(30): Illuminate\\Pipeline\\Pipeline->Illuminate\\Pipeline\\{closure}()
#47 /var/www/html/OTHERS/laundry_api/vendor/illuminate/pipeline/Pipeline.php(119): Laravel\\Lumen\\Routing\\Pipeline->Laravel\\Lumen\\Routing\\{closure}()
#48 /var/www/html/OTHERS/laundry_api/vendor/laravel/lumen-framework/src/Concerns/RoutesRequests.php(428): Illuminate\\Pipeline\\Pipeline->then()
#49 /var/www/html/OTHERS/laundry_api/vendor/laravel/lumen-framework/src/Concerns/RoutesRequests.php(167): Laravel\\Lumen\\Application->sendThroughPipeline()
#50 /var/www/html/OTHERS/laundry_api/vendor/laravel/lumen-framework/src/Concerns/RoutesRequests.php(112): Laravel\\Lumen\\Application->dispatch()
#51 /var/www/html/OTHERS/laundry_api/public/index.php(28): Laravel\\Lumen\\Application->run()
#52 {main}
"} 
[2024-08-30 02:36:52] local.ERROR: SQLSTATE[HY000]: General error: 1364 Field 'no_telp' doesn't have a default value (Connection: mysql, SQL: insert into `users` (`nama`, `username`, `email`, `password`, `role`, `updated_at`, `created_at`) values (test, test, johny@example.com, $2y$12$nNXsu.5cfHj169BLSpoo4u.4EZy8zY4stfGK0XMfnE1Re4x3dwOBS, guest, 2024-08-30 02:36:52, 2024-08-30 02:36:52)) {"exception":"[object] (Illuminate\\Database\\QueryException(code: HY000): SQLSTATE[HY000]: General error: 1364 Field 'no_telp' doesn't have a default value (Connection: mysql, SQL: insert into `users` (`nama`, `username`, `email`, `password`, `role`, `updated_at`, `created_at`) values (test, test, johny@example.com, $2y$12$nNXsu.5cfHj169BLSpoo4u.4EZy8zY4stfGK0XMfnE1Re4x3dwOBS, guest, 2024-08-30 02:36:52, 2024-08-30 02:36:52)) at /var/www/html/OTHERS/laundry_api/vendor/illuminate/database/Connection.php:829)
[stacktrace]
#0 /var/www/html/OTHERS/laundry_api/vendor/illuminate/database/Connection.php(783): Illuminate\\Database\\Connection->runQueryCallback()
#1 /var/www/html/OTHERS/laundry_api/vendor/illuminate/database/MySqlConnection.php(34): Illuminate\\Database\\Connection->run()
#2 /var/www/html/OTHERS/laundry_api/vendor/illuminate/database/Query/Processors/MySqlProcessor.php(35): Illuminate\\Database\\MySqlConnection->insert()
#3 /var/www/html/OTHERS/laundry_api/vendor/illuminate/database/Query/Builder.php(3507): Illuminate\\Database\\Query\\Processors\\MySqlProcessor->processInsertGetId()
#4 /var/www/html/OTHERS/laundry_api/vendor/illuminate/database/Eloquent/Builder.php(1982): Illuminate\\Database\\Query\\Builder->insertGetId()
#5 /var/www/html/OTHERS/laundry_api/vendor/illuminate/database/Eloquent/Model.php(1334): Illuminate\\Database\\Eloquent\\Builder->__call()
#6 /var/www/html/OTHERS/laundry_api/vendor/illuminate/database/Eloquent/Model.php(1299): Illuminate\\Database\\Eloquent\\Model->insertAndSetId()
#7 /var/www/html/OTHERS/laundry_api/vendor/illuminate/database/Eloquent/Model.php(1138): Illuminate\\Database\\Eloquent\\Model->performInsert()
#8 /var/www/html/OTHERS/laundry_api/vendor/illuminate/database/Eloquent/Builder.php(1025): Illuminate\\Database\\Eloquent\\Model->save()
#9 /var/www/html/OTHERS/laundry_api/vendor/illuminate/support/helpers.php(307): Illuminate\\Database\\Eloquent\\Builder->Illuminate\\Database\\Eloquent\\{closure}()
#10 /var/www/html/OTHERS/laundry_api/vendor/illuminate/database/Eloquent/Builder.php(1024): tap()
#11 /var/www/html/OTHERS/laundry_api/vendor/illuminate/support/Traits/ForwardsCalls.php(23): Illuminate\\Database\\Eloquent\\Builder->create()
#12 /var/www/html/OTHERS/laundry_api/vendor/illuminate/database/Eloquent/Model.php(2335): Illuminate\\Database\\Eloquent\\Model->forwardCallTo()
#13 /var/www/html/OTHERS/laundry_api/vendor/illuminate/database/Eloquent/Model.php(2347): Illuminate\\Database\\Eloquent\\Model->__call()
#14 /var/www/html/OTHERS/laundry_api/app/Http/Controllers/AuthController.php(71): Illuminate\\Database\\Eloquent\\Model::__callStatic()
#15 /var/www/html/OTHERS/laundry_api/vendor/illuminate/container/BoundMethod.php(36): App\\Http\\Controllers\\AuthController->store()
#16 /var/www/html/OTHERS/laundry_api/vendor/illuminate/container/Util.php(41): Illuminate\\Container\\BoundMethod::Illuminate\\Container\\{closure}()
#17 /var/www/html/OTHERS/laundry_api/vendor/illuminate/container/BoundMethod.php(93): Illuminate\\Container\\Util::unwrapIfClosure()
#18 /var/www/html/OTHERS/laundry_api/vendor/illuminate/container/BoundMethod.php(35): Illuminate\\Container\\BoundMethod::callBoundMethod()
#19 /var/www/html/OTHERS/laundry_api/vendor/illuminate/container/Container.php(662): Illuminate\\Container\\BoundMethod::call()
#20 /var/www/html/OTHERS/laundry_api/vendor/laravel/lumen-framework/src/Concerns/RoutesRequests.php(391): Illuminate\\Container\\Container->call()
#21 /var/www/html/OTHERS/laundry_api/vendor/laravel/lumen-framework/src/Concerns/RoutesRequests.php(376): Laravel\\Lumen\\Application->callControllerCallable()
#22 /var/www/html/OTHERS/laundry_api/vendor/laravel/lumen-framework/src/Routing/Pipeline.php(48): Laravel\\Lumen\\Application->Laravel\\Lumen\\Concerns\\{closure}()
#23 /var/www/html/OTHERS/laundry_api/app/Http/Middleware/Authenticate.php(70): Laravel\\Lumen\\Routing\\Pipeline->Laravel\\Lumen\\Routing\\{closure}()
#24 /var/www/html/OTHERS/laundry_api/vendor/illuminate/pipeline/Pipeline.php(183): App\\Http\\Middleware\\Authenticate->handle()
#25 /var/www/html/OTHERS/laundry_api/vendor/laravel/lumen-framework/src/Routing/Pipeline.php(30): Illuminate\\Pipeline\\Pipeline->Illuminate\\Pipeline\\{closure}()
#26 /var/www/html/OTHERS/laundry_api/vendor/illuminate/pipeline/Pipeline.php(119): Laravel\\Lumen\\Routing\\Pipeline->Laravel\\Lumen\\Routing\\{closure}()
#27 /var/www/html/OTHERS/laundry_api/vendor/laravel/lumen-framework/src/Concerns/RoutesRequests.php(428): Illuminate\\Pipeline\\Pipeline->then()
#28 /var/www/html/OTHERS/laundry_api/vendor/laravel/lumen-framework/src/Concerns/RoutesRequests.php(375): Laravel\\Lumen\\Application->sendThroughPipeline()
#29 /var/www/html/OTHERS/laundry_api/vendor/laravel/lumen-framework/src/Concerns/RoutesRequests.php(352): Laravel\\Lumen\\Application->callLumenControllerWithMiddleware()
#30 /var/www/html/OTHERS/laundry_api/vendor/laravel/lumen-framework/src/Concerns/RoutesRequests.php(331): Laravel\\Lumen\\Application->callLumenController()
#31 /var/www/html/OTHERS/laundry_api/vendor/laravel/lumen-framework/src/Concerns/RoutesRequests.php(284): Laravel\\Lumen\\Application->callControllerAction()
#32 /var/www/html/OTHERS/laundry_api/vendor/laravel/lumen-framework/src/Concerns/RoutesRequests.php(264): Laravel\\Lumen\\Application->callActionOnArrayBasedRoute()
#33 /var/www/html/OTHERS/laundry_api/vendor/laravel/lumen-framework/src/Routing/Pipeline.php(48): Laravel\\Lumen\\Application->Laravel\\Lumen\\Concerns\\{closure}()
#34 /var/www/html/OTHERS/laundry_api/app/Http/Middleware/Authenticate.php(70): Laravel\\Lumen\\Routing\\Pipeline->Laravel\\Lumen\\Routing\\{closure}()
#35 /var/www/html/OTHERS/laundry_api/vendor/illuminate/pipeline/Pipeline.php(183): App\\Http\\Middleware\\Authenticate->handle()
#36 /var/www/html/OTHERS/laundry_api/vendor/laravel/lumen-framework/src/Routing/Pipeline.php(30): Illuminate\\Pipeline\\Pipeline->Illuminate\\Pipeline\\{closure}()
#37 /var/www/html/OTHERS/laundry_api/vendor/illuminate/pipeline/Pipeline.php(119): Laravel\\Lumen\\Routing\\Pipeline->Laravel\\Lumen\\Routing\\{closure}()
#38 /var/www/html/OTHERS/laundry_api/vendor/laravel/lumen-framework/src/Concerns/RoutesRequests.php(428): Illuminate\\Pipeline\\Pipeline->then()
#39 /var/www/html/OTHERS/laundry_api/vendor/laravel/lumen-framework/src/Concerns/RoutesRequests.php(263): Laravel\\Lumen\\Application->sendThroughPipeline()
#40 /var/www/html/OTHERS/laundry_api/vendor/laravel/lumen-framework/src/Concerns/RoutesRequests.php(171): Laravel\\Lumen\\Application->handleFoundRoute()
#41 /var/www/html/OTHERS/laundry_api/vendor/laravel/lumen-framework/src/Routing/Pipeline.php(48): Laravel\\Lumen\\Application->Laravel\\Lumen\\Concerns\\{closure}()
#42 /var/www/html/OTHERS/laundry_api/app/Http/Middleware/CorsMiddleware.php(18): Laravel\\Lumen\\Routing\\Pipeline->Laravel\\Lumen\\Routing\\{closure}()
#43 /var/www/html/OTHERS/laundry_api/vendor/illuminate/pipeline/Pipeline.php(183): App\\Http\\Middleware\\CorsMiddleware->handle()
#44 /var/www/html/OTHERS/laundry_api/vendor/laravel/lumen-framework/src/Routing/Pipeline.php(30): Illuminate\\Pipeline\\Pipeline->Illuminate\\Pipeline\\{closure}()
#45 /var/www/html/OTHERS/laundry_api/vendor/illuminate/pipeline/Pipeline.php(119): Laravel\\Lumen\\Routing\\Pipeline->Laravel\\Lumen\\Routing\\{closure}()
#46 /var/www/html/OTHERS/laundry_api/vendor/laravel/lumen-framework/src/Concerns/RoutesRequests.php(428): Illuminate\\Pipeline\\Pipeline->then()
#47 /var/www/html/OTHERS/laundry_api/vendor/laravel/lumen-framework/src/Concerns/RoutesRequests.php(167): Laravel\\Lumen\\Application->sendThroughPipeline()
#48 /var/www/html/OTHERS/laundry_api/vendor/laravel/lumen-framework/src/Concerns/RoutesRequests.php(112): Laravel\\Lumen\\Application->dispatch()
#49 /var/www/html/OTHERS/laundry_api/public/index.php(28): Laravel\\Lumen\\Application->run()
#50 {main}

[previous exception] [object] (PDOException(code: HY000): SQLSTATE[HY000]: General error: 1364 Field 'no_telp' doesn't have a default value at /var/www/html/OTHERS/laundry_api/vendor/illuminate/database/MySqlConnection.php:45)
[stacktrace]
#0 /var/www/html/OTHERS/laundry_api/vendor/illuminate/database/MySqlConnection.php(45): PDOStatement->execute()
#1 /var/www/html/OTHERS/laundry_api/vendor/illuminate/database/Connection.php(816): Illuminate\\Database\\MySqlConnection->Illuminate\\Database\\{closure}()
#2 /var/www/html/OTHERS/laundry_api/vendor/illuminate/database/Connection.php(783): Illuminate\\Database\\Connection->runQueryCallback()
#3 /var/www/html/OTHERS/laundry_api/vendor/illuminate/database/MySqlConnection.php(34): Illuminate\\Database\\Connection->run()
#4 /var/www/html/OTHERS/laundry_api/vendor/illuminate/database/Query/Processors/MySqlProcessor.php(35): Illuminate\\Database\\MySqlConnection->insert()
#5 /var/www/html/OTHERS/laundry_api/vendor/illuminate/database/Query/Builder.php(3507): Illuminate\\Database\\Query\\Processors\\MySqlProcessor->processInsertGetId()
#6 /var/www/html/OTHERS/laundry_api/vendor/illuminate/database/Eloquent/Builder.php(1982): Illuminate\\Database\\Query\\Builder->insertGetId()
#7 /var/www/html/OTHERS/laundry_api/vendor/illuminate/database/Eloquent/Model.php(1334): Illuminate\\Database\\Eloquent\\Builder->__call()
#8 /var/www/html/OTHERS/laundry_api/vendor/illuminate/database/Eloquent/Model.php(1299): Illuminate\\Database\\Eloquent\\Model->insertAndSetId()
#9 /var/www/html/OTHERS/laundry_api/vendor/illuminate/database/Eloquent/Model.php(1138): Illuminate\\Database\\Eloquent\\Model->performInsert()
#10 /var/www/html/OTHERS/laundry_api/vendor/illuminate/database/Eloquent/Builder.php(1025): Illuminate\\Database\\Eloquent\\Model->save()
#11 /var/www/html/OTHERS/laundry_api/vendor/illuminate/support/helpers.php(307): Illuminate\\Database\\Eloquent\\Builder->Illuminate\\Database\\Eloquent\\{closure}()
#12 /var/www/html/OTHERS/laundry_api/vendor/illuminate/database/Eloquent/Builder.php(1024): tap()
#13 /var/www/html/OTHERS/laundry_api/vendor/illuminate/support/Traits/ForwardsCalls.php(23): Illuminate\\Database\\Eloquent\\Builder->create()
#14 /var/www/html/OTHERS/laundry_api/vendor/illuminate/database/Eloquent/Model.php(2335): Illuminate\\Database\\Eloquent\\Model->forwardCallTo()
#15 /var/www/html/OTHERS/laundry_api/vendor/illuminate/database/Eloquent/Model.php(2347): Illuminate\\Database\\Eloquent\\Model->__call()
#16 /var/www/html/OTHERS/laundry_api/app/Http/Controllers/AuthController.php(71): Illuminate\\Database\\Eloquent\\Model::__callStatic()
#17 /var/www/html/OTHERS/laundry_api/vendor/illuminate/container/BoundMethod.php(36): App\\Http\\Controllers\\AuthController->store()
#18 /var/www/html/OTHERS/laundry_api/vendor/illuminate/container/Util.php(41): Illuminate\\Container\\BoundMethod::Illuminate\\Container\\{closure}()
#19 /var/www/html/OTHERS/laundry_api/vendor/illuminate/container/BoundMethod.php(93): Illuminate\\Container\\Util::unwrapIfClosure()
#20 /var/www/html/OTHERS/laundry_api/vendor/illuminate/container/BoundMethod.php(35): Illuminate\\Container\\BoundMethod::callBoundMethod()
#21 /var/www/html/OTHERS/laundry_api/vendor/illuminate/container/Container.php(662): Illuminate\\Container\\BoundMethod::call()
#22 /var/www/html/OTHERS/laundry_api/vendor/laravel/lumen-framework/src/Concerns/RoutesRequests.php(391): Illuminate\\Container\\Container->call()
#23 /var/www/html/OTHERS/laundry_api/vendor/laravel/lumen-framework/src/Concerns/RoutesRequests.php(376): Laravel\\Lumen\\Application->callControllerCallable()
#24 /var/www/html/OTHERS/laundry_api/vendor/laravel/lumen-framework/src/Routing/Pipeline.php(48): Laravel\\Lumen\\Application->Laravel\\Lumen\\Concerns\\{closure}()
#25 /var/www/html/OTHERS/laundry_api/app/Http/Middleware/Authenticate.php(70): Laravel\\Lumen\\Routing\\Pipeline->Laravel\\Lumen\\Routing\\{closure}()
#26 /var/www/html/OTHERS/laundry_api/vendor/illuminate/pipeline/Pipeline.php(183): App\\Http\\Middleware\\Authenticate->handle()
#27 /var/www/html/OTHERS/laundry_api/vendor/laravel/lumen-framework/src/Routing/Pipeline.php(30): Illuminate\\Pipeline\\Pipeline->Illuminate\\Pipeline\\{closure}()
#28 /var/www/html/OTHERS/laundry_api/vendor/illuminate/pipeline/Pipeline.php(119): Laravel\\Lumen\\Routing\\Pipeline->Laravel\\Lumen\\Routing\\{closure}()
#29 /var/www/html/OTHERS/laundry_api/vendor/laravel/lumen-framework/src/Concerns/RoutesRequests.php(428): Illuminate\\Pipeline\\Pipeline->then()
#30 /var/www/html/OTHERS/laundry_api/vendor/laravel/lumen-framework/src/Concerns/RoutesRequests.php(375): Laravel\\Lumen\\Application->sendThroughPipeline()
#31 /var/www/html/OTHERS/laundry_api/vendor/laravel/lumen-framework/src/Concerns/RoutesRequests.php(352): Laravel\\Lumen\\Application->callLumenControllerWithMiddleware()
#32 /var/www/html/OTHERS/laundry_api/vendor/laravel/lumen-framework/src/Concerns/RoutesRequests.php(331): Laravel\\Lumen\\Application->callLumenController()
#33 /var/www/html/OTHERS/laundry_api/vendor/laravel/lumen-framework/src/Concerns/RoutesRequests.php(284): Laravel\\Lumen\\Application->callControllerAction()
#34 /var/www/html/OTHERS/laundry_api/vendor/laravel/lumen-framework/src/Concerns/RoutesRequests.php(264): Laravel\\Lumen\\Application->callActionOnArrayBasedRoute()
#35 /var/www/html/OTHERS/laundry_api/vendor/laravel/lumen-framework/src/Routing/Pipeline.php(48): Laravel\\Lumen\\Application->Laravel\\Lumen\\Concerns\\{closure}()
#36 /var/www/html/OTHERS/laundry_api/app/Http/Middleware/Authenticate.php(70): Laravel\\Lumen\\Routing\\Pipeline->Laravel\\Lumen\\Routing\\{closure}()
#37 /var/www/html/OTHERS/laundry_api/vendor/illuminate/pipeline/Pipeline.php(183): App\\Http\\Middleware\\Authenticate->handle()
#38 /var/www/html/OTHERS/laundry_api/vendor/laravel/lumen-framework/src/Routing/Pipeline.php(30): Illuminate\\Pipeline\\Pipeline->Illuminate\\Pipeline\\{closure}()
#39 /var/www/html/OTHERS/laundry_api/vendor/illuminate/pipeline/Pipeline.php(119): Laravel\\Lumen\\Routing\\Pipeline->Laravel\\Lumen\\Routing\\{closure}()
#40 /var/www/html/OTHERS/laundry_api/vendor/laravel/lumen-framework/src/Concerns/RoutesRequests.php(428): Illuminate\\Pipeline\\Pipeline->then()
#41 /var/www/html/OTHERS/laundry_api/vendor/laravel/lumen-framework/src/Concerns/RoutesRequests.php(263): Laravel\\Lumen\\Application->sendThroughPipeline()
#42 /var/www/html/OTHERS/laundry_api/vendor/laravel/lumen-framework/src/Concerns/RoutesRequests.php(171): Laravel\\Lumen\\Application->handleFoundRoute()
#43 /var/www/html/OTHERS/laundry_api/vendor/laravel/lumen-framework/src/Routing/Pipeline.php(48): Laravel\\Lumen\\Application->Laravel\\Lumen\\Concerns\\{closure}()
#44 /var/www/html/OTHERS/laundry_api/app/Http/Middleware/CorsMiddleware.php(18): Laravel\\Lumen\\Routing\\Pipeline->Laravel\\Lumen\\Routing\\{closure}()
#45 /var/www/html/OTHERS/laundry_api/vendor/illuminate/pipeline/Pipeline.php(183): App\\Http\\Middleware\\CorsMiddleware->handle()
#46 /var/www/html/OTHERS/laundry_api/vendor/laravel/lumen-framework/src/Routing/Pipeline.php(30): Illuminate\\Pipeline\\Pipeline->Illuminate\\Pipeline\\{closure}()
#47 /var/www/html/OTHERS/laundry_api/vendor/illuminate/pipeline/Pipeline.php(119): Laravel\\Lumen\\Routing\\Pipeline->Laravel\\Lumen\\Routing\\{closure}()
#48 /var/www/html/OTHERS/laundry_api/vendor/laravel/lumen-framework/src/Concerns/RoutesRequests.php(428): Illuminate\\Pipeline\\Pipeline->then()
#49 /var/www/html/OTHERS/laundry_api/vendor/laravel/lumen-framework/src/Concerns/RoutesRequests.php(167): Laravel\\Lumen\\Application->sendThroughPipeline()
#50 /var/www/html/OTHERS/laundry_api/vendor/laravel/lumen-framework/src/Concerns/RoutesRequests.php(112): Laravel\\Lumen\\Application->dispatch()
#51 /var/www/html/OTHERS/laundry_api/public/index.php(28): Laravel\\Lumen\\Application->run()
#52 {main}
"} 
[2024-08-30 02:37:48] local.ERROR: SQLSTATE[HY000]: General error: 1364 Field 'no_telp' doesn't have a default value (Connection: mysql, SQL: insert into `users` (`nama`, `username`, `email`, `password`, `role`, `updated_at`, `created_at`) values (test, test, johny@example.com, $2y$12$9I3FDNYwHv/4kNYPl7nbMOW9Tubbi2jtfue5e4QlU0sVzVZH2D9lK, guest, 2024-08-30 02:37:48, 2024-08-30 02:37:48)) {"exception":"[object] (Illuminate\\Database\\QueryException(code: HY000): SQLSTATE[HY000]: General error: 1364 Field 'no_telp' doesn't have a default value (Connection: mysql, SQL: insert into `users` (`nama`, `username`, `email`, `password`, `role`, `updated_at`, `created_at`) values (test, test, johny@example.com, $2y$12$9I3FDNYwHv/4kNYPl7nbMOW9Tubbi2jtfue5e4QlU0sVzVZH2D9lK, guest, 2024-08-30 02:37:48, 2024-08-30 02:37:48)) at /var/www/html/OTHERS/laundry_api/vendor/illuminate/database/Connection.php:829)
[stacktrace]
#0 /var/www/html/OTHERS/laundry_api/vendor/illuminate/database/Connection.php(783): Illuminate\\Database\\Connection->runQueryCallback()
#1 /var/www/html/OTHERS/laundry_api/vendor/illuminate/database/MySqlConnection.php(34): Illuminate\\Database\\Connection->run()
#2 /var/www/html/OTHERS/laundry_api/vendor/illuminate/database/Query/Processors/MySqlProcessor.php(35): Illuminate\\Database\\MySqlConnection->insert()
#3 /var/www/html/OTHERS/laundry_api/vendor/illuminate/database/Query/Builder.php(3507): Illuminate\\Database\\Query\\Processors\\MySqlProcessor->processInsertGetId()
#4 /var/www/html/OTHERS/laundry_api/vendor/illuminate/database/Eloquent/Builder.php(1982): Illuminate\\Database\\Query\\Builder->insertGetId()
#5 /var/www/html/OTHERS/laundry_api/vendor/illuminate/database/Eloquent/Model.php(1334): Illuminate\\Database\\Eloquent\\Builder->__call()
#6 /var/www/html/OTHERS/laundry_api/vendor/illuminate/database/Eloquent/Model.php(1299): Illuminate\\Database\\Eloquent\\Model->insertAndSetId()
#7 /var/www/html/OTHERS/laundry_api/vendor/illuminate/database/Eloquent/Model.php(1138): Illuminate\\Database\\Eloquent\\Model->performInsert()
#8 /var/www/html/OTHERS/laundry_api/vendor/illuminate/database/Eloquent/Builder.php(1025): Illuminate\\Database\\Eloquent\\Model->save()
#9 /var/www/html/OTHERS/laundry_api/vendor/illuminate/support/helpers.php(307): Illuminate\\Database\\Eloquent\\Builder->Illuminate\\Database\\Eloquent\\{closure}()
#10 /var/www/html/OTHERS/laundry_api/vendor/illuminate/database/Eloquent/Builder.php(1024): tap()
#11 /var/www/html/OTHERS/laundry_api/vendor/illuminate/support/Traits/ForwardsCalls.php(23): Illuminate\\Database\\Eloquent\\Builder->create()
#12 /var/www/html/OTHERS/laundry_api/vendor/illuminate/database/Eloquent/Model.php(2335): Illuminate\\Database\\Eloquent\\Model->forwardCallTo()
#13 /var/www/html/OTHERS/laundry_api/vendor/illuminate/database/Eloquent/Model.php(2347): Illuminate\\Database\\Eloquent\\Model->__call()
#14 /var/www/html/OTHERS/laundry_api/app/Http/Controllers/AuthController.php(72): Illuminate\\Database\\Eloquent\\Model::__callStatic()
#15 /var/www/html/OTHERS/laundry_api/vendor/illuminate/container/BoundMethod.php(36): App\\Http\\Controllers\\AuthController->store()
#16 /var/www/html/OTHERS/laundry_api/vendor/illuminate/container/Util.php(41): Illuminate\\Container\\BoundMethod::Illuminate\\Container\\{closure}()
#17 /var/www/html/OTHERS/laundry_api/vendor/illuminate/container/BoundMethod.php(93): Illuminate\\Container\\Util::unwrapIfClosure()
#18 /var/www/html/OTHERS/laundry_api/vendor/illuminate/container/BoundMethod.php(35): Illuminate\\Container\\BoundMethod::callBoundMethod()
#19 /var/www/html/OTHERS/laundry_api/vendor/illuminate/container/Container.php(662): Illuminate\\Container\\BoundMethod::call()
#20 /var/www/html/OTHERS/laundry_api/vendor/laravel/lumen-framework/src/Concerns/RoutesRequests.php(391): Illuminate\\Container\\Container->call()
#21 /var/www/html/OTHERS/laundry_api/vendor/laravel/lumen-framework/src/Concerns/RoutesRequests.php(376): Laravel\\Lumen\\Application->callControllerCallable()
#22 /var/www/html/OTHERS/laundry_api/vendor/laravel/lumen-framework/src/Routing/Pipeline.php(48): Laravel\\Lumen\\Application->Laravel\\Lumen\\Concerns\\{closure}()
#23 /var/www/html/OTHERS/laundry_api/app/Http/Middleware/Authenticate.php(70): Laravel\\Lumen\\Routing\\Pipeline->Laravel\\Lumen\\Routing\\{closure}()
#24 /var/www/html/OTHERS/laundry_api/vendor/illuminate/pipeline/Pipeline.php(183): App\\Http\\Middleware\\Authenticate->handle()
#25 /var/www/html/OTHERS/laundry_api/vendor/laravel/lumen-framework/src/Routing/Pipeline.php(30): Illuminate\\Pipeline\\Pipeline->Illuminate\\Pipeline\\{closure}()
#26 /var/www/html/OTHERS/laundry_api/vendor/illuminate/pipeline/Pipeline.php(119): Laravel\\Lumen\\Routing\\Pipeline->Laravel\\Lumen\\Routing\\{closure}()
#27 /var/www/html/OTHERS/laundry_api/vendor/laravel/lumen-framework/src/Concerns/RoutesRequests.php(428): Illuminate\\Pipeline\\Pipeline->then()
#28 /var/www/html/OTHERS/laundry_api/vendor/laravel/lumen-framework/src/Concerns/RoutesRequests.php(375): Laravel\\Lumen\\Application->sendThroughPipeline()
#29 /var/www/html/OTHERS/laundry_api/vendor/laravel/lumen-framework/src/Concerns/RoutesRequests.php(352): Laravel\\Lumen\\Application->callLumenControllerWithMiddleware()
#30 /var/www/html/OTHERS/laundry_api/vendor/laravel/lumen-framework/src/Concerns/RoutesRequests.php(331): Laravel\\Lumen\\Application->callLumenController()
#31 /var/www/html/OTHERS/laundry_api/vendor/laravel/lumen-framework/src/Concerns/RoutesRequests.php(284): Laravel\\Lumen\\Application->callControllerAction()
#32 /var/www/html/OTHERS/laundry_api/vendor/laravel/lumen-framework/src/Concerns/RoutesRequests.php(264): Laravel\\Lumen\\Application->callActionOnArrayBasedRoute()
#33 /var/www/html/OTHERS/laundry_api/vendor/laravel/lumen-framework/src/Routing/Pipeline.php(48): Laravel\\Lumen\\Application->Laravel\\Lumen\\Concerns\\{closure}()
#34 /var/www/html/OTHERS/laundry_api/app/Http/Middleware/Authenticate.php(70): Laravel\\Lumen\\Routing\\Pipeline->Laravel\\Lumen\\Routing\\{closure}()
#35 /var/www/html/OTHERS/laundry_api/vendor/illuminate/pipeline/Pipeline.php(183): App\\Http\\Middleware\\Authenticate->handle()
#36 /var/www/html/OTHERS/laundry_api/vendor/laravel/lumen-framework/src/Routing/Pipeline.php(30): Illuminate\\Pipeline\\Pipeline->Illuminate\\Pipeline\\{closure}()
#37 /var/www/html/OTHERS/laundry_api/vendor/illuminate/pipeline/Pipeline.php(119): Laravel\\Lumen\\Routing\\Pipeline->Laravel\\Lumen\\Routing\\{closure}()
#38 /var/www/html/OTHERS/laundry_api/vendor/laravel/lumen-framework/src/Concerns/RoutesRequests.php(428): Illuminate\\Pipeline\\Pipeline->then()
#39 /var/www/html/OTHERS/laundry_api/vendor/laravel/lumen-framework/src/Concerns/RoutesRequests.php(263): Laravel\\Lumen\\Application->sendThroughPipeline()
#40 /var/www/html/OTHERS/laundry_api/vendor/laravel/lumen-framework/src/Concerns/RoutesRequests.php(171): Laravel\\Lumen\\Application->handleFoundRoute()
#41 /var/www/html/OTHERS/laundry_api/vendor/laravel/lumen-framework/src/Routing/Pipeline.php(48): Laravel\\Lumen\\Application->Laravel\\Lumen\\Concerns\\{closure}()
#42 /var/www/html/OTHERS/laundry_api/app/Http/Middleware/CorsMiddleware.php(18): Laravel\\Lumen\\Routing\\Pipeline->Laravel\\Lumen\\Routing\\{closure}()
#43 /var/www/html/OTHERS/laundry_api/vendor/illuminate/pipeline/Pipeline.php(183): App\\Http\\Middleware\\CorsMiddleware->handle()
#44 /var/www/html/OTHERS/laundry_api/vendor/laravel/lumen-framework/src/Routing/Pipeline.php(30): Illuminate\\Pipeline\\Pipeline->Illuminate\\Pipeline\\{closure}()
#45 /var/www/html/OTHERS/laundry_api/vendor/illuminate/pipeline/Pipeline.php(119): Laravel\\Lumen\\Routing\\Pipeline->Laravel\\Lumen\\Routing\\{closure}()
#46 /var/www/html/OTHERS/laundry_api/vendor/laravel/lumen-framework/src/Concerns/RoutesRequests.php(428): Illuminate\\Pipeline\\Pipeline->then()
#47 /var/www/html/OTHERS/laundry_api/vendor/laravel/lumen-framework/src/Concerns/RoutesRequests.php(167): Laravel\\Lumen\\Application->sendThroughPipeline()
#48 /var/www/html/OTHERS/laundry_api/vendor/laravel/lumen-framework/src/Concerns/RoutesRequests.php(112): Laravel\\Lumen\\Application->dispatch()
#49 /var/www/html/OTHERS/laundry_api/public/index.php(28): Laravel\\Lumen\\Application->run()
#50 {main}

[previous exception] [object] (PDOException(code: HY000): SQLSTATE[HY000]: General error: 1364 Field 'no_telp' doesn't have a default value at /var/www/html/OTHERS/laundry_api/vendor/illuminate/database/MySqlConnection.php:45)
[stacktrace]
#0 /var/www/html/OTHERS/laundry_api/vendor/illuminate/database/MySqlConnection.php(45): PDOStatement->execute()
#1 /var/www/html/OTHERS/laundry_api/vendor/illuminate/database/Connection.php(816): Illuminate\\Database\\MySqlConnection->Illuminate\\Database\\{closure}()
#2 /var/www/html/OTHERS/laundry_api/vendor/illuminate/database/Connection.php(783): Illuminate\\Database\\Connection->runQueryCallback()
#3 /var/www/html/OTHERS/laundry_api/vendor/illuminate/database/MySqlConnection.php(34): Illuminate\\Database\\Connection->run()
#4 /var/www/html/OTHERS/laundry_api/vendor/illuminate/database/Query/Processors/MySqlProcessor.php(35): Illuminate\\Database\\MySqlConnection->insert()
#5 /var/www/html/OTHERS/laundry_api/vendor/illuminate/database/Query/Builder.php(3507): Illuminate\\Database\\Query\\Processors\\MySqlProcessor->processInsertGetId()
#6 /var/www/html/OTHERS/laundry_api/vendor/illuminate/database/Eloquent/Builder.php(1982): Illuminate\\Database\\Query\\Builder->insertGetId()
#7 /var/www/html/OTHERS/laundry_api/vendor/illuminate/database/Eloquent/Model.php(1334): Illuminate\\Database\\Eloquent\\Builder->__call()
#8 /var/www/html/OTHERS/laundry_api/vendor/illuminate/database/Eloquent/Model.php(1299): Illuminate\\Database\\Eloquent\\Model->insertAndSetId()
#9 /var/www/html/OTHERS/laundry_api/vendor/illuminate/database/Eloquent/Model.php(1138): Illuminate\\Database\\Eloquent\\Model->performInsert()
#10 /var/www/html/OTHERS/laundry_api/vendor/illuminate/database/Eloquent/Builder.php(1025): Illuminate\\Database\\Eloquent\\Model->save()
#11 /var/www/html/OTHERS/laundry_api/vendor/illuminate/support/helpers.php(307): Illuminate\\Database\\Eloquent\\Builder->Illuminate\\Database\\Eloquent\\{closure}()
#12 /var/www/html/OTHERS/laundry_api/vendor/illuminate/database/Eloquent/Builder.php(1024): tap()
#13 /var/www/html/OTHERS/laundry_api/vendor/illuminate/support/Traits/ForwardsCalls.php(23): Illuminate\\Database\\Eloquent\\Builder->create()
#14 /var/www/html/OTHERS/laundry_api/vendor/illuminate/database/Eloquent/Model.php(2335): Illuminate\\Database\\Eloquent\\Model->forwardCallTo()
#15 /var/www/html/OTHERS/laundry_api/vendor/illuminate/database/Eloquent/Model.php(2347): Illuminate\\Database\\Eloquent\\Model->__call()
#16 /var/www/html/OTHERS/laundry_api/app/Http/Controllers/AuthController.php(72): Illuminate\\Database\\Eloquent\\Model::__callStatic()
#17 /var/www/html/OTHERS/laundry_api/vendor/illuminate/container/BoundMethod.php(36): App\\Http\\Controllers\\AuthController->store()
#18 /var/www/html/OTHERS/laundry_api/vendor/illuminate/container/Util.php(41): Illuminate\\Container\\BoundMethod::Illuminate\\Container\\{closure}()
#19 /var/www/html/OTHERS/laundry_api/vendor/illuminate/container/BoundMethod.php(93): Illuminate\\Container\\Util::unwrapIfClosure()
#20 /var/www/html/OTHERS/laundry_api/vendor/illuminate/container/BoundMethod.php(35): Illuminate\\Container\\BoundMethod::callBoundMethod()
#21 /var/www/html/OTHERS/laundry_api/vendor/illuminate/container/Container.php(662): Illuminate\\Container\\BoundMethod::call()
#22 /var/www/html/OTHERS/laundry_api/vendor/laravel/lumen-framework/src/Concerns/RoutesRequests.php(391): Illuminate\\Container\\Container->call()
#23 /var/www/html/OTHERS/laundry_api/vendor/laravel/lumen-framework/src/Concerns/RoutesRequests.php(376): Laravel\\Lumen\\Application->callControllerCallable()
#24 /var/www/html/OTHERS/laundry_api/vendor/laravel/lumen-framework/src/Routing/Pipeline.php(48): Laravel\\Lumen\\Application->Laravel\\Lumen\\Concerns\\{closure}()
#25 /var/www/html/OTHERS/laundry_api/app/Http/Middleware/Authenticate.php(70): Laravel\\Lumen\\Routing\\Pipeline->Laravel\\Lumen\\Routing\\{closure}()
#26 /var/www/html/OTHERS/laundry_api/vendor/illuminate/pipeline/Pipeline.php(183): App\\Http\\Middleware\\Authenticate->handle()
#27 /var/www/html/OTHERS/laundry_api/vendor/laravel/lumen-framework/src/Routing/Pipeline.php(30): Illuminate\\Pipeline\\Pipeline->Illuminate\\Pipeline\\{closure}()
#28 /var/www/html/OTHERS/laundry_api/vendor/illuminate/pipeline/Pipeline.php(119): Laravel\\Lumen\\Routing\\Pipeline->Laravel\\Lumen\\Routing\\{closure}()
#29 /var/www/html/OTHERS/laundry_api/vendor/laravel/lumen-framework/src/Concerns/RoutesRequests.php(428): Illuminate\\Pipeline\\Pipeline->then()
#30 /var/www/html/OTHERS/laundry_api/vendor/laravel/lumen-framework/src/Concerns/RoutesRequests.php(375): Laravel\\Lumen\\Application->sendThroughPipeline()
#31 /var/www/html/OTHERS/laundry_api/vendor/laravel/lumen-framework/src/Concerns/RoutesRequests.php(352): Laravel\\Lumen\\Application->callLumenControllerWithMiddleware()
#32 /var/www/html/OTHERS/laundry_api/vendor/laravel/lumen-framework/src/Concerns/RoutesRequests.php(331): Laravel\\Lumen\\Application->callLumenController()
#33 /var/www/html/OTHERS/laundry_api/vendor/laravel/lumen-framework/src/Concerns/RoutesRequests.php(284): Laravel\\Lumen\\Application->callControllerAction()
#34 /var/www/html/OTHERS/laundry_api/vendor/laravel/lumen-framework/src/Concerns/RoutesRequests.php(264): Laravel\\Lumen\\Application->callActionOnArrayBasedRoute()
#35 /var/www/html/OTHERS/laundry_api/vendor/laravel/lumen-framework/src/Routing/Pipeline.php(48): Laravel\\Lumen\\Application->Laravel\\Lumen\\Concerns\\{closure}()
#36 /var/www/html/OTHERS/laundry_api/app/Http/Middleware/Authenticate.php(70): Laravel\\Lumen\\Routing\\Pipeline->Laravel\\Lumen\\Routing\\{closure}()
#37 /var/www/html/OTHERS/laundry_api/vendor/illuminate/pipeline/Pipeline.php(183): App\\Http\\Middleware\\Authenticate->handle()
#38 /var/www/html/OTHERS/laundry_api/vendor/laravel/lumen-framework/src/Routing/Pipeline.php(30): Illuminate\\Pipeline\\Pipeline->Illuminate\\Pipeline\\{closure}()
#39 /var/www/html/OTHERS/laundry_api/vendor/illuminate/pipeline/Pipeline.php(119): Laravel\\Lumen\\Routing\\Pipeline->Laravel\\Lumen\\Routing\\{closure}()
#40 /var/www/html/OTHERS/laundry_api/vendor/laravel/lumen-framework/src/Concerns/RoutesRequests.php(428): Illuminate\\Pipeline\\Pipeline->then()
#41 /var/www/html/OTHERS/laundry_api/vendor/laravel/lumen-framework/src/Concerns/RoutesRequests.php(263): Laravel\\Lumen\\Application->sendThroughPipeline()
#42 /var/www/html/OTHERS/laundry_api/vendor/laravel/lumen-framework/src/Concerns/RoutesRequests.php(171): Laravel\\Lumen\\Application->handleFoundRoute()
#43 /var/www/html/OTHERS/laundry_api/vendor/laravel/lumen-framework/src/Routing/Pipeline.php(48): Laravel\\Lumen\\Application->Laravel\\Lumen\\Concerns\\{closure}()
#44 /var/www/html/OTHERS/laundry_api/app/Http/Middleware/CorsMiddleware.php(18): Laravel\\Lumen\\Routing\\Pipeline->Laravel\\Lumen\\Routing\\{closure}()
#45 /var/www/html/OTHERS/laundry_api/vendor/illuminate/pipeline/Pipeline.php(183): App\\Http\\Middleware\\CorsMiddleware->handle()
#46 /var/www/html/OTHERS/laundry_api/vendor/laravel/lumen-framework/src/Routing/Pipeline.php(30): Illuminate\\Pipeline\\Pipeline->Illuminate\\Pipeline\\{closure}()
#47 /var/www/html/OTHERS/laundry_api/vendor/illuminate/pipeline/Pipeline.php(119): Laravel\\Lumen\\Routing\\Pipeline->Laravel\\Lumen\\Routing\\{closure}()
#48 /var/www/html/OTHERS/laundry_api/vendor/laravel/lumen-framework/src/Concerns/RoutesRequests.php(428): Illuminate\\Pipeline\\Pipeline->then()
#49 /var/www/html/OTHERS/laundry_api/vendor/laravel/lumen-framework/src/Concerns/RoutesRequests.php(167): Laravel\\Lumen\\Application->sendThroughPipeline()
#50 /var/www/html/OTHERS/laundry_api/vendor/laravel/lumen-framework/src/Concerns/RoutesRequests.php(112): Laravel\\Lumen\\Application->dispatch()
#51 /var/www/html/OTHERS/laundry_api/public/index.php(28): Laravel\\Lumen\\Application->run()
#52 {main}
"} 
[2024-08-30 02:38:04] local.ERROR: SQLSTATE[HY000]: General error: 1364 Field 'alamat' doesn't have a default value (Connection: mysql, SQL: insert into `users` (`nama`, `username`, `email`, `no_telp`, `password`, `role`, `updated_at`, `created_at`) values (test, test, johny@example.com, 0888000, $2y$12$2jH4ZZG6x9LpTvT9ngsPi.NQLRywOpMQspxCCm1QdKMTpb8QicNF2, guest, 2024-08-30 02:38:04, 2024-08-30 02:38:04)) {"exception":"[object] (Illuminate\\Database\\QueryException(code: HY000): SQLSTATE[HY000]: General error: 1364 Field 'alamat' doesn't have a default value (Connection: mysql, SQL: insert into `users` (`nama`, `username`, `email`, `no_telp`, `password`, `role`, `updated_at`, `created_at`) values (test, test, johny@example.com, 0888000, $2y$12$2jH4ZZG6x9LpTvT9ngsPi.NQLRywOpMQspxCCm1QdKMTpb8QicNF2, guest, 2024-08-30 02:38:04, 2024-08-30 02:38:04)) at /var/www/html/OTHERS/laundry_api/vendor/illuminate/database/Connection.php:829)
[stacktrace]
#0 /var/www/html/OTHERS/laundry_api/vendor/illuminate/database/Connection.php(783): Illuminate\\Database\\Connection->runQueryCallback()
#1 /var/www/html/OTHERS/laundry_api/vendor/illuminate/database/MySqlConnection.php(34): Illuminate\\Database\\Connection->run()
#2 /var/www/html/OTHERS/laundry_api/vendor/illuminate/database/Query/Processors/MySqlProcessor.php(35): Illuminate\\Database\\MySqlConnection->insert()
#3 /var/www/html/OTHERS/laundry_api/vendor/illuminate/database/Query/Builder.php(3507): Illuminate\\Database\\Query\\Processors\\MySqlProcessor->processInsertGetId()
#4 /var/www/html/OTHERS/laundry_api/vendor/illuminate/database/Eloquent/Builder.php(1982): Illuminate\\Database\\Query\\Builder->insertGetId()
#5 /var/www/html/OTHERS/laundry_api/vendor/illuminate/database/Eloquent/Model.php(1334): Illuminate\\Database\\Eloquent\\Builder->__call()
#6 /var/www/html/OTHERS/laundry_api/vendor/illuminate/database/Eloquent/Model.php(1299): Illuminate\\Database\\Eloquent\\Model->insertAndSetId()
#7 /var/www/html/OTHERS/laundry_api/vendor/illuminate/database/Eloquent/Model.php(1138): Illuminate\\Database\\Eloquent\\Model->performInsert()
#8 /var/www/html/OTHERS/laundry_api/vendor/illuminate/database/Eloquent/Builder.php(1025): Illuminate\\Database\\Eloquent\\Model->save()
#9 /var/www/html/OTHERS/laundry_api/vendor/illuminate/support/helpers.php(307): Illuminate\\Database\\Eloquent\\Builder->Illuminate\\Database\\Eloquent\\{closure}()
#10 /var/www/html/OTHERS/laundry_api/vendor/illuminate/database/Eloquent/Builder.php(1024): tap()
#11 /var/www/html/OTHERS/laundry_api/vendor/illuminate/support/Traits/ForwardsCalls.php(23): Illuminate\\Database\\Eloquent\\Builder->create()
#12 /var/www/html/OTHERS/laundry_api/vendor/illuminate/database/Eloquent/Model.php(2335): Illuminate\\Database\\Eloquent\\Model->forwardCallTo()
#13 /var/www/html/OTHERS/laundry_api/vendor/illuminate/database/Eloquent/Model.php(2347): Illuminate\\Database\\Eloquent\\Model->__call()
#14 /var/www/html/OTHERS/laundry_api/app/Http/Controllers/AuthController.php(72): Illuminate\\Database\\Eloquent\\Model::__callStatic()
#15 /var/www/html/OTHERS/laundry_api/vendor/illuminate/container/BoundMethod.php(36): App\\Http\\Controllers\\AuthController->store()
#16 /var/www/html/OTHERS/laundry_api/vendor/illuminate/container/Util.php(41): Illuminate\\Container\\BoundMethod::Illuminate\\Container\\{closure}()
#17 /var/www/html/OTHERS/laundry_api/vendor/illuminate/container/BoundMethod.php(93): Illuminate\\Container\\Util::unwrapIfClosure()
#18 /var/www/html/OTHERS/laundry_api/vendor/illuminate/container/BoundMethod.php(35): Illuminate\\Container\\BoundMethod::callBoundMethod()
#19 /var/www/html/OTHERS/laundry_api/vendor/illuminate/container/Container.php(662): Illuminate\\Container\\BoundMethod::call()
#20 /var/www/html/OTHERS/laundry_api/vendor/laravel/lumen-framework/src/Concerns/RoutesRequests.php(391): Illuminate\\Container\\Container->call()
#21 /var/www/html/OTHERS/laundry_api/vendor/laravel/lumen-framework/src/Concerns/RoutesRequests.php(376): Laravel\\Lumen\\Application->callControllerCallable()
#22 /var/www/html/OTHERS/laundry_api/vendor/laravel/lumen-framework/src/Routing/Pipeline.php(48): Laravel\\Lumen\\Application->Laravel\\Lumen\\Concerns\\{closure}()
#23 /var/www/html/OTHERS/laundry_api/app/Http/Middleware/Authenticate.php(70): Laravel\\Lumen\\Routing\\Pipeline->Laravel\\Lumen\\Routing\\{closure}()
#24 /var/www/html/OTHERS/laundry_api/vendor/illuminate/pipeline/Pipeline.php(183): App\\Http\\Middleware\\Authenticate->handle()
#25 /var/www/html/OTHERS/laundry_api/vendor/laravel/lumen-framework/src/Routing/Pipeline.php(30): Illuminate\\Pipeline\\Pipeline->Illuminate\\Pipeline\\{closure}()
#26 /var/www/html/OTHERS/laundry_api/vendor/illuminate/pipeline/Pipeline.php(119): Laravel\\Lumen\\Routing\\Pipeline->Laravel\\Lumen\\Routing\\{closure}()
#27 /var/www/html/OTHERS/laundry_api/vendor/laravel/lumen-framework/src/Concerns/RoutesRequests.php(428): Illuminate\\Pipeline\\Pipeline->then()
#28 /var/www/html/OTHERS/laundry_api/vendor/laravel/lumen-framework/src/Concerns/RoutesRequests.php(375): Laravel\\Lumen\\Application->sendThroughPipeline()
#29 /var/www/html/OTHERS/laundry_api/vendor/laravel/lumen-framework/src/Concerns/RoutesRequests.php(352): Laravel\\Lumen\\Application->callLumenControllerWithMiddleware()
#30 /var/www/html/OTHERS/laundry_api/vendor/laravel/lumen-framework/src/Concerns/RoutesRequests.php(331): Laravel\\Lumen\\Application->callLumenController()
#31 /var/www/html/OTHERS/laundry_api/vendor/laravel/lumen-framework/src/Concerns/RoutesRequests.php(284): Laravel\\Lumen\\Application->callControllerAction()
#32 /var/www/html/OTHERS/laundry_api/vendor/laravel/lumen-framework/src/Concerns/RoutesRequests.php(264): Laravel\\Lumen\\Application->callActionOnArrayBasedRoute()
#33 /var/www/html/OTHERS/laundry_api/vendor/laravel/lumen-framework/src/Routing/Pipeline.php(48): Laravel\\Lumen\\Application->Laravel\\Lumen\\Concerns\\{closure}()
#34 /var/www/html/OTHERS/laundry_api/app/Http/Middleware/Authenticate.php(70): Laravel\\Lumen\\Routing\\Pipeline->Laravel\\Lumen\\Routing\\{closure}()
#35 /var/www/html/OTHERS/laundry_api/vendor/illuminate/pipeline/Pipeline.php(183): App\\Http\\Middleware\\Authenticate->handle()
#36 /var/www/html/OTHERS/laundry_api/vendor/laravel/lumen-framework/src/Routing/Pipeline.php(30): Illuminate\\Pipeline\\Pipeline->Illuminate\\Pipeline\\{closure}()
#37 /var/www/html/OTHERS/laundry_api/vendor/illuminate/pipeline/Pipeline.php(119): Laravel\\Lumen\\Routing\\Pipeline->Laravel\\Lumen\\Routing\\{closure}()
#38 /var/www/html/OTHERS/laundry_api/vendor/laravel/lumen-framework/src/Concerns/RoutesRequests.php(428): Illuminate\\Pipeline\\Pipeline->then()
#39 /var/www/html/OTHERS/laundry_api/vendor/laravel/lumen-framework/src/Concerns/RoutesRequests.php(263): Laravel\\Lumen\\Application->sendThroughPipeline()
#40 /var/www/html/OTHERS/laundry_api/vendor/laravel/lumen-framework/src/Concerns/RoutesRequests.php(171): Laravel\\Lumen\\Application->handleFoundRoute()
#41 /var/www/html/OTHERS/laundry_api/vendor/laravel/lumen-framework/src/Routing/Pipeline.php(48): Laravel\\Lumen\\Application->Laravel\\Lumen\\Concerns\\{closure}()
#42 /var/www/html/OTHERS/laundry_api/app/Http/Middleware/CorsMiddleware.php(18): Laravel\\Lumen\\Routing\\Pipeline->Laravel\\Lumen\\Routing\\{closure}()
#43 /var/www/html/OTHERS/laundry_api/vendor/illuminate/pipeline/Pipeline.php(183): App\\Http\\Middleware\\CorsMiddleware->handle()
#44 /var/www/html/OTHERS/laundry_api/vendor/laravel/lumen-framework/src/Routing/Pipeline.php(30): Illuminate\\Pipeline\\Pipeline->Illuminate\\Pipeline\\{closure}()
#45 /var/www/html/OTHERS/laundry_api/vendor/illuminate/pipeline/Pipeline.php(119): Laravel\\Lumen\\Routing\\Pipeline->Laravel\\Lumen\\Routing\\{closure}()
#46 /var/www/html/OTHERS/laundry_api/vendor/laravel/lumen-framework/src/Concerns/RoutesRequests.php(428): Illuminate\\Pipeline\\Pipeline->then()
#47 /var/www/html/OTHERS/laundry_api/vendor/laravel/lumen-framework/src/Concerns/RoutesRequests.php(167): Laravel\\Lumen\\Application->sendThroughPipeline()
#48 /var/www/html/OTHERS/laundry_api/vendor/laravel/lumen-framework/src/Concerns/RoutesRequests.php(112): Laravel\\Lumen\\Application->dispatch()
#49 /var/www/html/OTHERS/laundry_api/public/index.php(28): Laravel\\Lumen\\Application->run()
#50 {main}

[previous exception] [object] (PDOException(code: HY000): SQLSTATE[HY000]: General error: 1364 Field 'alamat' doesn't have a default value at /var/www/html/OTHERS/laundry_api/vendor/illuminate/database/MySqlConnection.php:45)
[stacktrace]
#0 /var/www/html/OTHERS/laundry_api/vendor/illuminate/database/MySqlConnection.php(45): PDOStatement->execute()
#1 /var/www/html/OTHERS/laundry_api/vendor/illuminate/database/Connection.php(816): Illuminate\\Database\\MySqlConnection->Illuminate\\Database\\{closure}()
#2 /var/www/html/OTHERS/laundry_api/vendor/illuminate/database/Connection.php(783): Illuminate\\Database\\Connection->runQueryCallback()
#3 /var/www/html/OTHERS/laundry_api/vendor/illuminate/database/MySqlConnection.php(34): Illuminate\\Database\\Connection->run()
#4 /var/www/html/OTHERS/laundry_api/vendor/illuminate/database/Query/Processors/MySqlProcessor.php(35): Illuminate\\Database\\MySqlConnection->insert()
#5 /var/www/html/OTHERS/laundry_api/vendor/illuminate/database/Query/Builder.php(3507): Illuminate\\Database\\Query\\Processors\\MySqlProcessor->processInsertGetId()
#6 /var/www/html/OTHERS/laundry_api/vendor/illuminate/database/Eloquent/Builder.php(1982): Illuminate\\Database\\Query\\Builder->insertGetId()
#7 /var/www/html/OTHERS/laundry_api/vendor/illuminate/database/Eloquent/Model.php(1334): Illuminate\\Database\\Eloquent\\Builder->__call()
#8 /var/www/html/OTHERS/laundry_api/vendor/illuminate/database/Eloquent/Model.php(1299): Illuminate\\Database\\Eloquent\\Model->insertAndSetId()
#9 /var/www/html/OTHERS/laundry_api/vendor/illuminate/database/Eloquent/Model.php(1138): Illuminate\\Database\\Eloquent\\Model->performInsert()
#10 /var/www/html/OTHERS/laundry_api/vendor/illuminate/database/Eloquent/Builder.php(1025): Illuminate\\Database\\Eloquent\\Model->save()
#11 /var/www/html/OTHERS/laundry_api/vendor/illuminate/support/helpers.php(307): Illuminate\\Database\\Eloquent\\Builder->Illuminate\\Database\\Eloquent\\{closure}()
#12 /var/www/html/OTHERS/laundry_api/vendor/illuminate/database/Eloquent/Builder.php(1024): tap()
#13 /var/www/html/OTHERS/laundry_api/vendor/illuminate/support/Traits/ForwardsCalls.php(23): Illuminate\\Database\\Eloquent\\Builder->create()
#14 /var/www/html/OTHERS/laundry_api/vendor/illuminate/database/Eloquent/Model.php(2335): Illuminate\\Database\\Eloquent\\Model->forwardCallTo()
#15 /var/www/html/OTHERS/laundry_api/vendor/illuminate/database/Eloquent/Model.php(2347): Illuminate\\Database\\Eloquent\\Model->__call()
#16 /var/www/html/OTHERS/laundry_api/app/Http/Controllers/AuthController.php(72): Illuminate\\Database\\Eloquent\\Model::__callStatic()
#17 /var/www/html/OTHERS/laundry_api/vendor/illuminate/container/BoundMethod.php(36): App\\Http\\Controllers\\AuthController->store()
#18 /var/www/html/OTHERS/laundry_api/vendor/illuminate/container/Util.php(41): Illuminate\\Container\\BoundMethod::Illuminate\\Container\\{closure}()
#19 /var/www/html/OTHERS/laundry_api/vendor/illuminate/container/BoundMethod.php(93): Illuminate\\Container\\Util::unwrapIfClosure()
#20 /var/www/html/OTHERS/laundry_api/vendor/illuminate/container/BoundMethod.php(35): Illuminate\\Container\\BoundMethod::callBoundMethod()
#21 /var/www/html/OTHERS/laundry_api/vendor/illuminate/container/Container.php(662): Illuminate\\Container\\BoundMethod::call()
#22 /var/www/html/OTHERS/laundry_api/vendor/laravel/lumen-framework/src/Concerns/RoutesRequests.php(391): Illuminate\\Container\\Container->call()
#23 /var/www/html/OTHERS/laundry_api/vendor/laravel/lumen-framework/src/Concerns/RoutesRequests.php(376): Laravel\\Lumen\\Application->callControllerCallable()
#24 /var/www/html/OTHERS/laundry_api/vendor/laravel/lumen-framework/src/Routing/Pipeline.php(48): Laravel\\Lumen\\Application->Laravel\\Lumen\\Concerns\\{closure}()
#25 /var/www/html/OTHERS/laundry_api/app/Http/Middleware/Authenticate.php(70): Laravel\\Lumen\\Routing\\Pipeline->Laravel\\Lumen\\Routing\\{closure}()
#26 /var/www/html/OTHERS/laundry_api/vendor/illuminate/pipeline/Pipeline.php(183): App\\Http\\Middleware\\Authenticate->handle()
#27 /var/www/html/OTHERS/laundry_api/vendor/laravel/lumen-framework/src/Routing/Pipeline.php(30): Illuminate\\Pipeline\\Pipeline->Illuminate\\Pipeline\\{closure}()
#28 /var/www/html/OTHERS/laundry_api/vendor/illuminate/pipeline/Pipeline.php(119): Laravel\\Lumen\\Routing\\Pipeline->Laravel\\Lumen\\Routing\\{closure}()
#29 /var/www/html/OTHERS/laundry_api/vendor/laravel/lumen-framework/src/Concerns/RoutesRequests.php(428): Illuminate\\Pipeline\\Pipeline->then()
#30 /var/www/html/OTHERS/laundry_api/vendor/laravel/lumen-framework/src/Concerns/RoutesRequests.php(375): Laravel\\Lumen\\Application->sendThroughPipeline()
#31 /var/www/html/OTHERS/laundry_api/vendor/laravel/lumen-framework/src/Concerns/RoutesRequests.php(352): Laravel\\Lumen\\Application->callLumenControllerWithMiddleware()
#32 /var/www/html/OTHERS/laundry_api/vendor/laravel/lumen-framework/src/Concerns/RoutesRequests.php(331): Laravel\\Lumen\\Application->callLumenController()
#33 /var/www/html/OTHERS/laundry_api/vendor/laravel/lumen-framework/src/Concerns/RoutesRequests.php(284): Laravel\\Lumen\\Application->callControllerAction()
#34 /var/www/html/OTHERS/laundry_api/vendor/laravel/lumen-framework/src/Concerns/RoutesRequests.php(264): Laravel\\Lumen\\Application->callActionOnArrayBasedRoute()
#35 /var/www/html/OTHERS/laundry_api/vendor/laravel/lumen-framework/src/Routing/Pipeline.php(48): Laravel\\Lumen\\Application->Laravel\\Lumen\\Concerns\\{closure}()
#36 /var/www/html/OTHERS/laundry_api/app/Http/Middleware/Authenticate.php(70): Laravel\\Lumen\\Routing\\Pipeline->Laravel\\Lumen\\Routing\\{closure}()
#37 /var/www/html/OTHERS/laundry_api/vendor/illuminate/pipeline/Pipeline.php(183): App\\Http\\Middleware\\Authenticate->handle()
#38 /var/www/html/OTHERS/laundry_api/vendor/laravel/lumen-framework/src/Routing/Pipeline.php(30): Illuminate\\Pipeline\\Pipeline->Illuminate\\Pipeline\\{closure}()
#39 /var/www/html/OTHERS/laundry_api/vendor/illuminate/pipeline/Pipeline.php(119): Laravel\\Lumen\\Routing\\Pipeline->Laravel\\Lumen\\Routing\\{closure}()
#40 /var/www/html/OTHERS/laundry_api/vendor/laravel/lumen-framework/src/Concerns/RoutesRequests.php(428): Illuminate\\Pipeline\\Pipeline->then()
#41 /var/www/html/OTHERS/laundry_api/vendor/laravel/lumen-framework/src/Concerns/RoutesRequests.php(263): Laravel\\Lumen\\Application->sendThroughPipeline()
#42 /var/www/html/OTHERS/laundry_api/vendor/laravel/lumen-framework/src/Concerns/RoutesRequests.php(171): Laravel\\Lumen\\Application->handleFoundRoute()
#43 /var/www/html/OTHERS/laundry_api/vendor/laravel/lumen-framework/src/Routing/Pipeline.php(48): Laravel\\Lumen\\Application->Laravel\\Lumen\\Concerns\\{closure}()
#44 /var/www/html/OTHERS/laundry_api/app/Http/Middleware/CorsMiddleware.php(18): Laravel\\Lumen\\Routing\\Pipeline->Laravel\\Lumen\\Routing\\{closure}()
#45 /var/www/html/OTHERS/laundry_api/vendor/illuminate/pipeline/Pipeline.php(183): App\\Http\\Middleware\\CorsMiddleware->handle()
#46 /var/www/html/OTHERS/laundry_api/vendor/laravel/lumen-framework/src/Routing/Pipeline.php(30): Illuminate\\Pipeline\\Pipeline->Illuminate\\Pipeline\\{closure}()
#47 /var/www/html/OTHERS/laundry_api/vendor/illuminate/pipeline/Pipeline.php(119): Laravel\\Lumen\\Routing\\Pipeline->Laravel\\Lumen\\Routing\\{closure}()
#48 /var/www/html/OTHERS/laundry_api/vendor/laravel/lumen-framework/src/Concerns/RoutesRequests.php(428): Illuminate\\Pipeline\\Pipeline->then()
#49 /var/www/html/OTHERS/laundry_api/vendor/laravel/lumen-framework/src/Concerns/RoutesRequests.php(167): Laravel\\Lumen\\Application->sendThroughPipeline()
#50 /var/www/html/OTHERS/laundry_api/vendor/laravel/lumen-framework/src/Concerns/RoutesRequests.php(112): Laravel\\Lumen\\Application->dispatch()
#51 /var/www/html/OTHERS/laundry_api/public/index.php(28): Laravel\\Lumen\\Application->run()
#52 {main}
"} 
