[2024-09-24 02:40:58] local.ERROR: SQLSTATE[42S22]: Column not found: 1054 Unknown column 'name' in 'field list' (Connection: mysql, SQL: insert into `maskapai` (`code`, `name`) values (eKK, Qatar), (Gze, Korea), (6Wu, Traveloka), (XF1, Mr.Aladdin), (rvR, Agoda), (pK6, Tiket.com), (vZZ, Trivago)) {"exception":"[object] (Illuminate\\Database\\QueryException(code: 42S22): SQLSTATE[42S22]: Column not found: 1054 Unknown column 'name' in 'field list' (Connection: mysql, SQL: insert into `maskapai` (`code`, `name`) values (eKK, Qatar), (Gze, Korea), (6Wu, Traveloka), (XF1, Mr.Aladdin), (rvR, Agoda), (pK6, Tiket.com), (vZZ, Trivago)) at /var/www/html/OTHERS/side/laundry/BE/vendor/illuminate/database/Connection.php:829)
[stacktrace]
#0 /var/www/html/OTHERS/side/laundry/BE/vendor/illuminate/database/Connection.php(783): Illuminate\\Database\\Connection->runQueryCallback()
#1 /var/www/html/OTHERS/side/laundry/BE/vendor/illuminate/database/MySqlConnection.php(34): Illuminate\\Database\\Connection->run()
#2 /var/www/html/OTHERS/side/laundry/BE/vendor/illuminate/database/Query/Builder.php(3456): Illuminate\\Database\\MySqlConnection->insert()
#3 /var/www/html/OTHERS/side/laundry/BE/database/seeders/Maskapai.php(17): Illuminate\\Database\\Query\\Builder->insert()
#4 /var/www/html/OTHERS/side/laundry/BE/vendor/illuminate/container/BoundMethod.php(36): Database\\Seeders\\Maskapai->run()
#5 /var/www/html/OTHERS/side/laundry/BE/vendor/illuminate/container/Util.php(41): Illuminate\\Container\\BoundMethod::Illuminate\\Container\\{closure}()
#6 /var/www/html/OTHERS/side/laundry/BE/vendor/illuminate/container/BoundMethod.php(93): Illuminate\\Container\\Util::unwrapIfClosure()
#7 /var/www/html/OTHERS/side/laundry/BE/vendor/illuminate/container/BoundMethod.php(35): Illuminate\\Container\\BoundMethod::callBoundMethod()
#8 /var/www/html/OTHERS/side/laundry/BE/vendor/illuminate/container/Container.php(662): Illuminate\\Container\\BoundMethod::call()
#9 /var/www/html/OTHERS/side/laundry/BE/vendor/illuminate/database/Seeder.php(184): Illuminate\\Container\\Container->call()
#10 /var/www/html/OTHERS/side/laundry/BE/vendor/illuminate/database/Seeder.php(193): Illuminate\\Database\\Seeder->Illuminate\\Database\\{closure}()
#11 /var/www/html/OTHERS/side/laundry/BE/vendor/illuminate/database/Console/Seeds/SeedCommand.php(70): Illuminate\\Database\\Seeder->__invoke()
#12 /var/www/html/OTHERS/side/laundry/BE/vendor/illuminate/database/Eloquent/Concerns/GuardsAttributes.php(155): Illuminate\\Database\\Console\\Seeds\\SeedCommand->Illuminate\\Database\\Console\\Seeds\\{closure}()
#13 /var/www/html/OTHERS/side/laundry/BE/vendor/illuminate/database/Console/Seeds/SeedCommand.php(69): Illuminate\\Database\\Eloquent\\Model::unguarded()
#14 /var/www/html/OTHERS/side/laundry/BE/vendor/illuminate/container/BoundMethod.php(36): Illuminate\\Database\\Console\\Seeds\\SeedCommand->handle()
#15 /var/www/html/OTHERS/side/laundry/BE/vendor/illuminate/container/Util.php(41): Illuminate\\Container\\BoundMethod::Illuminate\\Container\\{closure}()
#16 /var/www/html/OTHERS/side/laundry/BE/vendor/illuminate/container/BoundMethod.php(93): Illuminate\\Container\\Util::unwrapIfClosure()
#17 /var/www/html/OTHERS/side/laundry/BE/vendor/illuminate/container/BoundMethod.php(35): Illuminate\\Container\\BoundMethod::callBoundMethod()
#18 /var/www/html/OTHERS/side/laundry/BE/vendor/illuminate/container/Container.php(662): Illuminate\\Container\\BoundMethod::call()
#19 /var/www/html/OTHERS/side/laundry/BE/vendor/illuminate/console/Command.php(211): Illuminate\\Container\\Container->call()
#20 /var/www/html/OTHERS/side/laundry/BE/vendor/symfony/console/Command/Command.php(326): Illuminate\\Console\\Command->execute()
#21 /var/www/html/OTHERS/side/laundry/BE/vendor/illuminate/console/Command.php(180): Symfony\\Component\\Console\\Command\\Command->run()
#22 /var/www/html/OTHERS/side/laundry/BE/vendor/symfony/console/Application.php(1078): Illuminate\\Console\\Command->run()
#23 /var/www/html/OTHERS/side/laundry/BE/vendor/symfony/console/Application.php(324): Symfony\\Component\\Console\\Application->doRunCommand()
#24 /var/www/html/OTHERS/side/laundry/BE/vendor/symfony/console/Application.php(175): Symfony\\Component\\Console\\Application->doRun()
#25 /var/www/html/OTHERS/side/laundry/BE/vendor/laravel/lumen-framework/src/Console/Kernel.php(160): Symfony\\Component\\Console\\Application->run()
#26 /var/www/html/OTHERS/side/laundry/BE/artisan(35): Laravel\\Lumen\\Console\\Kernel->handle()
#27 {main}

[previous exception] [object] (PDOException(code: 42S22): SQLSTATE[42S22]: Column not found: 1054 Unknown column 'name' in 'field list' at /var/www/html/OTHERS/side/laundry/BE/vendor/illuminate/database/MySqlConnection.php:39)
[stacktrace]
#0 /var/www/html/OTHERS/side/laundry/BE/vendor/illuminate/database/MySqlConnection.php(39): PDO->prepare()
#1 /var/www/html/OTHERS/side/laundry/BE/vendor/illuminate/database/Connection.php(816): Illuminate\\Database\\MySqlConnection->Illuminate\\Database\\{closure}()
#2 /var/www/html/OTHERS/side/laundry/BE/vendor/illuminate/database/Connection.php(783): Illuminate\\Database\\Connection->runQueryCallback()
#3 /var/www/html/OTHERS/side/laundry/BE/vendor/illuminate/database/MySqlConnection.php(34): Illuminate\\Database\\Connection->run()
#4 /var/www/html/OTHERS/side/laundry/BE/vendor/illuminate/database/Query/Builder.php(3456): Illuminate\\Database\\MySqlConnection->insert()
#5 /var/www/html/OTHERS/side/laundry/BE/database/seeders/Maskapai.php(17): Illuminate\\Database\\Query\\Builder->insert()
#6 /var/www/html/OTHERS/side/laundry/BE/vendor/illuminate/container/BoundMethod.php(36): Database\\Seeders\\Maskapai->run()
#7 /var/www/html/OTHERS/side/laundry/BE/vendor/illuminate/container/Util.php(41): Illuminate\\Container\\BoundMethod::Illuminate\\Container\\{closure}()
#8 /var/www/html/OTHERS/side/laundry/BE/vendor/illuminate/container/BoundMethod.php(93): Illuminate\\Container\\Util::unwrapIfClosure()
#9 /var/www/html/OTHERS/side/laundry/BE/vendor/illuminate/container/BoundMethod.php(35): Illuminate\\Container\\BoundMethod::callBoundMethod()
#10 /var/www/html/OTHERS/side/laundry/BE/vendor/illuminate/container/Container.php(662): Illuminate\\Container\\BoundMethod::call()
#11 /var/www/html/OTHERS/side/laundry/BE/vendor/illuminate/database/Seeder.php(184): Illuminate\\Container\\Container->call()
#12 /var/www/html/OTHERS/side/laundry/BE/vendor/illuminate/database/Seeder.php(193): Illuminate\\Database\\Seeder->Illuminate\\Database\\{closure}()
#13 /var/www/html/OTHERS/side/laundry/BE/vendor/illuminate/database/Console/Seeds/SeedCommand.php(70): Illuminate\\Database\\Seeder->__invoke()
#14 /var/www/html/OTHERS/side/laundry/BE/vendor/illuminate/database/Eloquent/Concerns/GuardsAttributes.php(155): Illuminate\\Database\\Console\\Seeds\\SeedCommand->Illuminate\\Database\\Console\\Seeds\\{closure}()
#15 /var/www/html/OTHERS/side/laundry/BE/vendor/illuminate/database/Console/Seeds/SeedCommand.php(69): Illuminate\\Database\\Eloquent\\Model::unguarded()
#16 /var/www/html/OTHERS/side/laundry/BE/vendor/illuminate/container/BoundMethod.php(36): Illuminate\\Database\\Console\\Seeds\\SeedCommand->handle()
#17 /var/www/html/OTHERS/side/laundry/BE/vendor/illuminate/container/Util.php(41): Illuminate\\Container\\BoundMethod::Illuminate\\Container\\{closure}()
#18 /var/www/html/OTHERS/side/laundry/BE/vendor/illuminate/container/BoundMethod.php(93): Illuminate\\Container\\Util::unwrapIfClosure()
#19 /var/www/html/OTHERS/side/laundry/BE/vendor/illuminate/container/BoundMethod.php(35): Illuminate\\Container\\BoundMethod::callBoundMethod()
#20 /var/www/html/OTHERS/side/laundry/BE/vendor/illuminate/container/Container.php(662): Illuminate\\Container\\BoundMethod::call()
#21 /var/www/html/OTHERS/side/laundry/BE/vendor/illuminate/console/Command.php(211): Illuminate\\Container\\Container->call()
#22 /var/www/html/OTHERS/side/laundry/BE/vendor/symfony/console/Command/Command.php(326): Illuminate\\Console\\Command->execute()
#23 /var/www/html/OTHERS/side/laundry/BE/vendor/illuminate/console/Command.php(180): Symfony\\Component\\Console\\Command\\Command->run()
#24 /var/www/html/OTHERS/side/laundry/BE/vendor/symfony/console/Application.php(1078): Illuminate\\Console\\Command->run()
#25 /var/www/html/OTHERS/side/laundry/BE/vendor/symfony/console/Application.php(324): Symfony\\Component\\Console\\Application->doRunCommand()
#26 /var/www/html/OTHERS/side/laundry/BE/vendor/symfony/console/Application.php(175): Symfony\\Component\\Console\\Application->doRun()
#27 /var/www/html/OTHERS/side/laundry/BE/vendor/laravel/lumen-framework/src/Console/Kernel.php(160): Symfony\\Component\\Console\\Application->run()
#28 /var/www/html/OTHERS/side/laundry/BE/artisan(35): Laravel\\Lumen\\Console\\Kernel->handle()
#29 {main}
"} 
[2024-09-24 02:46:07] local.ERROR: Call to undefined method Illuminate\Database\Eloquent\Builder::toArray() {"exception":"[object] (BadMethodCallException(code: 0): Call to undefined method Illuminate\\Database\\Eloquent\\Builder::toArray() at /var/www/html/OTHERS/side/laundry/BE/vendor/illuminate/support/Traits/ForwardsCalls.php:67)
[stacktrace]
#0 /var/www/html/OTHERS/side/laundry/BE/vendor/illuminate/support/Traits/ForwardsCalls.php(36): Illuminate\\Database\\Eloquent\\Builder::throwBadMethodCallException()
#1 /var/www/html/OTHERS/side/laundry/BE/vendor/illuminate/database/Eloquent/Builder.php(1985): Illuminate\\Database\\Eloquent\\Builder->forwardCallTo()
#2 /var/www/html/OTHERS/side/laundry/BE/database/seeders/UpdateUserCrew.php(21): Illuminate\\Database\\Eloquent\\Builder->__call()
#3 /var/www/html/OTHERS/side/laundry/BE/vendor/illuminate/container/BoundMethod.php(36): Database\\Seeders\\UpdateUserCrew->run()
#4 /var/www/html/OTHERS/side/laundry/BE/vendor/illuminate/container/Util.php(41): Illuminate\\Container\\BoundMethod::Illuminate\\Container\\{closure}()
#5 /var/www/html/OTHERS/side/laundry/BE/vendor/illuminate/container/BoundMethod.php(93): Illuminate\\Container\\Util::unwrapIfClosure()
#6 /var/www/html/OTHERS/side/laundry/BE/vendor/illuminate/container/BoundMethod.php(35): Illuminate\\Container\\BoundMethod::callBoundMethod()
#7 /var/www/html/OTHERS/side/laundry/BE/vendor/illuminate/container/Container.php(662): Illuminate\\Container\\BoundMethod::call()
#8 /var/www/html/OTHERS/side/laundry/BE/vendor/illuminate/database/Seeder.php(184): Illuminate\\Container\\Container->call()
#9 /var/www/html/OTHERS/side/laundry/BE/vendor/illuminate/database/Seeder.php(193): Illuminate\\Database\\Seeder->Illuminate\\Database\\{closure}()
#10 /var/www/html/OTHERS/side/laundry/BE/vendor/illuminate/database/Console/Seeds/SeedCommand.php(70): Illuminate\\Database\\Seeder->__invoke()
#11 /var/www/html/OTHERS/side/laundry/BE/vendor/illuminate/database/Eloquent/Concerns/GuardsAttributes.php(155): Illuminate\\Database\\Console\\Seeds\\SeedCommand->Illuminate\\Database\\Console\\Seeds\\{closure}()
#12 /var/www/html/OTHERS/side/laundry/BE/vendor/illuminate/database/Console/Seeds/SeedCommand.php(69): Illuminate\\Database\\Eloquent\\Model::unguarded()
#13 /var/www/html/OTHERS/side/laundry/BE/vendor/illuminate/container/BoundMethod.php(36): Illuminate\\Database\\Console\\Seeds\\SeedCommand->handle()
#14 /var/www/html/OTHERS/side/laundry/BE/vendor/illuminate/container/Util.php(41): Illuminate\\Container\\BoundMethod::Illuminate\\Container\\{closure}()
#15 /var/www/html/OTHERS/side/laundry/BE/vendor/illuminate/container/BoundMethod.php(93): Illuminate\\Container\\Util::unwrapIfClosure()
#16 /var/www/html/OTHERS/side/laundry/BE/vendor/illuminate/container/BoundMethod.php(35): Illuminate\\Container\\BoundMethod::callBoundMethod()
#17 /var/www/html/OTHERS/side/laundry/BE/vendor/illuminate/container/Container.php(662): Illuminate\\Container\\BoundMethod::call()
#18 /var/www/html/OTHERS/side/laundry/BE/vendor/illuminate/console/Command.php(211): Illuminate\\Container\\Container->call()
#19 /var/www/html/OTHERS/side/laundry/BE/vendor/symfony/console/Command/Command.php(326): Illuminate\\Console\\Command->execute()
#20 /var/www/html/OTHERS/side/laundry/BE/vendor/illuminate/console/Command.php(180): Symfony\\Component\\Console\\Command\\Command->run()
#21 /var/www/html/OTHERS/side/laundry/BE/vendor/symfony/console/Application.php(1078): Illuminate\\Console\\Command->run()
#22 /var/www/html/OTHERS/side/laundry/BE/vendor/symfony/console/Application.php(324): Symfony\\Component\\Console\\Application->doRunCommand()
#23 /var/www/html/OTHERS/side/laundry/BE/vendor/symfony/console/Application.php(175): Symfony\\Component\\Console\\Application->doRun()
#24 /var/www/html/OTHERS/side/laundry/BE/vendor/laravel/lumen-framework/src/Console/Kernel.php(160): Symfony\\Component\\Console\\Application->run()
#25 /var/www/html/OTHERS/side/laundry/BE/artisan(35): Laravel\\Lumen\\Console\\Kernel->handle()
#26 {main}
"} 
[2024-09-24 02:56:34] local.ERROR: Command "migration" is not defined.

Did you mean one of these?
    make:migration
    migrate
    migrate:fresh
    migrate:install
    migrate:refresh
    migrate:reset
    migrate:rollback
    migrate:status {"exception":"[object] (Symfony\\Component\\Console\\Exception\\CommandNotFoundException(code: 0): Command \"migration\" is not defined.

Did you mean one of these?
    make:migration
    migrate
    migrate:fresh
    migrate:install
    migrate:refresh
    migrate:reset
    migrate:rollback
    migrate:status at /var/www/html/OTHERS/side/laundry/BE/vendor/symfony/console/Application.php:737)
[stacktrace]
#0 /var/www/html/OTHERS/side/laundry/BE/vendor/symfony/console/Application.php(266): Symfony\\Component\\Console\\Application->find()
#1 /var/www/html/OTHERS/side/laundry/BE/vendor/symfony/console/Application.php(175): Symfony\\Component\\Console\\Application->doRun()
#2 /var/www/html/OTHERS/side/laundry/BE/vendor/laravel/lumen-framework/src/Console/Kernel.php(160): Symfony\\Component\\Console\\Application->run()
#3 /var/www/html/OTHERS/side/laundry/BE/artisan(35): Laravel\\Lumen\\Console\\Kernel->handle()
#4 {main}
"} 
[2024-09-24 02:56:58] local.ERROR: SQLSTATE[HY000]: General error: 1366 Incorrect integer value: '' for column 'user_kru' at row 1 (Connection: mysql, SQL: alter table `users` modify `user_kru` int null) {"exception":"[object] (Illuminate\\Database\\QueryException(code: HY000): SQLSTATE[HY000]: General error: 1366 Incorrect integer value: '' for column 'user_kru' at row 1 (Connection: mysql, SQL: alter table `users` modify `user_kru` int null) at /var/www/html/OTHERS/side/laundry/BE/vendor/illuminate/database/Connection.php:829)
[stacktrace]
#0 /var/www/html/OTHERS/side/laundry/BE/vendor/illuminate/database/Connection.php(783): Illuminate\\Database\\Connection->runQueryCallback()
#1 /var/www/html/OTHERS/side/laundry/BE/vendor/illuminate/database/Connection.php(576): Illuminate\\Database\\Connection->run()
#2 /var/www/html/OTHERS/side/laundry/BE/vendor/illuminate/database/Schema/Blueprint.php(110): Illuminate\\Database\\Connection->statement()
#3 /var/www/html/OTHERS/side/laundry/BE/vendor/illuminate/database/Schema/Builder.php(602): Illuminate\\Database\\Schema\\Blueprint->build()
#4 /var/www/html/OTHERS/side/laundry/BE/vendor/illuminate/database/Schema/Builder.php(444): Illuminate\\Database\\Schema\\Builder->build()
#5 /var/www/html/OTHERS/side/laundry/BE/vendor/illuminate/support/Facades/Facade.php(355): Illuminate\\Database\\Schema\\Builder->table()
#6 /var/www/html/OTHERS/side/laundry/BE/database/migrations/2024_09_24_025528_alter_user_crew_data_type.php(14): Illuminate\\Support\\Facades\\Facade::__callStatic()
#7 /var/www/html/OTHERS/side/laundry/BE/vendor/illuminate/database/Migrations/Migrator.php(493): Illuminate\\Database\\Migrations\\Migration@anonymous->up()
#8 /var/www/html/OTHERS/side/laundry/BE/vendor/illuminate/database/Migrations/Migrator.php(410): Illuminate\\Database\\Migrations\\Migrator->runMethod()
#9 /var/www/html/OTHERS/side/laundry/BE/vendor/illuminate/database/Migrations/Migrator.php(419): Illuminate\\Database\\Migrations\\Migrator->Illuminate\\Database\\Migrations\\{closure}()
#10 /var/www/html/OTHERS/side/laundry/BE/vendor/illuminate/database/Migrations/Migrator.php(216): Illuminate\\Database\\Migrations\\Migrator->runMigration()
#11 /var/www/html/OTHERS/side/laundry/BE/vendor/illuminate/console/View/Components/Task.php(37): Illuminate\\Database\\Migrations\\Migrator->Illuminate\\Database\\Migrations\\{closure}()
#12 /var/www/html/OTHERS/side/laundry/BE/vendor/illuminate/database/Migrations/Migrator.php(756): Illuminate\\Console\\View\\Components\\Task->render()
#13 /var/www/html/OTHERS/side/laundry/BE/vendor/illuminate/database/Migrations/Migrator.php(216): Illuminate\\Database\\Migrations\\Migrator->write()
#14 /var/www/html/OTHERS/side/laundry/BE/vendor/illuminate/database/Migrations/Migrator.php(181): Illuminate\\Database\\Migrations\\Migrator->runUp()
#15 /var/www/html/OTHERS/side/laundry/BE/vendor/illuminate/database/Migrations/Migrator.php(124): Illuminate\\Database\\Migrations\\Migrator->runPending()
#16 /var/www/html/OTHERS/side/laundry/BE/vendor/illuminate/database/Console/Migrations/MigrateCommand.php(90): Illuminate\\Database\\Migrations\\Migrator->run()
#17 /var/www/html/OTHERS/side/laundry/BE/vendor/illuminate/database/Migrations/Migrator.php(633): Illuminate\\Database\\Console\\Migrations\\MigrateCommand->Illuminate\\Database\\Console\\Migrations\\{closure}()
#18 /var/www/html/OTHERS/side/laundry/BE/vendor/illuminate/database/Console/Migrations/MigrateCommand.php(83): Illuminate\\Database\\Migrations\\Migrator->usingConnection()
#19 /var/www/html/OTHERS/side/laundry/BE/vendor/illuminate/container/BoundMethod.php(36): Illuminate\\Database\\Console\\Migrations\\MigrateCommand->handle()
#20 /var/www/html/OTHERS/side/laundry/BE/vendor/illuminate/container/Util.php(41): Illuminate\\Container\\BoundMethod::Illuminate\\Container\\{closure}()
#21 /var/www/html/OTHERS/side/laundry/BE/vendor/illuminate/container/BoundMethod.php(93): Illuminate\\Container\\Util::unwrapIfClosure()
#22 /var/www/html/OTHERS/side/laundry/BE/vendor/illuminate/container/BoundMethod.php(35): Illuminate\\Container\\BoundMethod::callBoundMethod()
#23 /var/www/html/OTHERS/side/laundry/BE/vendor/illuminate/container/Container.php(662): Illuminate\\Container\\BoundMethod::call()
#24 /var/www/html/OTHERS/side/laundry/BE/vendor/illuminate/console/Command.php(211): Illuminate\\Container\\Container->call()
#25 /var/www/html/OTHERS/side/laundry/BE/vendor/symfony/console/Command/Command.php(326): Illuminate\\Console\\Command->execute()
#26 /var/www/html/OTHERS/side/laundry/BE/vendor/illuminate/console/Command.php(180): Symfony\\Component\\Console\\Command\\Command->run()
#27 /var/www/html/OTHERS/side/laundry/BE/vendor/symfony/console/Application.php(1078): Illuminate\\Console\\Command->run()
#28 /var/www/html/OTHERS/side/laundry/BE/vendor/symfony/console/Application.php(324): Symfony\\Component\\Console\\Application->doRunCommand()
#29 /var/www/html/OTHERS/side/laundry/BE/vendor/symfony/console/Application.php(175): Symfony\\Component\\Console\\Application->doRun()
#30 /var/www/html/OTHERS/side/laundry/BE/vendor/laravel/lumen-framework/src/Console/Kernel.php(160): Symfony\\Component\\Console\\Application->run()
#31 /var/www/html/OTHERS/side/laundry/BE/artisan(35): Laravel\\Lumen\\Console\\Kernel->handle()
#32 {main}

[previous exception] [object] (PDOException(code: HY000): SQLSTATE[HY000]: General error: 1366 Incorrect integer value: '' for column 'user_kru' at row 1 at /var/www/html/OTHERS/side/laundry/BE/vendor/illuminate/database/Connection.php:587)
[stacktrace]
#0 /var/www/html/OTHERS/side/laundry/BE/vendor/illuminate/database/Connection.php(587): PDOStatement->execute()
#1 /var/www/html/OTHERS/side/laundry/BE/vendor/illuminate/database/Connection.php(816): Illuminate\\Database\\Connection->Illuminate\\Database\\{closure}()
#2 /var/www/html/OTHERS/side/laundry/BE/vendor/illuminate/database/Connection.php(783): Illuminate\\Database\\Connection->runQueryCallback()
#3 /var/www/html/OTHERS/side/laundry/BE/vendor/illuminate/database/Connection.php(576): Illuminate\\Database\\Connection->run()
#4 /var/www/html/OTHERS/side/laundry/BE/vendor/illuminate/database/Schema/Blueprint.php(110): Illuminate\\Database\\Connection->statement()
#5 /var/www/html/OTHERS/side/laundry/BE/vendor/illuminate/database/Schema/Builder.php(602): Illuminate\\Database\\Schema\\Blueprint->build()
#6 /var/www/html/OTHERS/side/laundry/BE/vendor/illuminate/database/Schema/Builder.php(444): Illuminate\\Database\\Schema\\Builder->build()
#7 /var/www/html/OTHERS/side/laundry/BE/vendor/illuminate/support/Facades/Facade.php(355): Illuminate\\Database\\Schema\\Builder->table()
#8 /var/www/html/OTHERS/side/laundry/BE/database/migrations/2024_09_24_025528_alter_user_crew_data_type.php(14): Illuminate\\Support\\Facades\\Facade::__callStatic()
#9 /var/www/html/OTHERS/side/laundry/BE/vendor/illuminate/database/Migrations/Migrator.php(493): Illuminate\\Database\\Migrations\\Migration@anonymous->up()
#10 /var/www/html/OTHERS/side/laundry/BE/vendor/illuminate/database/Migrations/Migrator.php(410): Illuminate\\Database\\Migrations\\Migrator->runMethod()
#11 /var/www/html/OTHERS/side/laundry/BE/vendor/illuminate/database/Migrations/Migrator.php(419): Illuminate\\Database\\Migrations\\Migrator->Illuminate\\Database\\Migrations\\{closure}()
#12 /var/www/html/OTHERS/side/laundry/BE/vendor/illuminate/database/Migrations/Migrator.php(216): Illuminate\\Database\\Migrations\\Migrator->runMigration()
#13 /var/www/html/OTHERS/side/laundry/BE/vendor/illuminate/console/View/Components/Task.php(37): Illuminate\\Database\\Migrations\\Migrator->Illuminate\\Database\\Migrations\\{closure}()
#14 /var/www/html/OTHERS/side/laundry/BE/vendor/illuminate/database/Migrations/Migrator.php(756): Illuminate\\Console\\View\\Components\\Task->render()
#15 /var/www/html/OTHERS/side/laundry/BE/vendor/illuminate/database/Migrations/Migrator.php(216): Illuminate\\Database\\Migrations\\Migrator->write()
#16 /var/www/html/OTHERS/side/laundry/BE/vendor/illuminate/database/Migrations/Migrator.php(181): Illuminate\\Database\\Migrations\\Migrator->runUp()
#17 /var/www/html/OTHERS/side/laundry/BE/vendor/illuminate/database/Migrations/Migrator.php(124): Illuminate\\Database\\Migrations\\Migrator->runPending()
#18 /var/www/html/OTHERS/side/laundry/BE/vendor/illuminate/database/Console/Migrations/MigrateCommand.php(90): Illuminate\\Database\\Migrations\\Migrator->run()
#19 /var/www/html/OTHERS/side/laundry/BE/vendor/illuminate/database/Migrations/Migrator.php(633): Illuminate\\Database\\Console\\Migrations\\MigrateCommand->Illuminate\\Database\\Console\\Migrations\\{closure}()
#20 /var/www/html/OTHERS/side/laundry/BE/vendor/illuminate/database/Console/Migrations/MigrateCommand.php(83): Illuminate\\Database\\Migrations\\Migrator->usingConnection()
#21 /var/www/html/OTHERS/side/laundry/BE/vendor/illuminate/container/BoundMethod.php(36): Illuminate\\Database\\Console\\Migrations\\MigrateCommand->handle()
#22 /var/www/html/OTHERS/side/laundry/BE/vendor/illuminate/container/Util.php(41): Illuminate\\Container\\BoundMethod::Illuminate\\Container\\{closure}()
#23 /var/www/html/OTHERS/side/laundry/BE/vendor/illuminate/container/BoundMethod.php(93): Illuminate\\Container\\Util::unwrapIfClosure()
#24 /var/www/html/OTHERS/side/laundry/BE/vendor/illuminate/container/BoundMethod.php(35): Illuminate\\Container\\BoundMethod::callBoundMethod()
#25 /var/www/html/OTHERS/side/laundry/BE/vendor/illuminate/container/Container.php(662): Illuminate\\Container\\BoundMethod::call()
#26 /var/www/html/OTHERS/side/laundry/BE/vendor/illuminate/console/Command.php(211): Illuminate\\Container\\Container->call()
#27 /var/www/html/OTHERS/side/laundry/BE/vendor/symfony/console/Command/Command.php(326): Illuminate\\Console\\Command->execute()
#28 /var/www/html/OTHERS/side/laundry/BE/vendor/illuminate/console/Command.php(180): Symfony\\Component\\Console\\Command\\Command->run()
#29 /var/www/html/OTHERS/side/laundry/BE/vendor/symfony/console/Application.php(1078): Illuminate\\Console\\Command->run()
#30 /var/www/html/OTHERS/side/laundry/BE/vendor/symfony/console/Application.php(324): Symfony\\Component\\Console\\Application->doRunCommand()
#31 /var/www/html/OTHERS/side/laundry/BE/vendor/symfony/console/Application.php(175): Symfony\\Component\\Console\\Application->doRun()
#32 /var/www/html/OTHERS/side/laundry/BE/vendor/laravel/lumen-framework/src/Console/Kernel.php(160): Symfony\\Component\\Console\\Application->run()
#33 /var/www/html/OTHERS/side/laundry/BE/artisan(35): Laravel\\Lumen\\Console\\Kernel->handle()
#34 {main}
"} 
[2024-09-24 03:00:24] local.ERROR: SQLSTATE[23000]: Integrity constraint violation: 1048 Column 'user_kru' cannot be null (Connection: mysql, SQL: update `users` set `user_kru` = ?, `users`.`updated_at` = 2024-09-24 03:00:24 where `id` = 13) {"exception":"[object] (Illuminate\\Database\\QueryException(code: 23000): SQLSTATE[23000]: Integrity constraint violation: 1048 Column 'user_kru' cannot be null (Connection: mysql, SQL: update `users` set `user_kru` = ?, `users`.`updated_at` = 2024-09-24 03:00:24 where `id` = 13) at /var/www/html/OTHERS/side/laundry/BE/vendor/illuminate/database/Connection.php:829)
[stacktrace]
#0 /var/www/html/OTHERS/side/laundry/BE/vendor/illuminate/database/Connection.php(783): Illuminate\\Database\\Connection->runQueryCallback()
#1 /var/www/html/OTHERS/side/laundry/BE/vendor/illuminate/database/Connection.php(600): Illuminate\\Database\\Connection->run()
#2 /var/www/html/OTHERS/side/laundry/BE/vendor/illuminate/database/Connection.php(552): Illuminate\\Database\\Connection->affectingStatement()
#3 /var/www/html/OTHERS/side/laundry/BE/vendor/illuminate/database/Query/Builder.php(3560): Illuminate\\Database\\Connection->update()
#4 /var/www/html/OTHERS/side/laundry/BE/vendor/illuminate/database/Eloquent/Builder.php(1061): Illuminate\\Database\\Query\\Builder->update()
#5 /var/www/html/OTHERS/side/laundry/BE/vendor/illuminate/database/Eloquent/Model.php(1214): Illuminate\\Database\\Eloquent\\Builder->update()
#6 /var/www/html/OTHERS/side/laundry/BE/vendor/illuminate/database/Eloquent/Model.php(1131): Illuminate\\Database\\Eloquent\\Model->performUpdate()
#7 /var/www/html/OTHERS/side/laundry/BE/database/seeders/UpdateUserCrew.php(31): Illuminate\\Database\\Eloquent\\Model->save()
#8 /var/www/html/OTHERS/side/laundry/BE/vendor/illuminate/container/BoundMethod.php(36): Database\\Seeders\\UpdateUserCrew->run()
#9 /var/www/html/OTHERS/side/laundry/BE/vendor/illuminate/container/Util.php(41): Illuminate\\Container\\BoundMethod::Illuminate\\Container\\{closure}()
#10 /var/www/html/OTHERS/side/laundry/BE/vendor/illuminate/container/BoundMethod.php(93): Illuminate\\Container\\Util::unwrapIfClosure()
#11 /var/www/html/OTHERS/side/laundry/BE/vendor/illuminate/container/BoundMethod.php(35): Illuminate\\Container\\BoundMethod::callBoundMethod()
#12 /var/www/html/OTHERS/side/laundry/BE/vendor/illuminate/container/Container.php(662): Illuminate\\Container\\BoundMethod::call()
#13 /var/www/html/OTHERS/side/laundry/BE/vendor/illuminate/database/Seeder.php(184): Illuminate\\Container\\Container->call()
#14 /var/www/html/OTHERS/side/laundry/BE/vendor/illuminate/database/Seeder.php(193): Illuminate\\Database\\Seeder->Illuminate\\Database\\{closure}()
#15 /var/www/html/OTHERS/side/laundry/BE/vendor/illuminate/database/Console/Seeds/SeedCommand.php(70): Illuminate\\Database\\Seeder->__invoke()
#16 /var/www/html/OTHERS/side/laundry/BE/vendor/illuminate/database/Eloquent/Concerns/GuardsAttributes.php(155): Illuminate\\Database\\Console\\Seeds\\SeedCommand->Illuminate\\Database\\Console\\Seeds\\{closure}()
#17 /var/www/html/OTHERS/side/laundry/BE/vendor/illuminate/database/Console/Seeds/SeedCommand.php(69): Illuminate\\Database\\Eloquent\\Model::unguarded()
#18 /var/www/html/OTHERS/side/laundry/BE/vendor/illuminate/container/BoundMethod.php(36): Illuminate\\Database\\Console\\Seeds\\SeedCommand->handle()
#19 /var/www/html/OTHERS/side/laundry/BE/vendor/illuminate/container/Util.php(41): Illuminate\\Container\\BoundMethod::Illuminate\\Container\\{closure}()
#20 /var/www/html/OTHERS/side/laundry/BE/vendor/illuminate/container/BoundMethod.php(93): Illuminate\\Container\\Util::unwrapIfClosure()
#21 /var/www/html/OTHERS/side/laundry/BE/vendor/illuminate/container/BoundMethod.php(35): Illuminate\\Container\\BoundMethod::callBoundMethod()
#22 /var/www/html/OTHERS/side/laundry/BE/vendor/illuminate/container/Container.php(662): Illuminate\\Container\\BoundMethod::call()
#23 /var/www/html/OTHERS/side/laundry/BE/vendor/illuminate/console/Command.php(211): Illuminate\\Container\\Container->call()
#24 /var/www/html/OTHERS/side/laundry/BE/vendor/symfony/console/Command/Command.php(326): Illuminate\\Console\\Command->execute()
#25 /var/www/html/OTHERS/side/laundry/BE/vendor/illuminate/console/Command.php(180): Symfony\\Component\\Console\\Command\\Command->run()
#26 /var/www/html/OTHERS/side/laundry/BE/vendor/symfony/console/Application.php(1078): Illuminate\\Console\\Command->run()
#27 /var/www/html/OTHERS/side/laundry/BE/vendor/symfony/console/Application.php(324): Symfony\\Component\\Console\\Application->doRunCommand()
#28 /var/www/html/OTHERS/side/laundry/BE/vendor/symfony/console/Application.php(175): Symfony\\Component\\Console\\Application->doRun()
#29 /var/www/html/OTHERS/side/laundry/BE/vendor/laravel/lumen-framework/src/Console/Kernel.php(160): Symfony\\Component\\Console\\Application->run()
#30 /var/www/html/OTHERS/side/laundry/BE/artisan(35): Laravel\\Lumen\\Console\\Kernel->handle()
#31 {main}

[previous exception] [object] (PDOException(code: 23000): SQLSTATE[23000]: Integrity constraint violation: 1048 Column 'user_kru' cannot be null at /var/www/html/OTHERS/side/laundry/BE/vendor/illuminate/database/Connection.php:612)
[stacktrace]
#0 /var/www/html/OTHERS/side/laundry/BE/vendor/illuminate/database/Connection.php(612): PDOStatement->execute()
#1 /var/www/html/OTHERS/side/laundry/BE/vendor/illuminate/database/Connection.php(816): Illuminate\\Database\\Connection->Illuminate\\Database\\{closure}()
#2 /var/www/html/OTHERS/side/laundry/BE/vendor/illuminate/database/Connection.php(783): Illuminate\\Database\\Connection->runQueryCallback()
#3 /var/www/html/OTHERS/side/laundry/BE/vendor/illuminate/database/Connection.php(600): Illuminate\\Database\\Connection->run()
#4 /var/www/html/OTHERS/side/laundry/BE/vendor/illuminate/database/Connection.php(552): Illuminate\\Database\\Connection->affectingStatement()
#5 /var/www/html/OTHERS/side/laundry/BE/vendor/illuminate/database/Query/Builder.php(3560): Illuminate\\Database\\Connection->update()
#6 /var/www/html/OTHERS/side/laundry/BE/vendor/illuminate/database/Eloquent/Builder.php(1061): Illuminate\\Database\\Query\\Builder->update()
#7 /var/www/html/OTHERS/side/laundry/BE/vendor/illuminate/database/Eloquent/Model.php(1214): Illuminate\\Database\\Eloquent\\Builder->update()
#8 /var/www/html/OTHERS/side/laundry/BE/vendor/illuminate/database/Eloquent/Model.php(1131): Illuminate\\Database\\Eloquent\\Model->performUpdate()
#9 /var/www/html/OTHERS/side/laundry/BE/database/seeders/UpdateUserCrew.php(31): Illuminate\\Database\\Eloquent\\Model->save()
#10 /var/www/html/OTHERS/side/laundry/BE/vendor/illuminate/container/BoundMethod.php(36): Database\\Seeders\\UpdateUserCrew->run()
#11 /var/www/html/OTHERS/side/laundry/BE/vendor/illuminate/container/Util.php(41): Illuminate\\Container\\BoundMethod::Illuminate\\Container\\{closure}()
#12 /var/www/html/OTHERS/side/laundry/BE/vendor/illuminate/container/BoundMethod.php(93): Illuminate\\Container\\Util::unwrapIfClosure()
#13 /var/www/html/OTHERS/side/laundry/BE/vendor/illuminate/container/BoundMethod.php(35): Illuminate\\Container\\BoundMethod::callBoundMethod()
#14 /var/www/html/OTHERS/side/laundry/BE/vendor/illuminate/container/Container.php(662): Illuminate\\Container\\BoundMethod::call()
#15 /var/www/html/OTHERS/side/laundry/BE/vendor/illuminate/database/Seeder.php(184): Illuminate\\Container\\Container->call()
#16 /var/www/html/OTHERS/side/laundry/BE/vendor/illuminate/database/Seeder.php(193): Illuminate\\Database\\Seeder->Illuminate\\Database\\{closure}()
#17 /var/www/html/OTHERS/side/laundry/BE/vendor/illuminate/database/Console/Seeds/SeedCommand.php(70): Illuminate\\Database\\Seeder->__invoke()
#18 /var/www/html/OTHERS/side/laundry/BE/vendor/illuminate/database/Eloquent/Concerns/GuardsAttributes.php(155): Illuminate\\Database\\Console\\Seeds\\SeedCommand->Illuminate\\Database\\Console\\Seeds\\{closure}()
#19 /var/www/html/OTHERS/side/laundry/BE/vendor/illuminate/database/Console/Seeds/SeedCommand.php(69): Illuminate\\Database\\Eloquent\\Model::unguarded()
#20 /var/www/html/OTHERS/side/laundry/BE/vendor/illuminate/container/BoundMethod.php(36): Illuminate\\Database\\Console\\Seeds\\SeedCommand->handle()
#21 /var/www/html/OTHERS/side/laundry/BE/vendor/illuminate/container/Util.php(41): Illuminate\\Container\\BoundMethod::Illuminate\\Container\\{closure}()
#22 /var/www/html/OTHERS/side/laundry/BE/vendor/illuminate/container/BoundMethod.php(93): Illuminate\\Container\\Util::unwrapIfClosure()
#23 /var/www/html/OTHERS/side/laundry/BE/vendor/illuminate/container/BoundMethod.php(35): Illuminate\\Container\\BoundMethod::callBoundMethod()
#24 /var/www/html/OTHERS/side/laundry/BE/vendor/illuminate/container/Container.php(662): Illuminate\\Container\\BoundMethod::call()
#25 /var/www/html/OTHERS/side/laundry/BE/vendor/illuminate/console/Command.php(211): Illuminate\\Container\\Container->call()
#26 /var/www/html/OTHERS/side/laundry/BE/vendor/symfony/console/Command/Command.php(326): Illuminate\\Console\\Command->execute()
#27 /var/www/html/OTHERS/side/laundry/BE/vendor/illuminate/console/Command.php(180): Symfony\\Component\\Console\\Command\\Command->run()
#28 /var/www/html/OTHERS/side/laundry/BE/vendor/symfony/console/Application.php(1078): Illuminate\\Console\\Command->run()
#29 /var/www/html/OTHERS/side/laundry/BE/vendor/symfony/console/Application.php(324): Symfony\\Component\\Console\\Application->doRunCommand()
#30 /var/www/html/OTHERS/side/laundry/BE/vendor/symfony/console/Application.php(175): Symfony\\Component\\Console\\Application->doRun()
#31 /var/www/html/OTHERS/side/laundry/BE/vendor/laravel/lumen-framework/src/Console/Kernel.php(160): Symfony\\Component\\Console\\Application->run()
#32 /var/www/html/OTHERS/side/laundry/BE/artisan(35): Laravel\\Lumen\\Console\\Kernel->handle()
#33 {main}
"} 
[2024-09-24 03:29:15] local.ERROR: SQLSTATE[42S22]: Column not found: 1054 Unknown column 'id_item' in 'where clause' (Connection: mysql, SQL: select * from `maskapai` where `id_item` =  limit 1) {"exception":"[object] (Illuminate\\Database\\QueryException(code: 42S22): SQLSTATE[42S22]: Column not found: 1054 Unknown column 'id_item' in 'where clause' (Connection: mysql, SQL: select * from `maskapai` where `id_item` =  limit 1) at /var/www/html/OTHERS/side/laundry/BE/vendor/illuminate/database/Connection.php:829)
[stacktrace]
#0 /var/www/html/OTHERS/side/laundry/BE/vendor/illuminate/database/Connection.php(783): Illuminate\\Database\\Connection->runQueryCallback()
#1 /var/www/html/OTHERS/side/laundry/BE/vendor/illuminate/database/Connection.php(414): Illuminate\\Database\\Connection->run()
#2 /var/www/html/OTHERS/side/laundry/BE/vendor/illuminate/database/Query/Builder.php(2871): Illuminate\\Database\\Connection->select()
#3 /var/www/html/OTHERS/side/laundry/BE/vendor/illuminate/database/Query/Builder.php(2860): Illuminate\\Database\\Query\\Builder->runSelect()
#4 /var/www/html/OTHERS/side/laundry/BE/vendor/illuminate/database/Query/Builder.php(3414): Illuminate\\Database\\Query\\Builder->Illuminate\\Database\\Query\\{closure}()
#5 /var/www/html/OTHERS/side/laundry/BE/vendor/illuminate/database/Query/Builder.php(2859): Illuminate\\Database\\Query\\Builder->onceWithColumns()
#6 /var/www/html/OTHERS/side/laundry/BE/vendor/illuminate/database/Eloquent/Builder.php(739): Illuminate\\Database\\Query\\Builder->get()
#7 /var/www/html/OTHERS/side/laundry/BE/vendor/illuminate/database/Eloquent/Builder.php(723): Illuminate\\Database\\Eloquent\\Builder->getModels()
#8 /var/www/html/OTHERS/side/laundry/BE/vendor/illuminate/database/Concerns/BuildsQueries.php(333): Illuminate\\Database\\Eloquent\\Builder->get()
#9 /var/www/html/OTHERS/side/laundry/BE/app/Http/Controllers/MaskapaiController.php(37): Illuminate\\Database\\Eloquent\\Builder->first()
#10 /var/www/html/OTHERS/side/laundry/BE/vendor/illuminate/container/BoundMethod.php(36): App\\Http\\Controllers\\MaskapaiController->store()
#11 /var/www/html/OTHERS/side/laundry/BE/vendor/illuminate/container/Util.php(41): Illuminate\\Container\\BoundMethod::Illuminate\\Container\\{closure}()
#12 /var/www/html/OTHERS/side/laundry/BE/vendor/illuminate/container/BoundMethod.php(93): Illuminate\\Container\\Util::unwrapIfClosure()
#13 /var/www/html/OTHERS/side/laundry/BE/vendor/illuminate/container/BoundMethod.php(35): Illuminate\\Container\\BoundMethod::callBoundMethod()
#14 /var/www/html/OTHERS/side/laundry/BE/vendor/illuminate/container/Container.php(662): Illuminate\\Container\\BoundMethod::call()
#15 /var/www/html/OTHERS/side/laundry/BE/vendor/laravel/lumen-framework/src/Concerns/RoutesRequests.php(391): Illuminate\\Container\\Container->call()
#16 /var/www/html/OTHERS/side/laundry/BE/vendor/laravel/lumen-framework/src/Concerns/RoutesRequests.php(356): Laravel\\Lumen\\Application->callControllerCallable()
#17 /var/www/html/OTHERS/side/laundry/BE/vendor/laravel/lumen-framework/src/Concerns/RoutesRequests.php(331): Laravel\\Lumen\\Application->callLumenController()
#18 /var/www/html/OTHERS/side/laundry/BE/vendor/laravel/lumen-framework/src/Concerns/RoutesRequests.php(284): Laravel\\Lumen\\Application->callControllerAction()
#19 /var/www/html/OTHERS/side/laundry/BE/vendor/laravel/lumen-framework/src/Concerns/RoutesRequests.php(264): Laravel\\Lumen\\Application->callActionOnArrayBasedRoute()
#20 /var/www/html/OTHERS/side/laundry/BE/vendor/laravel/lumen-framework/src/Routing/Pipeline.php(48): Laravel\\Lumen\\Application->Laravel\\Lumen\\Concerns\\{closure}()
#21 /var/www/html/OTHERS/side/laundry/BE/app/Http/Middleware/RoleAccessMiddleware.php(27): Laravel\\Lumen\\Routing\\Pipeline->Laravel\\Lumen\\Routing\\{closure}()
#22 /var/www/html/OTHERS/side/laundry/BE/vendor/illuminate/pipeline/Pipeline.php(183): App\\Http\\Middleware\\RoleAccessMiddleware->handle()
#23 /var/www/html/OTHERS/side/laundry/BE/vendor/laravel/lumen-framework/src/Routing/Pipeline.php(30): Illuminate\\Pipeline\\Pipeline->Illuminate\\Pipeline\\{closure}()
#24 /var/www/html/OTHERS/side/laundry/BE/app/Http/Middleware/Authenticate.php(70): Laravel\\Lumen\\Routing\\Pipeline->Laravel\\Lumen\\Routing\\{closure}()
#25 /var/www/html/OTHERS/side/laundry/BE/vendor/illuminate/pipeline/Pipeline.php(183): App\\Http\\Middleware\\Authenticate->handle()
#26 /var/www/html/OTHERS/side/laundry/BE/vendor/laravel/lumen-framework/src/Routing/Pipeline.php(30): Illuminate\\Pipeline\\Pipeline->Illuminate\\Pipeline\\{closure}()
#27 /var/www/html/OTHERS/side/laundry/BE/vendor/illuminate/pipeline/Pipeline.php(119): Laravel\\Lumen\\Routing\\Pipeline->Laravel\\Lumen\\Routing\\{closure}()
#28 /var/www/html/OTHERS/side/laundry/BE/vendor/laravel/lumen-framework/src/Concerns/RoutesRequests.php(428): Illuminate\\Pipeline\\Pipeline->then()
#29 /var/www/html/OTHERS/side/laundry/BE/vendor/laravel/lumen-framework/src/Concerns/RoutesRequests.php(263): Laravel\\Lumen\\Application->sendThroughPipeline()
#30 /var/www/html/OTHERS/side/laundry/BE/vendor/laravel/lumen-framework/src/Concerns/RoutesRequests.php(171): Laravel\\Lumen\\Application->handleFoundRoute()
#31 /var/www/html/OTHERS/side/laundry/BE/vendor/laravel/lumen-framework/src/Routing/Pipeline.php(48): Laravel\\Lumen\\Application->Laravel\\Lumen\\Concerns\\{closure}()
#32 /var/www/html/OTHERS/side/laundry/BE/app/Http/Middleware/CorsMiddleware.php(18): Laravel\\Lumen\\Routing\\Pipeline->Laravel\\Lumen\\Routing\\{closure}()
#33 /var/www/html/OTHERS/side/laundry/BE/vendor/illuminate/pipeline/Pipeline.php(183): App\\Http\\Middleware\\CorsMiddleware->handle()
#34 /var/www/html/OTHERS/side/laundry/BE/vendor/laravel/lumen-framework/src/Routing/Pipeline.php(30): Illuminate\\Pipeline\\Pipeline->Illuminate\\Pipeline\\{closure}()
#35 /var/www/html/OTHERS/side/laundry/BE/vendor/illuminate/pipeline/Pipeline.php(119): Laravel\\Lumen\\Routing\\Pipeline->Laravel\\Lumen\\Routing\\{closure}()
#36 /var/www/html/OTHERS/side/laundry/BE/vendor/laravel/lumen-framework/src/Concerns/RoutesRequests.php(428): Illuminate\\Pipeline\\Pipeline->then()
#37 /var/www/html/OTHERS/side/laundry/BE/vendor/laravel/lumen-framework/src/Concerns/RoutesRequests.php(167): Laravel\\Lumen\\Application->sendThroughPipeline()
#38 /var/www/html/OTHERS/side/laundry/BE/vendor/laravel/lumen-framework/src/Concerns/RoutesRequests.php(112): Laravel\\Lumen\\Application->dispatch()
#39 /var/www/html/OTHERS/side/laundry/BE/public/index.php(28): Laravel\\Lumen\\Application->run()
#40 {main}

[previous exception] [object] (PDOException(code: 42S22): SQLSTATE[42S22]: Column not found: 1054 Unknown column 'id_item' in 'where clause' at /var/www/html/OTHERS/side/laundry/BE/vendor/illuminate/database/Connection.php:423)
[stacktrace]
#0 /var/www/html/OTHERS/side/laundry/BE/vendor/illuminate/database/Connection.php(423): PDO->prepare()
#1 /var/www/html/OTHERS/side/laundry/BE/vendor/illuminate/database/Connection.php(816): Illuminate\\Database\\Connection->Illuminate\\Database\\{closure}()
#2 /var/www/html/OTHERS/side/laundry/BE/vendor/illuminate/database/Connection.php(783): Illuminate\\Database\\Connection->runQueryCallback()
#3 /var/www/html/OTHERS/side/laundry/BE/vendor/illuminate/database/Connection.php(414): Illuminate\\Database\\Connection->run()
#4 /var/www/html/OTHERS/side/laundry/BE/vendor/illuminate/database/Query/Builder.php(2871): Illuminate\\Database\\Connection->select()
#5 /var/www/html/OTHERS/side/laundry/BE/vendor/illuminate/database/Query/Builder.php(2860): Illuminate\\Database\\Query\\Builder->runSelect()
#6 /var/www/html/OTHERS/side/laundry/BE/vendor/illuminate/database/Query/Builder.php(3414): Illuminate\\Database\\Query\\Builder->Illuminate\\Database\\Query\\{closure}()
#7 /var/www/html/OTHERS/side/laundry/BE/vendor/illuminate/database/Query/Builder.php(2859): Illuminate\\Database\\Query\\Builder->onceWithColumns()
#8 /var/www/html/OTHERS/side/laundry/BE/vendor/illuminate/database/Eloquent/Builder.php(739): Illuminate\\Database\\Query\\Builder->get()
#9 /var/www/html/OTHERS/side/laundry/BE/vendor/illuminate/database/Eloquent/Builder.php(723): Illuminate\\Database\\Eloquent\\Builder->getModels()
#10 /var/www/html/OTHERS/side/laundry/BE/vendor/illuminate/database/Concerns/BuildsQueries.php(333): Illuminate\\Database\\Eloquent\\Builder->get()
#11 /var/www/html/OTHERS/side/laundry/BE/app/Http/Controllers/MaskapaiController.php(37): Illuminate\\Database\\Eloquent\\Builder->first()
#12 /var/www/html/OTHERS/side/laundry/BE/vendor/illuminate/container/BoundMethod.php(36): App\\Http\\Controllers\\MaskapaiController->store()
#13 /var/www/html/OTHERS/side/laundry/BE/vendor/illuminate/container/Util.php(41): Illuminate\\Container\\BoundMethod::Illuminate\\Container\\{closure}()
#14 /var/www/html/OTHERS/side/laundry/BE/vendor/illuminate/container/BoundMethod.php(93): Illuminate\\Container\\Util::unwrapIfClosure()
#15 /var/www/html/OTHERS/side/laundry/BE/vendor/illuminate/container/BoundMethod.php(35): Illuminate\\Container\\BoundMethod::callBoundMethod()
#16 /var/www/html/OTHERS/side/laundry/BE/vendor/illuminate/container/Container.php(662): Illuminate\\Container\\BoundMethod::call()
#17 /var/www/html/OTHERS/side/laundry/BE/vendor/laravel/lumen-framework/src/Concerns/RoutesRequests.php(391): Illuminate\\Container\\Container->call()
#18 /var/www/html/OTHERS/side/laundry/BE/vendor/laravel/lumen-framework/src/Concerns/RoutesRequests.php(356): Laravel\\Lumen\\Application->callControllerCallable()
#19 /var/www/html/OTHERS/side/laundry/BE/vendor/laravel/lumen-framework/src/Concerns/RoutesRequests.php(331): Laravel\\Lumen\\Application->callLumenController()
#20 /var/www/html/OTHERS/side/laundry/BE/vendor/laravel/lumen-framework/src/Concerns/RoutesRequests.php(284): Laravel\\Lumen\\Application->callControllerAction()
#21 /var/www/html/OTHERS/side/laundry/BE/vendor/laravel/lumen-framework/src/Concerns/RoutesRequests.php(264): Laravel\\Lumen\\Application->callActionOnArrayBasedRoute()
#22 /var/www/html/OTHERS/side/laundry/BE/vendor/laravel/lumen-framework/src/Routing/Pipeline.php(48): Laravel\\Lumen\\Application->Laravel\\Lumen\\Concerns\\{closure}()
#23 /var/www/html/OTHERS/side/laundry/BE/app/Http/Middleware/RoleAccessMiddleware.php(27): Laravel\\Lumen\\Routing\\Pipeline->Laravel\\Lumen\\Routing\\{closure}()
#24 /var/www/html/OTHERS/side/laundry/BE/vendor/illuminate/pipeline/Pipeline.php(183): App\\Http\\Middleware\\RoleAccessMiddleware->handle()
#25 /var/www/html/OTHERS/side/laundry/BE/vendor/laravel/lumen-framework/src/Routing/Pipeline.php(30): Illuminate\\Pipeline\\Pipeline->Illuminate\\Pipeline\\{closure}()
#26 /var/www/html/OTHERS/side/laundry/BE/app/Http/Middleware/Authenticate.php(70): Laravel\\Lumen\\Routing\\Pipeline->Laravel\\Lumen\\Routing\\{closure}()
#27 /var/www/html/OTHERS/side/laundry/BE/vendor/illuminate/pipeline/Pipeline.php(183): App\\Http\\Middleware\\Authenticate->handle()
#28 /var/www/html/OTHERS/side/laundry/BE/vendor/laravel/lumen-framework/src/Routing/Pipeline.php(30): Illuminate\\Pipeline\\Pipeline->Illuminate\\Pipeline\\{closure}()
#29 /var/www/html/OTHERS/side/laundry/BE/vendor/illuminate/pipeline/Pipeline.php(119): Laravel\\Lumen\\Routing\\Pipeline->Laravel\\Lumen\\Routing\\{closure}()
#30 /var/www/html/OTHERS/side/laundry/BE/vendor/laravel/lumen-framework/src/Concerns/RoutesRequests.php(428): Illuminate\\Pipeline\\Pipeline->then()
#31 /var/www/html/OTHERS/side/laundry/BE/vendor/laravel/lumen-framework/src/Concerns/RoutesRequests.php(263): Laravel\\Lumen\\Application->sendThroughPipeline()
#32 /var/www/html/OTHERS/side/laundry/BE/vendor/laravel/lumen-framework/src/Concerns/RoutesRequests.php(171): Laravel\\Lumen\\Application->handleFoundRoute()
#33 /var/www/html/OTHERS/side/laundry/BE/vendor/laravel/lumen-framework/src/Routing/Pipeline.php(48): Laravel\\Lumen\\Application->Laravel\\Lumen\\Concerns\\{closure}()
#34 /var/www/html/OTHERS/side/laundry/BE/app/Http/Middleware/CorsMiddleware.php(18): Laravel\\Lumen\\Routing\\Pipeline->Laravel\\Lumen\\Routing\\{closure}()
#35 /var/www/html/OTHERS/side/laundry/BE/vendor/illuminate/pipeline/Pipeline.php(183): App\\Http\\Middleware\\CorsMiddleware->handle()
#36 /var/www/html/OTHERS/side/laundry/BE/vendor/laravel/lumen-framework/src/Routing/Pipeline.php(30): Illuminate\\Pipeline\\Pipeline->Illuminate\\Pipeline\\{closure}()
#37 /var/www/html/OTHERS/side/laundry/BE/vendor/illuminate/pipeline/Pipeline.php(119): Laravel\\Lumen\\Routing\\Pipeline->Laravel\\Lumen\\Routing\\{closure}()
#38 /var/www/html/OTHERS/side/laundry/BE/vendor/laravel/lumen-framework/src/Concerns/RoutesRequests.php(428): Illuminate\\Pipeline\\Pipeline->then()
#39 /var/www/html/OTHERS/side/laundry/BE/vendor/laravel/lumen-framework/src/Concerns/RoutesRequests.php(167): Laravel\\Lumen\\Application->sendThroughPipeline()
#40 /var/www/html/OTHERS/side/laundry/BE/vendor/laravel/lumen-framework/src/Concerns/RoutesRequests.php(112): Laravel\\Lumen\\Application->dispatch()
#41 /var/www/html/OTHERS/side/laundry/BE/public/index.php(28): Laravel\\Lumen\\Application->run()
#42 {main}
"} 
[2024-09-24 03:30:50] local.ERROR: SQLSTATE[42S22]: Column not found: 1054 Unknown column 'id_item' in 'where clause' (Connection: mysql, SQL: select * from `maskapai` where `id_item` is null limit 1) {"exception":"[object] (Illuminate\\Database\\QueryException(code: 42S22): SQLSTATE[42S22]: Column not found: 1054 Unknown column 'id_item' in 'where clause' (Connection: mysql, SQL: select * from `maskapai` where `id_item` is null limit 1) at /var/www/html/OTHERS/side/laundry/BE/vendor/illuminate/database/Connection.php:829)
[stacktrace]
#0 /var/www/html/OTHERS/side/laundry/BE/vendor/illuminate/database/Connection.php(783): Illuminate\\Database\\Connection->runQueryCallback()
#1 /var/www/html/OTHERS/side/laundry/BE/vendor/illuminate/database/Connection.php(414): Illuminate\\Database\\Connection->run()
#2 /var/www/html/OTHERS/side/laundry/BE/vendor/illuminate/database/Query/Builder.php(2871): Illuminate\\Database\\Connection->select()
#3 /var/www/html/OTHERS/side/laundry/BE/vendor/illuminate/database/Query/Builder.php(2860): Illuminate\\Database\\Query\\Builder->runSelect()
#4 /var/www/html/OTHERS/side/laundry/BE/vendor/illuminate/database/Query/Builder.php(3414): Illuminate\\Database\\Query\\Builder->Illuminate\\Database\\Query\\{closure}()
#5 /var/www/html/OTHERS/side/laundry/BE/vendor/illuminate/database/Query/Builder.php(2859): Illuminate\\Database\\Query\\Builder->onceWithColumns()
#6 /var/www/html/OTHERS/side/laundry/BE/vendor/illuminate/database/Eloquent/Builder.php(739): Illuminate\\Database\\Query\\Builder->get()
#7 /var/www/html/OTHERS/side/laundry/BE/vendor/illuminate/database/Eloquent/Builder.php(723): Illuminate\\Database\\Eloquent\\Builder->getModels()
#8 /var/www/html/OTHERS/side/laundry/BE/vendor/illuminate/database/Concerns/BuildsQueries.php(333): Illuminate\\Database\\Eloquent\\Builder->get()
#9 /var/www/html/OTHERS/side/laundry/BE/app/Http/Controllers/MaskapaiController.php(37): Illuminate\\Database\\Eloquent\\Builder->first()
#10 /var/www/html/OTHERS/side/laundry/BE/vendor/illuminate/container/BoundMethod.php(36): App\\Http\\Controllers\\MaskapaiController->store()
#11 /var/www/html/OTHERS/side/laundry/BE/vendor/illuminate/container/Util.php(41): Illuminate\\Container\\BoundMethod::Illuminate\\Container\\{closure}()
#12 /var/www/html/OTHERS/side/laundry/BE/vendor/illuminate/container/BoundMethod.php(93): Illuminate\\Container\\Util::unwrapIfClosure()
#13 /var/www/html/OTHERS/side/laundry/BE/vendor/illuminate/container/BoundMethod.php(35): Illuminate\\Container\\BoundMethod::callBoundMethod()
#14 /var/www/html/OTHERS/side/laundry/BE/vendor/illuminate/container/Container.php(662): Illuminate\\Container\\BoundMethod::call()
#15 /var/www/html/OTHERS/side/laundry/BE/vendor/laravel/lumen-framework/src/Concerns/RoutesRequests.php(391): Illuminate\\Container\\Container->call()
#16 /var/www/html/OTHERS/side/laundry/BE/vendor/laravel/lumen-framework/src/Concerns/RoutesRequests.php(356): Laravel\\Lumen\\Application->callControllerCallable()
#17 /var/www/html/OTHERS/side/laundry/BE/vendor/laravel/lumen-framework/src/Concerns/RoutesRequests.php(331): Laravel\\Lumen\\Application->callLumenController()
#18 /var/www/html/OTHERS/side/laundry/BE/vendor/laravel/lumen-framework/src/Concerns/RoutesRequests.php(284): Laravel\\Lumen\\Application->callControllerAction()
#19 /var/www/html/OTHERS/side/laundry/BE/vendor/laravel/lumen-framework/src/Concerns/RoutesRequests.php(264): Laravel\\Lumen\\Application->callActionOnArrayBasedRoute()
#20 /var/www/html/OTHERS/side/laundry/BE/vendor/laravel/lumen-framework/src/Routing/Pipeline.php(48): Laravel\\Lumen\\Application->Laravel\\Lumen\\Concerns\\{closure}()
#21 /var/www/html/OTHERS/side/laundry/BE/app/Http/Middleware/RoleAccessMiddleware.php(27): Laravel\\Lumen\\Routing\\Pipeline->Laravel\\Lumen\\Routing\\{closure}()
#22 /var/www/html/OTHERS/side/laundry/BE/vendor/illuminate/pipeline/Pipeline.php(183): App\\Http\\Middleware\\RoleAccessMiddleware->handle()
#23 /var/www/html/OTHERS/side/laundry/BE/vendor/laravel/lumen-framework/src/Routing/Pipeline.php(30): Illuminate\\Pipeline\\Pipeline->Illuminate\\Pipeline\\{closure}()
#24 /var/www/html/OTHERS/side/laundry/BE/app/Http/Middleware/Authenticate.php(70): Laravel\\Lumen\\Routing\\Pipeline->Laravel\\Lumen\\Routing\\{closure}()
#25 /var/www/html/OTHERS/side/laundry/BE/vendor/illuminate/pipeline/Pipeline.php(183): App\\Http\\Middleware\\Authenticate->handle()
#26 /var/www/html/OTHERS/side/laundry/BE/vendor/laravel/lumen-framework/src/Routing/Pipeline.php(30): Illuminate\\Pipeline\\Pipeline->Illuminate\\Pipeline\\{closure}()
#27 /var/www/html/OTHERS/side/laundry/BE/vendor/illuminate/pipeline/Pipeline.php(119): Laravel\\Lumen\\Routing\\Pipeline->Laravel\\Lumen\\Routing\\{closure}()
#28 /var/www/html/OTHERS/side/laundry/BE/vendor/laravel/lumen-framework/src/Concerns/RoutesRequests.php(428): Illuminate\\Pipeline\\Pipeline->then()
#29 /var/www/html/OTHERS/side/laundry/BE/vendor/laravel/lumen-framework/src/Concerns/RoutesRequests.php(263): Laravel\\Lumen\\Application->sendThroughPipeline()
#30 /var/www/html/OTHERS/side/laundry/BE/vendor/laravel/lumen-framework/src/Concerns/RoutesRequests.php(171): Laravel\\Lumen\\Application->handleFoundRoute()
#31 /var/www/html/OTHERS/side/laundry/BE/vendor/laravel/lumen-framework/src/Routing/Pipeline.php(48): Laravel\\Lumen\\Application->Laravel\\Lumen\\Concerns\\{closure}()
#32 /var/www/html/OTHERS/side/laundry/BE/app/Http/Middleware/CorsMiddleware.php(18): Laravel\\Lumen\\Routing\\Pipeline->Laravel\\Lumen\\Routing\\{closure}()
#33 /var/www/html/OTHERS/side/laundry/BE/vendor/illuminate/pipeline/Pipeline.php(183): App\\Http\\Middleware\\CorsMiddleware->handle()
#34 /var/www/html/OTHERS/side/laundry/BE/vendor/laravel/lumen-framework/src/Routing/Pipeline.php(30): Illuminate\\Pipeline\\Pipeline->Illuminate\\Pipeline\\{closure}()
#35 /var/www/html/OTHERS/side/laundry/BE/vendor/illuminate/pipeline/Pipeline.php(119): Laravel\\Lumen\\Routing\\Pipeline->Laravel\\Lumen\\Routing\\{closure}()
#36 /var/www/html/OTHERS/side/laundry/BE/vendor/laravel/lumen-framework/src/Concerns/RoutesRequests.php(428): Illuminate\\Pipeline\\Pipeline->then()
#37 /var/www/html/OTHERS/side/laundry/BE/vendor/laravel/lumen-framework/src/Concerns/RoutesRequests.php(167): Laravel\\Lumen\\Application->sendThroughPipeline()
#38 /var/www/html/OTHERS/side/laundry/BE/vendor/laravel/lumen-framework/src/Concerns/RoutesRequests.php(112): Laravel\\Lumen\\Application->dispatch()
#39 /var/www/html/OTHERS/side/laundry/BE/public/index.php(28): Laravel\\Lumen\\Application->run()
#40 {main}

[previous exception] [object] (PDOException(code: 42S22): SQLSTATE[42S22]: Column not found: 1054 Unknown column 'id_item' in 'where clause' at /var/www/html/OTHERS/side/laundry/BE/vendor/illuminate/database/Connection.php:423)
[stacktrace]
#0 /var/www/html/OTHERS/side/laundry/BE/vendor/illuminate/database/Connection.php(423): PDO->prepare()
#1 /var/www/html/OTHERS/side/laundry/BE/vendor/illuminate/database/Connection.php(816): Illuminate\\Database\\Connection->Illuminate\\Database\\{closure}()
#2 /var/www/html/OTHERS/side/laundry/BE/vendor/illuminate/database/Connection.php(783): Illuminate\\Database\\Connection->runQueryCallback()
#3 /var/www/html/OTHERS/side/laundry/BE/vendor/illuminate/database/Connection.php(414): Illuminate\\Database\\Connection->run()
#4 /var/www/html/OTHERS/side/laundry/BE/vendor/illuminate/database/Query/Builder.php(2871): Illuminate\\Database\\Connection->select()
#5 /var/www/html/OTHERS/side/laundry/BE/vendor/illuminate/database/Query/Builder.php(2860): Illuminate\\Database\\Query\\Builder->runSelect()
#6 /var/www/html/OTHERS/side/laundry/BE/vendor/illuminate/database/Query/Builder.php(3414): Illuminate\\Database\\Query\\Builder->Illuminate\\Database\\Query\\{closure}()
#7 /var/www/html/OTHERS/side/laundry/BE/vendor/illuminate/database/Query/Builder.php(2859): Illuminate\\Database\\Query\\Builder->onceWithColumns()
#8 /var/www/html/OTHERS/side/laundry/BE/vendor/illuminate/database/Eloquent/Builder.php(739): Illuminate\\Database\\Query\\Builder->get()
#9 /var/www/html/OTHERS/side/laundry/BE/vendor/illuminate/database/Eloquent/Builder.php(723): Illuminate\\Database\\Eloquent\\Builder->getModels()
#10 /var/www/html/OTHERS/side/laundry/BE/vendor/illuminate/database/Concerns/BuildsQueries.php(333): Illuminate\\Database\\Eloquent\\Builder->get()
#11 /var/www/html/OTHERS/side/laundry/BE/app/Http/Controllers/MaskapaiController.php(37): Illuminate\\Database\\Eloquent\\Builder->first()
#12 /var/www/html/OTHERS/side/laundry/BE/vendor/illuminate/container/BoundMethod.php(36): App\\Http\\Controllers\\MaskapaiController->store()
#13 /var/www/html/OTHERS/side/laundry/BE/vendor/illuminate/container/Util.php(41): Illuminate\\Container\\BoundMethod::Illuminate\\Container\\{closure}()
#14 /var/www/html/OTHERS/side/laundry/BE/vendor/illuminate/container/BoundMethod.php(93): Illuminate\\Container\\Util::unwrapIfClosure()
#15 /var/www/html/OTHERS/side/laundry/BE/vendor/illuminate/container/BoundMethod.php(35): Illuminate\\Container\\BoundMethod::callBoundMethod()
#16 /var/www/html/OTHERS/side/laundry/BE/vendor/illuminate/container/Container.php(662): Illuminate\\Container\\BoundMethod::call()
#17 /var/www/html/OTHERS/side/laundry/BE/vendor/laravel/lumen-framework/src/Concerns/RoutesRequests.php(391): Illuminate\\Container\\Container->call()
#18 /var/www/html/OTHERS/side/laundry/BE/vendor/laravel/lumen-framework/src/Concerns/RoutesRequests.php(356): Laravel\\Lumen\\Application->callControllerCallable()
#19 /var/www/html/OTHERS/side/laundry/BE/vendor/laravel/lumen-framework/src/Concerns/RoutesRequests.php(331): Laravel\\Lumen\\Application->callLumenController()
#20 /var/www/html/OTHERS/side/laundry/BE/vendor/laravel/lumen-framework/src/Concerns/RoutesRequests.php(284): Laravel\\Lumen\\Application->callControllerAction()
#21 /var/www/html/OTHERS/side/laundry/BE/vendor/laravel/lumen-framework/src/Concerns/RoutesRequests.php(264): Laravel\\Lumen\\Application->callActionOnArrayBasedRoute()
#22 /var/www/html/OTHERS/side/laundry/BE/vendor/laravel/lumen-framework/src/Routing/Pipeline.php(48): Laravel\\Lumen\\Application->Laravel\\Lumen\\Concerns\\{closure}()
#23 /var/www/html/OTHERS/side/laundry/BE/app/Http/Middleware/RoleAccessMiddleware.php(27): Laravel\\Lumen\\Routing\\Pipeline->Laravel\\Lumen\\Routing\\{closure}()
#24 /var/www/html/OTHERS/side/laundry/BE/vendor/illuminate/pipeline/Pipeline.php(183): App\\Http\\Middleware\\RoleAccessMiddleware->handle()
#25 /var/www/html/OTHERS/side/laundry/BE/vendor/laravel/lumen-framework/src/Routing/Pipeline.php(30): Illuminate\\Pipeline\\Pipeline->Illuminate\\Pipeline\\{closure}()
#26 /var/www/html/OTHERS/side/laundry/BE/app/Http/Middleware/Authenticate.php(70): Laravel\\Lumen\\Routing\\Pipeline->Laravel\\Lumen\\Routing\\{closure}()
#27 /var/www/html/OTHERS/side/laundry/BE/vendor/illuminate/pipeline/Pipeline.php(183): App\\Http\\Middleware\\Authenticate->handle()
#28 /var/www/html/OTHERS/side/laundry/BE/vendor/laravel/lumen-framework/src/Routing/Pipeline.php(30): Illuminate\\Pipeline\\Pipeline->Illuminate\\Pipeline\\{closure}()
#29 /var/www/html/OTHERS/side/laundry/BE/vendor/illuminate/pipeline/Pipeline.php(119): Laravel\\Lumen\\Routing\\Pipeline->Laravel\\Lumen\\Routing\\{closure}()
#30 /var/www/html/OTHERS/side/laundry/BE/vendor/laravel/lumen-framework/src/Concerns/RoutesRequests.php(428): Illuminate\\Pipeline\\Pipeline->then()
#31 /var/www/html/OTHERS/side/laundry/BE/vendor/laravel/lumen-framework/src/Concerns/RoutesRequests.php(263): Laravel\\Lumen\\Application->sendThroughPipeline()
#32 /var/www/html/OTHERS/side/laundry/BE/vendor/laravel/lumen-framework/src/Concerns/RoutesRequests.php(171): Laravel\\Lumen\\Application->handleFoundRoute()
#33 /var/www/html/OTHERS/side/laundry/BE/vendor/laravel/lumen-framework/src/Routing/Pipeline.php(48): Laravel\\Lumen\\Application->Laravel\\Lumen\\Concerns\\{closure}()
#34 /var/www/html/OTHERS/side/laundry/BE/app/Http/Middleware/CorsMiddleware.php(18): Laravel\\Lumen\\Routing\\Pipeline->Laravel\\Lumen\\Routing\\{closure}()
#35 /var/www/html/OTHERS/side/laundry/BE/vendor/illuminate/pipeline/Pipeline.php(183): App\\Http\\Middleware\\CorsMiddleware->handle()
#36 /var/www/html/OTHERS/side/laundry/BE/vendor/laravel/lumen-framework/src/Routing/Pipeline.php(30): Illuminate\\Pipeline\\Pipeline->Illuminate\\Pipeline\\{closure}()
#37 /var/www/html/OTHERS/side/laundry/BE/vendor/illuminate/pipeline/Pipeline.php(119): Laravel\\Lumen\\Routing\\Pipeline->Laravel\\Lumen\\Routing\\{closure}()
#38 /var/www/html/OTHERS/side/laundry/BE/vendor/laravel/lumen-framework/src/Concerns/RoutesRequests.php(428): Illuminate\\Pipeline\\Pipeline->then()
#39 /var/www/html/OTHERS/side/laundry/BE/vendor/laravel/lumen-framework/src/Concerns/RoutesRequests.php(167): Laravel\\Lumen\\Application->sendThroughPipeline()
#40 /var/www/html/OTHERS/side/laundry/BE/vendor/laravel/lumen-framework/src/Concerns/RoutesRequests.php(112): Laravel\\Lumen\\Application->dispatch()
#41 /var/www/html/OTHERS/side/laundry/BE/public/index.php(28): Laravel\\Lumen\\Application->run()
#42 {main}
"} 
[2024-09-24 03:31:34] local.ERROR: SQLSTATE[HY000]: General error: 1364 Field 'code' doesn't have a default value (Connection: mysql, SQL: insert into `maskapai` (`nama`, `updated_at`, `created_at`) values (Seragam, 2024-09-24 03:31:34, 2024-09-24 03:31:34)) {"exception":"[object] (Illuminate\\Database\\QueryException(code: HY000): SQLSTATE[HY000]: General error: 1364 Field 'code' doesn't have a default value (Connection: mysql, SQL: insert into `maskapai` (`nama`, `updated_at`, `created_at`) values (Seragam, 2024-09-24 03:31:34, 2024-09-24 03:31:34)) at /var/www/html/OTHERS/side/laundry/BE/vendor/illuminate/database/Connection.php:829)
[stacktrace]
#0 /var/www/html/OTHERS/side/laundry/BE/vendor/illuminate/database/Connection.php(783): Illuminate\\Database\\Connection->runQueryCallback()
#1 /var/www/html/OTHERS/side/laundry/BE/vendor/illuminate/database/MySqlConnection.php(34): Illuminate\\Database\\Connection->run()
#2 /var/www/html/OTHERS/side/laundry/BE/vendor/illuminate/database/Query/Processors/MySqlProcessor.php(35): Illuminate\\Database\\MySqlConnection->insert()
#3 /var/www/html/OTHERS/side/laundry/BE/vendor/illuminate/database/Query/Builder.php(3507): Illuminate\\Database\\Query\\Processors\\MySqlProcessor->processInsertGetId()
#4 /var/www/html/OTHERS/side/laundry/BE/vendor/illuminate/database/Eloquent/Builder.php(1982): Illuminate\\Database\\Query\\Builder->insertGetId()
#5 /var/www/html/OTHERS/side/laundry/BE/vendor/illuminate/database/Eloquent/Model.php(1334): Illuminate\\Database\\Eloquent\\Builder->__call()
#6 /var/www/html/OTHERS/side/laundry/BE/vendor/illuminate/database/Eloquent/Model.php(1299): Illuminate\\Database\\Eloquent\\Model->insertAndSetId()
#7 /var/www/html/OTHERS/side/laundry/BE/vendor/illuminate/database/Eloquent/Model.php(1138): Illuminate\\Database\\Eloquent\\Model->performInsert()
#8 /var/www/html/OTHERS/side/laundry/BE/vendor/illuminate/database/Eloquent/Builder.php(1025): Illuminate\\Database\\Eloquent\\Model->save()
#9 /var/www/html/OTHERS/side/laundry/BE/vendor/illuminate/support/helpers.php(307): Illuminate\\Database\\Eloquent\\Builder->Illuminate\\Database\\Eloquent\\{closure}()
#10 /var/www/html/OTHERS/side/laundry/BE/vendor/illuminate/database/Eloquent/Builder.php(1024): tap()
#11 /var/www/html/OTHERS/side/laundry/BE/vendor/illuminate/support/Traits/ForwardsCalls.php(23): Illuminate\\Database\\Eloquent\\Builder->create()
#12 /var/www/html/OTHERS/side/laundry/BE/vendor/illuminate/database/Eloquent/Model.php(2335): Illuminate\\Database\\Eloquent\\Model->forwardCallTo()
#13 /var/www/html/OTHERS/side/laundry/BE/vendor/illuminate/database/Eloquent/Model.php(2347): Illuminate\\Database\\Eloquent\\Model->__call()
#14 /var/www/html/OTHERS/side/laundry/BE/app/Http/Controllers/MaskapaiController.php(43): Illuminate\\Database\\Eloquent\\Model::__callStatic()
#15 /var/www/html/OTHERS/side/laundry/BE/vendor/illuminate/container/BoundMethod.php(36): App\\Http\\Controllers\\MaskapaiController->store()
#16 /var/www/html/OTHERS/side/laundry/BE/vendor/illuminate/container/Util.php(41): Illuminate\\Container\\BoundMethod::Illuminate\\Container\\{closure}()
#17 /var/www/html/OTHERS/side/laundry/BE/vendor/illuminate/container/BoundMethod.php(93): Illuminate\\Container\\Util::unwrapIfClosure()
#18 /var/www/html/OTHERS/side/laundry/BE/vendor/illuminate/container/BoundMethod.php(35): Illuminate\\Container\\BoundMethod::callBoundMethod()
#19 /var/www/html/OTHERS/side/laundry/BE/vendor/illuminate/container/Container.php(662): Illuminate\\Container\\BoundMethod::call()
#20 /var/www/html/OTHERS/side/laundry/BE/vendor/laravel/lumen-framework/src/Concerns/RoutesRequests.php(391): Illuminate\\Container\\Container->call()
#21 /var/www/html/OTHERS/side/laundry/BE/vendor/laravel/lumen-framework/src/Concerns/RoutesRequests.php(356): Laravel\\Lumen\\Application->callControllerCallable()
#22 /var/www/html/OTHERS/side/laundry/BE/vendor/laravel/lumen-framework/src/Concerns/RoutesRequests.php(331): Laravel\\Lumen\\Application->callLumenController()
#23 /var/www/html/OTHERS/side/laundry/BE/vendor/laravel/lumen-framework/src/Concerns/RoutesRequests.php(284): Laravel\\Lumen\\Application->callControllerAction()
#24 /var/www/html/OTHERS/side/laundry/BE/vendor/laravel/lumen-framework/src/Concerns/RoutesRequests.php(264): Laravel\\Lumen\\Application->callActionOnArrayBasedRoute()
#25 /var/www/html/OTHERS/side/laundry/BE/vendor/laravel/lumen-framework/src/Routing/Pipeline.php(48): Laravel\\Lumen\\Application->Laravel\\Lumen\\Concerns\\{closure}()
#26 /var/www/html/OTHERS/side/laundry/BE/app/Http/Middleware/RoleAccessMiddleware.php(27): Laravel\\Lumen\\Routing\\Pipeline->Laravel\\Lumen\\Routing\\{closure}()
#27 /var/www/html/OTHERS/side/laundry/BE/vendor/illuminate/pipeline/Pipeline.php(183): App\\Http\\Middleware\\RoleAccessMiddleware->handle()
#28 /var/www/html/OTHERS/side/laundry/BE/vendor/laravel/lumen-framework/src/Routing/Pipeline.php(30): Illuminate\\Pipeline\\Pipeline->Illuminate\\Pipeline\\{closure}()
#29 /var/www/html/OTHERS/side/laundry/BE/app/Http/Middleware/Authenticate.php(70): Laravel\\Lumen\\Routing\\Pipeline->Laravel\\Lumen\\Routing\\{closure}()
#30 /var/www/html/OTHERS/side/laundry/BE/vendor/illuminate/pipeline/Pipeline.php(183): App\\Http\\Middleware\\Authenticate->handle()
#31 /var/www/html/OTHERS/side/laundry/BE/vendor/laravel/lumen-framework/src/Routing/Pipeline.php(30): Illuminate\\Pipeline\\Pipeline->Illuminate\\Pipeline\\{closure}()
#32 /var/www/html/OTHERS/side/laundry/BE/vendor/illuminate/pipeline/Pipeline.php(119): Laravel\\Lumen\\Routing\\Pipeline->Laravel\\Lumen\\Routing\\{closure}()
#33 /var/www/html/OTHERS/side/laundry/BE/vendor/laravel/lumen-framework/src/Concerns/RoutesRequests.php(428): Illuminate\\Pipeline\\Pipeline->then()
#34 /var/www/html/OTHERS/side/laundry/BE/vendor/laravel/lumen-framework/src/Concerns/RoutesRequests.php(263): Laravel\\Lumen\\Application->sendThroughPipeline()
#35 /var/www/html/OTHERS/side/laundry/BE/vendor/laravel/lumen-framework/src/Concerns/RoutesRequests.php(171): Laravel\\Lumen\\Application->handleFoundRoute()
#36 /var/www/html/OTHERS/side/laundry/BE/vendor/laravel/lumen-framework/src/Routing/Pipeline.php(48): Laravel\\Lumen\\Application->Laravel\\Lumen\\Concerns\\{closure}()
#37 /var/www/html/OTHERS/side/laundry/BE/app/Http/Middleware/CorsMiddleware.php(18): Laravel\\Lumen\\Routing\\Pipeline->Laravel\\Lumen\\Routing\\{closure}()
#38 /var/www/html/OTHERS/side/laundry/BE/vendor/illuminate/pipeline/Pipeline.php(183): App\\Http\\Middleware\\CorsMiddleware->handle()
#39 /var/www/html/OTHERS/side/laundry/BE/vendor/laravel/lumen-framework/src/Routing/Pipeline.php(30): Illuminate\\Pipeline\\Pipeline->Illuminate\\Pipeline\\{closure}()
#40 /var/www/html/OTHERS/side/laundry/BE/vendor/illuminate/pipeline/Pipeline.php(119): Laravel\\Lumen\\Routing\\Pipeline->Laravel\\Lumen\\Routing\\{closure}()
#41 /var/www/html/OTHERS/side/laundry/BE/vendor/laravel/lumen-framework/src/Concerns/RoutesRequests.php(428): Illuminate\\Pipeline\\Pipeline->then()
#42 /var/www/html/OTHERS/side/laundry/BE/vendor/laravel/lumen-framework/src/Concerns/RoutesRequests.php(167): Laravel\\Lumen\\Application->sendThroughPipeline()
#43 /var/www/html/OTHERS/side/laundry/BE/vendor/laravel/lumen-framework/src/Concerns/RoutesRequests.php(112): Laravel\\Lumen\\Application->dispatch()
#44 /var/www/html/OTHERS/side/laundry/BE/public/index.php(28): Laravel\\Lumen\\Application->run()
#45 {main}

[previous exception] [object] (PDOException(code: HY000): SQLSTATE[HY000]: General error: 1364 Field 'code' doesn't have a default value at /var/www/html/OTHERS/side/laundry/BE/vendor/illuminate/database/MySqlConnection.php:45)
[stacktrace]
#0 /var/www/html/OTHERS/side/laundry/BE/vendor/illuminate/database/MySqlConnection.php(45): PDOStatement->execute()
#1 /var/www/html/OTHERS/side/laundry/BE/vendor/illuminate/database/Connection.php(816): Illuminate\\Database\\MySqlConnection->Illuminate\\Database\\{closure}()
#2 /var/www/html/OTHERS/side/laundry/BE/vendor/illuminate/database/Connection.php(783): Illuminate\\Database\\Connection->runQueryCallback()
#3 /var/www/html/OTHERS/side/laundry/BE/vendor/illuminate/database/MySqlConnection.php(34): Illuminate\\Database\\Connection->run()
#4 /var/www/html/OTHERS/side/laundry/BE/vendor/illuminate/database/Query/Processors/MySqlProcessor.php(35): Illuminate\\Database\\MySqlConnection->insert()
#5 /var/www/html/OTHERS/side/laundry/BE/vendor/illuminate/database/Query/Builder.php(3507): Illuminate\\Database\\Query\\Processors\\MySqlProcessor->processInsertGetId()
#6 /var/www/html/OTHERS/side/laundry/BE/vendor/illuminate/database/Eloquent/Builder.php(1982): Illuminate\\Database\\Query\\Builder->insertGetId()
#7 /var/www/html/OTHERS/side/laundry/BE/vendor/illuminate/database/Eloquent/Model.php(1334): Illuminate\\Database\\Eloquent\\Builder->__call()
#8 /var/www/html/OTHERS/side/laundry/BE/vendor/illuminate/database/Eloquent/Model.php(1299): Illuminate\\Database\\Eloquent\\Model->insertAndSetId()
#9 /var/www/html/OTHERS/side/laundry/BE/vendor/illuminate/database/Eloquent/Model.php(1138): Illuminate\\Database\\Eloquent\\Model->performInsert()
#10 /var/www/html/OTHERS/side/laundry/BE/vendor/illuminate/database/Eloquent/Builder.php(1025): Illuminate\\Database\\Eloquent\\Model->save()
#11 /var/www/html/OTHERS/side/laundry/BE/vendor/illuminate/support/helpers.php(307): Illuminate\\Database\\Eloquent\\Builder->Illuminate\\Database\\Eloquent\\{closure}()
#12 /var/www/html/OTHERS/side/laundry/BE/vendor/illuminate/database/Eloquent/Builder.php(1024): tap()
#13 /var/www/html/OTHERS/side/laundry/BE/vendor/illuminate/support/Traits/ForwardsCalls.php(23): Illuminate\\Database\\Eloquent\\Builder->create()
#14 /var/www/html/OTHERS/side/laundry/BE/vendor/illuminate/database/Eloquent/Model.php(2335): Illuminate\\Database\\Eloquent\\Model->forwardCallTo()
#15 /var/www/html/OTHERS/side/laundry/BE/vendor/illuminate/database/Eloquent/Model.php(2347): Illuminate\\Database\\Eloquent\\Model->__call()
#16 /var/www/html/OTHERS/side/laundry/BE/app/Http/Controllers/MaskapaiController.php(43): Illuminate\\Database\\Eloquent\\Model::__callStatic()
#17 /var/www/html/OTHERS/side/laundry/BE/vendor/illuminate/container/BoundMethod.php(36): App\\Http\\Controllers\\MaskapaiController->store()
#18 /var/www/html/OTHERS/side/laundry/BE/vendor/illuminate/container/Util.php(41): Illuminate\\Container\\BoundMethod::Illuminate\\Container\\{closure}()
#19 /var/www/html/OTHERS/side/laundry/BE/vendor/illuminate/container/BoundMethod.php(93): Illuminate\\Container\\Util::unwrapIfClosure()
#20 /var/www/html/OTHERS/side/laundry/BE/vendor/illuminate/container/BoundMethod.php(35): Illuminate\\Container\\BoundMethod::callBoundMethod()
#21 /var/www/html/OTHERS/side/laundry/BE/vendor/illuminate/container/Container.php(662): Illuminate\\Container\\BoundMethod::call()
#22 /var/www/html/OTHERS/side/laundry/BE/vendor/laravel/lumen-framework/src/Concerns/RoutesRequests.php(391): Illuminate\\Container\\Container->call()
#23 /var/www/html/OTHERS/side/laundry/BE/vendor/laravel/lumen-framework/src/Concerns/RoutesRequests.php(356): Laravel\\Lumen\\Application->callControllerCallable()
#24 /var/www/html/OTHERS/side/laundry/BE/vendor/laravel/lumen-framework/src/Concerns/RoutesRequests.php(331): Laravel\\Lumen\\Application->callLumenController()
#25 /var/www/html/OTHERS/side/laundry/BE/vendor/laravel/lumen-framework/src/Concerns/RoutesRequests.php(284): Laravel\\Lumen\\Application->callControllerAction()
#26 /var/www/html/OTHERS/side/laundry/BE/vendor/laravel/lumen-framework/src/Concerns/RoutesRequests.php(264): Laravel\\Lumen\\Application->callActionOnArrayBasedRoute()
#27 /var/www/html/OTHERS/side/laundry/BE/vendor/laravel/lumen-framework/src/Routing/Pipeline.php(48): Laravel\\Lumen\\Application->Laravel\\Lumen\\Concerns\\{closure}()
#28 /var/www/html/OTHERS/side/laundry/BE/app/Http/Middleware/RoleAccessMiddleware.php(27): Laravel\\Lumen\\Routing\\Pipeline->Laravel\\Lumen\\Routing\\{closure}()
#29 /var/www/html/OTHERS/side/laundry/BE/vendor/illuminate/pipeline/Pipeline.php(183): App\\Http\\Middleware\\RoleAccessMiddleware->handle()
#30 /var/www/html/OTHERS/side/laundry/BE/vendor/laravel/lumen-framework/src/Routing/Pipeline.php(30): Illuminate\\Pipeline\\Pipeline->Illuminate\\Pipeline\\{closure}()
#31 /var/www/html/OTHERS/side/laundry/BE/app/Http/Middleware/Authenticate.php(70): Laravel\\Lumen\\Routing\\Pipeline->Laravel\\Lumen\\Routing\\{closure}()
#32 /var/www/html/OTHERS/side/laundry/BE/vendor/illuminate/pipeline/Pipeline.php(183): App\\Http\\Middleware\\Authenticate->handle()
#33 /var/www/html/OTHERS/side/laundry/BE/vendor/laravel/lumen-framework/src/Routing/Pipeline.php(30): Illuminate\\Pipeline\\Pipeline->Illuminate\\Pipeline\\{closure}()
#34 /var/www/html/OTHERS/side/laundry/BE/vendor/illuminate/pipeline/Pipeline.php(119): Laravel\\Lumen\\Routing\\Pipeline->Laravel\\Lumen\\Routing\\{closure}()
#35 /var/www/html/OTHERS/side/laundry/BE/vendor/laravel/lumen-framework/src/Concerns/RoutesRequests.php(428): Illuminate\\Pipeline\\Pipeline->then()
#36 /var/www/html/OTHERS/side/laundry/BE/vendor/laravel/lumen-framework/src/Concerns/RoutesRequests.php(263): Laravel\\Lumen\\Application->sendThroughPipeline()
#37 /var/www/html/OTHERS/side/laundry/BE/vendor/laravel/lumen-framework/src/Concerns/RoutesRequests.php(171): Laravel\\Lumen\\Application->handleFoundRoute()
#38 /var/www/html/OTHERS/side/laundry/BE/vendor/laravel/lumen-framework/src/Routing/Pipeline.php(48): Laravel\\Lumen\\Application->Laravel\\Lumen\\Concerns\\{closure}()
#39 /var/www/html/OTHERS/side/laundry/BE/app/Http/Middleware/CorsMiddleware.php(18): Laravel\\Lumen\\Routing\\Pipeline->Laravel\\Lumen\\Routing\\{closure}()
#40 /var/www/html/OTHERS/side/laundry/BE/vendor/illuminate/pipeline/Pipeline.php(183): App\\Http\\Middleware\\CorsMiddleware->handle()
#41 /var/www/html/OTHERS/side/laundry/BE/vendor/laravel/lumen-framework/src/Routing/Pipeline.php(30): Illuminate\\Pipeline\\Pipeline->Illuminate\\Pipeline\\{closure}()
#42 /var/www/html/OTHERS/side/laundry/BE/vendor/illuminate/pipeline/Pipeline.php(119): Laravel\\Lumen\\Routing\\Pipeline->Laravel\\Lumen\\Routing\\{closure}()
#43 /var/www/html/OTHERS/side/laundry/BE/vendor/laravel/lumen-framework/src/Concerns/RoutesRequests.php(428): Illuminate\\Pipeline\\Pipeline->then()
#44 /var/www/html/OTHERS/side/laundry/BE/vendor/laravel/lumen-framework/src/Concerns/RoutesRequests.php(167): Laravel\\Lumen\\Application->sendThroughPipeline()
#45 /var/www/html/OTHERS/side/laundry/BE/vendor/laravel/lumen-framework/src/Concerns/RoutesRequests.php(112): Laravel\\Lumen\\Application->dispatch()
#46 /var/www/html/OTHERS/side/laundry/BE/public/index.php(28): Laravel\\Lumen\\Application->run()
#47 {main}
"} 
[2024-09-24 03:47:27] local.ERROR: Call to undefined method Illuminate\Database\Eloquent\Builder::all() {"exception":"[object] (BadMethodCallException(code: 0): Call to undefined method Illuminate\\Database\\Eloquent\\Builder::all() at /var/www/html/OTHERS/side/laundry/BE/vendor/illuminate/support/Traits/ForwardsCalls.php:67)
[stacktrace]
#0 /var/www/html/OTHERS/side/laundry/BE/vendor/illuminate/support/Traits/ForwardsCalls.php(36): Illuminate\\Database\\Eloquent\\Builder::throwBadMethodCallException()
#1 /var/www/html/OTHERS/side/laundry/BE/vendor/illuminate/database/Eloquent/Builder.php(1985): Illuminate\\Database\\Eloquent\\Builder->forwardCallTo()
#2 /var/www/html/OTHERS/side/laundry/BE/app/Http/Controllers/MaskapaiController.php(84): Illuminate\\Database\\Eloquent\\Builder->__call()
#3 /var/www/html/OTHERS/side/laundry/BE/vendor/illuminate/container/BoundMethod.php(36): App\\Http\\Controllers\\MaskapaiController->dropdown()
#4 /var/www/html/OTHERS/side/laundry/BE/vendor/illuminate/container/Util.php(41): Illuminate\\Container\\BoundMethod::Illuminate\\Container\\{closure}()
#5 /var/www/html/OTHERS/side/laundry/BE/vendor/illuminate/container/BoundMethod.php(93): Illuminate\\Container\\Util::unwrapIfClosure()
#6 /var/www/html/OTHERS/side/laundry/BE/vendor/illuminate/container/BoundMethod.php(35): Illuminate\\Container\\BoundMethod::callBoundMethod()
#7 /var/www/html/OTHERS/side/laundry/BE/vendor/illuminate/container/Container.php(662): Illuminate\\Container\\BoundMethod::call()
#8 /var/www/html/OTHERS/side/laundry/BE/vendor/laravel/lumen-framework/src/Concerns/RoutesRequests.php(391): Illuminate\\Container\\Container->call()
#9 /var/www/html/OTHERS/side/laundry/BE/vendor/laravel/lumen-framework/src/Concerns/RoutesRequests.php(356): Laravel\\Lumen\\Application->callControllerCallable()
#10 /var/www/html/OTHERS/side/laundry/BE/vendor/laravel/lumen-framework/src/Concerns/RoutesRequests.php(331): Laravel\\Lumen\\Application->callLumenController()
#11 /var/www/html/OTHERS/side/laundry/BE/vendor/laravel/lumen-framework/src/Concerns/RoutesRequests.php(284): Laravel\\Lumen\\Application->callControllerAction()
#12 /var/www/html/OTHERS/side/laundry/BE/vendor/laravel/lumen-framework/src/Concerns/RoutesRequests.php(269): Laravel\\Lumen\\Application->callActionOnArrayBasedRoute()
#13 /var/www/html/OTHERS/side/laundry/BE/vendor/laravel/lumen-framework/src/Concerns/RoutesRequests.php(171): Laravel\\Lumen\\Application->handleFoundRoute()
#14 /var/www/html/OTHERS/side/laundry/BE/vendor/laravel/lumen-framework/src/Routing/Pipeline.php(48): Laravel\\Lumen\\Application->Laravel\\Lumen\\Concerns\\{closure}()
#15 /var/www/html/OTHERS/side/laundry/BE/app/Http/Middleware/CorsMiddleware.php(18): Laravel\\Lumen\\Routing\\Pipeline->Laravel\\Lumen\\Routing\\{closure}()
#16 /var/www/html/OTHERS/side/laundry/BE/vendor/illuminate/pipeline/Pipeline.php(183): App\\Http\\Middleware\\CorsMiddleware->handle()
#17 /var/www/html/OTHERS/side/laundry/BE/vendor/laravel/lumen-framework/src/Routing/Pipeline.php(30): Illuminate\\Pipeline\\Pipeline->Illuminate\\Pipeline\\{closure}()
#18 /var/www/html/OTHERS/side/laundry/BE/vendor/illuminate/pipeline/Pipeline.php(119): Laravel\\Lumen\\Routing\\Pipeline->Laravel\\Lumen\\Routing\\{closure}()
#19 /var/www/html/OTHERS/side/laundry/BE/vendor/laravel/lumen-framework/src/Concerns/RoutesRequests.php(428): Illuminate\\Pipeline\\Pipeline->then()
#20 /var/www/html/OTHERS/side/laundry/BE/vendor/laravel/lumen-framework/src/Concerns/RoutesRequests.php(167): Laravel\\Lumen\\Application->sendThroughPipeline()
#21 /var/www/html/OTHERS/side/laundry/BE/vendor/laravel/lumen-framework/src/Concerns/RoutesRequests.php(112): Laravel\\Lumen\\Application->dispatch()
#22 /var/www/html/OTHERS/side/laundry/BE/public/index.php(28): Laravel\\Lumen\\Application->run()
#23 {main}
"} 
